This file contains any messages produced by compilers while
running configure, to aid debugging if configure makes a mistake.

It was created by libtheora configure 1.1.1, which was
generated by GNU Autoconf 2.63.  Invocation command line was

  $ ./configure --prefix=/Users/devmarcos/Documents/GitHubRepos/CreationVideoPlayer/VLCKit-2.2.2/MobileVLCKit/ImportedSources/vlc/contrib/arm-apple-darwin11-arm64 --datarootdir=/Users/devmarcos/Documents/GitHubRepos/CreationVideoPlayer/VLCKit-2.2.2/MobileVLCKit/ImportedSources/vlc/contrib/arm-apple-darwin11-arm64/share --includedir=/Users/devmarcos/Documents/GitHubRepos/CreationVideoPlayer/VLCKit-2.2.2/MobileVLCKit/ImportedSources/vlc/contrib/arm-apple-darwin11-arm64/include --libdir=/Users/devmarcos/Documents/GitHubRepos/CreationVideoPlayer/VLCKit-2.2.2/MobileVLCKit/ImportedSources/vlc/contrib/arm-apple-darwin11-arm64/lib --build=x86_64-apple-darwin11 --host=arm-apple-darwin11 --target=arm-apple-darwin11 --program-prefix= --enable-static --disable-shared --disable-dependency-tracking --with-pic --disable-spec --disable-sdltest --disable-oggtest --disable-vorbistest --disable-examples --disable-encode --disable-float --disable-asm

## --------- ##
## Platform. ##
## --------- ##

hostname = Mac-Mini-Marcos.local
uname -m = x86_64
uname -r = 14.5.0
uname -s = Darwin
uname -v = Darwin Kernel Version 14.5.0: Thu Jul  9 22:56:16 PDT 2015; root:xnu-2782.40.6~1/RELEASE_X86_64

/usr/bin/uname -p = i386
/bin/uname -X     = unknown

/bin/arch              = unknown
/usr/bin/arch -k       = unknown
/usr/convex/getsysinfo = unknown
/usr/bin/hostinfo      = Mach kernel version:
	 Darwin Kernel Version 14.5.0: Thu Jul  9 22:56:16 PDT 2015; root:xnu-2782.40.6~1/RELEASE_X86_64
Kernel configured for up to 8 processors.
4 processors are physically available.
8 processors are logically available.
Processor type: i486 (Intel 80486)
Processors active: 0 1 2 3 4 5 6 7
Primary memory available: 8.00 gigabytes
Default processor set: 260 tasks, 1396 threads, 8 processors
Load average: 4.29, Mach factor: 3.96
/bin/machine           = unknown
/usr/bin/oslevel       = unknown
/bin/universe          = unknown

PATH: /Users/devmarcos/Documents/GitHubRepos/CreationVideoPlayer/VLCKit-2.2.2/MobileVLCKit/ImportedSources/vlc/contrib/arm-apple-darwin11-arm64/bin
PATH: /Users/devmarcos/Documents/GitHubRepos/CreationVideoPlayer/VLCKit-2.2.2/MobileVLCKit/ImportedSources/vlc/extras/tools/build/bin
PATH: /Users/devmarcos/Documents/GitHubRepos/CreationVideoPlayer/VLCKit-2.2.2/MobileVLCKit/ImportedSources/vlc/extras/tools/build/bin
PATH: /Users/devmarcos/Documents/GitHubRepos/CreationVideoPlayer/VLCKit-2.2.2/MobileVLCKit/ImportedSources/vlc/contrib/arm-apple-darwin11/bin
PATH: /usr/bin
PATH: /bin
PATH: /usr/sbin
PATH: /sbin
PATH: /usr/local/bin
PATH: /usr/X11/bin


## ----------- ##
## Core tests. ##
## ----------- ##

configure:2173: checking build system type
configure:2191: result: x86_64-apple-darwin11
configure:2213: checking host system type
configure:2228: result: arm-apple-darwin11
configure:2250: checking target system type
configure:2265: result: arm-apple-darwin11
configure:2316: checking for a BSD-compatible install
configure:2384: result: /usr/bin/install -c
configure:2395: checking whether build environment is sane
configure:2438: result: yes
configure:2468: checking for gawk
configure:2498: result: no
configure:2468: checking for mawk
configure:2498: result: no
configure:2468: checking for nawk
configure:2498: result: no
configure:2468: checking for awk
configure:2484: found /usr/bin/awk
configure:2495: result: awk
configure:2506: checking whether make sets $(MAKE)
configure:2528: result: yes
configure:2588: checking for arm-apple-darwin11-strip
configure:2615: result: xcrun strip
configure:2685: checking whether to enable maintainer-specific portions of Makefiles
configure:2694: result: no
configure:2744: checking for arm-apple-darwin11-gcc
configure:2771: result: xcrun clang
configure:3043: checking for C compiler version
configure:3051: xcrun clang --version >&5
Apple LLVM version 6.1.0 (clang-602.0.53) (based on LLVM 3.6.0svn)
Target: x86_64-apple-darwin14.5.0
Thread model: posix
configure:3055: $? = 0
configure:3062: xcrun clang -v >&5
Apple LLVM version 6.1.0 (clang-602.0.53) (based on LLVM 3.6.0svn)
Target: x86_64-apple-darwin14.5.0
Thread model: posix
configure:3066: $? = 0
configure:3073: xcrun clang -V >&5
clang: error: argument to '-V' is missing (expected 1 value)
clang: error: no input files
configure:3077: $? = 1
configure:3100: checking for C compiler default output file name
configure:3122: xcrun clang -isysroot /Applications/Xcode.app/Contents/Developer/Platforms/iPhoneOS.platform/Developer/SDKs/iPhoneOS8.4.sdk -arch arm64 -O3 -g -miphoneos-version-min=7.0 -arch arm64 -miphoneos-version-min=7.0 -isysroot /Applications/Xcode.app/Contents/Developer/Platforms/iPhoneOS.platform/Developer/SDKs/iPhoneOS8.4.sdk -arch arm64 -O3 -g -miphoneos-version-min=7.0 -I/Users/devmarcos/Documents/GitHubRepos/CreationVideoPlayer/VLCKit-2.2.2/MobileVLCKit/ImportedSources/vlc/contrib/arm-apple-darwin11-arm64/include -g -isysroot /Applications/Xcode.app/Contents/Developer/Platforms/iPhoneOS.platform/Developer/SDKs/iPhoneOS8.4.sdk -arch arm64 -O3 -g -miphoneos-version-min=7.0 -arch arm64 -miphoneos-version-min=7.0 -isysroot /Applications/Xcode.app/Contents/Developer/Platforms/iPhoneOS.platform/Developer/SDKs/iPhoneOS8.4.sdk -arch arm64 -O3 -g -miphoneos-version-min=7.0 -I/Users/devmarcos/Documents/GitHubRepos/CreationVideoPlayer/VLCKit-2.2.2/MobileVLCKit/ImportedSources/vlc/contrib/arm-apple-darwin11-arm64/include -L/Applications/Xcode.app/Contents/Developer/Platforms/iPhoneOS.platform/Developer/SDKs/iPhoneOS8.4.sdk/usr/lib -arch arm64 -isysroot /Applications/Xcode.app/Contents/Developer/Platforms/iPhoneOS.platform/Developer/SDKs/iPhoneOS8.4.sdk -Wl,-ios_version_min,7.0 -arch arm64 -Wl,-ios_version_min,7.0 -L/Applications/Xcode.app/Contents/Developer/Platforms/iPhoneOS.platform/Developer/SDKs/iPhoneOS8.4.sdk/usr/lib -arch arm64 -isysroot /Applications/Xcode.app/Contents/Developer/Platforms/iPhoneOS.platform/Developer/SDKs/iPhoneOS8.4.sdk -Wl,-ios_version_min,7.0 -L/Users/devmarcos/Documents/GitHubRepos/CreationVideoPlayer/VLCKit-2.2.2/MobileVLCKit/ImportedSources/vlc/contrib/arm-apple-darwin11-arm64/lib conftest.c  >&5
configure:3126: $? = 0
configure:3164: result: a.out
configure:3183: checking whether the C compiler works
configure:3216: result: yes
configure:3223: checking whether we are cross compiling
configure:3225: result: yes
configure:3228: checking for suffix of executables
configure:3235: xcrun clang -o conftest -isysroot /Applications/Xcode.app/Contents/Developer/Platforms/iPhoneOS.platform/Developer/SDKs/iPhoneOS8.4.sdk -arch arm64 -O3 -g -miphoneos-version-min=7.0 -arch arm64 -miphoneos-version-min=7.0 -isysroot /Applications/Xcode.app/Contents/Developer/Platforms/iPhoneOS.platform/Developer/SDKs/iPhoneOS8.4.sdk -arch arm64 -O3 -g -miphoneos-version-min=7.0 -I/Users/devmarcos/Documents/GitHubRepos/CreationVideoPlayer/VLCKit-2.2.2/MobileVLCKit/ImportedSources/vlc/contrib/arm-apple-darwin11-arm64/include -g -isysroot /Applications/Xcode.app/Contents/Developer/Platforms/iPhoneOS.platform/Developer/SDKs/iPhoneOS8.4.sdk -arch arm64 -O3 -g -miphoneos-version-min=7.0 -arch arm64 -miphoneos-version-min=7.0 -isysroot /Applications/Xcode.app/Contents/Developer/Platforms/iPhoneOS.platform/Developer/SDKs/iPhoneOS8.4.sdk -arch arm64 -O3 -g -miphoneos-version-min=7.0 -I/Users/devmarcos/Documents/GitHubRepos/CreationVideoPlayer/VLCKit-2.2.2/MobileVLCKit/ImportedSources/vlc/contrib/arm-apple-darwin11-arm64/include -L/Applications/Xcode.app/Contents/Developer/Platforms/iPhoneOS.platform/Developer/SDKs/iPhoneOS8.4.sdk/usr/lib -arch arm64 -isysroot /Applications/Xcode.app/Contents/Developer/Platforms/iPhoneOS.platform/Developer/SDKs/iPhoneOS8.4.sdk -Wl,-ios_version_min,7.0 -arch arm64 -Wl,-ios_version_min,7.0 -L/Applications/Xcode.app/Contents/Developer/Platforms/iPhoneOS.platform/Developer/SDKs/iPhoneOS8.4.sdk/usr/lib -arch arm64 -isysroot /Applications/Xcode.app/Contents/Developer/Platforms/iPhoneOS.platform/Developer/SDKs/iPhoneOS8.4.sdk -Wl,-ios_version_min,7.0 -L/Users/devmarcos/Documents/GitHubRepos/CreationVideoPlayer/VLCKit-2.2.2/MobileVLCKit/ImportedSources/vlc/contrib/arm-apple-darwin11-arm64/lib conftest.c  >&5
configure:3239: $? = 0
configure:3265: result: 
configure:3271: checking for suffix of object files
configure:3297: xcrun clang -c -isysroot /Applications/Xcode.app/Contents/Developer/Platforms/iPhoneOS.platform/Developer/SDKs/iPhoneOS8.4.sdk -arch arm64 -O3 -g -miphoneos-version-min=7.0 -arch arm64 -miphoneos-version-min=7.0 -isysroot /Applications/Xcode.app/Contents/Developer/Platforms/iPhoneOS.platform/Developer/SDKs/iPhoneOS8.4.sdk -arch arm64 -O3 -g -miphoneos-version-min=7.0 -I/Users/devmarcos/Documents/GitHubRepos/CreationVideoPlayer/VLCKit-2.2.2/MobileVLCKit/ImportedSources/vlc/contrib/arm-apple-darwin11-arm64/include -g -isysroot /Applications/Xcode.app/Contents/Developer/Platforms/iPhoneOS.platform/Developer/SDKs/iPhoneOS8.4.sdk -arch arm64 -O3 -g -miphoneos-version-min=7.0 -arch arm64 -miphoneos-version-min=7.0 -isysroot /Applications/Xcode.app/Contents/Developer/Platforms/iPhoneOS.platform/Developer/SDKs/iPhoneOS8.4.sdk -arch arm64 -O3 -g -miphoneos-version-min=7.0 -I/Users/devmarcos/Documents/GitHubRepos/CreationVideoPlayer/VLCKit-2.2.2/MobileVLCKit/ImportedSources/vlc/contrib/arm-apple-darwin11-arm64/include conftest.c >&5
configure:3301: $? = 0
configure:3326: result: o
configure:3330: checking whether we are using the GNU C compiler
configure:3359: xcrun clang -c -isysroot /Applications/Xcode.app/Contents/Developer/Platforms/iPhoneOS.platform/Developer/SDKs/iPhoneOS8.4.sdk -arch arm64 -O3 -g -miphoneos-version-min=7.0 -arch arm64 -miphoneos-version-min=7.0 -isysroot /Applications/Xcode.app/Contents/Developer/Platforms/iPhoneOS.platform/Developer/SDKs/iPhoneOS8.4.sdk -arch arm64 -O3 -g -miphoneos-version-min=7.0 -I/Users/devmarcos/Documents/GitHubRepos/CreationVideoPlayer/VLCKit-2.2.2/MobileVLCKit/ImportedSources/vlc/contrib/arm-apple-darwin11-arm64/include -g -isysroot /Applications/Xcode.app/Contents/Developer/Platforms/iPhoneOS.platform/Developer/SDKs/iPhoneOS8.4.sdk -arch arm64 -O3 -g -miphoneos-version-min=7.0 -arch arm64 -miphoneos-version-min=7.0 -isysroot /Applications/Xcode.app/Contents/Developer/Platforms/iPhoneOS.platform/Developer/SDKs/iPhoneOS8.4.sdk -arch arm64 -O3 -g -miphoneos-version-min=7.0 -I/Users/devmarcos/Documents/GitHubRepos/CreationVideoPlayer/VLCKit-2.2.2/MobileVLCKit/ImportedSources/vlc/contrib/arm-apple-darwin11-arm64/include conftest.c >&5
configure:3366: $? = 0
configure:3383: result: yes
configure:3392: checking whether xcrun clang accepts -g
configure:3422: xcrun clang -c -g -isysroot /Applications/Xcode.app/Contents/Developer/Platforms/iPhoneOS.platform/Developer/SDKs/iPhoneOS8.4.sdk -arch arm64 -O3 -g -miphoneos-version-min=7.0 -arch arm64 -miphoneos-version-min=7.0 -isysroot /Applications/Xcode.app/Contents/Developer/Platforms/iPhoneOS.platform/Developer/SDKs/iPhoneOS8.4.sdk -arch arm64 -O3 -g -miphoneos-version-min=7.0 -I/Users/devmarcos/Documents/GitHubRepos/CreationVideoPlayer/VLCKit-2.2.2/MobileVLCKit/ImportedSources/vlc/contrib/arm-apple-darwin11-arm64/include conftest.c >&5
configure:3429: $? = 0
configure:3530: result: yes
configure:3547: checking for xcrun clang option to accept ISO C89
configure:3621: xcrun clang  -c -isysroot /Applications/Xcode.app/Contents/Developer/Platforms/iPhoneOS.platform/Developer/SDKs/iPhoneOS8.4.sdk -arch arm64 -O3 -g -miphoneos-version-min=7.0 -arch arm64 -miphoneos-version-min=7.0 -isysroot /Applications/Xcode.app/Contents/Developer/Platforms/iPhoneOS.platform/Developer/SDKs/iPhoneOS8.4.sdk -arch arm64 -O3 -g -miphoneos-version-min=7.0 -I/Users/devmarcos/Documents/GitHubRepos/CreationVideoPlayer/VLCKit-2.2.2/MobileVLCKit/ImportedSources/vlc/contrib/arm-apple-darwin11-arm64/include -g -isysroot /Applications/Xcode.app/Contents/Developer/Platforms/iPhoneOS.platform/Developer/SDKs/iPhoneOS8.4.sdk -arch arm64 -O3 -g -miphoneos-version-min=7.0 -arch arm64 -miphoneos-version-min=7.0 -isysroot /Applications/Xcode.app/Contents/Developer/Platforms/iPhoneOS.platform/Developer/SDKs/iPhoneOS8.4.sdk -arch arm64 -O3 -g -miphoneos-version-min=7.0 -I/Users/devmarcos/Documents/GitHubRepos/CreationVideoPlayer/VLCKit-2.2.2/MobileVLCKit/ImportedSources/vlc/contrib/arm-apple-darwin11-arm64/include conftest.c >&5
configure:3628: $? = 0
configure:3651: result: none needed
configure:3688: checking for style of include used by make
configure:3716: result: GNU
configure:3744: checking dependency style of xcrun clang
configure:3806: result: none
configure:3816: checking how to run the C preprocessor
configure:3934: result: xcrun cc -E
configure:3963: xcrun cc -E -isysroot /Applications/Xcode.app/Contents/Developer/Platforms/iPhoneOS.platform/Developer/SDKs/iPhoneOS8.4.sdk -arch arm64 -O3 -g -miphoneos-version-min=7.0 -arch arm64 -miphoneos-version-min=7.0 -isysroot /Applications/Xcode.app/Contents/Developer/Platforms/iPhoneOS.platform/Developer/SDKs/iPhoneOS8.4.sdk -arch arm64 -O3 -g -miphoneos-version-min=7.0 -I/Users/devmarcos/Documents/GitHubRepos/CreationVideoPlayer/VLCKit-2.2.2/MobileVLCKit/ImportedSources/vlc/contrib/arm-apple-darwin11-arm64/include conftest.c
configure:3970: $? = 0
configure:4001: xcrun cc -E -isysroot /Applications/Xcode.app/Contents/Developer/Platforms/iPhoneOS.platform/Developer/SDKs/iPhoneOS8.4.sdk -arch arm64 -O3 -g -miphoneos-version-min=7.0 -arch arm64 -miphoneos-version-min=7.0 -isysroot /Applications/Xcode.app/Contents/Developer/Platforms/iPhoneOS.platform/Developer/SDKs/iPhoneOS8.4.sdk -arch arm64 -O3 -g -miphoneos-version-min=7.0 -I/Users/devmarcos/Documents/GitHubRepos/CreationVideoPlayer/VLCKit-2.2.2/MobileVLCKit/ImportedSources/vlc/contrib/arm-apple-darwin11-arm64/include conftest.c
conftest.c:10:10: fatal error: 'ac_nonexistent.h' file not found
#include <ac_nonexistent.h>
         ^
1 error generated.
configure:4008: $? = 1
configure: failed program was:
| /* confdefs.h.  */
| #define PACKAGE_NAME "libtheora"
| #define PACKAGE_TARNAME "libtheora"
| #define PACKAGE_VERSION "1.1.1"
| #define PACKAGE_STRING "libtheora 1.1.1"
| #define PACKAGE_BUGREPORT ""
| #define PACKAGE "libtheora"
| #define VERSION "1.1.1"
| /* end confdefs.h.  */
| #include <ac_nonexistent.h>
configure:4050: checking whether xcrun clang and cc understand -c and -o together
configure:4085: xcrun clang -c conftest.c -o conftest2.o >&5
configure:4089: $? = 0
configure:4095: xcrun clang -c conftest.c -o conftest2.o >&5
configure:4099: $? = 0
configure:4110: cc -c conftest.c >&5
configure:4114: $? = 0
configure:4122: cc -c conftest.c -o conftest2.o >&5
configure:4126: $? = 0
configure:4132: cc -c conftest.c -o conftest2.o >&5
configure:4136: $? = 0
configure:4154: result: yes
configure:4507: checking for a sed that does not truncate output
configure:4573: result: /usr/bin/sed
configure:4591: checking for grep that handles long lines and -e
configure:4651: result: /usr/bin/grep
configure:4656: checking for egrep
configure:4720: result: /usr/bin/grep -E
configure:4725: checking for fgrep
configure:4789: result: /usr/bin/grep -F
configure:4824: checking for ld used by xcrun clang
configure:4891: result: xcrun ld
configure:4900: checking if the linker (xcrun ld) is GNU ld
configure:4915: result: no
configure:4927: checking for BSD- or MS-compatible name lister (nm)
configure:4976: result: no
configure:4987: checking for arm-apple-darwin11-dumpbin
configure:5017: result: no
configure:4987: checking for arm-apple-darwin11-link
configure:5017: result: no
configure:5031: checking for dumpbin
configure:5061: result: no
configure:5031: checking for link
configure:5047: found /bin/link
configure:5058: result: link -dump -symbols
configure:5074: WARNING: using cross tools not prefixed with host triplet
configure:5094: checking the name lister (link -dump -symbols) interface
configure:5101: xcrun clang -c -isysroot /Applications/Xcode.app/Contents/Developer/Platforms/iPhoneOS.platform/Developer/SDKs/iPhoneOS8.4.sdk -arch arm64 -O3 -g -miphoneos-version-min=7.0 -arch arm64 -miphoneos-version-min=7.0 -isysroot /Applications/Xcode.app/Contents/Developer/Platforms/iPhoneOS.platform/Developer/SDKs/iPhoneOS8.4.sdk -arch arm64 -O3 -g -miphoneos-version-min=7.0 -I/Users/devmarcos/Documents/GitHubRepos/CreationVideoPlayer/VLCKit-2.2.2/MobileVLCKit/ImportedSources/vlc/contrib/arm-apple-darwin11-arm64/include -g -isysroot /Applications/Xcode.app/Contents/Developer/Platforms/iPhoneOS.platform/Developer/SDKs/iPhoneOS8.4.sdk -arch arm64 -O3 -g -miphoneos-version-min=7.0 -arch arm64 -miphoneos-version-min=7.0 -isysroot /Applications/Xcode.app/Contents/Developer/Platforms/iPhoneOS.platform/Developer/SDKs/iPhoneOS8.4.sdk -arch arm64 -O3 -g -miphoneos-version-min=7.0 -I/Users/devmarcos/Documents/GitHubRepos/CreationVideoPlayer/VLCKit-2.2.2/MobileVLCKit/ImportedSources/vlc/contrib/arm-apple-darwin11-arm64/include conftest.c >&5
configure:5104: link -dump -symbols "conftest.o"
link: illegal option -- d
usage: ln [-Ffhinsv] source_file [target_file]
       ln [-Ffhinsv] source_file ... target_dir
       link source_file target_file
configure:5107: output
configure:5114: result: BSD nm
configure:5117: checking whether ln -s works
configure:5121: result: yes
configure:5129: checking the maximum length of command line arguments
configure:5249: result: 196608
configure:5266: checking whether the shell understands some XSI constructs
configure:5276: result: yes
configure:5280: checking whether the shell understands "+="
configure:5286: result: yes
configure:5321: checking for xcrun ld option to reload object files
configure:5328: result: -r
configure:5357: checking for arm-apple-darwin11-objdump
configure:5384: result: objdump
configure:5453: checking how to recognize dependent libraries
configure:5649: result: pass_all
configure:5669: checking for arm-apple-darwin11-ar
configure:5696: result: xcrun ar
configure:5774: checking for arm-apple-darwin11-strip
configure:5801: result: xcrun strip
configure:5873: checking for arm-apple-darwin11-ranlib
configure:5900: result: xcrun ranlib
configure:6030: checking command to parse link -dump -symbols output from xcrun clang object
configure:6148: xcrun clang -c -isysroot /Applications/Xcode.app/Contents/Developer/Platforms/iPhoneOS.platform/Developer/SDKs/iPhoneOS8.4.sdk -arch arm64 -O3 -g -miphoneos-version-min=7.0 -arch arm64 -miphoneos-version-min=7.0 -isysroot /Applications/Xcode.app/Contents/Developer/Platforms/iPhoneOS.platform/Developer/SDKs/iPhoneOS8.4.sdk -arch arm64 -O3 -g -miphoneos-version-min=7.0 -I/Users/devmarcos/Documents/GitHubRepos/CreationVideoPlayer/VLCKit-2.2.2/MobileVLCKit/ImportedSources/vlc/contrib/arm-apple-darwin11-arm64/include -g -isysroot /Applications/Xcode.app/Contents/Developer/Platforms/iPhoneOS.platform/Developer/SDKs/iPhoneOS8.4.sdk -arch arm64 -O3 -g -miphoneos-version-min=7.0 -arch arm64 -miphoneos-version-min=7.0 -isysroot /Applications/Xcode.app/Contents/Developer/Platforms/iPhoneOS.platform/Developer/SDKs/iPhoneOS8.4.sdk -arch arm64 -O3 -g -miphoneos-version-min=7.0 -I/Users/devmarcos/Documents/GitHubRepos/CreationVideoPlayer/VLCKit-2.2.2/MobileVLCKit/ImportedSources/vlc/contrib/arm-apple-darwin11-arm64/include conftest.c >&5
configure:6151: $? = 0
configure:6155: link -dump -symbols conftest.o \| sed -n -e 's/^.*[	 ]\([BCDEGRST][BCDEGRST]*\)[	 ][	 ]*\([_A-Za-z][_A-Za-z0-9]*\)$/\1 \2 \2/p' \> conftest.nm
link: illegal option -- d
usage: ln [-Ffhinsv] source_file [target_file]
       ln [-Ffhinsv] source_file ... target_dir
       link source_file target_file
configure:6158: $? = 0
cannot run sed -n -e 's/^.*[	 ]\([BCDEGRST][BCDEGRST]*\)[	 ][	 ]*\([_A-Za-z][_A-Za-z0-9]*\)$/\1 \2 \2/p'
configure:6148: xcrun clang -c -isysroot /Applications/Xcode.app/Contents/Developer/Platforms/iPhoneOS.platform/Developer/SDKs/iPhoneOS8.4.sdk -arch arm64 -O3 -g -miphoneos-version-min=7.0 -arch arm64 -miphoneos-version-min=7.0 -isysroot /Applications/Xcode.app/Contents/Developer/Platforms/iPhoneOS.platform/Developer/SDKs/iPhoneOS8.4.sdk -arch arm64 -O3 -g -miphoneos-version-min=7.0 -I/Users/devmarcos/Documents/GitHubRepos/CreationVideoPlayer/VLCKit-2.2.2/MobileVLCKit/ImportedSources/vlc/contrib/arm-apple-darwin11-arm64/include -g -isysroot /Applications/Xcode.app/Contents/Developer/Platforms/iPhoneOS.platform/Developer/SDKs/iPhoneOS8.4.sdk -arch arm64 -O3 -g -miphoneos-version-min=7.0 -arch arm64 -miphoneos-version-min=7.0 -isysroot /Applications/Xcode.app/Contents/Developer/Platforms/iPhoneOS.platform/Developer/SDKs/iPhoneOS8.4.sdk -arch arm64 -O3 -g -miphoneos-version-min=7.0 -I/Users/devmarcos/Documents/GitHubRepos/CreationVideoPlayer/VLCKit-2.2.2/MobileVLCKit/ImportedSources/vlc/contrib/arm-apple-darwin11-arm64/include conftest.c >&5
configure:6151: $? = 0
configure:6155: link -dump -symbols conftest.o \| sed -n -e 's/^.*[	 ]\([BCDEGRST][BCDEGRST]*\)[	 ][	 ]*_\([_A-Za-z][_A-Za-z0-9]*\)$/\1 _\2 \2/p' \> conftest.nm
link: illegal option -- d
usage: ln [-Ffhinsv] source_file [target_file]
       ln [-Ffhinsv] source_file ... target_dir
       link source_file target_file
configure:6158: $? = 0
cannot run sed -n -e 's/^.*[	 ]\([BCDEGRST][BCDEGRST]*\)[	 ][	 ]*_\([_A-Za-z][_A-Za-z0-9]*\)$/\1 _\2 \2/p'
configure:6250: result: failed
configure:6507: checking for arm-apple-darwin11-dsymutil
configure:6537: result: no
configure:6547: checking for dsymutil
configure:6563: found /usr/bin/dsymutil
configure:6574: result: dsymutil
configure:6599: checking for arm-apple-darwin11-nmedit
configure:6629: result: no
configure:6639: checking for nmedit
configure:6655: found /usr/bin/nmedit
configure:6666: result: nmedit
configure:6691: checking for arm-apple-darwin11-lipo
configure:6721: result: no
configure:6731: checking for lipo
configure:6747: found /usr/bin/lipo
configure:6758: result: lipo
configure:6783: checking for arm-apple-darwin11-otool
configure:6813: result: no
configure:6823: checking for otool
configure:6839: found /usr/bin/otool
configure:6850: result: otool
configure:6875: checking for arm-apple-darwin11-otool64
configure:6905: result: no
configure:6915: checking for otool64
configure:6945: result: no
configure:6990: checking for -single_module linker flag
xcrun clang -isysroot /Applications/Xcode.app/Contents/Developer/Platforms/iPhoneOS.platform/Developer/SDKs/iPhoneOS8.4.sdk -arch arm64 -O3 -g -miphoneos-version-min=7.0 -arch arm64 -miphoneos-version-min=7.0 -isysroot /Applications/Xcode.app/Contents/Developer/Platforms/iPhoneOS.platform/Developer/SDKs/iPhoneOS8.4.sdk -arch arm64 -O3 -g -miphoneos-version-min=7.0 -I/Users/devmarcos/Documents/GitHubRepos/CreationVideoPlayer/VLCKit-2.2.2/MobileVLCKit/ImportedSources/vlc/contrib/arm-apple-darwin11-arm64/include -g -L/Applications/Xcode.app/Contents/Developer/Platforms/iPhoneOS.platform/Developer/SDKs/iPhoneOS8.4.sdk/usr/lib -arch arm64 -isysroot /Applications/Xcode.app/Contents/Developer/Platforms/iPhoneOS.platform/Developer/SDKs/iPhoneOS8.4.sdk -Wl,-ios_version_min,7.0 -arch arm64 -Wl,-ios_version_min,7.0 -L/Applications/Xcode.app/Contents/Developer/Platforms/iPhoneOS.platform/Developer/SDKs/iPhoneOS8.4.sdk/usr/lib -arch arm64 -isysroot /Applications/Xcode.app/Contents/Developer/Platforms/iPhoneOS.platform/Developer/SDKs/iPhoneOS8.4.sdk -Wl,-ios_version_min,7.0 -L/Users/devmarcos/Documents/GitHubRepos/CreationVideoPlayer/VLCKit-2.2.2/MobileVLCKit/ImportedSources/vlc/contrib/arm-apple-darwin11-arm64/lib -o libconftest.dylib -dynamiclib -Wl,-single_module conftest.c
configure:7017: result: yes
configure:7019: checking for -exported_symbols_list linker flag
configure:7049: xcrun clang -o conftest -isysroot /Applications/Xcode.app/Contents/Developer/Platforms/iPhoneOS.platform/Developer/SDKs/iPhoneOS8.4.sdk -arch arm64 -O3 -g -miphoneos-version-min=7.0 -arch arm64 -miphoneos-version-min=7.0 -isysroot /Applications/Xcode.app/Contents/Developer/Platforms/iPhoneOS.platform/Developer/SDKs/iPhoneOS8.4.sdk -arch arm64 -O3 -g -miphoneos-version-min=7.0 -I/Users/devmarcos/Documents/GitHubRepos/CreationVideoPlayer/VLCKit-2.2.2/MobileVLCKit/ImportedSources/vlc/contrib/arm-apple-darwin11-arm64/include -g -isysroot /Applications/Xcode.app/Contents/Developer/Platforms/iPhoneOS.platform/Developer/SDKs/iPhoneOS8.4.sdk -arch arm64 -O3 -g -miphoneos-version-min=7.0 -arch arm64 -miphoneos-version-min=7.0 -isysroot /Applications/Xcode.app/Contents/Developer/Platforms/iPhoneOS.platform/Developer/SDKs/iPhoneOS8.4.sdk -arch arm64 -O3 -g -miphoneos-version-min=7.0 -I/Users/devmarcos/Documents/GitHubRepos/CreationVideoPlayer/VLCKit-2.2.2/MobileVLCKit/ImportedSources/vlc/contrib/arm-apple-darwin11-arm64/include -L/Applications/Xcode.app/Contents/Developer/Platforms/iPhoneOS.platform/Developer/SDKs/iPhoneOS8.4.sdk/usr/lib -arch arm64 -isysroot /Applications/Xcode.app/Contents/Developer/Platforms/iPhoneOS.platform/Developer/SDKs/iPhoneOS8.4.sdk -Wl,-ios_version_min,7.0 -arch arm64 -Wl,-ios_version_min,7.0 -L/Applications/Xcode.app/Contents/Developer/Platforms/iPhoneOS.platform/Developer/SDKs/iPhoneOS8.4.sdk/usr/lib -arch arm64 -isysroot /Applications/Xcode.app/Contents/Developer/Platforms/iPhoneOS.platform/Developer/SDKs/iPhoneOS8.4.sdk -Wl,-ios_version_min,7.0 -L/Users/devmarcos/Documents/GitHubRepos/CreationVideoPlayer/VLCKit-2.2.2/MobileVLCKit/ImportedSources/vlc/contrib/arm-apple-darwin11-arm64/lib -Wl,-exported_symbols_list,conftest.sym conftest.c  >&5
configure:7056: $? = 0
configure:7078: result: yes
configure:7116: checking for ANSI C header files
configure:7146: xcrun clang -c -isysroot /Applications/Xcode.app/Contents/Developer/Platforms/iPhoneOS.platform/Developer/SDKs/iPhoneOS8.4.sdk -arch arm64 -O3 -g -miphoneos-version-min=7.0 -arch arm64 -miphoneos-version-min=7.0 -isysroot /Applications/Xcode.app/Contents/Developer/Platforms/iPhoneOS.platform/Developer/SDKs/iPhoneOS8.4.sdk -arch arm64 -O3 -g -miphoneos-version-min=7.0 -I/Users/devmarcos/Documents/GitHubRepos/CreationVideoPlayer/VLCKit-2.2.2/MobileVLCKit/ImportedSources/vlc/contrib/arm-apple-darwin11-arm64/include -g -isysroot /Applications/Xcode.app/Contents/Developer/Platforms/iPhoneOS.platform/Developer/SDKs/iPhoneOS8.4.sdk -arch arm64 -O3 -g -miphoneos-version-min=7.0 -arch arm64 -miphoneos-version-min=7.0 -isysroot /Applications/Xcode.app/Contents/Developer/Platforms/iPhoneOS.platform/Developer/SDKs/iPhoneOS8.4.sdk -arch arm64 -O3 -g -miphoneos-version-min=7.0 -I/Users/devmarcos/Documents/GitHubRepos/CreationVideoPlayer/VLCKit-2.2.2/MobileVLCKit/ImportedSources/vlc/contrib/arm-apple-darwin11-arm64/include conftest.c >&5
configure:7153: $? = 0
configure:7284: result: yes
configure:7308: checking for sys/types.h
configure:7329: xcrun clang -c -isysroot /Applications/Xcode.app/Contents/Developer/Platforms/iPhoneOS.platform/Developer/SDKs/iPhoneOS8.4.sdk -arch arm64 -O3 -g -miphoneos-version-min=7.0 -arch arm64 -miphoneos-version-min=7.0 -isysroot /Applications/Xcode.app/Contents/Developer/Platforms/iPhoneOS.platform/Developer/SDKs/iPhoneOS8.4.sdk -arch arm64 -O3 -g -miphoneos-version-min=7.0 -I/Users/devmarcos/Documents/GitHubRepos/CreationVideoPlayer/VLCKit-2.2.2/MobileVLCKit/ImportedSources/vlc/contrib/arm-apple-darwin11-arm64/include -g -isysroot /Applications/Xcode.app/Contents/Developer/Platforms/iPhoneOS.platform/Developer/SDKs/iPhoneOS8.4.sdk -arch arm64 -O3 -g -miphoneos-version-min=7.0 -arch arm64 -miphoneos-version-min=7.0 -isysroot /Applications/Xcode.app/Contents/Developer/Platforms/iPhoneOS.platform/Developer/SDKs/iPhoneOS8.4.sdk -arch arm64 -O3 -g -miphoneos-version-min=7.0 -I/Users/devmarcos/Documents/GitHubRepos/CreationVideoPlayer/VLCKit-2.2.2/MobileVLCKit/ImportedSources/vlc/contrib/arm-apple-darwin11-arm64/include conftest.c >&5
configure:7336: $? = 0
configure:7353: result: yes
configure:7308: checking for sys/stat.h
configure:7329: xcrun clang -c -isysroot /Applications/Xcode.app/Contents/Developer/Platforms/iPhoneOS.platform/Developer/SDKs/iPhoneOS8.4.sdk -arch arm64 -O3 -g -miphoneos-version-min=7.0 -arch arm64 -miphoneos-version-min=7.0 -isysroot /Applications/Xcode.app/Contents/Developer/Platforms/iPhoneOS.platform/Developer/SDKs/iPhoneOS8.4.sdk -arch arm64 -O3 -g -miphoneos-version-min=7.0 -I/Users/devmarcos/Documents/GitHubRepos/CreationVideoPlayer/VLCKit-2.2.2/MobileVLCKit/ImportedSources/vlc/contrib/arm-apple-darwin11-arm64/include -g -isysroot /Applications/Xcode.app/Contents/Developer/Platforms/iPhoneOS.platform/Developer/SDKs/iPhoneOS8.4.sdk -arch arm64 -O3 -g -miphoneos-version-min=7.0 -arch arm64 -miphoneos-version-min=7.0 -isysroot /Applications/Xcode.app/Contents/Developer/Platforms/iPhoneOS.platform/Developer/SDKs/iPhoneOS8.4.sdk -arch arm64 -O3 -g -miphoneos-version-min=7.0 -I/Users/devmarcos/Documents/GitHubRepos/CreationVideoPlayer/VLCKit-2.2.2/MobileVLCKit/ImportedSources/vlc/contrib/arm-apple-darwin11-arm64/include conftest.c >&5
configure:7336: $? = 0
configure:7353: result: yes
configure:7308: checking for stdlib.h
configure:7329: xcrun clang -c -isysroot /Applications/Xcode.app/Contents/Developer/Platforms/iPhoneOS.platform/Developer/SDKs/iPhoneOS8.4.sdk -arch arm64 -O3 -g -miphoneos-version-min=7.0 -arch arm64 -miphoneos-version-min=7.0 -isysroot /Applications/Xcode.app/Contents/Developer/Platforms/iPhoneOS.platform/Developer/SDKs/iPhoneOS8.4.sdk -arch arm64 -O3 -g -miphoneos-version-min=7.0 -I/Users/devmarcos/Documents/GitHubRepos/CreationVideoPlayer/VLCKit-2.2.2/MobileVLCKit/ImportedSources/vlc/contrib/arm-apple-darwin11-arm64/include -g -isysroot /Applications/Xcode.app/Contents/Developer/Platforms/iPhoneOS.platform/Developer/SDKs/iPhoneOS8.4.sdk -arch arm64 -O3 -g -miphoneos-version-min=7.0 -arch arm64 -miphoneos-version-min=7.0 -isysroot /Applications/Xcode.app/Contents/Developer/Platforms/iPhoneOS.platform/Developer/SDKs/iPhoneOS8.4.sdk -arch arm64 -O3 -g -miphoneos-version-min=7.0 -I/Users/devmarcos/Documents/GitHubRepos/CreationVideoPlayer/VLCKit-2.2.2/MobileVLCKit/ImportedSources/vlc/contrib/arm-apple-darwin11-arm64/include conftest.c >&5
configure:7336: $? = 0
configure:7353: result: yes
configure:7308: checking for string.h
configure:7329: xcrun clang -c -isysroot /Applications/Xcode.app/Contents/Developer/Platforms/iPhoneOS.platform/Developer/SDKs/iPhoneOS8.4.sdk -arch arm64 -O3 -g -miphoneos-version-min=7.0 -arch arm64 -miphoneos-version-min=7.0 -isysroot /Applications/Xcode.app/Contents/Developer/Platforms/iPhoneOS.platform/Developer/SDKs/iPhoneOS8.4.sdk -arch arm64 -O3 -g -miphoneos-version-min=7.0 -I/Users/devmarcos/Documents/GitHubRepos/CreationVideoPlayer/VLCKit-2.2.2/MobileVLCKit/ImportedSources/vlc/contrib/arm-apple-darwin11-arm64/include -g -isysroot /Applications/Xcode.app/Contents/Developer/Platforms/iPhoneOS.platform/Developer/SDKs/iPhoneOS8.4.sdk -arch arm64 -O3 -g -miphoneos-version-min=7.0 -arch arm64 -miphoneos-version-min=7.0 -isysroot /Applications/Xcode.app/Contents/Developer/Platforms/iPhoneOS.platform/Developer/SDKs/iPhoneOS8.4.sdk -arch arm64 -O3 -g -miphoneos-version-min=7.0 -I/Users/devmarcos/Documents/GitHubRepos/CreationVideoPlayer/VLCKit-2.2.2/MobileVLCKit/ImportedSources/vlc/contrib/arm-apple-darwin11-arm64/include conftest.c >&5
configure:7336: $? = 0
configure:7353: result: yes
configure:7308: checking for memory.h
configure:7329: xcrun clang -c -isysroot /Applications/Xcode.app/Contents/Developer/Platforms/iPhoneOS.platform/Developer/SDKs/iPhoneOS8.4.sdk -arch arm64 -O3 -g -miphoneos-version-min=7.0 -arch arm64 -miphoneos-version-min=7.0 -isysroot /Applications/Xcode.app/Contents/Developer/Platforms/iPhoneOS.platform/Developer/SDKs/iPhoneOS8.4.sdk -arch arm64 -O3 -g -miphoneos-version-min=7.0 -I/Users/devmarcos/Documents/GitHubRepos/CreationVideoPlayer/VLCKit-2.2.2/MobileVLCKit/ImportedSources/vlc/contrib/arm-apple-darwin11-arm64/include -g -isysroot /Applications/Xcode.app/Contents/Developer/Platforms/iPhoneOS.platform/Developer/SDKs/iPhoneOS8.4.sdk -arch arm64 -O3 -g -miphoneos-version-min=7.0 -arch arm64 -miphoneos-version-min=7.0 -isysroot /Applications/Xcode.app/Contents/Developer/Platforms/iPhoneOS.platform/Developer/SDKs/iPhoneOS8.4.sdk -arch arm64 -O3 -g -miphoneos-version-min=7.0 -I/Users/devmarcos/Documents/GitHubRepos/CreationVideoPlayer/VLCKit-2.2.2/MobileVLCKit/ImportedSources/vlc/contrib/arm-apple-darwin11-arm64/include conftest.c >&5
configure:7336: $? = 0
configure:7353: result: yes
configure:7308: checking for strings.h
configure:7329: xcrun clang -c -isysroot /Applications/Xcode.app/Contents/Developer/Platforms/iPhoneOS.platform/Developer/SDKs/iPhoneOS8.4.sdk -arch arm64 -O3 -g -miphoneos-version-min=7.0 -arch arm64 -miphoneos-version-min=7.0 -isysroot /Applications/Xcode.app/Contents/Developer/Platforms/iPhoneOS.platform/Developer/SDKs/iPhoneOS8.4.sdk -arch arm64 -O3 -g -miphoneos-version-min=7.0 -I/Users/devmarcos/Documents/GitHubRepos/CreationVideoPlayer/VLCKit-2.2.2/MobileVLCKit/ImportedSources/vlc/contrib/arm-apple-darwin11-arm64/include -g -isysroot /Applications/Xcode.app/Contents/Developer/Platforms/iPhoneOS.platform/Developer/SDKs/iPhoneOS8.4.sdk -arch arm64 -O3 -g -miphoneos-version-min=7.0 -arch arm64 -miphoneos-version-min=7.0 -isysroot /Applications/Xcode.app/Contents/Developer/Platforms/iPhoneOS.platform/Developer/SDKs/iPhoneOS8.4.sdk -arch arm64 -O3 -g -miphoneos-version-min=7.0 -I/Users/devmarcos/Documents/GitHubRepos/CreationVideoPlayer/VLCKit-2.2.2/MobileVLCKit/ImportedSources/vlc/contrib/arm-apple-darwin11-arm64/include conftest.c >&5
configure:7336: $? = 0
configure:7353: result: yes
configure:7308: checking for inttypes.h
configure:7329: xcrun clang -c -isysroot /Applications/Xcode.app/Contents/Developer/Platforms/iPhoneOS.platform/Developer/SDKs/iPhoneOS8.4.sdk -arch arm64 -O3 -g -miphoneos-version-min=7.0 -arch arm64 -miphoneos-version-min=7.0 -isysroot /Applications/Xcode.app/Contents/Developer/Platforms/iPhoneOS.platform/Developer/SDKs/iPhoneOS8.4.sdk -arch arm64 -O3 -g -miphoneos-version-min=7.0 -I/Users/devmarcos/Documents/GitHubRepos/CreationVideoPlayer/VLCKit-2.2.2/MobileVLCKit/ImportedSources/vlc/contrib/arm-apple-darwin11-arm64/include -g -isysroot /Applications/Xcode.app/Contents/Developer/Platforms/iPhoneOS.platform/Developer/SDKs/iPhoneOS8.4.sdk -arch arm64 -O3 -g -miphoneos-version-min=7.0 -arch arm64 -miphoneos-version-min=7.0 -isysroot /Applications/Xcode.app/Contents/Developer/Platforms/iPhoneOS.platform/Developer/SDKs/iPhoneOS8.4.sdk -arch arm64 -O3 -g -miphoneos-version-min=7.0 -I/Users/devmarcos/Documents/GitHubRepos/CreationVideoPlayer/VLCKit-2.2.2/MobileVLCKit/ImportedSources/vlc/contrib/arm-apple-darwin11-arm64/include conftest.c >&5
configure:7336: $? = 0
configure:7353: result: yes
configure:7308: checking for stdint.h
configure:7329: xcrun clang -c -isysroot /Applications/Xcode.app/Contents/Developer/Platforms/iPhoneOS.platform/Developer/SDKs/iPhoneOS8.4.sdk -arch arm64 -O3 -g -miphoneos-version-min=7.0 -arch arm64 -miphoneos-version-min=7.0 -isysroot /Applications/Xcode.app/Contents/Developer/Platforms/iPhoneOS.platform/Developer/SDKs/iPhoneOS8.4.sdk -arch arm64 -O3 -g -miphoneos-version-min=7.0 -I/Users/devmarcos/Documents/GitHubRepos/CreationVideoPlayer/VLCKit-2.2.2/MobileVLCKit/ImportedSources/vlc/contrib/arm-apple-darwin11-arm64/include -g -isysroot /Applications/Xcode.app/Contents/Developer/Platforms/iPhoneOS.platform/Developer/SDKs/iPhoneOS8.4.sdk -arch arm64 -O3 -g -miphoneos-version-min=7.0 -arch arm64 -miphoneos-version-min=7.0 -isysroot /Applications/Xcode.app/Contents/Developer/Platforms/iPhoneOS.platform/Developer/SDKs/iPhoneOS8.4.sdk -arch arm64 -O3 -g -miphoneos-version-min=7.0 -I/Users/devmarcos/Documents/GitHubRepos/CreationVideoPlayer/VLCKit-2.2.2/MobileVLCKit/ImportedSources/vlc/contrib/arm-apple-darwin11-arm64/include conftest.c >&5
configure:7336: $? = 0
configure:7353: result: yes
configure:7308: checking for unistd.h
configure:7329: xcrun clang -c -isysroot /Applications/Xcode.app/Contents/Developer/Platforms/iPhoneOS.platform/Developer/SDKs/iPhoneOS8.4.sdk -arch arm64 -O3 -g -miphoneos-version-min=7.0 -arch arm64 -miphoneos-version-min=7.0 -isysroot /Applications/Xcode.app/Contents/Developer/Platforms/iPhoneOS.platform/Developer/SDKs/iPhoneOS8.4.sdk -arch arm64 -O3 -g -miphoneos-version-min=7.0 -I/Users/devmarcos/Documents/GitHubRepos/CreationVideoPlayer/VLCKit-2.2.2/MobileVLCKit/ImportedSources/vlc/contrib/arm-apple-darwin11-arm64/include -g -isysroot /Applications/Xcode.app/Contents/Developer/Platforms/iPhoneOS.platform/Developer/SDKs/iPhoneOS8.4.sdk -arch arm64 -O3 -g -miphoneos-version-min=7.0 -arch arm64 -miphoneos-version-min=7.0 -isysroot /Applications/Xcode.app/Contents/Developer/Platforms/iPhoneOS.platform/Developer/SDKs/iPhoneOS8.4.sdk -arch arm64 -O3 -g -miphoneos-version-min=7.0 -I/Users/devmarcos/Documents/GitHubRepos/CreationVideoPlayer/VLCKit-2.2.2/MobileVLCKit/ImportedSources/vlc/contrib/arm-apple-darwin11-arm64/include conftest.c >&5
configure:7336: $? = 0
configure:7353: result: yes
configure:7371: checking for dlfcn.h
configure:7392: xcrun clang -c -isysroot /Applications/Xcode.app/Contents/Developer/Platforms/iPhoneOS.platform/Developer/SDKs/iPhoneOS8.4.sdk -arch arm64 -O3 -g -miphoneos-version-min=7.0 -arch arm64 -miphoneos-version-min=7.0 -isysroot /Applications/Xcode.app/Contents/Developer/Platforms/iPhoneOS.platform/Developer/SDKs/iPhoneOS8.4.sdk -arch arm64 -O3 -g -miphoneos-version-min=7.0 -I/Users/devmarcos/Documents/GitHubRepos/CreationVideoPlayer/VLCKit-2.2.2/MobileVLCKit/ImportedSources/vlc/contrib/arm-apple-darwin11-arm64/include -g -isysroot /Applications/Xcode.app/Contents/Developer/Platforms/iPhoneOS.platform/Developer/SDKs/iPhoneOS8.4.sdk -arch arm64 -O3 -g -miphoneos-version-min=7.0 -arch arm64 -miphoneos-version-min=7.0 -isysroot /Applications/Xcode.app/Contents/Developer/Platforms/iPhoneOS.platform/Developer/SDKs/iPhoneOS8.4.sdk -arch arm64 -O3 -g -miphoneos-version-min=7.0 -I/Users/devmarcos/Documents/GitHubRepos/CreationVideoPlayer/VLCKit-2.2.2/MobileVLCKit/ImportedSources/vlc/contrib/arm-apple-darwin11-arm64/include conftest.c >&5
configure:7399: $? = 0
configure:7416: result: yes
configure:7600: checking for objdir
configure:7615: result: .libs
configure:7907: checking if xcrun clang supports -fno-rtti -fno-exceptions
configure:7925: xcrun clang -c -isysroot /Applications/Xcode.app/Contents/Developer/Platforms/iPhoneOS.platform/Developer/SDKs/iPhoneOS8.4.sdk -arch arm64 -O3 -g -miphoneos-version-min=7.0 -arch arm64 -miphoneos-version-min=7.0 -isysroot /Applications/Xcode.app/Contents/Developer/Platforms/iPhoneOS.platform/Developer/SDKs/iPhoneOS8.4.sdk -arch arm64 -O3 -g -miphoneos-version-min=7.0 -I/Users/devmarcos/Documents/GitHubRepos/CreationVideoPlayer/VLCKit-2.2.2/MobileVLCKit/ImportedSources/vlc/contrib/arm-apple-darwin11-arm64/include -g -isysroot /Applications/Xcode.app/Contents/Developer/Platforms/iPhoneOS.platform/Developer/SDKs/iPhoneOS8.4.sdk -arch arm64 -O3 -g -miphoneos-version-min=7.0 -arch arm64 -miphoneos-version-min=7.0 -isysroot /Applications/Xcode.app/Contents/Developer/Platforms/iPhoneOS.platform/Developer/SDKs/iPhoneOS8.4.sdk -arch arm64 -O3 -g -miphoneos-version-min=7.0 -I/Users/devmarcos/Documents/GitHubRepos/CreationVideoPlayer/VLCKit-2.2.2/MobileVLCKit/ImportedSources/vlc/contrib/arm-apple-darwin11-arm64/include -fno-rtti -fno-exceptions conftest.c >&5
configure:7929: $? = 0
configure:7942: result: yes
configure:7962: checking for xcrun clang option to produce PIC
configure:8234: result: -fno-common -DPIC
configure:8246: checking if xcrun clang PIC flag -fno-common -DPIC works
configure:8264: xcrun clang -c -isysroot /Applications/Xcode.app/Contents/Developer/Platforms/iPhoneOS.platform/Developer/SDKs/iPhoneOS8.4.sdk -arch arm64 -O3 -g -miphoneos-version-min=7.0 -arch arm64 -miphoneos-version-min=7.0 -isysroot /Applications/Xcode.app/Contents/Developer/Platforms/iPhoneOS.platform/Developer/SDKs/iPhoneOS8.4.sdk -arch arm64 -O3 -g -miphoneos-version-min=7.0 -I/Users/devmarcos/Documents/GitHubRepos/CreationVideoPlayer/VLCKit-2.2.2/MobileVLCKit/ImportedSources/vlc/contrib/arm-apple-darwin11-arm64/include -g -isysroot /Applications/Xcode.app/Contents/Developer/Platforms/iPhoneOS.platform/Developer/SDKs/iPhoneOS8.4.sdk -arch arm64 -O3 -g -miphoneos-version-min=7.0 -arch arm64 -miphoneos-version-min=7.0 -isysroot /Applications/Xcode.app/Contents/Developer/Platforms/iPhoneOS.platform/Developer/SDKs/iPhoneOS8.4.sdk -arch arm64 -O3 -g -miphoneos-version-min=7.0 -I/Users/devmarcos/Documents/GitHubRepos/CreationVideoPlayer/VLCKit-2.2.2/MobileVLCKit/ImportedSources/vlc/contrib/arm-apple-darwin11-arm64/include -fno-common -DPIC -DPIC conftest.c >&5
configure:8268: $? = 0
configure:8281: result: yes
configure:8305: checking if xcrun clang static flag -static works
configure:8333: result: no
configure:8348: checking if xcrun clang supports -c -o file.o
configure:8369: xcrun clang -c -isysroot /Applications/Xcode.app/Contents/Developer/Platforms/iPhoneOS.platform/Developer/SDKs/iPhoneOS8.4.sdk -arch arm64 -O3 -g -miphoneos-version-min=7.0 -arch arm64 -miphoneos-version-min=7.0 -isysroot /Applications/Xcode.app/Contents/Developer/Platforms/iPhoneOS.platform/Developer/SDKs/iPhoneOS8.4.sdk -arch arm64 -O3 -g -miphoneos-version-min=7.0 -I/Users/devmarcos/Documents/GitHubRepos/CreationVideoPlayer/VLCKit-2.2.2/MobileVLCKit/ImportedSources/vlc/contrib/arm-apple-darwin11-arm64/include -g -isysroot /Applications/Xcode.app/Contents/Developer/Platforms/iPhoneOS.platform/Developer/SDKs/iPhoneOS8.4.sdk -arch arm64 -O3 -g -miphoneos-version-min=7.0 -arch arm64 -miphoneos-version-min=7.0 -isysroot /Applications/Xcode.app/Contents/Developer/Platforms/iPhoneOS.platform/Developer/SDKs/iPhoneOS8.4.sdk -arch arm64 -O3 -g -miphoneos-version-min=7.0 -I/Users/devmarcos/Documents/GitHubRepos/CreationVideoPlayer/VLCKit-2.2.2/MobileVLCKit/ImportedSources/vlc/contrib/arm-apple-darwin11-arm64/include -o out/conftest2.o conftest.c >&5
configure:8373: $? = 0
configure:8395: result: yes
configure:8403: checking if xcrun clang supports -c -o file.o
configure:8450: result: yes
configure:8483: checking whether the xcrun clang linker (xcrun ld) supports shared libraries
configure:9557: result: yes
configure:9796: checking dynamic linker characteristics
configure:10482: result: darwin11 dyld
configure:10584: checking how to hardcode library paths into programs
configure:10609: result: immediate
configure:11442: checking whether stripping libraries is possible
configure:11456: result: yes
configure:11482: checking if libtool supports shared libraries
configure:11484: result: yes
configure:11487: checking whether to build shared libraries
configure:11508: result: no
configure:11511: checking whether to build static libraries
configure:11515: result: yes
configure:11556: checking for doxygen
configure:11584: result: false
configure:11603: WARNING: *** doxygen not found, API documentation will not be built
configure:11782: WARNING: *** Format Specification will not built.
configure:11949: checking for ld used by xcrun clang
configure:12016: result: xcrun ld
configure:12025: checking if the linker (xcrun ld) is GNU ld
configure:12040: result: no
configure:12050: checking how to control symbol export
configure:12086: result: -exported_symbols_list
configure:12110: checking for pkg-config
configure:12126: found /Users/devmarcos/Documents/GitHubRepos/CreationVideoPlayer/VLCKit-2.2.2/MobileVLCKit/ImportedSources/vlc/extras/tools/build/bin/pkg-config
configure:12137: result: yes
configure:12153: checking for arm-apple-darwin11-pkg-config
configure:12186: result: no
configure:12196: checking for pkg-config
configure:12214: found /Users/devmarcos/Documents/GitHubRepos/CreationVideoPlayer/VLCKit-2.2.2/MobileVLCKit/ImportedSources/vlc/extras/tools/build/bin/pkg-config
configure:12226: result: /Users/devmarcos/Documents/GitHubRepos/CreationVideoPlayer/VLCKit-2.2.2/MobileVLCKit/ImportedSources/vlc/extras/tools/build/bin/pkg-config
configure:12251: checking pkg-config is at least version 0.9.0
configure:12254: result: yes
configure:12265: checking for OGG
configure:12273: $PKG_CONFIG --exists --print-errors "ogg >= 1.1"
configure:12276: $? = 0
configure:12291: $PKG_CONFIG --exists --print-errors "ogg >= 1.1"
configure:12294: $? = 0
configure:12330: result: yes
configure:12691: checking for VORBIS
configure:12699: $PKG_CONFIG --exists --print-errors "vorbis >= 1.0.1"
Package vorbis was not found in the pkg-config search path.
Perhaps you should add the directory containing `vorbis.pc'
to the PKG_CONFIG_PATH environment variable
No package 'vorbis' found
configure:12702: $? = 1
configure:12717: $PKG_CONFIG --exists --print-errors "vorbis >= 1.0.1"
Package vorbis was not found in the pkg-config search path.
Perhaps you should add the directory containing `vorbis.pc'
to the PKG_CONFIG_PATH environment variable
No package 'vorbis' found
configure:12720: $? = 1
No package 'vorbis' found
configure:12748: result: no
configure:12818: checking for Vorbis
configure:12905: result: yes
configure:13037: checking for sdl-config
configure:13068: result: no
configure:13077: checking for SDL - version >= 0.11.0
configure:13217: result: no
configure:13305: WARNING: *** Unable to find SDL -- Not compiling example players ***
configure:13332: checking sys/soundcard.h usability
configure:13349: xcrun clang -c -Wall -Wno-parentheses -O3 -fomit-frame-pointer -finline-functions -funroll-loops -isysroot /Applications/Xcode.app/Contents/Developer/Platforms/iPhoneOS.platform/Developer/SDKs/iPhoneOS8.4.sdk -arch arm64 -O3 -g -miphoneos-version-min=7.0 -arch arm64 -miphoneos-version-min=7.0 -isysroot /Applications/Xcode.app/Contents/Developer/Platforms/iPhoneOS.platform/Developer/SDKs/iPhoneOS8.4.sdk -arch arm64 -O3 -g -miphoneos-version-min=7.0 -I/Users/devmarcos/Documents/GitHubRepos/CreationVideoPlayer/VLCKit-2.2.2/MobileVLCKit/ImportedSources/vlc/contrib/arm-apple-darwin11-arm64/include -g -isysroot /Applications/Xcode.app/Contents/Developer/Platforms/iPhoneOS.platform/Developer/SDKs/iPhoneOS8.4.sdk -arch arm64 -O3 -g -miphoneos-version-min=7.0 -arch arm64 -miphoneos-version-min=7.0 -isysroot /Applications/Xcode.app/Contents/Developer/Platforms/iPhoneOS.platform/Developer/SDKs/iPhoneOS8.4.sdk -arch arm64 -O3 -g -miphoneos-version-min=7.0 -I/Users/devmarcos/Documents/GitHubRepos/CreationVideoPlayer/VLCKit-2.2.2/MobileVLCKit/ImportedSources/vlc/contrib/arm-apple-darwin11-arm64/include conftest.c >&5
clang: warning: optimization flag '-finline-functions' is not supported
clang: warning: argument unused during compilation: '-finline-functions'
conftest.c:55:10: fatal error: 'sys/soundcard.h' file not found
#include <sys/soundcard.h>
         ^
1 error generated.
configure:13356: $? = 1
configure: failed program was:
| /* confdefs.h.  */
| #define PACKAGE_NAME "libtheora"
| #define PACKAGE_TARNAME "libtheora"
| #define PACKAGE_VERSION "1.1.1"
| #define PACKAGE_STRING "libtheora 1.1.1"
| #define PACKAGE_BUGREPORT ""
| #define PACKAGE "libtheora"
| #define VERSION "1.1.1"
| #define STDC_HEADERS 1
| #define HAVE_SYS_TYPES_H 1
| #define HAVE_SYS_STAT_H 1
| #define HAVE_STDLIB_H 1
| #define HAVE_STRING_H 1
| #define HAVE_MEMORY_H 1
| #define HAVE_STRINGS_H 1
| #define HAVE_INTTYPES_H 1
| #define HAVE_STDINT_H 1
| #define HAVE_UNISTD_H 1
| #define HAVE_DLFCN_H 1
| #define LT_OBJDIR ".libs/"
| /* end confdefs.h.  */
| #include <stdio.h>
| #ifdef HAVE_SYS_TYPES_H
| # include <sys/types.h>
| #endif
| #ifdef HAVE_SYS_STAT_H
| # include <sys/stat.h>
| #endif
| #ifdef STDC_HEADERS
| # include <stdlib.h>
| # include <stddef.h>
| #else
| # ifdef HAVE_STDLIB_H
| #  include <stdlib.h>
| # endif
| #endif
| #ifdef HAVE_STRING_H
| # if !defined STDC_HEADERS && defined HAVE_MEMORY_H
| #  include <memory.h>
| # endif
| # include <string.h>
| #endif
| #ifdef HAVE_STRINGS_H
| # include <strings.h>
| #endif
| #ifdef HAVE_INTTYPES_H
| # include <inttypes.h>
| #endif
| #ifdef HAVE_STDINT_H
| # include <stdint.h>
| #endif
| #ifdef HAVE_UNISTD_H
| # include <unistd.h>
| #endif
| #include <sys/soundcard.h>
configure:13370: result: no
configure:13374: checking sys/soundcard.h presence
configure:13389: xcrun cc -E -isysroot /Applications/Xcode.app/Contents/Developer/Platforms/iPhoneOS.platform/Developer/SDKs/iPhoneOS8.4.sdk -arch arm64 -O3 -g -miphoneos-version-min=7.0 -arch arm64 -miphoneos-version-min=7.0 -isysroot /Applications/Xcode.app/Contents/Developer/Platforms/iPhoneOS.platform/Developer/SDKs/iPhoneOS8.4.sdk -arch arm64 -O3 -g -miphoneos-version-min=7.0 -I/Users/devmarcos/Documents/GitHubRepos/CreationVideoPlayer/VLCKit-2.2.2/MobileVLCKit/ImportedSources/vlc/contrib/arm-apple-darwin11-arm64/include conftest.c
conftest.c:22:10: fatal error: 'sys/soundcard.h' file not found
#include <sys/soundcard.h>
         ^
1 error generated.
configure:13396: $? = 1
configure: failed program was:
| /* confdefs.h.  */
| #define PACKAGE_NAME "libtheora"
| #define PACKAGE_TARNAME "libtheora"
| #define PACKAGE_VERSION "1.1.1"
| #define PACKAGE_STRING "libtheora 1.1.1"
| #define PACKAGE_BUGREPORT ""
| #define PACKAGE "libtheora"
| #define VERSION "1.1.1"
| #define STDC_HEADERS 1
| #define HAVE_SYS_TYPES_H 1
| #define HAVE_SYS_STAT_H 1
| #define HAVE_STDLIB_H 1
| #define HAVE_STRING_H 1
| #define HAVE_MEMORY_H 1
| #define HAVE_STRINGS_H 1
| #define HAVE_INTTYPES_H 1
| #define HAVE_STDINT_H 1
| #define HAVE_UNISTD_H 1
| #define HAVE_DLFCN_H 1
| #define LT_OBJDIR ".libs/"
| /* end confdefs.h.  */
| #include <sys/soundcard.h>
configure:13410: result: no
configure:13438: checking for sys/soundcard.h
configure:13447: result: no
configure:13332: checking soundcard.h usability
configure:13349: xcrun clang -c -Wall -Wno-parentheses -O3 -fomit-frame-pointer -finline-functions -funroll-loops -isysroot /Applications/Xcode.app/Contents/Developer/Platforms/iPhoneOS.platform/Developer/SDKs/iPhoneOS8.4.sdk -arch arm64 -O3 -g -miphoneos-version-min=7.0 -arch arm64 -miphoneos-version-min=7.0 -isysroot /Applications/Xcode.app/Contents/Developer/Platforms/iPhoneOS.platform/Developer/SDKs/iPhoneOS8.4.sdk -arch arm64 -O3 -g -miphoneos-version-min=7.0 -I/Users/devmarcos/Documents/GitHubRepos/CreationVideoPlayer/VLCKit-2.2.2/MobileVLCKit/ImportedSources/vlc/contrib/arm-apple-darwin11-arm64/include -g -isysroot /Applications/Xcode.app/Contents/Developer/Platforms/iPhoneOS.platform/Developer/SDKs/iPhoneOS8.4.sdk -arch arm64 -O3 -g -miphoneos-version-min=7.0 -arch arm64 -miphoneos-version-min=7.0 -isysroot /Applications/Xcode.app/Contents/Developer/Platforms/iPhoneOS.platform/Developer/SDKs/iPhoneOS8.4.sdk -arch arm64 -O3 -g -miphoneos-version-min=7.0 -I/Users/devmarcos/Documents/GitHubRepos/CreationVideoPlayer/VLCKit-2.2.2/MobileVLCKit/ImportedSources/vlc/contrib/arm-apple-darwin11-arm64/include conftest.c >&5
clang: warning: optimization flag '-finline-functions' is not supported
clang: warning: argument unused during compilation: '-finline-functions'
conftest.c:55:10: fatal error: 'soundcard.h' file not found
#include <soundcard.h>
         ^
1 error generated.
configure:13356: $? = 1
configure: failed program was:
| /* confdefs.h.  */
| #define PACKAGE_NAME "libtheora"
| #define PACKAGE_TARNAME "libtheora"
| #define PACKAGE_VERSION "1.1.1"
| #define PACKAGE_STRING "libtheora 1.1.1"
| #define PACKAGE_BUGREPORT ""
| #define PACKAGE "libtheora"
| #define VERSION "1.1.1"
| #define STDC_HEADERS 1
| #define HAVE_SYS_TYPES_H 1
| #define HAVE_SYS_STAT_H 1
| #define HAVE_STDLIB_H 1
| #define HAVE_STRING_H 1
| #define HAVE_MEMORY_H 1
| #define HAVE_STRINGS_H 1
| #define HAVE_INTTYPES_H 1
| #define HAVE_STDINT_H 1
| #define HAVE_UNISTD_H 1
| #define HAVE_DLFCN_H 1
| #define LT_OBJDIR ".libs/"
| /* end confdefs.h.  */
| #include <stdio.h>
| #ifdef HAVE_SYS_TYPES_H
| # include <sys/types.h>
| #endif
| #ifdef HAVE_SYS_STAT_H
| # include <sys/stat.h>
| #endif
| #ifdef STDC_HEADERS
| # include <stdlib.h>
| # include <stddef.h>
| #else
| # ifdef HAVE_STDLIB_H
| #  include <stdlib.h>
| # endif
| #endif
| #ifdef HAVE_STRING_H
| # if !defined STDC_HEADERS && defined HAVE_MEMORY_H
| #  include <memory.h>
| # endif
| # include <string.h>
| #endif
| #ifdef HAVE_STRINGS_H
| # include <strings.h>
| #endif
| #ifdef HAVE_INTTYPES_H
| # include <inttypes.h>
| #endif
| #ifdef HAVE_STDINT_H
| # include <stdint.h>
| #endif
| #ifdef HAVE_UNISTD_H
| # include <unistd.h>
| #endif
| #include <soundcard.h>
configure:13370: result: no
configure:13374: checking soundcard.h presence
configure:13389: xcrun cc -E -isysroot /Applications/Xcode.app/Contents/Developer/Platforms/iPhoneOS.platform/Developer/SDKs/iPhoneOS8.4.sdk -arch arm64 -O3 -g -miphoneos-version-min=7.0 -arch arm64 -miphoneos-version-min=7.0 -isysroot /Applications/Xcode.app/Contents/Developer/Platforms/iPhoneOS.platform/Developer/SDKs/iPhoneOS8.4.sdk -arch arm64 -O3 -g -miphoneos-version-min=7.0 -I/Users/devmarcos/Documents/GitHubRepos/CreationVideoPlayer/VLCKit-2.2.2/MobileVLCKit/ImportedSources/vlc/contrib/arm-apple-darwin11-arm64/include conftest.c
conftest.c:22:10: fatal error: 'soundcard.h' file not found
#include <soundcard.h>
         ^
1 error generated.
configure:13396: $? = 1
configure: failed program was:
| /* confdefs.h.  */
| #define PACKAGE_NAME "libtheora"
| #define PACKAGE_TARNAME "libtheora"
| #define PACKAGE_VERSION "1.1.1"
| #define PACKAGE_STRING "libtheora 1.1.1"
| #define PACKAGE_BUGREPORT ""
| #define PACKAGE "libtheora"
| #define VERSION "1.1.1"
| #define STDC_HEADERS 1
| #define HAVE_SYS_TYPES_H 1
| #define HAVE_SYS_STAT_H 1
| #define HAVE_STDLIB_H 1
| #define HAVE_STRING_H 1
| #define HAVE_MEMORY_H 1
| #define HAVE_STRINGS_H 1
| #define HAVE_INTTYPES_H 1
| #define HAVE_STDINT_H 1
| #define HAVE_UNISTD_H 1
| #define HAVE_DLFCN_H 1
| #define LT_OBJDIR ".libs/"
| /* end confdefs.h.  */
| #include <soundcard.h>
configure:13410: result: no
configure:13438: checking for soundcard.h
configure:13447: result: no
configure:13332: checking machine/soundcard.h usability
configure:13349: xcrun clang -c -Wall -Wno-parentheses -O3 -fomit-frame-pointer -finline-functions -funroll-loops -isysroot /Applications/Xcode.app/Contents/Developer/Platforms/iPhoneOS.platform/Developer/SDKs/iPhoneOS8.4.sdk -arch arm64 -O3 -g -miphoneos-version-min=7.0 -arch arm64 -miphoneos-version-min=7.0 -isysroot /Applications/Xcode.app/Contents/Developer/Platforms/iPhoneOS.platform/Developer/SDKs/iPhoneOS8.4.sdk -arch arm64 -O3 -g -miphoneos-version-min=7.0 -I/Users/devmarcos/Documents/GitHubRepos/CreationVideoPlayer/VLCKit-2.2.2/MobileVLCKit/ImportedSources/vlc/contrib/arm-apple-darwin11-arm64/include -g -isysroot /Applications/Xcode.app/Contents/Developer/Platforms/iPhoneOS.platform/Developer/SDKs/iPhoneOS8.4.sdk -arch arm64 -O3 -g -miphoneos-version-min=7.0 -arch arm64 -miphoneos-version-min=7.0 -isysroot /Applications/Xcode.app/Contents/Developer/Platforms/iPhoneOS.platform/Developer/SDKs/iPhoneOS8.4.sdk -arch arm64 -O3 -g -miphoneos-version-min=7.0 -I/Users/devmarcos/Documents/GitHubRepos/CreationVideoPlayer/VLCKit-2.2.2/MobileVLCKit/ImportedSources/vlc/contrib/arm-apple-darwin11-arm64/include conftest.c >&5
clang: warning: optimization flag '-finline-functions' is not supported
clang: warning: argument unused during compilation: '-finline-functions'
conftest.c:55:10: fatal error: 'machine/soundcard.h' file not found
#include <machine/soundcard.h>
         ^
1 error generated.
configure:13356: $? = 1
configure: failed program was:
| /* confdefs.h.  */
| #define PACKAGE_NAME "libtheora"
| #define PACKAGE_TARNAME "libtheora"
| #define PACKAGE_VERSION "1.1.1"
| #define PACKAGE_STRING "libtheora 1.1.1"
| #define PACKAGE_BUGREPORT ""
| #define PACKAGE "libtheora"
| #define VERSION "1.1.1"
| #define STDC_HEADERS 1
| #define HAVE_SYS_TYPES_H 1
| #define HAVE_SYS_STAT_H 1
| #define HAVE_STDLIB_H 1
| #define HAVE_STRING_H 1
| #define HAVE_MEMORY_H 1
| #define HAVE_STRINGS_H 1
| #define HAVE_INTTYPES_H 1
| #define HAVE_STDINT_H 1
| #define HAVE_UNISTD_H 1
| #define HAVE_DLFCN_H 1
| #define LT_OBJDIR ".libs/"
| /* end confdefs.h.  */
| #include <stdio.h>
| #ifdef HAVE_SYS_TYPES_H
| # include <sys/types.h>
| #endif
| #ifdef HAVE_SYS_STAT_H
| # include <sys/stat.h>
| #endif
| #ifdef STDC_HEADERS
| # include <stdlib.h>
| # include <stddef.h>
| #else
| # ifdef HAVE_STDLIB_H
| #  include <stdlib.h>
| # endif
| #endif
| #ifdef HAVE_STRING_H
| # if !defined STDC_HEADERS && defined HAVE_MEMORY_H
| #  include <memory.h>
| # endif
| # include <string.h>
| #endif
| #ifdef HAVE_STRINGS_H
| # include <strings.h>
| #endif
| #ifdef HAVE_INTTYPES_H
| # include <inttypes.h>
| #endif
| #ifdef HAVE_STDINT_H
| # include <stdint.h>
| #endif
| #ifdef HAVE_UNISTD_H
| # include <unistd.h>
| #endif
| #include <machine/soundcard.h>
configure:13370: result: no
configure:13374: checking machine/soundcard.h presence
configure:13389: xcrun cc -E -isysroot /Applications/Xcode.app/Contents/Developer/Platforms/iPhoneOS.platform/Developer/SDKs/iPhoneOS8.4.sdk -arch arm64 -O3 -g -miphoneos-version-min=7.0 -arch arm64 -miphoneos-version-min=7.0 -isysroot /Applications/Xcode.app/Contents/Developer/Platforms/iPhoneOS.platform/Developer/SDKs/iPhoneOS8.4.sdk -arch arm64 -O3 -g -miphoneos-version-min=7.0 -I/Users/devmarcos/Documents/GitHubRepos/CreationVideoPlayer/VLCKit-2.2.2/MobileVLCKit/ImportedSources/vlc/contrib/arm-apple-darwin11-arm64/include conftest.c
conftest.c:22:10: fatal error: 'machine/soundcard.h' file not found
#include <machine/soundcard.h>
         ^
1 error generated.
configure:13396: $? = 1
configure: failed program was:
| /* confdefs.h.  */
| #define PACKAGE_NAME "libtheora"
| #define PACKAGE_TARNAME "libtheora"
| #define PACKAGE_VERSION "1.1.1"
| #define PACKAGE_STRING "libtheora 1.1.1"
| #define PACKAGE_BUGREPORT ""
| #define PACKAGE "libtheora"
| #define VERSION "1.1.1"
| #define STDC_HEADERS 1
| #define HAVE_SYS_TYPES_H 1
| #define HAVE_SYS_STAT_H 1
| #define HAVE_STDLIB_H 1
| #define HAVE_STRING_H 1
| #define HAVE_MEMORY_H 1
| #define HAVE_STRINGS_H 1
| #define HAVE_INTTYPES_H 1
| #define HAVE_STDINT_H 1
| #define HAVE_UNISTD_H 1
| #define HAVE_DLFCN_H 1
| #define LT_OBJDIR ".libs/"
| /* end confdefs.h.  */
| #include <machine/soundcard.h>
configure:13410: result: no
configure:13438: checking for machine/soundcard.h
configure:13447: result: no
configure:13466: WARNING: OSS audio support not found -- not compiling player_example
configure:13483: checking for PNG
configure:13491: $PKG_CONFIG --exists --print-errors "libpng"
configure:13494: $? = 0
configure:13509: $PKG_CONFIG --exists --print-errors "libpng"
configure:13512: $? = 0
configure:13548: result: yes
configure:13742: checking for library containing ftime
configure:13783: xcrun clang -o conftest -Wall -Wno-parentheses -O3 -fomit-frame-pointer -finline-functions -funroll-loops -isysroot /Applications/Xcode.app/Contents/Developer/Platforms/iPhoneOS.platform/Developer/SDKs/iPhoneOS8.4.sdk -arch arm64 -O3 -g -miphoneos-version-min=7.0 -arch arm64 -miphoneos-version-min=7.0 -isysroot /Applications/Xcode.app/Contents/Developer/Platforms/iPhoneOS.platform/Developer/SDKs/iPhoneOS8.4.sdk -arch arm64 -O3 -g -miphoneos-version-min=7.0 -I/Users/devmarcos/Documents/GitHubRepos/CreationVideoPlayer/VLCKit-2.2.2/MobileVLCKit/ImportedSources/vlc/contrib/arm-apple-darwin11-arm64/include -g -isysroot /Applications/Xcode.app/Contents/Developer/Platforms/iPhoneOS.platform/Developer/SDKs/iPhoneOS8.4.sdk -arch arm64 -O3 -g -miphoneos-version-min=7.0 -arch arm64 -miphoneos-version-min=7.0 -isysroot /Applications/Xcode.app/Contents/Developer/Platforms/iPhoneOS.platform/Developer/SDKs/iPhoneOS8.4.sdk -arch arm64 -O3 -g -miphoneos-version-min=7.0 -I/Users/devmarcos/Documents/GitHubRepos/CreationVideoPlayer/VLCKit-2.2.2/MobileVLCKit/ImportedSources/vlc/contrib/arm-apple-darwin11-arm64/include -L/Applications/Xcode.app/Contents/Developer/Platforms/iPhoneOS.platform/Developer/SDKs/iPhoneOS8.4.sdk/usr/lib -arch arm64 -isysroot /Applications/Xcode.app/Contents/Developer/Platforms/iPhoneOS.platform/Developer/SDKs/iPhoneOS8.4.sdk -Wl,-ios_version_min,7.0 -arch arm64 -Wl,-ios_version_min,7.0 -L/Applications/Xcode.app/Contents/Developer/Platforms/iPhoneOS.platform/Developer/SDKs/iPhoneOS8.4.sdk/usr/lib -arch arm64 -isysroot /Applications/Xcode.app/Contents/Developer/Platforms/iPhoneOS.platform/Developer/SDKs/iPhoneOS8.4.sdk -Wl,-ios_version_min,7.0 -L/Users/devmarcos/Documents/GitHubRepos/CreationVideoPlayer/VLCKit-2.2.2/MobileVLCKit/ImportedSources/vlc/contrib/arm-apple-darwin11-arm64/lib conftest.c  >&5
clang: warning: optimization flag '-finline-functions' is not supported
clang: warning: argument unused during compilation: '-finline-functions'
configure:13790: $? = 0
configure:13821: result: none required
configure:13830: checking for getopt_long
configure:13886: xcrun clang -o conftest -Wall -Wno-parentheses -O3 -fomit-frame-pointer -finline-functions -funroll-loops -isysroot /Applications/Xcode.app/Contents/Developer/Platforms/iPhoneOS.platform/Developer/SDKs/iPhoneOS8.4.sdk -arch arm64 -O3 -g -miphoneos-version-min=7.0 -arch arm64 -miphoneos-version-min=7.0 -isysroot /Applications/Xcode.app/Contents/Developer/Platforms/iPhoneOS.platform/Developer/SDKs/iPhoneOS8.4.sdk -arch arm64 -O3 -g -miphoneos-version-min=7.0 -I/Users/devmarcos/Documents/GitHubRepos/CreationVideoPlayer/VLCKit-2.2.2/MobileVLCKit/ImportedSources/vlc/contrib/arm-apple-darwin11-arm64/include -g -isysroot /Applications/Xcode.app/Contents/Developer/Platforms/iPhoneOS.platform/Developer/SDKs/iPhoneOS8.4.sdk -arch arm64 -O3 -g -miphoneos-version-min=7.0 -arch arm64 -miphoneos-version-min=7.0 -isysroot /Applications/Xcode.app/Contents/Developer/Platforms/iPhoneOS.platform/Developer/SDKs/iPhoneOS8.4.sdk -arch arm64 -O3 -g -miphoneos-version-min=7.0 -I/Users/devmarcos/Documents/GitHubRepos/CreationVideoPlayer/VLCKit-2.2.2/MobileVLCKit/ImportedSources/vlc/contrib/arm-apple-darwin11-arm64/include -L/Applications/Xcode.app/Contents/Developer/Platforms/iPhoneOS.platform/Developer/SDKs/iPhoneOS8.4.sdk/usr/lib -arch arm64 -isysroot /Applications/Xcode.app/Contents/Developer/Platforms/iPhoneOS.platform/Developer/SDKs/iPhoneOS8.4.sdk -Wl,-ios_version_min,7.0 -arch arm64 -Wl,-ios_version_min,7.0 -L/Applications/Xcode.app/Contents/Developer/Platforms/iPhoneOS.platform/Developer/SDKs/iPhoneOS8.4.sdk/usr/lib -arch arm64 -isysroot /Applications/Xcode.app/Contents/Developer/Platforms/iPhoneOS.platform/Developer/SDKs/iPhoneOS8.4.sdk -Wl,-ios_version_min,7.0 -L/Users/devmarcos/Documents/GitHubRepos/CreationVideoPlayer/VLCKit-2.2.2/MobileVLCKit/ImportedSources/vlc/contrib/arm-apple-darwin11-arm64/lib conftest.c  >&5
clang: warning: optimization flag '-finline-functions' is not supported
clang: warning: argument unused during compilation: '-finline-functions'
configure:13893: $? = 0
configure:13913: result: yes
configure:14102: creating ./config.status

## ---------------------- ##
## Running config.status. ##
## ---------------------- ##

This file was extended by libtheora config.status 1.1.1, which was
generated by GNU Autoconf 2.63.  Invocation command line was

  CONFIG_FILES    = 
  CONFIG_HEADERS  = 
  CONFIG_LINKS    = 
  CONFIG_COMMANDS = 
  $ ./config.status 

on Mac-Mini-Marcos.local

config.status:1077: creating Makefile
config.status:1224: WARNING:  'Makefile.in' seems to ignore the --datarootdir setting
config.status:1077: creating lib/Makefile
config.status:1224: WARNING:  'lib/Makefile.in' seems to ignore the --datarootdir setting
config.status:1077: creating include/Makefile
config.status:1224: WARNING:  'include/Makefile.in' seems to ignore the --datarootdir setting
config.status:1077: creating include/theora/Makefile
config.status:1224: WARNING:  'include/theora/Makefile.in' seems to ignore the --datarootdir setting
config.status:1077: creating examples/Makefile
config.status:1224: WARNING:  'examples/Makefile.in' seems to ignore the --datarootdir setting
config.status:1077: creating doc/Makefile
config.status:1224: WARNING:  'doc/Makefile.in' seems to ignore the --datarootdir setting
config.status:1077: creating doc/Doxyfile
config.status:1077: creating doc/spec/Makefile
config.status:1224: WARNING:  'doc/spec/Makefile.in' seems to ignore the --datarootdir setting
config.status:1077: creating tests/Makefile
config.status:1224: WARNING:  'tests/Makefile.in' seems to ignore the --datarootdir setting
config.status:1077: creating m4/Makefile
config.status:1224: WARNING:  'm4/Makefile.in' seems to ignore the --datarootdir setting
config.status:1077: creating libtheora.spec
config.status:1077: creating theora.pc
config.status:1077: creating theora-uninstalled.pc
config.status:1077: creating theoradec.pc
config.status:1077: creating theoradec-uninstalled.pc
config.status:1077: creating theoraenc.pc
config.status:1077: creating theoraenc-uninstalled.pc
config.status:1077: creating config.h
config.status:1311: executing depfiles commands
config.status:1311: executing libtool commands
configure:16463: result:
------------------------------------------------------------------------
  libtheora 1.1.1:  Automatic configuration OK.

  General configuration:

    Encoding support: ........... no
    Floating point support: ..... no
    Assembly optimization: ...... disabled
    Debugging telemetry: ........ no
    Build example code: ......... no
    API Documentation: .......... no
    Format Documentation: ....... no

  Installation paths:

    libtheora: ................... /Users/devmarcos/Documents/GitHubRepos/CreationVideoPlayer/VLCKit-2.2.2/MobileVLCKit/ImportedSources/vlc/contrib/arm-apple-darwin11-arm64/lib
    C header files: .............. /Users/devmarcos/Documents/GitHubRepos/CreationVideoPlayer/VLCKit-2.2.2/MobileVLCKit/ImportedSources/vlc/contrib/arm-apple-darwin11-arm64/include/theora
    Documentation: ............... /Users/devmarcos/Documents/GitHubRepos/CreationVideoPlayer/VLCKit-2.2.2/MobileVLCKit/ImportedSources/vlc/contrib/arm-apple-darwin11-arm64/share/doc/libtheora

  Building:

    Type 'make' to compile libtheora.

    Type 'make install' to install libtheora.

    Type 'make check' to run test suite (Valgrind testing not enabled)

  Example programs will be built but not installed.
------------------------------------------------------------------------


## ---------------- ##
## Cache variables. ##
## ---------------- ##

ac_cv_build=x86_64-apple-darwin11
ac_cv_c_compiler_gnu=yes
ac_cv_env_CAIRO_CFLAGS_set=
ac_cv_env_CAIRO_CFLAGS_value=
ac_cv_env_CAIRO_LIBS_set=
ac_cv_env_CAIRO_LIBS_value=
ac_cv_env_CC_set=set
ac_cv_env_CC_value='xcrun clang'
ac_cv_env_CFLAGS_set=set
ac_cv_env_CFLAGS_value='-isysroot /Applications/Xcode.app/Contents/Developer/Platforms/iPhoneOS.platform/Developer/SDKs/iPhoneOS8.4.sdk -arch arm64 -O3 -g -miphoneos-version-min=7.0 -arch arm64 -miphoneos-version-min=7.0 -isysroot /Applications/Xcode.app/Contents/Developer/Platforms/iPhoneOS.platform/Developer/SDKs/iPhoneOS8.4.sdk -arch arm64 -O3 -g -miphoneos-version-min=7.0 -I/Users/devmarcos/Documents/GitHubRepos/CreationVideoPlayer/VLCKit-2.2.2/MobileVLCKit/ImportedSources/vlc/contrib/arm-apple-darwin11-arm64/include -g'
ac_cv_env_CPPFLAGS_set=set
ac_cv_env_CPPFLAGS_value='-isysroot /Applications/Xcode.app/Contents/Developer/Platforms/iPhoneOS.platform/Developer/SDKs/iPhoneOS8.4.sdk -arch arm64 -O3 -g -miphoneos-version-min=7.0 -arch arm64 -miphoneos-version-min=7.0 -isysroot /Applications/Xcode.app/Contents/Developer/Platforms/iPhoneOS.platform/Developer/SDKs/iPhoneOS8.4.sdk -arch arm64 -O3 -g -miphoneos-version-min=7.0 -I/Users/devmarcos/Documents/GitHubRepos/CreationVideoPlayer/VLCKit-2.2.2/MobileVLCKit/ImportedSources/vlc/contrib/arm-apple-darwin11-arm64/include'
ac_cv_env_CPP_set=set
ac_cv_env_CPP_value='xcrun cc -E'
ac_cv_env_LDFLAGS_set=set
ac_cv_env_LDFLAGS_value='-L/Applications/Xcode.app/Contents/Developer/Platforms/iPhoneOS.platform/Developer/SDKs/iPhoneOS8.4.sdk/usr/lib -arch arm64 -isysroot /Applications/Xcode.app/Contents/Developer/Platforms/iPhoneOS.platform/Developer/SDKs/iPhoneOS8.4.sdk -Wl,-ios_version_min,7.0 -arch arm64 -Wl,-ios_version_min,7.0 -L/Applications/Xcode.app/Contents/Developer/Platforms/iPhoneOS.platform/Developer/SDKs/iPhoneOS8.4.sdk/usr/lib -arch arm64 -isysroot /Applications/Xcode.app/Contents/Developer/Platforms/iPhoneOS.platform/Developer/SDKs/iPhoneOS8.4.sdk -Wl,-ios_version_min,7.0 -L/Users/devmarcos/Documents/GitHubRepos/CreationVideoPlayer/VLCKit-2.2.2/MobileVLCKit/ImportedSources/vlc/contrib/arm-apple-darwin11-arm64/lib'
ac_cv_env_LIBS_set=
ac_cv_env_LIBS_value=
ac_cv_env_OGG_CFLAGS_set=
ac_cv_env_OGG_CFLAGS_value=
ac_cv_env_OGG_LIBS_set=
ac_cv_env_OGG_LIBS_value=
ac_cv_env_PKG_CONFIG_set=
ac_cv_env_PKG_CONFIG_value=
ac_cv_env_PNG_CFLAGS_set=
ac_cv_env_PNG_CFLAGS_value=
ac_cv_env_PNG_LIBS_set=
ac_cv_env_PNG_LIBS_value=
ac_cv_env_VORBIS_CFLAGS_set=
ac_cv_env_VORBIS_CFLAGS_value=
ac_cv_env_VORBIS_LIBS_set=
ac_cv_env_VORBIS_LIBS_value=
ac_cv_env_build_alias_set=set
ac_cv_env_build_alias_value=x86_64-apple-darwin11
ac_cv_env_host_alias_set=set
ac_cv_env_host_alias_value=arm-apple-darwin11
ac_cv_env_target_alias_set=set
ac_cv_env_target_alias_value=arm-apple-darwin11
ac_cv_func_getopt_long=yes
ac_cv_header_dlfcn_h=yes
ac_cv_header_inttypes_h=yes
ac_cv_header_machine_soundcard_h=no
ac_cv_header_memory_h=yes
ac_cv_header_soundcard_h=no
ac_cv_header_stdc=yes
ac_cv_header_stdint_h=yes
ac_cv_header_stdlib_h=yes
ac_cv_header_string_h=yes
ac_cv_header_strings_h=yes
ac_cv_header_sys_soundcard_h=no
ac_cv_header_sys_stat_h=yes
ac_cv_header_sys_types_h=yes
ac_cv_header_unistd_h=yes
ac_cv_host=arm-apple-darwin11
ac_cv_objext=o
ac_cv_path_EGREP='/usr/bin/grep -E'
ac_cv_path_FGREP='/usr/bin/grep -F'
ac_cv_path_GREP=/usr/bin/grep
ac_cv_path_SDL_CONFIG=no
ac_cv_path_SED=/usr/bin/sed
ac_cv_path_ac_pt_PKG_CONFIG=/Users/devmarcos/Documents/GitHubRepos/CreationVideoPlayer/VLCKit-2.2.2/MobileVLCKit/ImportedSources/vlc/extras/tools/build/bin/pkg-config
ac_cv_path_install='/usr/bin/install -c'
ac_cv_prog_AR='xcrun ar'
ac_cv_prog_AWK=awk
ac_cv_prog_CC='xcrun clang'
ac_cv_prog_CPP='xcrun cc -E'
ac_cv_prog_HAVE_DOXYGEN=false
ac_cv_prog_HAVE_PKG_CONFIG=yes
ac_cv_prog_OBJDUMP=objdump
ac_cv_prog_RANLIB='xcrun ranlib'
ac_cv_prog_STRIP='xcrun strip'
ac_cv_prog_ac_ct_DSYMUTIL=dsymutil
ac_cv_prog_ac_ct_DUMPBIN='link -dump -symbols'
ac_cv_prog_ac_ct_LIPO=lipo
ac_cv_prog_ac_ct_NMEDIT=nmedit
ac_cv_prog_ac_ct_OTOOL=otool
ac_cv_prog_cc_c89=
ac_cv_prog_cc_g=yes
ac_cv_prog_cc_xcrun_c_o=yes
ac_cv_prog_make_make_set=yes
ac_cv_search_ftime='none required'
ac_cv_target=arm-apple-darwin11
am_cv_CC_dependencies_compiler_type=none
lt_cv_apple_cc_single_mod=yes
lt_cv_deplibs_check_method=pass_all
lt_cv_file_magic_cmd='$MAGIC_CMD'
lt_cv_file_magic_test_file=
lt_cv_ld_exported_symbols_list=yes
lt_cv_ld_reload_flag=-r
lt_cv_nm_interface='BSD nm'
lt_cv_objdir=.libs
lt_cv_path_LD='xcrun ld'
lt_cv_path_NM=no
lt_cv_prog_compiler_c_o=yes
lt_cv_prog_compiler_pic_works=yes
lt_cv_prog_compiler_rtti_exceptions=yes
lt_cv_prog_compiler_static_works=no
lt_cv_prog_gnu_ld=no
lt_cv_sys_global_symbol_pipe=
lt_cv_sys_global_symbol_to_c_name_address='sed -n -e '\''s/^: \([^ ]*\) $/  {\"\1\", (void *) 0},/p'\'' -e '\''s/^[BCDEGRST]* \([^ ]*\) \([^ ]*\)$/  {"\2", (void *) \&\2},/p'\'''
lt_cv_sys_global_symbol_to_c_name_address_lib_prefix='sed -n -e '\''s/^: \([^ ]*\) $/  {\"\1\", (void *) 0},/p'\'' -e '\''s/^[BCDEGRST]* \([^ ]*\) \(lib[^ ]*\)$/  {"\2", (void *) \&\2},/p'\'' -e '\''s/^[BCDEGRST]* \([^ ]*\) \([^ ]*\)$/  {"lib\2", (void *) \&\2},/p'\'''
lt_cv_sys_global_symbol_to_cdecl=
lt_cv_sys_max_cmd_len=196608
pkg_cv_OGG_CFLAGS='-I/Users/devmarcos/Documents/GitHubRepos/CreationVideoPlayer/VLCKit-2.2.2/MobileVLCKit/ImportedSources/vlc/contrib/arm-apple-darwin11-arm64/include '
pkg_cv_OGG_LIBS='-L/Users/devmarcos/Documents/GitHubRepos/CreationVideoPlayer/VLCKit-2.2.2/MobileVLCKit/ImportedSources/vlc/contrib/arm-apple-darwin11-arm64/lib -logg '
pkg_cv_PNG_CFLAGS='-I/Users/devmarcos/Documents/GitHubRepos/CreationVideoPlayer/VLCKit-2.2.2/MobileVLCKit/ImportedSources/vlc/contrib/arm-apple-darwin11-arm64/include/libpng16 '
pkg_cv_PNG_LIBS='-L/Users/devmarcos/Documents/GitHubRepos/CreationVideoPlayer/VLCKit-2.2.2/MobileVLCKit/ImportedSources/vlc/contrib/arm-apple-darwin11-arm64/lib -lpng16 '

## ----------------- ##
## Output variables. ##
## ----------------- ##

ACLOCAL='${SHELL} /Users/devmarcos/Documents/GitHubRepos/CreationVideoPlayer/VLCKit-2.2.2/MobileVLCKit/ImportedSources/vlc/contrib/iPhoneOS-arm64/libtheora/missing --run aclocal-1.6'
ACLOCAL_AMFLAGS='-I m4'
AMDEPBACKSLASH=''
AMDEP_FALSE=''
AMDEP_TRUE='#'
AMTAR='${SHELL} /Users/devmarcos/Documents/GitHubRepos/CreationVideoPlayer/VLCKit-2.2.2/MobileVLCKit/ImportedSources/vlc/contrib/iPhoneOS-arm64/libtheora/missing --run tar'
AR='xcrun ar'
AS='perl /Users/devmarcos/Documents/GitHubRepos/CreationVideoPlayer/VLCKit-2.2.2/MobileVLCKit/ImportedSources/vlc/extras/tools/build/bin/gas-preprocessor.pl xcrun clang'
AUTOCONF='${SHELL} /Users/devmarcos/Documents/GitHubRepos/CreationVideoPlayer/VLCKit-2.2.2/MobileVLCKit/ImportedSources/vlc/contrib/iPhoneOS-arm64/libtheora/missing --run autoconf'
AUTOHEADER='${SHELL} /Users/devmarcos/Documents/GitHubRepos/CreationVideoPlayer/VLCKit-2.2.2/MobileVLCKit/ImportedSources/vlc/contrib/iPhoneOS-arm64/libtheora/missing --run autoheader'
AUTOMAKE='${SHELL} /Users/devmarcos/Documents/GitHubRepos/CreationVideoPlayer/VLCKit-2.2.2/MobileVLCKit/ImportedSources/vlc/contrib/iPhoneOS-arm64/libtheora/missing --run automake-1.6'
AWK='awk'
BINDIR='/Users/devmarcos/Documents/GitHubRepos/CreationVideoPlayer/VLCKit-2.2.2/MobileVLCKit/ImportedSources/vlc/contrib/arm-apple-darwin11-arm64/bin'
BUILDABLE_EXAMPLES=' png2theora$(EXEEXT)'
BUILD_SPEC_FALSE=''
BUILD_SPEC_TRUE='#'
CAIRO_CFLAGS=''
CAIRO_LIBS=''
CC='xcrun clang'
CCDEPMODE='depmode=none'
CFLAGS='-Wall -Wno-parentheses -O3 -fomit-frame-pointer -finline-functions -funroll-loops -isysroot /Applications/Xcode.app/Contents/Developer/Platforms/iPhoneOS.platform/Developer/SDKs/iPhoneOS8.4.sdk -arch arm64 -O3 -g -miphoneos-version-min=7.0 -arch arm64 -miphoneos-version-min=7.0 -isysroot /Applications/Xcode.app/Contents/Developer/Platforms/iPhoneOS.platform/Developer/SDKs/iPhoneOS8.4.sdk -arch arm64 -O3 -g -miphoneos-version-min=7.0 -I/Users/devmarcos/Documents/GitHubRepos/CreationVideoPlayer/VLCKit-2.2.2/MobileVLCKit/ImportedSources/vlc/contrib/arm-apple-darwin11-arm64/include -g'
CPP='xcrun cc -E'
CPPFLAGS='-isysroot /Applications/Xcode.app/Contents/Developer/Platforms/iPhoneOS.platform/Developer/SDKs/iPhoneOS8.4.sdk -arch arm64 -O3 -g -miphoneos-version-min=7.0 -arch arm64 -miphoneos-version-min=7.0 -isysroot /Applications/Xcode.app/Contents/Developer/Platforms/iPhoneOS.platform/Developer/SDKs/iPhoneOS8.4.sdk -arch arm64 -O3 -g -miphoneos-version-min=7.0 -I/Users/devmarcos/Documents/GitHubRepos/CreationVideoPlayer/VLCKit-2.2.2/MobileVLCKit/ImportedSources/vlc/contrib/arm-apple-darwin11-arm64/include'
CPU_x86_32_FALSE=''
CPU_x86_32_TRUE='#'
CPU_x86_64_FALSE=''
CPU_x86_64_TRUE='#'
DEBUG='-g -Wall -Wno-parentheses -DDEBUG -D__NO_MATH_INLINES'
DEFS='-DHAVE_CONFIG_H'
DEPDIR='.deps'
DLLTOOL='dlltool'
DOCDIR='/Users/devmarcos/Documents/GitHubRepos/CreationVideoPlayer/VLCKit-2.2.2/MobileVLCKit/ImportedSources/vlc/contrib/arm-apple-darwin11-arm64/share/doc'
DSYMUTIL='dsymutil'
DUMPBIN='link -dump -symbols'
ECHO_C='\c'
ECHO_N=''
ECHO_T=''
EGREP='/usr/bin/grep -E'
EXEEXT=''
FGREP='/usr/bin/grep -F'
GETOPT_OBJS=''
GREP='/usr/bin/grep'
HAVE_BIBTEX=''
HAVE_DOXYGEN='false'
HAVE_DOXYGEN_FALSE=''
HAVE_DOXYGEN_TRUE='#'
HAVE_PDFLATEX=''
HAVE_PKG_CONFIG='yes'
HAVE_TRANSFIG=''
HAVE_VALGRIND=''
INCLUDEDIR='/Users/devmarcos/Documents/GitHubRepos/CreationVideoPlayer/VLCKit-2.2.2/MobileVLCKit/ImportedSources/vlc/contrib/arm-apple-darwin11-arm64/include'
INSTALL_DATA='${INSTALL} -m 644'
INSTALL_PROGRAM='${INSTALL}'
INSTALL_SCRIPT='${INSTALL}'
INSTALL_STRIP_PROGRAM='${SHELL} $(install_sh) -c -s'
LD='xcrun ld'
LDFLAGS='-L/Applications/Xcode.app/Contents/Developer/Platforms/iPhoneOS.platform/Developer/SDKs/iPhoneOS8.4.sdk/usr/lib -arch arm64 -isysroot /Applications/Xcode.app/Contents/Developer/Platforms/iPhoneOS.platform/Developer/SDKs/iPhoneOS8.4.sdk -Wl,-ios_version_min,7.0 -arch arm64 -Wl,-ios_version_min,7.0 -L/Applications/Xcode.app/Contents/Developer/Platforms/iPhoneOS.platform/Developer/SDKs/iPhoneOS8.4.sdk/usr/lib -arch arm64 -isysroot /Applications/Xcode.app/Contents/Developer/Platforms/iPhoneOS.platform/Developer/SDKs/iPhoneOS8.4.sdk -Wl,-ios_version_min,7.0 -L/Users/devmarcos/Documents/GitHubRepos/CreationVideoPlayer/VLCKit-2.2.2/MobileVLCKit/ImportedSources/vlc/contrib/arm-apple-darwin11-arm64/lib'
LIBDIR='/Users/devmarcos/Documents/GitHubRepos/CreationVideoPlayer/VLCKit-2.2.2/MobileVLCKit/ImportedSources/vlc/contrib/arm-apple-darwin11-arm64/lib'
LIBOBJS=''
LIBS=''
LIBTOOL='$(SHELL) $(top_builddir)/libtool'
LIPO='lipo'
LN_S='ln -s'
LTLIBOBJS=''
MAINT='#'
MAINTAINER_MODE_FALSE=''
MAINTAINER_MODE_TRUE='#'
MAKEINFO='${SHELL} /Users/devmarcos/Documents/GitHubRepos/CreationVideoPlayer/VLCKit-2.2.2/MobileVLCKit/ImportedSources/vlc/contrib/iPhoneOS-arm64/libtheora/missing --run makeinfo'
NM='link -dump -symbols'
NMEDIT='nmedit'
OBJDUMP='objdump'
OBJEXT='o'
OGG_CFLAGS='-I/Users/devmarcos/Documents/GitHubRepos/CreationVideoPlayer/VLCKit-2.2.2/MobileVLCKit/ImportedSources/vlc/contrib/arm-apple-darwin11-arm64/include '
OGG_LIBS='-L/Users/devmarcos/Documents/GitHubRepos/CreationVideoPlayer/VLCKit-2.2.2/MobileVLCKit/ImportedSources/vlc/contrib/arm-apple-darwin11-arm64/lib -logg '
OSS_LIBS=''
OTOOL64=':'
OTOOL='otool'
PACKAGE='libtheora'
PACKAGE_BUGREPORT=''
PACKAGE_NAME='libtheora'
PACKAGE_STRING='libtheora 1.1.1'
PACKAGE_TARNAME='libtheora'
PACKAGE_VERSION='1.1.1'
PATH_SEPARATOR=':'
PKG_CONFIG='/Users/devmarcos/Documents/GitHubRepos/CreationVideoPlayer/VLCKit-2.2.2/MobileVLCKit/ImportedSources/vlc/extras/tools/build/bin/pkg-config'
PNG_CFLAGS='-I/Users/devmarcos/Documents/GitHubRepos/CreationVideoPlayer/VLCKit-2.2.2/MobileVLCKit/ImportedSources/vlc/contrib/arm-apple-darwin11-arm64/include/libpng16 '
PNG_LIBS='-L/Users/devmarcos/Documents/GitHubRepos/CreationVideoPlayer/VLCKit-2.2.2/MobileVLCKit/ImportedSources/vlc/contrib/arm-apple-darwin11-arm64/lib -lpng16 '
PROFILE='-Wall -Wno-parentheses -pg -g -O3 -fno-inline-functions -DDEBUG'
RANLIB='xcrun ranlib'
SDL_CFLAGS=''
SDL_CONFIG='no'
SDL_LIBS=''
SED='/usr/bin/sed'
SET_MAKE=''
SHELL='/bin/sh'
STRIP='xcrun strip'
THDEC_LIB_AGE='1'
THDEC_LIB_CURRENT='2'
THDEC_LIB_REVISION='4'
THENC_LIB_AGE='1'
THENC_LIB_CURRENT='2'
THENC_LIB_REVISION='2'
THEORADEC_LDFLAGS=' -Wl,-exported_symbols_list,$(srcdir)/theoradec.exp'
THEORAENC_LDFLAGS=' -Wl,-exported_symbols_list,$(srcdir)/theoraenc.exp'
THEORA_DISABLE_ENCODE_FALSE='#'
THEORA_DISABLE_ENCODE_TRUE=''
THEORA_DISABLE_FLOAT_FALSE='#'
THEORA_DISABLE_FLOAT_TRUE=''
THEORA_ENABLE_EXAMPLES_FALSE=''
THEORA_ENABLE_EXAMPLES_TRUE='#'
THEORA_LDFLAGS=' -Wl,-exported_symbols_list,$(srcdir)/theora.exp'
TH_LIB_AGE='3'
TH_LIB_CURRENT='3'
TH_LIB_REVISION='10'
VALGRIND_ENVIRONMENT=''
VERSION='1.1.1'
VORBISENC_LIBS='-lvorbisenc'
VORBISFILE_LIBS='-lvorbisfile'
VORBIS_CFLAGS=''
VORBIS_LIBS='-L/Users/devmarcos/Documents/GitHubRepos/CreationVideoPlayer/VLCKit-2.2.2/MobileVLCKit/ImportedSources/vlc/contrib/arm-apple-darwin11-arm64/lib -lvorbis -lm'
ac_ct_CC=''
ac_ct_DUMPBIN='link -dump -symbols'
am__include='include'
am__quote=''
bindir='${exec_prefix}/bin'
build='x86_64-apple-darwin11'
build_alias='x86_64-apple-darwin11'
build_cpu='x86_64'
build_os='darwin11'
build_vendor='apple'
datadir='${datarootdir}'
datarootdir='/Users/devmarcos/Documents/GitHubRepos/CreationVideoPlayer/VLCKit-2.2.2/MobileVLCKit/ImportedSources/vlc/contrib/arm-apple-darwin11-arm64/share'
docdir='${datarootdir}/doc/${PACKAGE_TARNAME}'
dvidir='${docdir}'
exec_prefix='${prefix}'
host='arm-apple-darwin11'
host_alias='arm-apple-darwin11'
host_cpu='arm'
host_os='darwin11'
host_vendor='apple'
htmldir='${docdir}'
includedir='/Users/devmarcos/Documents/GitHubRepos/CreationVideoPlayer/VLCKit-2.2.2/MobileVLCKit/ImportedSources/vlc/contrib/arm-apple-darwin11-arm64/include'
infodir='${datarootdir}/info'
install_sh='/Users/devmarcos/Documents/GitHubRepos/CreationVideoPlayer/VLCKit-2.2.2/MobileVLCKit/ImportedSources/vlc/contrib/iPhoneOS-arm64/libtheora/install-sh'
libdir='/Users/devmarcos/Documents/GitHubRepos/CreationVideoPlayer/VLCKit-2.2.2/MobileVLCKit/ImportedSources/vlc/contrib/arm-apple-darwin11-arm64/lib'
libexecdir='${exec_prefix}/libexec'
localedir='${datarootdir}/locale'
localstatedir='${prefix}/var'
lt_ECHO='/bin/echo'
mandir='${datarootdir}/man'
oldincludedir='/usr/include'
pdfdir='${docdir}'
prefix='/Users/devmarcos/Documents/GitHubRepos/CreationVideoPlayer/VLCKit-2.2.2/MobileVLCKit/ImportedSources/vlc/contrib/arm-apple-darwin11-arm64'
program_transform_name='s&^&&'
psdir='${docdir}'
sbindir='${exec_prefix}/sbin'
sharedstatedir='${prefix}/com'
sysconfdir='${prefix}/etc'
target='arm-apple-darwin11'
target_alias='arm-apple-darwin11'
target_cpu='arm'
target_os='darwin11'
target_vendor='apple'

## ----------- ##
## confdefs.h. ##
## ----------- ##

#define PACKAGE_NAME "libtheora"
#define PACKAGE_TARNAME "libtheora"
#define PACKAGE_VERSION "1.1.1"
#define PACKAGE_STRING "libtheora 1.1.1"
#define PACKAGE_BUGREPORT ""
#define PACKAGE "libtheora"
#define VERSION "1.1.1"
#define STDC_HEADERS 1
#define HAVE_SYS_TYPES_H 1
#define HAVE_SYS_STAT_H 1
#define HAVE_STDLIB_H 1
#define HAVE_STRING_H 1
#define HAVE_MEMORY_H 1
#define HAVE_STRINGS_H 1
#define HAVE_INTTYPES_H 1
#define HAVE_STDINT_H 1
#define HAVE_UNISTD_H 1
#define HAVE_DLFCN_H 1
#define LT_OBJDIR ".libs/"
#define THEORA_DISABLE_FLOAT /**/
#define THEORA_DISABLE_ENCODE /**/

configure: exit 0
