This file contains any messages produced by compilers while
running configure, to aid debugging if configure makes a mistake.

It was created by libdvbpsi configure 1.2.0, which was
generated by GNU Autoconf 2.69.  Invocation command line was

  $ ./configure --prefix=/Users/devmarcos/Documents/GitHubRepos/CreationVideoPlayer/VLCKit-2.2.2/MobileVLCKit/ImportedSources/vlc/contrib/arm-apple-darwin11-armv7 --datarootdir=/Users/devmarcos/Documents/GitHubRepos/CreationVideoPlayer/VLCKit-2.2.2/MobileVLCKit/ImportedSources/vlc/contrib/arm-apple-darwin11-armv7/share --includedir=/Users/devmarcos/Documents/GitHubRepos/CreationVideoPlayer/VLCKit-2.2.2/MobileVLCKit/ImportedSources/vlc/contrib/arm-apple-darwin11-armv7/include --libdir=/Users/devmarcos/Documents/GitHubRepos/CreationVideoPlayer/VLCKit-2.2.2/MobileVLCKit/ImportedSources/vlc/contrib/arm-apple-darwin11-armv7/lib --build=x86_64-apple-darwin11 --host=arm-apple-darwin11 --target=arm-apple-darwin11 --program-prefix= --enable-static --disable-shared --disable-dependency-tracking --with-pic

## --------- ##
## Platform. ##
## --------- ##

hostname = Mac-Mini-Marcos.local
uname -m = x86_64
uname -r = 14.5.0
uname -s = Darwin
uname -v = Darwin Kernel Version 14.5.0: Thu Jul  9 22:56:16 PDT 2015; root:xnu-2782.40.6~1/RELEASE_X86_64

/usr/bin/uname -p = i386
/bin/uname -X     = unknown

/bin/arch              = unknown
/usr/bin/arch -k       = unknown
/usr/convex/getsysinfo = unknown
/usr/bin/hostinfo      = Mach kernel version:
	 Darwin Kernel Version 14.5.0: Thu Jul  9 22:56:16 PDT 2015; root:xnu-2782.40.6~1/RELEASE_X86_64
Kernel configured for up to 8 processors.
4 processors are physically available.
8 processors are logically available.
Processor type: i486 (Intel 80486)
Processors active: 0 1 2 3 4 5 6 7
Primary memory available: 8.00 gigabytes
Default processor set: 250 tasks, 1398 threads, 8 processors
Load average: 2.50, Mach factor: 5.49
/bin/machine           = unknown
/usr/bin/oslevel       = unknown
/bin/universe          = unknown

PATH: /Users/devmarcos/Documents/GitHubRepos/CreationVideoPlayer/VLCKit-2.2.2/MobileVLCKit/ImportedSources/vlc/contrib/arm-apple-darwin11-armv7/bin
PATH: /Users/devmarcos/Documents/GitHubRepos/CreationVideoPlayer/VLCKit-2.2.2/MobileVLCKit/ImportedSources/vlc/extras/tools/build/bin
PATH: /Users/devmarcos/Documents/GitHubRepos/CreationVideoPlayer/VLCKit-2.2.2/MobileVLCKit/ImportedSources/vlc/extras/tools/build/bin
PATH: /Users/devmarcos/Documents/GitHubRepos/CreationVideoPlayer/VLCKit-2.2.2/MobileVLCKit/ImportedSources/vlc/contrib/arm-apple-darwin11/bin
PATH: /usr/bin
PATH: /bin
PATH: /usr/sbin
PATH: /sbin
PATH: /usr/local/bin
PATH: /usr/X11/bin


## ----------- ##
## Core tests. ##
## ----------- ##

configure:2246: checking build system type
configure:2260: result: x86_64-apple-darwin11
configure:2280: checking host system type
configure:2293: result: arm-apple-darwin11
configure:2313: checking target system type
configure:2326: result: arm-apple-darwin11
configure:2370: checking for a BSD-compatible install
configure:2438: result: /usr/bin/install -c
configure:2449: checking whether build environment is sane
configure:2504: result: yes
configure:2563: checking for arm-apple-darwin11-strip
configure:2590: result: xcrun strip
configure:2655: checking for a thread-safe mkdir -p
configure:2694: result: .auto/install-sh -c -d
configure:2701: checking for gawk
configure:2731: result: no
configure:2701: checking for mawk
configure:2731: result: no
configure:2701: checking for nawk
configure:2731: result: no
configure:2701: checking for awk
configure:2717: found /usr/bin/awk
configure:2728: result: awk
configure:2739: checking whether make sets $(MAKE)
configure:2761: result: yes
configure:2790: checking whether make supports nested variables
configure:2807: result: yes
configure:2903: checking for arm-apple-darwin11-gcc
configure:2930: result: xcrun clang
configure:3199: checking for C compiler version
configure:3208: xcrun clang --version >&5
Apple LLVM version 6.1.0 (clang-602.0.53) (based on LLVM 3.6.0svn)
Target: x86_64-apple-darwin14.5.0
Thread model: posix
configure:3219: $? = 0
configure:3208: xcrun clang -v >&5
Apple LLVM version 6.1.0 (clang-602.0.53) (based on LLVM 3.6.0svn)
Target: x86_64-apple-darwin14.5.0
Thread model: posix
configure:3219: $? = 0
configure:3208: xcrun clang -V >&5
clang: error: argument to '-V' is missing (expected 1 value)
clang: error: no input files
configure:3219: $? = 1
configure:3208: xcrun clang -qversion >&5
clang: error: unknown argument: '-qversion'
clang: error: no input files
configure:3219: $? = 1
configure:3239: checking whether the C compiler works
configure:3261: xcrun clang -isysroot /Applications/Xcode.app/Contents/Developer/Platforms/iPhoneOS.platform/Developer/SDKs/iPhoneOS8.4.sdk -arch armv7 -O3 -g -mcpu=cortex-a8 -miphoneos-version-min=6.1 -arch armv7 -mcpu=cortex-a8 -miphoneos-version-min=6.1 -isysroot /Applications/Xcode.app/Contents/Developer/Platforms/iPhoneOS.platform/Developer/SDKs/iPhoneOS8.4.sdk -arch armv7 -O3 -g -mcpu=cortex-a8 -miphoneos-version-min=6.1 -I/Users/devmarcos/Documents/GitHubRepos/CreationVideoPlayer/VLCKit-2.2.2/MobileVLCKit/ImportedSources/vlc/contrib/arm-apple-darwin11-armv7/include -g -isysroot /Applications/Xcode.app/Contents/Developer/Platforms/iPhoneOS.platform/Developer/SDKs/iPhoneOS8.4.sdk -arch armv7 -O3 -g -mcpu=cortex-a8 -miphoneos-version-min=6.1 -arch armv7 -mcpu=cortex-a8 -miphoneos-version-min=6.1 -isysroot /Applications/Xcode.app/Contents/Developer/Platforms/iPhoneOS.platform/Developer/SDKs/iPhoneOS8.4.sdk -arch armv7 -O3 -g -mcpu=cortex-a8 -miphoneos-version-min=6.1 -I/Users/devmarcos/Documents/GitHubRepos/CreationVideoPlayer/VLCKit-2.2.2/MobileVLCKit/ImportedSources/vlc/contrib/arm-apple-darwin11-armv7/include -L/Applications/Xcode.app/Contents/Developer/Platforms/iPhoneOS.platform/Developer/SDKs/iPhoneOS8.4.sdk/usr/lib -arch armv7 -isysroot /Applications/Xcode.app/Contents/Developer/Platforms/iPhoneOS.platform/Developer/SDKs/iPhoneOS8.4.sdk -Wl,-ios_version_min,6.1 -arch armv7 -Wl,-ios_version_min,6.1 -L/Applications/Xcode.app/Contents/Developer/Platforms/iPhoneOS.platform/Developer/SDKs/iPhoneOS8.4.sdk/usr/lib -arch armv7 -isysroot /Applications/Xcode.app/Contents/Developer/Platforms/iPhoneOS.platform/Developer/SDKs/iPhoneOS8.4.sdk -Wl,-ios_version_min,6.1 -L/Users/devmarcos/Documents/GitHubRepos/CreationVideoPlayer/VLCKit-2.2.2/MobileVLCKit/ImportedSources/vlc/contrib/arm-apple-darwin11-armv7/lib conftest.c  >&5
configure:3265: $? = 0
configure:3313: result: yes
configure:3316: checking for C compiler default output file name
configure:3318: result: a.out
configure:3324: checking for suffix of executables
configure:3331: xcrun clang -o conftest -isysroot /Applications/Xcode.app/Contents/Developer/Platforms/iPhoneOS.platform/Developer/SDKs/iPhoneOS8.4.sdk -arch armv7 -O3 -g -mcpu=cortex-a8 -miphoneos-version-min=6.1 -arch armv7 -mcpu=cortex-a8 -miphoneos-version-min=6.1 -isysroot /Applications/Xcode.app/Contents/Developer/Platforms/iPhoneOS.platform/Developer/SDKs/iPhoneOS8.4.sdk -arch armv7 -O3 -g -mcpu=cortex-a8 -miphoneos-version-min=6.1 -I/Users/devmarcos/Documents/GitHubRepos/CreationVideoPlayer/VLCKit-2.2.2/MobileVLCKit/ImportedSources/vlc/contrib/arm-apple-darwin11-armv7/include -g -isysroot /Applications/Xcode.app/Contents/Developer/Platforms/iPhoneOS.platform/Developer/SDKs/iPhoneOS8.4.sdk -arch armv7 -O3 -g -mcpu=cortex-a8 -miphoneos-version-min=6.1 -arch armv7 -mcpu=cortex-a8 -miphoneos-version-min=6.1 -isysroot /Applications/Xcode.app/Contents/Developer/Platforms/iPhoneOS.platform/Developer/SDKs/iPhoneOS8.4.sdk -arch armv7 -O3 -g -mcpu=cortex-a8 -miphoneos-version-min=6.1 -I/Users/devmarcos/Documents/GitHubRepos/CreationVideoPlayer/VLCKit-2.2.2/MobileVLCKit/ImportedSources/vlc/contrib/arm-apple-darwin11-armv7/include -L/Applications/Xcode.app/Contents/Developer/Platforms/iPhoneOS.platform/Developer/SDKs/iPhoneOS8.4.sdk/usr/lib -arch armv7 -isysroot /Applications/Xcode.app/Contents/Developer/Platforms/iPhoneOS.platform/Developer/SDKs/iPhoneOS8.4.sdk -Wl,-ios_version_min,6.1 -arch armv7 -Wl,-ios_version_min,6.1 -L/Applications/Xcode.app/Contents/Developer/Platforms/iPhoneOS.platform/Developer/SDKs/iPhoneOS8.4.sdk/usr/lib -arch armv7 -isysroot /Applications/Xcode.app/Contents/Developer/Platforms/iPhoneOS.platform/Developer/SDKs/iPhoneOS8.4.sdk -Wl,-ios_version_min,6.1 -L/Users/devmarcos/Documents/GitHubRepos/CreationVideoPlayer/VLCKit-2.2.2/MobileVLCKit/ImportedSources/vlc/contrib/arm-apple-darwin11-armv7/lib conftest.c  >&5
configure:3335: $? = 0
configure:3357: result: 
configure:3379: checking whether we are cross compiling
configure:3417: result: yes
configure:3422: checking for suffix of object files
configure:3444: xcrun clang -c -isysroot /Applications/Xcode.app/Contents/Developer/Platforms/iPhoneOS.platform/Developer/SDKs/iPhoneOS8.4.sdk -arch armv7 -O3 -g -mcpu=cortex-a8 -miphoneos-version-min=6.1 -arch armv7 -mcpu=cortex-a8 -miphoneos-version-min=6.1 -isysroot /Applications/Xcode.app/Contents/Developer/Platforms/iPhoneOS.platform/Developer/SDKs/iPhoneOS8.4.sdk -arch armv7 -O3 -g -mcpu=cortex-a8 -miphoneos-version-min=6.1 -I/Users/devmarcos/Documents/GitHubRepos/CreationVideoPlayer/VLCKit-2.2.2/MobileVLCKit/ImportedSources/vlc/contrib/arm-apple-darwin11-armv7/include -g -isysroot /Applications/Xcode.app/Contents/Developer/Platforms/iPhoneOS.platform/Developer/SDKs/iPhoneOS8.4.sdk -arch armv7 -O3 -g -mcpu=cortex-a8 -miphoneos-version-min=6.1 -arch armv7 -mcpu=cortex-a8 -miphoneos-version-min=6.1 -isysroot /Applications/Xcode.app/Contents/Developer/Platforms/iPhoneOS.platform/Developer/SDKs/iPhoneOS8.4.sdk -arch armv7 -O3 -g -mcpu=cortex-a8 -miphoneos-version-min=6.1 -I/Users/devmarcos/Documents/GitHubRepos/CreationVideoPlayer/VLCKit-2.2.2/MobileVLCKit/ImportedSources/vlc/contrib/arm-apple-darwin11-armv7/include conftest.c >&5
configure:3448: $? = 0
configure:3469: result: o
configure:3473: checking whether we are using the GNU C compiler
configure:3492: xcrun clang -c -isysroot /Applications/Xcode.app/Contents/Developer/Platforms/iPhoneOS.platform/Developer/SDKs/iPhoneOS8.4.sdk -arch armv7 -O3 -g -mcpu=cortex-a8 -miphoneos-version-min=6.1 -arch armv7 -mcpu=cortex-a8 -miphoneos-version-min=6.1 -isysroot /Applications/Xcode.app/Contents/Developer/Platforms/iPhoneOS.platform/Developer/SDKs/iPhoneOS8.4.sdk -arch armv7 -O3 -g -mcpu=cortex-a8 -miphoneos-version-min=6.1 -I/Users/devmarcos/Documents/GitHubRepos/CreationVideoPlayer/VLCKit-2.2.2/MobileVLCKit/ImportedSources/vlc/contrib/arm-apple-darwin11-armv7/include -g -isysroot /Applications/Xcode.app/Contents/Developer/Platforms/iPhoneOS.platform/Developer/SDKs/iPhoneOS8.4.sdk -arch armv7 -O3 -g -mcpu=cortex-a8 -miphoneos-version-min=6.1 -arch armv7 -mcpu=cortex-a8 -miphoneos-version-min=6.1 -isysroot /Applications/Xcode.app/Contents/Developer/Platforms/iPhoneOS.platform/Developer/SDKs/iPhoneOS8.4.sdk -arch armv7 -O3 -g -mcpu=cortex-a8 -miphoneos-version-min=6.1 -I/Users/devmarcos/Documents/GitHubRepos/CreationVideoPlayer/VLCKit-2.2.2/MobileVLCKit/ImportedSources/vlc/contrib/arm-apple-darwin11-armv7/include conftest.c >&5
configure:3492: $? = 0
configure:3501: result: yes
configure:3510: checking whether xcrun clang accepts -g
configure:3530: xcrun clang -c -g -isysroot /Applications/Xcode.app/Contents/Developer/Platforms/iPhoneOS.platform/Developer/SDKs/iPhoneOS8.4.sdk -arch armv7 -O3 -g -mcpu=cortex-a8 -miphoneos-version-min=6.1 -arch armv7 -mcpu=cortex-a8 -miphoneos-version-min=6.1 -isysroot /Applications/Xcode.app/Contents/Developer/Platforms/iPhoneOS.platform/Developer/SDKs/iPhoneOS8.4.sdk -arch armv7 -O3 -g -mcpu=cortex-a8 -miphoneos-version-min=6.1 -I/Users/devmarcos/Documents/GitHubRepos/CreationVideoPlayer/VLCKit-2.2.2/MobileVLCKit/ImportedSources/vlc/contrib/arm-apple-darwin11-armv7/include conftest.c >&5
configure:3530: $? = 0
configure:3571: result: yes
configure:3588: checking for xcrun clang option to accept ISO C89
configure:3651: xcrun clang  -c -isysroot /Applications/Xcode.app/Contents/Developer/Platforms/iPhoneOS.platform/Developer/SDKs/iPhoneOS8.4.sdk -arch armv7 -O3 -g -mcpu=cortex-a8 -miphoneos-version-min=6.1 -arch armv7 -mcpu=cortex-a8 -miphoneos-version-min=6.1 -isysroot /Applications/Xcode.app/Contents/Developer/Platforms/iPhoneOS.platform/Developer/SDKs/iPhoneOS8.4.sdk -arch armv7 -O3 -g -mcpu=cortex-a8 -miphoneos-version-min=6.1 -I/Users/devmarcos/Documents/GitHubRepos/CreationVideoPlayer/VLCKit-2.2.2/MobileVLCKit/ImportedSources/vlc/contrib/arm-apple-darwin11-armv7/include -g -isysroot /Applications/Xcode.app/Contents/Developer/Platforms/iPhoneOS.platform/Developer/SDKs/iPhoneOS8.4.sdk -arch armv7 -O3 -g -mcpu=cortex-a8 -miphoneos-version-min=6.1 -arch armv7 -mcpu=cortex-a8 -miphoneos-version-min=6.1 -isysroot /Applications/Xcode.app/Contents/Developer/Platforms/iPhoneOS.platform/Developer/SDKs/iPhoneOS8.4.sdk -arch armv7 -O3 -g -mcpu=cortex-a8 -miphoneos-version-min=6.1 -I/Users/devmarcos/Documents/GitHubRepos/CreationVideoPlayer/VLCKit-2.2.2/MobileVLCKit/ImportedSources/vlc/contrib/arm-apple-darwin11-armv7/include conftest.c >&5
configure:3651: $? = 0
configure:3664: result: none needed
configure:3695: checking for style of include used by make
configure:3723: result: GNU
configure:3749: checking dependency style of xcrun clang
configure:3860: result: none
configure:3881: checking how to run the C preprocessor
configure:3951: result: xcrun cc -E
configure:3971: xcrun cc -E -isysroot /Applications/Xcode.app/Contents/Developer/Platforms/iPhoneOS.platform/Developer/SDKs/iPhoneOS8.4.sdk -arch armv7 -O3 -g -mcpu=cortex-a8 -miphoneos-version-min=6.1 -arch armv7 -mcpu=cortex-a8 -miphoneos-version-min=6.1 -isysroot /Applications/Xcode.app/Contents/Developer/Platforms/iPhoneOS.platform/Developer/SDKs/iPhoneOS8.4.sdk -arch armv7 -O3 -g -mcpu=cortex-a8 -miphoneos-version-min=6.1 -I/Users/devmarcos/Documents/GitHubRepos/CreationVideoPlayer/VLCKit-2.2.2/MobileVLCKit/ImportedSources/vlc/contrib/arm-apple-darwin11-armv7/include conftest.c
configure:3971: $? = 0
configure:3985: xcrun cc -E -isysroot /Applications/Xcode.app/Contents/Developer/Platforms/iPhoneOS.platform/Developer/SDKs/iPhoneOS8.4.sdk -arch armv7 -O3 -g -mcpu=cortex-a8 -miphoneos-version-min=6.1 -arch armv7 -mcpu=cortex-a8 -miphoneos-version-min=6.1 -isysroot /Applications/Xcode.app/Contents/Developer/Platforms/iPhoneOS.platform/Developer/SDKs/iPhoneOS8.4.sdk -arch armv7 -O3 -g -mcpu=cortex-a8 -miphoneos-version-min=6.1 -I/Users/devmarcos/Documents/GitHubRepos/CreationVideoPlayer/VLCKit-2.2.2/MobileVLCKit/ImportedSources/vlc/contrib/arm-apple-darwin11-armv7/include conftest.c
conftest.c:11:10: fatal error: 'ac_nonexistent.h' file not found
#include <ac_nonexistent.h>
         ^
1 error generated.
configure:3985: $? = 1
configure: failed program was:
| /* confdefs.h */
| #define PACKAGE_NAME "libdvbpsi"
| #define PACKAGE_TARNAME "libdvbpsi"
| #define PACKAGE_VERSION "1.2.0"
| #define PACKAGE_STRING "libdvbpsi 1.2.0"
| #define PACKAGE_BUGREPORT ""
| #define PACKAGE_URL ""
| #define PACKAGE "libdvbpsi"
| #define VERSION "1.2.0"
| /* end confdefs.h.  */
| #include <ac_nonexistent.h>
configure:4014: checking for grep that handles long lines and -e
configure:4072: result: /usr/bin/grep
configure:4077: checking for egrep
configure:4139: result: /usr/bin/grep -E
configure:4144: checking for ANSI C header files
configure:4164: xcrun clang -c -isysroot /Applications/Xcode.app/Contents/Developer/Platforms/iPhoneOS.platform/Developer/SDKs/iPhoneOS8.4.sdk -arch armv7 -O3 -g -mcpu=cortex-a8 -miphoneos-version-min=6.1 -arch armv7 -mcpu=cortex-a8 -miphoneos-version-min=6.1 -isysroot /Applications/Xcode.app/Contents/Developer/Platforms/iPhoneOS.platform/Developer/SDKs/iPhoneOS8.4.sdk -arch armv7 -O3 -g -mcpu=cortex-a8 -miphoneos-version-min=6.1 -I/Users/devmarcos/Documents/GitHubRepos/CreationVideoPlayer/VLCKit-2.2.2/MobileVLCKit/ImportedSources/vlc/contrib/arm-apple-darwin11-armv7/include -g -isysroot /Applications/Xcode.app/Contents/Developer/Platforms/iPhoneOS.platform/Developer/SDKs/iPhoneOS8.4.sdk -arch armv7 -O3 -g -mcpu=cortex-a8 -miphoneos-version-min=6.1 -arch armv7 -mcpu=cortex-a8 -miphoneos-version-min=6.1 -isysroot /Applications/Xcode.app/Contents/Developer/Platforms/iPhoneOS.platform/Developer/SDKs/iPhoneOS8.4.sdk -arch armv7 -O3 -g -mcpu=cortex-a8 -miphoneos-version-min=6.1 -I/Users/devmarcos/Documents/GitHubRepos/CreationVideoPlayer/VLCKit-2.2.2/MobileVLCKit/ImportedSources/vlc/contrib/arm-apple-darwin11-armv7/include conftest.c >&5
configure:4164: $? = 0
configure:4248: result: yes
configure:4256: checking for inline
configure:4272: xcrun clang -c -isysroot /Applications/Xcode.app/Contents/Developer/Platforms/iPhoneOS.platform/Developer/SDKs/iPhoneOS8.4.sdk -arch armv7 -O3 -g -mcpu=cortex-a8 -miphoneos-version-min=6.1 -arch armv7 -mcpu=cortex-a8 -miphoneos-version-min=6.1 -isysroot /Applications/Xcode.app/Contents/Developer/Platforms/iPhoneOS.platform/Developer/SDKs/iPhoneOS8.4.sdk -arch armv7 -O3 -g -mcpu=cortex-a8 -miphoneos-version-min=6.1 -I/Users/devmarcos/Documents/GitHubRepos/CreationVideoPlayer/VLCKit-2.2.2/MobileVLCKit/ImportedSources/vlc/contrib/arm-apple-darwin11-armv7/include -g -isysroot /Applications/Xcode.app/Contents/Developer/Platforms/iPhoneOS.platform/Developer/SDKs/iPhoneOS8.4.sdk -arch armv7 -O3 -g -mcpu=cortex-a8 -miphoneos-version-min=6.1 -arch armv7 -mcpu=cortex-a8 -miphoneos-version-min=6.1 -isysroot /Applications/Xcode.app/Contents/Developer/Platforms/iPhoneOS.platform/Developer/SDKs/iPhoneOS8.4.sdk -arch armv7 -O3 -g -mcpu=cortex-a8 -miphoneos-version-min=6.1 -I/Users/devmarcos/Documents/GitHubRepos/CreationVideoPlayer/VLCKit-2.2.2/MobileVLCKit/ImportedSources/vlc/contrib/arm-apple-darwin11-armv7/include conftest.c >&5
configure:4272: $? = 0
configure:4280: result: inline
configure:4300: checking whether xcrun clang and cc understand -c and -o together
configure:4331: xcrun clang -c conftest.c -o conftest2.o >&5
configure:4335: $? = 0
configure:4341: xcrun clang -c conftest.c -o conftest2.o >&5
configure:4345: $? = 0
configure:4356: cc -c conftest.c >&5
configure:4360: $? = 0
configure:4368: cc -c conftest.c -o conftest2.o >&5
configure:4372: $? = 0
configure:4378: cc -c conftest.c -o conftest2.o >&5
configure:4382: $? = 0
configure:4400: result: yes
configure:4775: checking how to print strings
configure:4802: result: printf
configure:4823: checking for a sed that does not truncate output
configure:4887: result: /usr/bin/sed
configure:4905: checking for fgrep
configure:4967: result: /usr/bin/grep -F
configure:5002: checking for ld used by xcrun clang
configure:5069: result: xcrun ld
configure:5076: checking if the linker (xcrun ld) is GNU ld
configure:5091: result: no
configure:5103: checking for BSD- or MS-compatible name lister (nm)
configure:5152: result: no
configure:5166: checking for arm-apple-darwin11-dumpbin
configure:5196: result: no
configure:5166: checking for arm-apple-darwin11-link
configure:5196: result: no
configure:5210: checking for dumpbin
configure:5240: result: no
configure:5210: checking for link
configure:5226: found /bin/link
configure:5237: result: link -dump
configure:5253: WARNING: using cross tools not prefixed with host triplet
configure:5282: checking the name lister (nm) interface
configure:5289: xcrun clang -c -isysroot /Applications/Xcode.app/Contents/Developer/Platforms/iPhoneOS.platform/Developer/SDKs/iPhoneOS8.4.sdk -arch armv7 -O3 -g -mcpu=cortex-a8 -miphoneos-version-min=6.1 -arch armv7 -mcpu=cortex-a8 -miphoneos-version-min=6.1 -isysroot /Applications/Xcode.app/Contents/Developer/Platforms/iPhoneOS.platform/Developer/SDKs/iPhoneOS8.4.sdk -arch armv7 -O3 -g -mcpu=cortex-a8 -miphoneos-version-min=6.1 -I/Users/devmarcos/Documents/GitHubRepos/CreationVideoPlayer/VLCKit-2.2.2/MobileVLCKit/ImportedSources/vlc/contrib/arm-apple-darwin11-armv7/include -g -isysroot /Applications/Xcode.app/Contents/Developer/Platforms/iPhoneOS.platform/Developer/SDKs/iPhoneOS8.4.sdk -arch armv7 -O3 -g -mcpu=cortex-a8 -miphoneos-version-min=6.1 -arch armv7 -mcpu=cortex-a8 -miphoneos-version-min=6.1 -isysroot /Applications/Xcode.app/Contents/Developer/Platforms/iPhoneOS.platform/Developer/SDKs/iPhoneOS8.4.sdk -arch armv7 -O3 -g -mcpu=cortex-a8 -miphoneos-version-min=6.1 -I/Users/devmarcos/Documents/GitHubRepos/CreationVideoPlayer/VLCKit-2.2.2/MobileVLCKit/ImportedSources/vlc/contrib/arm-apple-darwin11-armv7/include conftest.c >&5
configure:5292: nm "conftest.o"
configure:5295: output
00000248 S _some_variable
configure:5302: result: BSD nm
configure:5305: checking whether ln -s works
configure:5309: result: yes
configure:5317: checking the maximum length of command line arguments
configure:5447: result: 196608
configure:5464: checking whether the shell understands some XSI constructs
configure:5474: result: yes
configure:5478: checking whether the shell understands "+="
configure:5484: result: yes
configure:5519: checking how to convert x86_64-apple-darwin11 file names to arm-apple-darwin11 format
configure:5559: result: func_convert_file_noop
configure:5566: checking how to convert x86_64-apple-darwin11 file names to toolchain format
configure:5586: result: func_convert_file_noop
configure:5593: checking for xcrun ld option to reload object files
configure:5600: result: -r
configure:5634: checking for arm-apple-darwin11-objdump
configure:5661: result: objdump
configure:5730: checking how to recognize dependent libraries
configure:5932: result: pass_all
configure:5977: checking for arm-apple-darwin11-dlltool
configure:6004: result: dlltool
configure:6074: checking how to associate runtime and link libraries
configure:6101: result: printf %s\n
configure:6117: checking for arm-apple-darwin11-ar
configure:6144: result: xcrun ar
configure:6225: checking for archiver @FILE support
configure:6242: xcrun clang -c -isysroot /Applications/Xcode.app/Contents/Developer/Platforms/iPhoneOS.platform/Developer/SDKs/iPhoneOS8.4.sdk -arch armv7 -O3 -g -mcpu=cortex-a8 -miphoneos-version-min=6.1 -arch armv7 -mcpu=cortex-a8 -miphoneos-version-min=6.1 -isysroot /Applications/Xcode.app/Contents/Developer/Platforms/iPhoneOS.platform/Developer/SDKs/iPhoneOS8.4.sdk -arch armv7 -O3 -g -mcpu=cortex-a8 -miphoneos-version-min=6.1 -I/Users/devmarcos/Documents/GitHubRepos/CreationVideoPlayer/VLCKit-2.2.2/MobileVLCKit/ImportedSources/vlc/contrib/arm-apple-darwin11-armv7/include -g -isysroot /Applications/Xcode.app/Contents/Developer/Platforms/iPhoneOS.platform/Developer/SDKs/iPhoneOS8.4.sdk -arch armv7 -O3 -g -mcpu=cortex-a8 -miphoneos-version-min=6.1 -arch armv7 -mcpu=cortex-a8 -miphoneos-version-min=6.1 -isysroot /Applications/Xcode.app/Contents/Developer/Platforms/iPhoneOS.platform/Developer/SDKs/iPhoneOS8.4.sdk -arch armv7 -O3 -g -mcpu=cortex-a8 -miphoneos-version-min=6.1 -I/Users/devmarcos/Documents/GitHubRepos/CreationVideoPlayer/VLCKit-2.2.2/MobileVLCKit/ImportedSources/vlc/contrib/arm-apple-darwin11-armv7/include conftest.c >&5
configure:6242: $? = 0
configure:6245: xcrun ar cru libconftest.a @conftest.lst >&5
ar: @conftest.lst: No such file or directory
configure:6248: $? = 1
configure:6268: result: no
configure:6286: checking for arm-apple-darwin11-strip
configure:6313: result: xcrun strip
configure:6385: checking for arm-apple-darwin11-ranlib
configure:6412: result: xcrun ranlib
configure:6554: checking command to parse nm output from xcrun clang object
configure:6674: xcrun clang -c -isysroot /Applications/Xcode.app/Contents/Developer/Platforms/iPhoneOS.platform/Developer/SDKs/iPhoneOS8.4.sdk -arch armv7 -O3 -g -mcpu=cortex-a8 -miphoneos-version-min=6.1 -arch armv7 -mcpu=cortex-a8 -miphoneos-version-min=6.1 -isysroot /Applications/Xcode.app/Contents/Developer/Platforms/iPhoneOS.platform/Developer/SDKs/iPhoneOS8.4.sdk -arch armv7 -O3 -g -mcpu=cortex-a8 -miphoneos-version-min=6.1 -I/Users/devmarcos/Documents/GitHubRepos/CreationVideoPlayer/VLCKit-2.2.2/MobileVLCKit/ImportedSources/vlc/contrib/arm-apple-darwin11-armv7/include -g -isysroot /Applications/Xcode.app/Contents/Developer/Platforms/iPhoneOS.platform/Developer/SDKs/iPhoneOS8.4.sdk -arch armv7 -O3 -g -mcpu=cortex-a8 -miphoneos-version-min=6.1 -arch armv7 -mcpu=cortex-a8 -miphoneos-version-min=6.1 -isysroot /Applications/Xcode.app/Contents/Developer/Platforms/iPhoneOS.platform/Developer/SDKs/iPhoneOS8.4.sdk -arch armv7 -O3 -g -mcpu=cortex-a8 -miphoneos-version-min=6.1 -I/Users/devmarcos/Documents/GitHubRepos/CreationVideoPlayer/VLCKit-2.2.2/MobileVLCKit/ImportedSources/vlc/contrib/arm-apple-darwin11-armv7/include conftest.c >&5
configure:6677: $? = 0
configure:6681: nm conftest.o \| sed -n -e 's/^.*[ ]\([BCDEGRST][BCDEGRST]*\)[ ][ ]*\([_A-Za-z][_A-Za-z0-9]*\)$/\1 \2 \2/p' | sed '/ __gnu_lto/d' \> conftest.nm
configure:6684: $? = 0
cannot find nm_test_var in conftest.nm
configure:6674: xcrun clang -c -isysroot /Applications/Xcode.app/Contents/Developer/Platforms/iPhoneOS.platform/Developer/SDKs/iPhoneOS8.4.sdk -arch armv7 -O3 -g -mcpu=cortex-a8 -miphoneos-version-min=6.1 -arch armv7 -mcpu=cortex-a8 -miphoneos-version-min=6.1 -isysroot /Applications/Xcode.app/Contents/Developer/Platforms/iPhoneOS.platform/Developer/SDKs/iPhoneOS8.4.sdk -arch armv7 -O3 -g -mcpu=cortex-a8 -miphoneos-version-min=6.1 -I/Users/devmarcos/Documents/GitHubRepos/CreationVideoPlayer/VLCKit-2.2.2/MobileVLCKit/ImportedSources/vlc/contrib/arm-apple-darwin11-armv7/include -g -isysroot /Applications/Xcode.app/Contents/Developer/Platforms/iPhoneOS.platform/Developer/SDKs/iPhoneOS8.4.sdk -arch armv7 -O3 -g -mcpu=cortex-a8 -miphoneos-version-min=6.1 -arch armv7 -mcpu=cortex-a8 -miphoneos-version-min=6.1 -isysroot /Applications/Xcode.app/Contents/Developer/Platforms/iPhoneOS.platform/Developer/SDKs/iPhoneOS8.4.sdk -arch armv7 -O3 -g -mcpu=cortex-a8 -miphoneos-version-min=6.1 -I/Users/devmarcos/Documents/GitHubRepos/CreationVideoPlayer/VLCKit-2.2.2/MobileVLCKit/ImportedSources/vlc/contrib/arm-apple-darwin11-armv7/include conftest.c >&5
configure:6677: $? = 0
configure:6681: nm conftest.o \| sed -n -e 's/^.*[ ]\([BCDEGRST][BCDEGRST]*\)[ ][ ]*_\([_A-Za-z][_A-Za-z0-9]*\)$/\1 _\2 \2/p' | sed '/ __gnu_lto/d' \> conftest.nm
configure:6684: $? = 0
configure:6750: xcrun clang -o conftest -isysroot /Applications/Xcode.app/Contents/Developer/Platforms/iPhoneOS.platform/Developer/SDKs/iPhoneOS8.4.sdk -arch armv7 -O3 -g -mcpu=cortex-a8 -miphoneos-version-min=6.1 -arch armv7 -mcpu=cortex-a8 -miphoneos-version-min=6.1 -isysroot /Applications/Xcode.app/Contents/Developer/Platforms/iPhoneOS.platform/Developer/SDKs/iPhoneOS8.4.sdk -arch armv7 -O3 -g -mcpu=cortex-a8 -miphoneos-version-min=6.1 -I/Users/devmarcos/Documents/GitHubRepos/CreationVideoPlayer/VLCKit-2.2.2/MobileVLCKit/ImportedSources/vlc/contrib/arm-apple-darwin11-armv7/include -g -isysroot /Applications/Xcode.app/Contents/Developer/Platforms/iPhoneOS.platform/Developer/SDKs/iPhoneOS8.4.sdk -arch armv7 -O3 -g -mcpu=cortex-a8 -miphoneos-version-min=6.1 -arch armv7 -mcpu=cortex-a8 -miphoneos-version-min=6.1 -isysroot /Applications/Xcode.app/Contents/Developer/Platforms/iPhoneOS.platform/Developer/SDKs/iPhoneOS8.4.sdk -arch armv7 -O3 -g -mcpu=cortex-a8 -miphoneos-version-min=6.1 -I/Users/devmarcos/Documents/GitHubRepos/CreationVideoPlayer/VLCKit-2.2.2/MobileVLCKit/ImportedSources/vlc/contrib/arm-apple-darwin11-armv7/include -L/Applications/Xcode.app/Contents/Developer/Platforms/iPhoneOS.platform/Developer/SDKs/iPhoneOS8.4.sdk/usr/lib -arch armv7 -isysroot /Applications/Xcode.app/Contents/Developer/Platforms/iPhoneOS.platform/Developer/SDKs/iPhoneOS8.4.sdk -Wl,-ios_version_min,6.1 -arch armv7 -Wl,-ios_version_min,6.1 -L/Applications/Xcode.app/Contents/Developer/Platforms/iPhoneOS.platform/Developer/SDKs/iPhoneOS8.4.sdk/usr/lib -arch armv7 -isysroot /Applications/Xcode.app/Contents/Developer/Platforms/iPhoneOS.platform/Developer/SDKs/iPhoneOS8.4.sdk -Wl,-ios_version_min,6.1 -L/Users/devmarcos/Documents/GitHubRepos/CreationVideoPlayer/VLCKit-2.2.2/MobileVLCKit/ImportedSources/vlc/contrib/arm-apple-darwin11-armv7/lib conftest.c conftstm.o >&5
configure:6753: $? = 0
configure:6791: result: ok
configure:6828: checking for sysroot
configure:6858: result: no
configure:7080: checking for arm-apple-darwin11-mt
configure:7110: result: no
configure:7120: checking for mt
configure:7150: result: no
configure:7170: checking if : is a manifest tool
configure:7176: : '-?'
configure:7184: result: no
configure:7200: checking for arm-apple-darwin11-dsymutil
configure:7230: result: no
configure:7240: checking for dsymutil
configure:7256: found /usr/bin/dsymutil
configure:7267: result: dsymutil
configure:7292: checking for arm-apple-darwin11-nmedit
configure:7322: result: no
configure:7332: checking for nmedit
configure:7348: found /usr/bin/nmedit
configure:7359: result: nmedit
configure:7384: checking for arm-apple-darwin11-lipo
configure:7414: result: no
configure:7424: checking for lipo
configure:7440: found /usr/bin/lipo
configure:7451: result: lipo
configure:7476: checking for arm-apple-darwin11-otool
configure:7506: result: no
configure:7516: checking for otool
configure:7532: found /usr/bin/otool
configure:7543: result: otool
configure:7568: checking for arm-apple-darwin11-otool64
configure:7598: result: no
configure:7608: checking for otool64
configure:7638: result: no
configure:7683: checking for -single_module linker flag
xcrun clang -isysroot /Applications/Xcode.app/Contents/Developer/Platforms/iPhoneOS.platform/Developer/SDKs/iPhoneOS8.4.sdk -arch armv7 -O3 -g -mcpu=cortex-a8 -miphoneos-version-min=6.1 -arch armv7 -mcpu=cortex-a8 -miphoneos-version-min=6.1 -isysroot /Applications/Xcode.app/Contents/Developer/Platforms/iPhoneOS.platform/Developer/SDKs/iPhoneOS8.4.sdk -arch armv7 -O3 -g -mcpu=cortex-a8 -miphoneos-version-min=6.1 -I/Users/devmarcos/Documents/GitHubRepos/CreationVideoPlayer/VLCKit-2.2.2/MobileVLCKit/ImportedSources/vlc/contrib/arm-apple-darwin11-armv7/include -g -L/Applications/Xcode.app/Contents/Developer/Platforms/iPhoneOS.platform/Developer/SDKs/iPhoneOS8.4.sdk/usr/lib -arch armv7 -isysroot /Applications/Xcode.app/Contents/Developer/Platforms/iPhoneOS.platform/Developer/SDKs/iPhoneOS8.4.sdk -Wl,-ios_version_min,6.1 -arch armv7 -Wl,-ios_version_min,6.1 -L/Applications/Xcode.app/Contents/Developer/Platforms/iPhoneOS.platform/Developer/SDKs/iPhoneOS8.4.sdk/usr/lib -arch armv7 -isysroot /Applications/Xcode.app/Contents/Developer/Platforms/iPhoneOS.platform/Developer/SDKs/iPhoneOS8.4.sdk -Wl,-ios_version_min,6.1 -L/Users/devmarcos/Documents/GitHubRepos/CreationVideoPlayer/VLCKit-2.2.2/MobileVLCKit/ImportedSources/vlc/contrib/arm-apple-darwin11-armv7/lib -o libconftest.dylib -dynamiclib -Wl,-single_module conftest.c
configure:7716: result: yes
configure:7719: checking for -exported_symbols_list linker flag
configure:7739: xcrun clang -o conftest -isysroot /Applications/Xcode.app/Contents/Developer/Platforms/iPhoneOS.platform/Developer/SDKs/iPhoneOS8.4.sdk -arch armv7 -O3 -g -mcpu=cortex-a8 -miphoneos-version-min=6.1 -arch armv7 -mcpu=cortex-a8 -miphoneos-version-min=6.1 -isysroot /Applications/Xcode.app/Contents/Developer/Platforms/iPhoneOS.platform/Developer/SDKs/iPhoneOS8.4.sdk -arch armv7 -O3 -g -mcpu=cortex-a8 -miphoneos-version-min=6.1 -I/Users/devmarcos/Documents/GitHubRepos/CreationVideoPlayer/VLCKit-2.2.2/MobileVLCKit/ImportedSources/vlc/contrib/arm-apple-darwin11-armv7/include -g -isysroot /Applications/Xcode.app/Contents/Developer/Platforms/iPhoneOS.platform/Developer/SDKs/iPhoneOS8.4.sdk -arch armv7 -O3 -g -mcpu=cortex-a8 -miphoneos-version-min=6.1 -arch armv7 -mcpu=cortex-a8 -miphoneos-version-min=6.1 -isysroot /Applications/Xcode.app/Contents/Developer/Platforms/iPhoneOS.platform/Developer/SDKs/iPhoneOS8.4.sdk -arch armv7 -O3 -g -mcpu=cortex-a8 -miphoneos-version-min=6.1 -I/Users/devmarcos/Documents/GitHubRepos/CreationVideoPlayer/VLCKit-2.2.2/MobileVLCKit/ImportedSources/vlc/contrib/arm-apple-darwin11-armv7/include -L/Applications/Xcode.app/Contents/Developer/Platforms/iPhoneOS.platform/Developer/SDKs/iPhoneOS8.4.sdk/usr/lib -arch armv7 -isysroot /Applications/Xcode.app/Contents/Developer/Platforms/iPhoneOS.platform/Developer/SDKs/iPhoneOS8.4.sdk -Wl,-ios_version_min,6.1 -arch armv7 -Wl,-ios_version_min,6.1 -L/Applications/Xcode.app/Contents/Developer/Platforms/iPhoneOS.platform/Developer/SDKs/iPhoneOS8.4.sdk/usr/lib -arch armv7 -isysroot /Applications/Xcode.app/Contents/Developer/Platforms/iPhoneOS.platform/Developer/SDKs/iPhoneOS8.4.sdk -Wl,-ios_version_min,6.1 -L/Users/devmarcos/Documents/GitHubRepos/CreationVideoPlayer/VLCKit-2.2.2/MobileVLCKit/ImportedSources/vlc/contrib/arm-apple-darwin11-armv7/lib -Wl,-exported_symbols_list,conftest.sym conftest.c  >&5
configure:7739: $? = 0
configure:7749: result: yes
configure:7752: checking for -force_load linker flag
xcrun clang -isysroot /Applications/Xcode.app/Contents/Developer/Platforms/iPhoneOS.platform/Developer/SDKs/iPhoneOS8.4.sdk -arch armv7 -O3 -g -mcpu=cortex-a8 -miphoneos-version-min=6.1 -arch armv7 -mcpu=cortex-a8 -miphoneos-version-min=6.1 -isysroot /Applications/Xcode.app/Contents/Developer/Platforms/iPhoneOS.platform/Developer/SDKs/iPhoneOS8.4.sdk -arch armv7 -O3 -g -mcpu=cortex-a8 -miphoneos-version-min=6.1 -I/Users/devmarcos/Documents/GitHubRepos/CreationVideoPlayer/VLCKit-2.2.2/MobileVLCKit/ImportedSources/vlc/contrib/arm-apple-darwin11-armv7/include -g -c -o conftest.o conftest.c
xcrun ar cru libconftest.a conftest.o
xcrun ranlib libconftest.a
xcrun clang -isysroot /Applications/Xcode.app/Contents/Developer/Platforms/iPhoneOS.platform/Developer/SDKs/iPhoneOS8.4.sdk -arch armv7 -O3 -g -mcpu=cortex-a8 -miphoneos-version-min=6.1 -arch armv7 -mcpu=cortex-a8 -miphoneos-version-min=6.1 -isysroot /Applications/Xcode.app/Contents/Developer/Platforms/iPhoneOS.platform/Developer/SDKs/iPhoneOS8.4.sdk -arch armv7 -O3 -g -mcpu=cortex-a8 -miphoneos-version-min=6.1 -I/Users/devmarcos/Documents/GitHubRepos/CreationVideoPlayer/VLCKit-2.2.2/MobileVLCKit/ImportedSources/vlc/contrib/arm-apple-darwin11-armv7/include -g -L/Applications/Xcode.app/Contents/Developer/Platforms/iPhoneOS.platform/Developer/SDKs/iPhoneOS8.4.sdk/usr/lib -arch armv7 -isysroot /Applications/Xcode.app/Contents/Developer/Platforms/iPhoneOS.platform/Developer/SDKs/iPhoneOS8.4.sdk -Wl,-ios_version_min,6.1 -arch armv7 -Wl,-ios_version_min,6.1 -L/Applications/Xcode.app/Contents/Developer/Platforms/iPhoneOS.platform/Developer/SDKs/iPhoneOS8.4.sdk/usr/lib -arch armv7 -isysroot /Applications/Xcode.app/Contents/Developer/Platforms/iPhoneOS.platform/Developer/SDKs/iPhoneOS8.4.sdk -Wl,-ios_version_min,6.1 -L/Users/devmarcos/Documents/GitHubRepos/CreationVideoPlayer/VLCKit-2.2.2/MobileVLCKit/ImportedSources/vlc/contrib/arm-apple-darwin11-armv7/lib -o conftest conftest.c -Wl,-force_load,./libconftest.a
configure:7784: result: yes
configure:7826: checking for sys/types.h
configure:7826: xcrun clang -c -isysroot /Applications/Xcode.app/Contents/Developer/Platforms/iPhoneOS.platform/Developer/SDKs/iPhoneOS8.4.sdk -arch armv7 -O3 -g -mcpu=cortex-a8 -miphoneos-version-min=6.1 -arch armv7 -mcpu=cortex-a8 -miphoneos-version-min=6.1 -isysroot /Applications/Xcode.app/Contents/Developer/Platforms/iPhoneOS.platform/Developer/SDKs/iPhoneOS8.4.sdk -arch armv7 -O3 -g -mcpu=cortex-a8 -miphoneos-version-min=6.1 -I/Users/devmarcos/Documents/GitHubRepos/CreationVideoPlayer/VLCKit-2.2.2/MobileVLCKit/ImportedSources/vlc/contrib/arm-apple-darwin11-armv7/include -g -isysroot /Applications/Xcode.app/Contents/Developer/Platforms/iPhoneOS.platform/Developer/SDKs/iPhoneOS8.4.sdk -arch armv7 -O3 -g -mcpu=cortex-a8 -miphoneos-version-min=6.1 -arch armv7 -mcpu=cortex-a8 -miphoneos-version-min=6.1 -isysroot /Applications/Xcode.app/Contents/Developer/Platforms/iPhoneOS.platform/Developer/SDKs/iPhoneOS8.4.sdk -arch armv7 -O3 -g -mcpu=cortex-a8 -miphoneos-version-min=6.1 -I/Users/devmarcos/Documents/GitHubRepos/CreationVideoPlayer/VLCKit-2.2.2/MobileVLCKit/ImportedSources/vlc/contrib/arm-apple-darwin11-armv7/include conftest.c >&5
configure:7826: $? = 0
configure:7826: result: yes
configure:7826: checking for sys/stat.h
configure:7826: xcrun clang -c -isysroot /Applications/Xcode.app/Contents/Developer/Platforms/iPhoneOS.platform/Developer/SDKs/iPhoneOS8.4.sdk -arch armv7 -O3 -g -mcpu=cortex-a8 -miphoneos-version-min=6.1 -arch armv7 -mcpu=cortex-a8 -miphoneos-version-min=6.1 -isysroot /Applications/Xcode.app/Contents/Developer/Platforms/iPhoneOS.platform/Developer/SDKs/iPhoneOS8.4.sdk -arch armv7 -O3 -g -mcpu=cortex-a8 -miphoneos-version-min=6.1 -I/Users/devmarcos/Documents/GitHubRepos/CreationVideoPlayer/VLCKit-2.2.2/MobileVLCKit/ImportedSources/vlc/contrib/arm-apple-darwin11-armv7/include -g -isysroot /Applications/Xcode.app/Contents/Developer/Platforms/iPhoneOS.platform/Developer/SDKs/iPhoneOS8.4.sdk -arch armv7 -O3 -g -mcpu=cortex-a8 -miphoneos-version-min=6.1 -arch armv7 -mcpu=cortex-a8 -miphoneos-version-min=6.1 -isysroot /Applications/Xcode.app/Contents/Developer/Platforms/iPhoneOS.platform/Developer/SDKs/iPhoneOS8.4.sdk -arch armv7 -O3 -g -mcpu=cortex-a8 -miphoneos-version-min=6.1 -I/Users/devmarcos/Documents/GitHubRepos/CreationVideoPlayer/VLCKit-2.2.2/MobileVLCKit/ImportedSources/vlc/contrib/arm-apple-darwin11-armv7/include conftest.c >&5
configure:7826: $? = 0
configure:7826: result: yes
configure:7826: checking for stdlib.h
configure:7826: xcrun clang -c -isysroot /Applications/Xcode.app/Contents/Developer/Platforms/iPhoneOS.platform/Developer/SDKs/iPhoneOS8.4.sdk -arch armv7 -O3 -g -mcpu=cortex-a8 -miphoneos-version-min=6.1 -arch armv7 -mcpu=cortex-a8 -miphoneos-version-min=6.1 -isysroot /Applications/Xcode.app/Contents/Developer/Platforms/iPhoneOS.platform/Developer/SDKs/iPhoneOS8.4.sdk -arch armv7 -O3 -g -mcpu=cortex-a8 -miphoneos-version-min=6.1 -I/Users/devmarcos/Documents/GitHubRepos/CreationVideoPlayer/VLCKit-2.2.2/MobileVLCKit/ImportedSources/vlc/contrib/arm-apple-darwin11-armv7/include -g -isysroot /Applications/Xcode.app/Contents/Developer/Platforms/iPhoneOS.platform/Developer/SDKs/iPhoneOS8.4.sdk -arch armv7 -O3 -g -mcpu=cortex-a8 -miphoneos-version-min=6.1 -arch armv7 -mcpu=cortex-a8 -miphoneos-version-min=6.1 -isysroot /Applications/Xcode.app/Contents/Developer/Platforms/iPhoneOS.platform/Developer/SDKs/iPhoneOS8.4.sdk -arch armv7 -O3 -g -mcpu=cortex-a8 -miphoneos-version-min=6.1 -I/Users/devmarcos/Documents/GitHubRepos/CreationVideoPlayer/VLCKit-2.2.2/MobileVLCKit/ImportedSources/vlc/contrib/arm-apple-darwin11-armv7/include conftest.c >&5
configure:7826: $? = 0
configure:7826: result: yes
configure:7826: checking for string.h
configure:7826: xcrun clang -c -isysroot /Applications/Xcode.app/Contents/Developer/Platforms/iPhoneOS.platform/Developer/SDKs/iPhoneOS8.4.sdk -arch armv7 -O3 -g -mcpu=cortex-a8 -miphoneos-version-min=6.1 -arch armv7 -mcpu=cortex-a8 -miphoneos-version-min=6.1 -isysroot /Applications/Xcode.app/Contents/Developer/Platforms/iPhoneOS.platform/Developer/SDKs/iPhoneOS8.4.sdk -arch armv7 -O3 -g -mcpu=cortex-a8 -miphoneos-version-min=6.1 -I/Users/devmarcos/Documents/GitHubRepos/CreationVideoPlayer/VLCKit-2.2.2/MobileVLCKit/ImportedSources/vlc/contrib/arm-apple-darwin11-armv7/include -g -isysroot /Applications/Xcode.app/Contents/Developer/Platforms/iPhoneOS.platform/Developer/SDKs/iPhoneOS8.4.sdk -arch armv7 -O3 -g -mcpu=cortex-a8 -miphoneos-version-min=6.1 -arch armv7 -mcpu=cortex-a8 -miphoneos-version-min=6.1 -isysroot /Applications/Xcode.app/Contents/Developer/Platforms/iPhoneOS.platform/Developer/SDKs/iPhoneOS8.4.sdk -arch armv7 -O3 -g -mcpu=cortex-a8 -miphoneos-version-min=6.1 -I/Users/devmarcos/Documents/GitHubRepos/CreationVideoPlayer/VLCKit-2.2.2/MobileVLCKit/ImportedSources/vlc/contrib/arm-apple-darwin11-armv7/include conftest.c >&5
configure:7826: $? = 0
configure:7826: result: yes
configure:7826: checking for memory.h
configure:7826: xcrun clang -c -isysroot /Applications/Xcode.app/Contents/Developer/Platforms/iPhoneOS.platform/Developer/SDKs/iPhoneOS8.4.sdk -arch armv7 -O3 -g -mcpu=cortex-a8 -miphoneos-version-min=6.1 -arch armv7 -mcpu=cortex-a8 -miphoneos-version-min=6.1 -isysroot /Applications/Xcode.app/Contents/Developer/Platforms/iPhoneOS.platform/Developer/SDKs/iPhoneOS8.4.sdk -arch armv7 -O3 -g -mcpu=cortex-a8 -miphoneos-version-min=6.1 -I/Users/devmarcos/Documents/GitHubRepos/CreationVideoPlayer/VLCKit-2.2.2/MobileVLCKit/ImportedSources/vlc/contrib/arm-apple-darwin11-armv7/include -g -isysroot /Applications/Xcode.app/Contents/Developer/Platforms/iPhoneOS.platform/Developer/SDKs/iPhoneOS8.4.sdk -arch armv7 -O3 -g -mcpu=cortex-a8 -miphoneos-version-min=6.1 -arch armv7 -mcpu=cortex-a8 -miphoneos-version-min=6.1 -isysroot /Applications/Xcode.app/Contents/Developer/Platforms/iPhoneOS.platform/Developer/SDKs/iPhoneOS8.4.sdk -arch armv7 -O3 -g -mcpu=cortex-a8 -miphoneos-version-min=6.1 -I/Users/devmarcos/Documents/GitHubRepos/CreationVideoPlayer/VLCKit-2.2.2/MobileVLCKit/ImportedSources/vlc/contrib/arm-apple-darwin11-armv7/include conftest.c >&5
configure:7826: $? = 0
configure:7826: result: yes
configure:7826: checking for strings.h
configure:7826: xcrun clang -c -isysroot /Applications/Xcode.app/Contents/Developer/Platforms/iPhoneOS.platform/Developer/SDKs/iPhoneOS8.4.sdk -arch armv7 -O3 -g -mcpu=cortex-a8 -miphoneos-version-min=6.1 -arch armv7 -mcpu=cortex-a8 -miphoneos-version-min=6.1 -isysroot /Applications/Xcode.app/Contents/Developer/Platforms/iPhoneOS.platform/Developer/SDKs/iPhoneOS8.4.sdk -arch armv7 -O3 -g -mcpu=cortex-a8 -miphoneos-version-min=6.1 -I/Users/devmarcos/Documents/GitHubRepos/CreationVideoPlayer/VLCKit-2.2.2/MobileVLCKit/ImportedSources/vlc/contrib/arm-apple-darwin11-armv7/include -g -isysroot /Applications/Xcode.app/Contents/Developer/Platforms/iPhoneOS.platform/Developer/SDKs/iPhoneOS8.4.sdk -arch armv7 -O3 -g -mcpu=cortex-a8 -miphoneos-version-min=6.1 -arch armv7 -mcpu=cortex-a8 -miphoneos-version-min=6.1 -isysroot /Applications/Xcode.app/Contents/Developer/Platforms/iPhoneOS.platform/Developer/SDKs/iPhoneOS8.4.sdk -arch armv7 -O3 -g -mcpu=cortex-a8 -miphoneos-version-min=6.1 -I/Users/devmarcos/Documents/GitHubRepos/CreationVideoPlayer/VLCKit-2.2.2/MobileVLCKit/ImportedSources/vlc/contrib/arm-apple-darwin11-armv7/include conftest.c >&5
configure:7826: $? = 0
configure:7826: result: yes
configure:7826: checking for inttypes.h
configure:7826: xcrun clang -c -isysroot /Applications/Xcode.app/Contents/Developer/Platforms/iPhoneOS.platform/Developer/SDKs/iPhoneOS8.4.sdk -arch armv7 -O3 -g -mcpu=cortex-a8 -miphoneos-version-min=6.1 -arch armv7 -mcpu=cortex-a8 -miphoneos-version-min=6.1 -isysroot /Applications/Xcode.app/Contents/Developer/Platforms/iPhoneOS.platform/Developer/SDKs/iPhoneOS8.4.sdk -arch armv7 -O3 -g -mcpu=cortex-a8 -miphoneos-version-min=6.1 -I/Users/devmarcos/Documents/GitHubRepos/CreationVideoPlayer/VLCKit-2.2.2/MobileVLCKit/ImportedSources/vlc/contrib/arm-apple-darwin11-armv7/include -g -isysroot /Applications/Xcode.app/Contents/Developer/Platforms/iPhoneOS.platform/Developer/SDKs/iPhoneOS8.4.sdk -arch armv7 -O3 -g -mcpu=cortex-a8 -miphoneos-version-min=6.1 -arch armv7 -mcpu=cortex-a8 -miphoneos-version-min=6.1 -isysroot /Applications/Xcode.app/Contents/Developer/Platforms/iPhoneOS.platform/Developer/SDKs/iPhoneOS8.4.sdk -arch armv7 -O3 -g -mcpu=cortex-a8 -miphoneos-version-min=6.1 -I/Users/devmarcos/Documents/GitHubRepos/CreationVideoPlayer/VLCKit-2.2.2/MobileVLCKit/ImportedSources/vlc/contrib/arm-apple-darwin11-armv7/include conftest.c >&5
configure:7826: $? = 0
configure:7826: result: yes
configure:7826: checking for stdint.h
configure:7826: xcrun clang -c -isysroot /Applications/Xcode.app/Contents/Developer/Platforms/iPhoneOS.platform/Developer/SDKs/iPhoneOS8.4.sdk -arch armv7 -O3 -g -mcpu=cortex-a8 -miphoneos-version-min=6.1 -arch armv7 -mcpu=cortex-a8 -miphoneos-version-min=6.1 -isysroot /Applications/Xcode.app/Contents/Developer/Platforms/iPhoneOS.platform/Developer/SDKs/iPhoneOS8.4.sdk -arch armv7 -O3 -g -mcpu=cortex-a8 -miphoneos-version-min=6.1 -I/Users/devmarcos/Documents/GitHubRepos/CreationVideoPlayer/VLCKit-2.2.2/MobileVLCKit/ImportedSources/vlc/contrib/arm-apple-darwin11-armv7/include -g -isysroot /Applications/Xcode.app/Contents/Developer/Platforms/iPhoneOS.platform/Developer/SDKs/iPhoneOS8.4.sdk -arch armv7 -O3 -g -mcpu=cortex-a8 -miphoneos-version-min=6.1 -arch armv7 -mcpu=cortex-a8 -miphoneos-version-min=6.1 -isysroot /Applications/Xcode.app/Contents/Developer/Platforms/iPhoneOS.platform/Developer/SDKs/iPhoneOS8.4.sdk -arch armv7 -O3 -g -mcpu=cortex-a8 -miphoneos-version-min=6.1 -I/Users/devmarcos/Documents/GitHubRepos/CreationVideoPlayer/VLCKit-2.2.2/MobileVLCKit/ImportedSources/vlc/contrib/arm-apple-darwin11-armv7/include conftest.c >&5
configure:7826: $? = 0
configure:7826: result: yes
configure:7826: checking for unistd.h
configure:7826: xcrun clang -c -isysroot /Applications/Xcode.app/Contents/Developer/Platforms/iPhoneOS.platform/Developer/SDKs/iPhoneOS8.4.sdk -arch armv7 -O3 -g -mcpu=cortex-a8 -miphoneos-version-min=6.1 -arch armv7 -mcpu=cortex-a8 -miphoneos-version-min=6.1 -isysroot /Applications/Xcode.app/Contents/Developer/Platforms/iPhoneOS.platform/Developer/SDKs/iPhoneOS8.4.sdk -arch armv7 -O3 -g -mcpu=cortex-a8 -miphoneos-version-min=6.1 -I/Users/devmarcos/Documents/GitHubRepos/CreationVideoPlayer/VLCKit-2.2.2/MobileVLCKit/ImportedSources/vlc/contrib/arm-apple-darwin11-armv7/include -g -isysroot /Applications/Xcode.app/Contents/Developer/Platforms/iPhoneOS.platform/Developer/SDKs/iPhoneOS8.4.sdk -arch armv7 -O3 -g -mcpu=cortex-a8 -miphoneos-version-min=6.1 -arch armv7 -mcpu=cortex-a8 -miphoneos-version-min=6.1 -isysroot /Applications/Xcode.app/Contents/Developer/Platforms/iPhoneOS.platform/Developer/SDKs/iPhoneOS8.4.sdk -arch armv7 -O3 -g -mcpu=cortex-a8 -miphoneos-version-min=6.1 -I/Users/devmarcos/Documents/GitHubRepos/CreationVideoPlayer/VLCKit-2.2.2/MobileVLCKit/ImportedSources/vlc/contrib/arm-apple-darwin11-armv7/include conftest.c >&5
configure:7826: $? = 0
configure:7826: result: yes
configure:7840: checking for dlfcn.h
configure:7840: xcrun clang -c -isysroot /Applications/Xcode.app/Contents/Developer/Platforms/iPhoneOS.platform/Developer/SDKs/iPhoneOS8.4.sdk -arch armv7 -O3 -g -mcpu=cortex-a8 -miphoneos-version-min=6.1 -arch armv7 -mcpu=cortex-a8 -miphoneos-version-min=6.1 -isysroot /Applications/Xcode.app/Contents/Developer/Platforms/iPhoneOS.platform/Developer/SDKs/iPhoneOS8.4.sdk -arch armv7 -O3 -g -mcpu=cortex-a8 -miphoneos-version-min=6.1 -I/Users/devmarcos/Documents/GitHubRepos/CreationVideoPlayer/VLCKit-2.2.2/MobileVLCKit/ImportedSources/vlc/contrib/arm-apple-darwin11-armv7/include -g -isysroot /Applications/Xcode.app/Contents/Developer/Platforms/iPhoneOS.platform/Developer/SDKs/iPhoneOS8.4.sdk -arch armv7 -O3 -g -mcpu=cortex-a8 -miphoneos-version-min=6.1 -arch armv7 -mcpu=cortex-a8 -miphoneos-version-min=6.1 -isysroot /Applications/Xcode.app/Contents/Developer/Platforms/iPhoneOS.platform/Developer/SDKs/iPhoneOS8.4.sdk -arch armv7 -O3 -g -mcpu=cortex-a8 -miphoneos-version-min=6.1 -I/Users/devmarcos/Documents/GitHubRepos/CreationVideoPlayer/VLCKit-2.2.2/MobileVLCKit/ImportedSources/vlc/contrib/arm-apple-darwin11-armv7/include conftest.c >&5
configure:7840: $? = 0
configure:7840: result: yes
configure:8044: checking for objdir
configure:8059: result: .libs
configure:8330: checking if xcrun clang supports -fno-rtti -fno-exceptions
configure:8348: xcrun clang -c -isysroot /Applications/Xcode.app/Contents/Developer/Platforms/iPhoneOS.platform/Developer/SDKs/iPhoneOS8.4.sdk -arch armv7 -O3 -g -mcpu=cortex-a8 -miphoneos-version-min=6.1 -arch armv7 -mcpu=cortex-a8 -miphoneos-version-min=6.1 -isysroot /Applications/Xcode.app/Contents/Developer/Platforms/iPhoneOS.platform/Developer/SDKs/iPhoneOS8.4.sdk -arch armv7 -O3 -g -mcpu=cortex-a8 -miphoneos-version-min=6.1 -I/Users/devmarcos/Documents/GitHubRepos/CreationVideoPlayer/VLCKit-2.2.2/MobileVLCKit/ImportedSources/vlc/contrib/arm-apple-darwin11-armv7/include -g -isysroot /Applications/Xcode.app/Contents/Developer/Platforms/iPhoneOS.platform/Developer/SDKs/iPhoneOS8.4.sdk -arch armv7 -O3 -g -mcpu=cortex-a8 -miphoneos-version-min=6.1 -arch armv7 -mcpu=cortex-a8 -miphoneos-version-min=6.1 -isysroot /Applications/Xcode.app/Contents/Developer/Platforms/iPhoneOS.platform/Developer/SDKs/iPhoneOS8.4.sdk -arch armv7 -O3 -g -mcpu=cortex-a8 -miphoneos-version-min=6.1 -I/Users/devmarcos/Documents/GitHubRepos/CreationVideoPlayer/VLCKit-2.2.2/MobileVLCKit/ImportedSources/vlc/contrib/arm-apple-darwin11-armv7/include -fno-rtti -fno-exceptions conftest.c >&5
configure:8352: $? = 0
configure:8365: result: yes
configure:8692: checking for xcrun clang option to produce PIC
configure:8699: result: -fno-common -DPIC
configure:8707: checking if xcrun clang PIC flag -fno-common -DPIC works
configure:8725: xcrun clang -c -isysroot /Applications/Xcode.app/Contents/Developer/Platforms/iPhoneOS.platform/Developer/SDKs/iPhoneOS8.4.sdk -arch armv7 -O3 -g -mcpu=cortex-a8 -miphoneos-version-min=6.1 -arch armv7 -mcpu=cortex-a8 -miphoneos-version-min=6.1 -isysroot /Applications/Xcode.app/Contents/Developer/Platforms/iPhoneOS.platform/Developer/SDKs/iPhoneOS8.4.sdk -arch armv7 -O3 -g -mcpu=cortex-a8 -miphoneos-version-min=6.1 -I/Users/devmarcos/Documents/GitHubRepos/CreationVideoPlayer/VLCKit-2.2.2/MobileVLCKit/ImportedSources/vlc/contrib/arm-apple-darwin11-armv7/include -g -isysroot /Applications/Xcode.app/Contents/Developer/Platforms/iPhoneOS.platform/Developer/SDKs/iPhoneOS8.4.sdk -arch armv7 -O3 -g -mcpu=cortex-a8 -miphoneos-version-min=6.1 -arch armv7 -mcpu=cortex-a8 -miphoneos-version-min=6.1 -isysroot /Applications/Xcode.app/Contents/Developer/Platforms/iPhoneOS.platform/Developer/SDKs/iPhoneOS8.4.sdk -arch armv7 -O3 -g -mcpu=cortex-a8 -miphoneos-version-min=6.1 -I/Users/devmarcos/Documents/GitHubRepos/CreationVideoPlayer/VLCKit-2.2.2/MobileVLCKit/ImportedSources/vlc/contrib/arm-apple-darwin11-armv7/include -fno-common -DPIC -DPIC conftest.c >&5
configure:8729: $? = 0
configure:8742: result: yes
configure:8771: checking if xcrun clang static flag -static works
configure:8799: result: no
configure:8814: checking if xcrun clang supports -c -o file.o
configure:8835: xcrun clang -c -isysroot /Applications/Xcode.app/Contents/Developer/Platforms/iPhoneOS.platform/Developer/SDKs/iPhoneOS8.4.sdk -arch armv7 -O3 -g -mcpu=cortex-a8 -miphoneos-version-min=6.1 -arch armv7 -mcpu=cortex-a8 -miphoneos-version-min=6.1 -isysroot /Applications/Xcode.app/Contents/Developer/Platforms/iPhoneOS.platform/Developer/SDKs/iPhoneOS8.4.sdk -arch armv7 -O3 -g -mcpu=cortex-a8 -miphoneos-version-min=6.1 -I/Users/devmarcos/Documents/GitHubRepos/CreationVideoPlayer/VLCKit-2.2.2/MobileVLCKit/ImportedSources/vlc/contrib/arm-apple-darwin11-armv7/include -g -isysroot /Applications/Xcode.app/Contents/Developer/Platforms/iPhoneOS.platform/Developer/SDKs/iPhoneOS8.4.sdk -arch armv7 -O3 -g -mcpu=cortex-a8 -miphoneos-version-min=6.1 -arch armv7 -mcpu=cortex-a8 -miphoneos-version-min=6.1 -isysroot /Applications/Xcode.app/Contents/Developer/Platforms/iPhoneOS.platform/Developer/SDKs/iPhoneOS8.4.sdk -arch armv7 -O3 -g -mcpu=cortex-a8 -miphoneos-version-min=6.1 -I/Users/devmarcos/Documents/GitHubRepos/CreationVideoPlayer/VLCKit-2.2.2/MobileVLCKit/ImportedSources/vlc/contrib/arm-apple-darwin11-armv7/include -o out/conftest2.o conftest.c >&5
configure:8839: $? = 0
configure:8861: result: yes
configure:8869: checking if xcrun clang supports -c -o file.o
configure:8916: result: yes
configure:8949: checking whether the xcrun clang linker (xcrun ld) supports shared libraries
configure:10102: result: yes
configure:10342: checking dynamic linker characteristics
configure:11079: result: darwin11 dyld
configure:11186: checking how to hardcode library paths into programs
configure:11211: result: immediate
configure:11751: checking whether stripping libraries is possible
configure:11765: result: yes
configure:11791: checking if libtool supports shared libraries
configure:11793: result: yes
configure:11796: checking whether to build shared libraries
configure:11817: result: no
configure:11820: checking whether to build static libraries
configure:11824: result: yes
configure:11925: checking stdbool.h usability
configure:11925: xcrun clang -c -isysroot /Applications/Xcode.app/Contents/Developer/Platforms/iPhoneOS.platform/Developer/SDKs/iPhoneOS8.4.sdk -arch armv7 -O3 -g -mcpu=cortex-a8 -miphoneos-version-min=6.1 -arch armv7 -mcpu=cortex-a8 -miphoneos-version-min=6.1 -isysroot /Applications/Xcode.app/Contents/Developer/Platforms/iPhoneOS.platform/Developer/SDKs/iPhoneOS8.4.sdk -arch armv7 -O3 -g -mcpu=cortex-a8 -miphoneos-version-min=6.1 -I/Users/devmarcos/Documents/GitHubRepos/CreationVideoPlayer/VLCKit-2.2.2/MobileVLCKit/ImportedSources/vlc/contrib/arm-apple-darwin11-armv7/include -g -Wall -Werror --std=gnu99 -D_GNU_SOURCE -Wpointer-arith -Wcast-align -Wcast-qual -Wstrict-prototypes -Wshadow -Waggregate-return -Wmissing-prototypes -Wnested-externs -Wsign-compare -no-cpp-precomp -DDVBPSI_DIST -isysroot /Applications/Xcode.app/Contents/Developer/Platforms/iPhoneOS.platform/Developer/SDKs/iPhoneOS8.4.sdk -arch armv7 -O3 -g -mcpu=cortex-a8 -miphoneos-version-min=6.1 -arch armv7 -mcpu=cortex-a8 -miphoneos-version-min=6.1 -isysroot /Applications/Xcode.app/Contents/Developer/Platforms/iPhoneOS.platform/Developer/SDKs/iPhoneOS8.4.sdk -arch armv7 -O3 -g -mcpu=cortex-a8 -miphoneos-version-min=6.1 -I/Users/devmarcos/Documents/GitHubRepos/CreationVideoPlayer/VLCKit-2.2.2/MobileVLCKit/ImportedSources/vlc/contrib/arm-apple-darwin11-armv7/include conftest.c >&5
configure:11925: $? = 0
configure:11925: result: yes
configure:11925: checking stdbool.h presence
configure:11925: xcrun cc -E -isysroot /Applications/Xcode.app/Contents/Developer/Platforms/iPhoneOS.platform/Developer/SDKs/iPhoneOS8.4.sdk -arch armv7 -O3 -g -mcpu=cortex-a8 -miphoneos-version-min=6.1 -arch armv7 -mcpu=cortex-a8 -miphoneos-version-min=6.1 -isysroot /Applications/Xcode.app/Contents/Developer/Platforms/iPhoneOS.platform/Developer/SDKs/iPhoneOS8.4.sdk -arch armv7 -O3 -g -mcpu=cortex-a8 -miphoneos-version-min=6.1 -I/Users/devmarcos/Documents/GitHubRepos/CreationVideoPlayer/VLCKit-2.2.2/MobileVLCKit/ImportedSources/vlc/contrib/arm-apple-darwin11-armv7/include conftest.c
configure:11925: $? = 0
configure:11925: result: yes
configure:11925: checking for stdbool.h
configure:11925: result: yes
configure:11925: checking for stdint.h
configure:11925: result: yes
configure:11925: checking for inttypes.h
configure:11925: result: yes
configure:11925: checking getopt.h usability
configure:11925: xcrun clang -c -isysroot /Applications/Xcode.app/Contents/Developer/Platforms/iPhoneOS.platform/Developer/SDKs/iPhoneOS8.4.sdk -arch armv7 -O3 -g -mcpu=cortex-a8 -miphoneos-version-min=6.1 -arch armv7 -mcpu=cortex-a8 -miphoneos-version-min=6.1 -isysroot /Applications/Xcode.app/Contents/Developer/Platforms/iPhoneOS.platform/Developer/SDKs/iPhoneOS8.4.sdk -arch armv7 -O3 -g -mcpu=cortex-a8 -miphoneos-version-min=6.1 -I/Users/devmarcos/Documents/GitHubRepos/CreationVideoPlayer/VLCKit-2.2.2/MobileVLCKit/ImportedSources/vlc/contrib/arm-apple-darwin11-armv7/include -g -Wall -Werror --std=gnu99 -D_GNU_SOURCE -Wpointer-arith -Wcast-align -Wcast-qual -Wstrict-prototypes -Wshadow -Waggregate-return -Wmissing-prototypes -Wnested-externs -Wsign-compare -no-cpp-precomp -DDVBPSI_DIST -isysroot /Applications/Xcode.app/Contents/Developer/Platforms/iPhoneOS.platform/Developer/SDKs/iPhoneOS8.4.sdk -arch armv7 -O3 -g -mcpu=cortex-a8 -miphoneos-version-min=6.1 -arch armv7 -mcpu=cortex-a8 -miphoneos-version-min=6.1 -isysroot /Applications/Xcode.app/Contents/Developer/Platforms/iPhoneOS.platform/Developer/SDKs/iPhoneOS8.4.sdk -arch armv7 -O3 -g -mcpu=cortex-a8 -miphoneos-version-min=6.1 -I/Users/devmarcos/Documents/GitHubRepos/CreationVideoPlayer/VLCKit-2.2.2/MobileVLCKit/ImportedSources/vlc/contrib/arm-apple-darwin11-armv7/include conftest.c >&5
configure:11925: $? = 0
configure:11925: result: yes
configure:11925: checking getopt.h presence
configure:11925: xcrun cc -E -isysroot /Applications/Xcode.app/Contents/Developer/Platforms/iPhoneOS.platform/Developer/SDKs/iPhoneOS8.4.sdk -arch armv7 -O3 -g -mcpu=cortex-a8 -miphoneos-version-min=6.1 -arch armv7 -mcpu=cortex-a8 -miphoneos-version-min=6.1 -isysroot /Applications/Xcode.app/Contents/Developer/Platforms/iPhoneOS.platform/Developer/SDKs/iPhoneOS8.4.sdk -arch armv7 -O3 -g -mcpu=cortex-a8 -miphoneos-version-min=6.1 -I/Users/devmarcos/Documents/GitHubRepos/CreationVideoPlayer/VLCKit-2.2.2/MobileVLCKit/ImportedSources/vlc/contrib/arm-apple-darwin11-armv7/include conftest.c
configure:11925: $? = 0
configure:11925: result: yes
configure:11925: checking for getopt.h
configure:11925: result: yes
configure:11925: checking for strings.h
configure:11925: result: yes
configure:11925: checking sys/time.h usability
configure:11925: xcrun clang -c -isysroot /Applications/Xcode.app/Contents/Developer/Platforms/iPhoneOS.platform/Developer/SDKs/iPhoneOS8.4.sdk -arch armv7 -O3 -g -mcpu=cortex-a8 -miphoneos-version-min=6.1 -arch armv7 -mcpu=cortex-a8 -miphoneos-version-min=6.1 -isysroot /Applications/Xcode.app/Contents/Developer/Platforms/iPhoneOS.platform/Developer/SDKs/iPhoneOS8.4.sdk -arch armv7 -O3 -g -mcpu=cortex-a8 -miphoneos-version-min=6.1 -I/Users/devmarcos/Documents/GitHubRepos/CreationVideoPlayer/VLCKit-2.2.2/MobileVLCKit/ImportedSources/vlc/contrib/arm-apple-darwin11-armv7/include -g -Wall -Werror --std=gnu99 -D_GNU_SOURCE -Wpointer-arith -Wcast-align -Wcast-qual -Wstrict-prototypes -Wshadow -Waggregate-return -Wmissing-prototypes -Wnested-externs -Wsign-compare -no-cpp-precomp -DDVBPSI_DIST -isysroot /Applications/Xcode.app/Contents/Developer/Platforms/iPhoneOS.platform/Developer/SDKs/iPhoneOS8.4.sdk -arch armv7 -O3 -g -mcpu=cortex-a8 -miphoneos-version-min=6.1 -arch armv7 -mcpu=cortex-a8 -miphoneos-version-min=6.1 -isysroot /Applications/Xcode.app/Contents/Developer/Platforms/iPhoneOS.platform/Developer/SDKs/iPhoneOS8.4.sdk -arch armv7 -O3 -g -mcpu=cortex-a8 -miphoneos-version-min=6.1 -I/Users/devmarcos/Documents/GitHubRepos/CreationVideoPlayer/VLCKit-2.2.2/MobileVLCKit/ImportedSources/vlc/contrib/arm-apple-darwin11-armv7/include conftest.c >&5
configure:11925: $? = 0
configure:11925: result: yes
configure:11925: checking sys/time.h presence
configure:11925: xcrun cc -E -isysroot /Applications/Xcode.app/Contents/Developer/Platforms/iPhoneOS.platform/Developer/SDKs/iPhoneOS8.4.sdk -arch armv7 -O3 -g -mcpu=cortex-a8 -miphoneos-version-min=6.1 -arch armv7 -mcpu=cortex-a8 -miphoneos-version-min=6.1 -isysroot /Applications/Xcode.app/Contents/Developer/Platforms/iPhoneOS.platform/Developer/SDKs/iPhoneOS8.4.sdk -arch armv7 -O3 -g -mcpu=cortex-a8 -miphoneos-version-min=6.1 -I/Users/devmarcos/Documents/GitHubRepos/CreationVideoPlayer/VLCKit-2.2.2/MobileVLCKit/ImportedSources/vlc/contrib/arm-apple-darwin11-armv7/include conftest.c
configure:11925: $? = 0
configure:11925: result: yes
configure:11925: checking for sys/time.h
configure:11925: result: yes
configure:11938: checking sys/socket.h usability
configure:11938: xcrun clang -c -isysroot /Applications/Xcode.app/Contents/Developer/Platforms/iPhoneOS.platform/Developer/SDKs/iPhoneOS8.4.sdk -arch armv7 -O3 -g -mcpu=cortex-a8 -miphoneos-version-min=6.1 -arch armv7 -mcpu=cortex-a8 -miphoneos-version-min=6.1 -isysroot /Applications/Xcode.app/Contents/Developer/Platforms/iPhoneOS.platform/Developer/SDKs/iPhoneOS8.4.sdk -arch armv7 -O3 -g -mcpu=cortex-a8 -miphoneos-version-min=6.1 -I/Users/devmarcos/Documents/GitHubRepos/CreationVideoPlayer/VLCKit-2.2.2/MobileVLCKit/ImportedSources/vlc/contrib/arm-apple-darwin11-armv7/include -g -Wall -Werror --std=gnu99 -D_GNU_SOURCE -Wpointer-arith -Wcast-align -Wcast-qual -Wstrict-prototypes -Wshadow -Waggregate-return -Wmissing-prototypes -Wnested-externs -Wsign-compare -no-cpp-precomp -DDVBPSI_DIST -isysroot /Applications/Xcode.app/Contents/Developer/Platforms/iPhoneOS.platform/Developer/SDKs/iPhoneOS8.4.sdk -arch armv7 -O3 -g -mcpu=cortex-a8 -miphoneos-version-min=6.1 -arch armv7 -mcpu=cortex-a8 -miphoneos-version-min=6.1 -isysroot /Applications/Xcode.app/Contents/Developer/Platforms/iPhoneOS.platform/Developer/SDKs/iPhoneOS8.4.sdk -arch armv7 -O3 -g -mcpu=cortex-a8 -miphoneos-version-min=6.1 -I/Users/devmarcos/Documents/GitHubRepos/CreationVideoPlayer/VLCKit-2.2.2/MobileVLCKit/ImportedSources/vlc/contrib/arm-apple-darwin11-armv7/include conftest.c >&5
configure:11938: $? = 0
configure:11938: result: yes
configure:11938: checking sys/socket.h presence
configure:11938: xcrun cc -E -isysroot /Applications/Xcode.app/Contents/Developer/Platforms/iPhoneOS.platform/Developer/SDKs/iPhoneOS8.4.sdk -arch armv7 -O3 -g -mcpu=cortex-a8 -miphoneos-version-min=6.1 -arch armv7 -mcpu=cortex-a8 -miphoneos-version-min=6.1 -isysroot /Applications/Xcode.app/Contents/Developer/Platforms/iPhoneOS.platform/Developer/SDKs/iPhoneOS8.4.sdk -arch armv7 -O3 -g -mcpu=cortex-a8 -miphoneos-version-min=6.1 -I/Users/devmarcos/Documents/GitHubRepos/CreationVideoPlayer/VLCKit-2.2.2/MobileVLCKit/ImportedSources/vlc/contrib/arm-apple-darwin11-armv7/include conftest.c
configure:11938: $? = 0
configure:11938: result: yes
configure:11938: checking for sys/socket.h
configure:11938: result: yes
configure:11959: checking for net/if.h
configure:11959: xcrun clang -c -isysroot /Applications/Xcode.app/Contents/Developer/Platforms/iPhoneOS.platform/Developer/SDKs/iPhoneOS8.4.sdk -arch armv7 -O3 -g -mcpu=cortex-a8 -miphoneos-version-min=6.1 -arch armv7 -mcpu=cortex-a8 -miphoneos-version-min=6.1 -isysroot /Applications/Xcode.app/Contents/Developer/Platforms/iPhoneOS.platform/Developer/SDKs/iPhoneOS8.4.sdk -arch armv7 -O3 -g -mcpu=cortex-a8 -miphoneos-version-min=6.1 -I/Users/devmarcos/Documents/GitHubRepos/CreationVideoPlayer/VLCKit-2.2.2/MobileVLCKit/ImportedSources/vlc/contrib/arm-apple-darwin11-armv7/include -g -Wall -Werror --std=gnu99 -D_GNU_SOURCE -Wpointer-arith -Wcast-align -Wcast-qual -Wstrict-prototypes -Wshadow -Waggregate-return -Wmissing-prototypes -Wnested-externs -Wsign-compare -no-cpp-precomp -DDVBPSI_DIST -isysroot /Applications/Xcode.app/Contents/Developer/Platforms/iPhoneOS.platform/Developer/SDKs/iPhoneOS8.4.sdk -arch armv7 -O3 -g -mcpu=cortex-a8 -miphoneos-version-min=6.1 -arch armv7 -mcpu=cortex-a8 -miphoneos-version-min=6.1 -isysroot /Applications/Xcode.app/Contents/Developer/Platforms/iPhoneOS.platform/Developer/SDKs/iPhoneOS8.4.sdk -arch armv7 -O3 -g -mcpu=cortex-a8 -miphoneos-version-min=6.1 -I/Users/devmarcos/Documents/GitHubRepos/CreationVideoPlayer/VLCKit-2.2.2/MobileVLCKit/ImportedSources/vlc/contrib/arm-apple-darwin11-armv7/include conftest.c >&5
configure:11959: $? = 0
configure:11959: result: yes
configure:11974: checking for variadic cpp macros
configure:11991: xcrun clang -c -isysroot /Applications/Xcode.app/Contents/Developer/Platforms/iPhoneOS.platform/Developer/SDKs/iPhoneOS8.4.sdk -arch armv7 -O3 -g -mcpu=cortex-a8 -miphoneos-version-min=6.1 -arch armv7 -mcpu=cortex-a8 -miphoneos-version-min=6.1 -isysroot /Applications/Xcode.app/Contents/Developer/Platforms/iPhoneOS.platform/Developer/SDKs/iPhoneOS8.4.sdk -arch armv7 -O3 -g -mcpu=cortex-a8 -miphoneos-version-min=6.1 -I/Users/devmarcos/Documents/GitHubRepos/CreationVideoPlayer/VLCKit-2.2.2/MobileVLCKit/ImportedSources/vlc/contrib/arm-apple-darwin11-armv7/include -g -Wall -Werror --std=gnu99 -D_GNU_SOURCE -Wpointer-arith -Wcast-align -Wcast-qual -Wstrict-prototypes -Wshadow -Waggregate-return -Wmissing-prototypes -Wnested-externs -Wsign-compare -no-cpp-precomp -DDVBPSI_DIST -isysroot /Applications/Xcode.app/Contents/Developer/Platforms/iPhoneOS.platform/Developer/SDKs/iPhoneOS8.4.sdk -arch armv7 -O3 -g -mcpu=cortex-a8 -miphoneos-version-min=6.1 -arch armv7 -mcpu=cortex-a8 -miphoneos-version-min=6.1 -isysroot /Applications/Xcode.app/Contents/Developer/Platforms/iPhoneOS.platform/Developer/SDKs/iPhoneOS8.4.sdk -arch armv7 -O3 -g -mcpu=cortex-a8 -miphoneos-version-min=6.1 -I/Users/devmarcos/Documents/GitHubRepos/CreationVideoPlayer/VLCKit-2.2.2/MobileVLCKit/ImportedSources/vlc/contrib/arm-apple-darwin11-armv7/include conftest.c >&5
configure:11991: $? = 0
configure:11998: result: yes
configure:12117: checking that generated files are newer than configure
configure:12123: result: done
configure:12150: creating ./config.status

## ---------------------- ##
## Running config.status. ##
## ---------------------- ##

This file was extended by libdvbpsi config.status 1.2.0, which was
generated by GNU Autoconf 2.69.  Invocation command line was

  CONFIG_FILES    = 
  CONFIG_HEADERS  = 
  CONFIG_LINKS    = 
  CONFIG_COMMANDS = 
  $ ./config.status 

on Mac-Mini-Marcos.local

config.status:1121: creating Makefile
config.status:1121: creating src/Makefile
config.status:1121: creating examples/Makefile
config.status:1121: creating examples/dvbinfo/Makefile
config.status:1121: creating misc/Makefile
config.status:1121: creating doc/Makefile
config.status:1121: creating wince/Makefile
config.status:1121: creating libdvbpsi.pc
config.status:1121: creating libdvbpsi.spec
config.status:1121: creating config.h
config.status:1350: executing depfiles commands
config.status:1350: executing libtool commands

## ---------------- ##
## Cache variables. ##
## ---------------- ##

ac_cv_build=x86_64-apple-darwin11
ac_cv_c_compiler_gnu=yes
ac_cv_c_inline=inline
ac_cv_cpp_variadic_macros=yes
ac_cv_env_CC_set=set
ac_cv_env_CC_value='xcrun clang'
ac_cv_env_CFLAGS_set=set
ac_cv_env_CFLAGS_value='-isysroot /Applications/Xcode.app/Contents/Developer/Platforms/iPhoneOS.platform/Developer/SDKs/iPhoneOS8.4.sdk -arch armv7 -O3 -g -mcpu=cortex-a8 -miphoneos-version-min=6.1 -arch armv7 -mcpu=cortex-a8 -miphoneos-version-min=6.1 -isysroot /Applications/Xcode.app/Contents/Developer/Platforms/iPhoneOS.platform/Developer/SDKs/iPhoneOS8.4.sdk -arch armv7 -O3 -g -mcpu=cortex-a8 -miphoneos-version-min=6.1 -I/Users/devmarcos/Documents/GitHubRepos/CreationVideoPlayer/VLCKit-2.2.2/MobileVLCKit/ImportedSources/vlc/contrib/arm-apple-darwin11-armv7/include -g'
ac_cv_env_CPPFLAGS_set=set
ac_cv_env_CPPFLAGS_value='-isysroot /Applications/Xcode.app/Contents/Developer/Platforms/iPhoneOS.platform/Developer/SDKs/iPhoneOS8.4.sdk -arch armv7 -O3 -g -mcpu=cortex-a8 -miphoneos-version-min=6.1 -arch armv7 -mcpu=cortex-a8 -miphoneos-version-min=6.1 -isysroot /Applications/Xcode.app/Contents/Developer/Platforms/iPhoneOS.platform/Developer/SDKs/iPhoneOS8.4.sdk -arch armv7 -O3 -g -mcpu=cortex-a8 -miphoneos-version-min=6.1 -I/Users/devmarcos/Documents/GitHubRepos/CreationVideoPlayer/VLCKit-2.2.2/MobileVLCKit/ImportedSources/vlc/contrib/arm-apple-darwin11-armv7/include'
ac_cv_env_CPP_set=set
ac_cv_env_CPP_value='xcrun cc -E'
ac_cv_env_LDFLAGS_set=set
ac_cv_env_LDFLAGS_value='-L/Applications/Xcode.app/Contents/Developer/Platforms/iPhoneOS.platform/Developer/SDKs/iPhoneOS8.4.sdk/usr/lib -arch armv7 -isysroot /Applications/Xcode.app/Contents/Developer/Platforms/iPhoneOS.platform/Developer/SDKs/iPhoneOS8.4.sdk -Wl,-ios_version_min,6.1 -arch armv7 -Wl,-ios_version_min,6.1 -L/Applications/Xcode.app/Contents/Developer/Platforms/iPhoneOS.platform/Developer/SDKs/iPhoneOS8.4.sdk/usr/lib -arch armv7 -isysroot /Applications/Xcode.app/Contents/Developer/Platforms/iPhoneOS.platform/Developer/SDKs/iPhoneOS8.4.sdk -Wl,-ios_version_min,6.1 -L/Users/devmarcos/Documents/GitHubRepos/CreationVideoPlayer/VLCKit-2.2.2/MobileVLCKit/ImportedSources/vlc/contrib/arm-apple-darwin11-armv7/lib'
ac_cv_env_LIBS_set=
ac_cv_env_LIBS_value=
ac_cv_env_build_alias_set=set
ac_cv_env_build_alias_value=x86_64-apple-darwin11
ac_cv_env_host_alias_set=set
ac_cv_env_host_alias_value=arm-apple-darwin11
ac_cv_env_target_alias_set=set
ac_cv_env_target_alias_value=arm-apple-darwin11
ac_cv_header_dlfcn_h=yes
ac_cv_header_getopt_h=yes
ac_cv_header_inttypes_h=yes
ac_cv_header_memory_h=yes
ac_cv_header_net_if_h=yes
ac_cv_header_stdbool_h=yes
ac_cv_header_stdc=yes
ac_cv_header_stdint_h=yes
ac_cv_header_stdlib_h=yes
ac_cv_header_string_h=yes
ac_cv_header_strings_h=yes
ac_cv_header_sys_socket_h=yes
ac_cv_header_sys_stat_h=yes
ac_cv_header_sys_time_h=yes
ac_cv_header_sys_types_h=yes
ac_cv_header_unistd_h=yes
ac_cv_host=arm-apple-darwin11
ac_cv_objext=o
ac_cv_path_EGREP='/usr/bin/grep -E'
ac_cv_path_FGREP='/usr/bin/grep -F'
ac_cv_path_GREP=/usr/bin/grep
ac_cv_path_SED=/usr/bin/sed
ac_cv_path_install='/usr/bin/install -c'
ac_cv_prog_AR='xcrun ar'
ac_cv_prog_AWK=awk
ac_cv_prog_CC='xcrun clang'
ac_cv_prog_CPP='xcrun cc -E'
ac_cv_prog_DLLTOOL=dlltool
ac_cv_prog_OBJDUMP=objdump
ac_cv_prog_RANLIB='xcrun ranlib'
ac_cv_prog_STRIP='xcrun strip'
ac_cv_prog_ac_ct_DSYMUTIL=dsymutil
ac_cv_prog_ac_ct_DUMPBIN='link -dump'
ac_cv_prog_ac_ct_LIPO=lipo
ac_cv_prog_ac_ct_NMEDIT=nmedit
ac_cv_prog_ac_ct_OTOOL=otool
ac_cv_prog_cc_c89=
ac_cv_prog_cc_g=yes
ac_cv_prog_cc_xcrun_c_o=yes
ac_cv_prog_make_make_set=yes
ac_cv_target=arm-apple-darwin11
am_cv_CC_dependencies_compiler_type=none
am_cv_make_support_nested_variables=yes
lt_cv_apple_cc_single_mod=yes
lt_cv_ar_at_file=no
lt_cv_deplibs_check_method=pass_all
lt_cv_file_magic_cmd='$MAGIC_CMD'
lt_cv_file_magic_test_file=
lt_cv_ld_exported_symbols_list=yes
lt_cv_ld_force_load=yes
lt_cv_ld_reload_flag=-r
lt_cv_nm_interface='BSD nm'
lt_cv_objdir=.libs
lt_cv_path_LD='xcrun ld'
lt_cv_path_NM=no
lt_cv_path_mainfest_tool=no
lt_cv_prog_compiler_c_o=yes
lt_cv_prog_compiler_pic='-fno-common -DPIC'
lt_cv_prog_compiler_pic_works=yes
lt_cv_prog_compiler_rtti_exceptions=yes
lt_cv_prog_compiler_static_works=no
lt_cv_prog_gnu_ld=no
lt_cv_sharedlib_from_linklib_cmd='printf %s\n'
lt_cv_sys_global_symbol_pipe='sed -n -e '\''s/^.*[	 ]\([BCDEGRST][BCDEGRST]*\)[	 ][	 ]*_\([_A-Za-z][_A-Za-z0-9]*\)$/\1 _\2 \2/p'\'' | sed '\''/ __gnu_lto/d'\'''
lt_cv_sys_global_symbol_to_c_name_address='sed -n -e '\''s/^: \([^ ]*\)[ ]*$/  {\"\1\", (void *) 0},/p'\'' -e '\''s/^[BCDEGRST]* \([^ ]*\) \([^ ]*\)$/  {"\2", (void *) \&\2},/p'\'''
lt_cv_sys_global_symbol_to_c_name_address_lib_prefix='sed -n -e '\''s/^: \([^ ]*\)[ ]*$/  {\"\1\", (void *) 0},/p'\'' -e '\''s/^[BCDEGRST]* \([^ ]*\) \(lib[^ ]*\)$/  {"\2", (void *) \&\2},/p'\'' -e '\''s/^[BCDEGRST]* \([^ ]*\) \([^ ]*\)$/  {"lib\2", (void *) \&\2},/p'\'''
lt_cv_sys_global_symbol_to_cdecl='sed -n -e '\''s/^T .* \(.*\)$/extern int \1();/p'\'' -e '\''s/^[BCDEGRST]* .* \(.*\)$/extern char \1;/p'\'''
lt_cv_sys_max_cmd_len=196608
lt_cv_to_host_file_cmd=func_convert_file_noop
lt_cv_to_tool_file_cmd=func_convert_file_noop

## ----------------- ##
## Output variables. ##
## ----------------- ##

ACLOCAL='${SHELL} /Users/devmarcos/Documents/GitHubRepos/CreationVideoPlayer/VLCKit-2.2.2/MobileVLCKit/ImportedSources/vlc/contrib/iPhoneOS-armv7/libdvbpsi/.auto/missing aclocal-1.13'
AMDEPBACKSLASH=''
AMDEP_FALSE=''
AMDEP_TRUE='#'
AMTAR='$${TAR-tar}'
AM_BACKSLASH='\'
AM_DEFAULT_V='$(AM_DEFAULT_VERBOSITY)'
AM_DEFAULT_VERBOSITY='1'
AM_V='$(V)'
AR='xcrun ar'
AS='perl /Users/devmarcos/Documents/GitHubRepos/CreationVideoPlayer/VLCKit-2.2.2/MobileVLCKit/ImportedSources/vlc/extras/tools/build/bin/gas-preprocessor.pl xcrun clang'
AUTOCONF='${SHELL} /Users/devmarcos/Documents/GitHubRepos/CreationVideoPlayer/VLCKit-2.2.2/MobileVLCKit/ImportedSources/vlc/contrib/iPhoneOS-armv7/libdvbpsi/.auto/missing autoconf'
AUTOHEADER='${SHELL} /Users/devmarcos/Documents/GitHubRepos/CreationVideoPlayer/VLCKit-2.2.2/MobileVLCKit/ImportedSources/vlc/contrib/iPhoneOS-armv7/libdvbpsi/.auto/missing autoheader'
AUTOMAKE='${SHELL} /Users/devmarcos/Documents/GitHubRepos/CreationVideoPlayer/VLCKit-2.2.2/MobileVLCKit/ImportedSources/vlc/contrib/iPhoneOS-armv7/libdvbpsi/.auto/missing automake-1.13'
AWK='awk'
CC='xcrun clang'
CCDEPMODE='depmode=none'
CFLAGS='-isysroot /Applications/Xcode.app/Contents/Developer/Platforms/iPhoneOS.platform/Developer/SDKs/iPhoneOS8.4.sdk -arch armv7 -O3 -g -mcpu=cortex-a8 -miphoneos-version-min=6.1 -arch armv7 -mcpu=cortex-a8 -miphoneos-version-min=6.1 -isysroot /Applications/Xcode.app/Contents/Developer/Platforms/iPhoneOS.platform/Developer/SDKs/iPhoneOS8.4.sdk -arch armv7 -O3 -g -mcpu=cortex-a8 -miphoneos-version-min=6.1 -I/Users/devmarcos/Documents/GitHubRepos/CreationVideoPlayer/VLCKit-2.2.2/MobileVLCKit/ImportedSources/vlc/contrib/arm-apple-darwin11-armv7/include -g -Wall -Werror --std=gnu99 -D_GNU_SOURCE -Wpointer-arith -Wcast-align -Wcast-qual -Wstrict-prototypes -Wshadow -Waggregate-return -Wmissing-prototypes -Wnested-externs -Wsign-compare -no-cpp-precomp -DDVBPSI_DIST'
CPP='xcrun cc -E'
CPPFLAGS='-isysroot /Applications/Xcode.app/Contents/Developer/Platforms/iPhoneOS.platform/Developer/SDKs/iPhoneOS8.4.sdk -arch armv7 -O3 -g -mcpu=cortex-a8 -miphoneos-version-min=6.1 -arch armv7 -mcpu=cortex-a8 -miphoneos-version-min=6.1 -isysroot /Applications/Xcode.app/Contents/Developer/Platforms/iPhoneOS.platform/Developer/SDKs/iPhoneOS8.4.sdk -arch armv7 -O3 -g -mcpu=cortex-a8 -miphoneos-version-min=6.1 -I/Users/devmarcos/Documents/GitHubRepos/CreationVideoPlayer/VLCKit-2.2.2/MobileVLCKit/ImportedSources/vlc/contrib/arm-apple-darwin11-armv7/include'
CYGPATH_W='echo'
DEFS='-DHAVE_CONFIG_H'
DEPDIR='.deps'
DLLTOOL='dlltool'
DSYMUTIL='dsymutil'
DUMPBIN=':'
ECHO_C='\c'
ECHO_N=''
ECHO_T=''
EGREP='/usr/bin/grep -E'
EXEEXT=''
FGREP='/usr/bin/grep -F'
GREP='/usr/bin/grep'
HAVE_SYS_SOCKET_H_FALSE='#'
HAVE_SYS_SOCKET_H_TRUE=''
INSTALL_DATA='${INSTALL} -m 644'
INSTALL_PROGRAM='${INSTALL}'
INSTALL_SCRIPT='${INSTALL}'
INSTALL_STRIP_PROGRAM='$(install_sh) -c -s'
LD='xcrun ld'
LDFLAGS='-L/Applications/Xcode.app/Contents/Developer/Platforms/iPhoneOS.platform/Developer/SDKs/iPhoneOS8.4.sdk/usr/lib -arch armv7 -isysroot /Applications/Xcode.app/Contents/Developer/Platforms/iPhoneOS.platform/Developer/SDKs/iPhoneOS8.4.sdk -Wl,-ios_version_min,6.1 -arch armv7 -Wl,-ios_version_min,6.1 -L/Applications/Xcode.app/Contents/Developer/Platforms/iPhoneOS.platform/Developer/SDKs/iPhoneOS8.4.sdk/usr/lib -arch armv7 -isysroot /Applications/Xcode.app/Contents/Developer/Platforms/iPhoneOS.platform/Developer/SDKs/iPhoneOS8.4.sdk -Wl,-ios_version_min,6.1 -L/Users/devmarcos/Documents/GitHubRepos/CreationVideoPlayer/VLCKit-2.2.2/MobileVLCKit/ImportedSources/vlc/contrib/arm-apple-darwin11-armv7/lib'
LIBOBJS=''
LIBS=''
LIBTOOL='$(SHELL) $(top_builddir)/libtool'
LIPO='lipo'
LN_S='ln -s'
LTLIBOBJS=''
MAKEINFO='${SHELL} /Users/devmarcos/Documents/GitHubRepos/CreationVideoPlayer/VLCKit-2.2.2/MobileVLCKit/ImportedSources/vlc/contrib/iPhoneOS-armv7/libdvbpsi/.auto/missing makeinfo'
MANIFEST_TOOL=':'
MKDIR_P='.auto/install-sh -c -d'
NM='nm'
NMEDIT='nmedit'
OBJDUMP='objdump'
OBJEXT='o'
OTOOL64=':'
OTOOL='otool'
PACKAGE='libdvbpsi'
PACKAGE_BUGREPORT=''
PACKAGE_NAME='libdvbpsi'
PACKAGE_STRING='libdvbpsi 1.2.0'
PACKAGE_TARNAME='libdvbpsi'
PACKAGE_URL=''
PACKAGE_VERSION='1.2.0'
PATH_SEPARATOR=':'
RANLIB='xcrun ranlib'
SED='/usr/bin/sed'
SET_MAKE=''
SHELL='/bin/sh'
STRIP='xcrun strip'
VERSION='1.2.0'
ac_ct_AR=''
ac_ct_CC=''
ac_ct_DUMPBIN='link -dump'
am__EXEEXT_FALSE=''
am__EXEEXT_TRUE='#'
am__fastdepCC_FALSE=''
am__fastdepCC_TRUE='#'
am__include='include'
am__isrc=''
am__leading_dot='.'
am__nodep=''
am__quote=''
am__tar='$${TAR-tar} chof - "$$tardir"'
am__untar='$${TAR-tar} xf -'
bindir='${exec_prefix}/bin'
build='x86_64-apple-darwin11'
build_alias='x86_64-apple-darwin11'
build_cpu='x86_64'
build_os='darwin11'
build_vendor='apple'
datadir='${datarootdir}'
datarootdir='/Users/devmarcos/Documents/GitHubRepos/CreationVideoPlayer/VLCKit-2.2.2/MobileVLCKit/ImportedSources/vlc/contrib/arm-apple-darwin11-armv7/share'
docdir='${datarootdir}/doc/${PACKAGE_TARNAME}'
dvidir='${docdir}'
exec_prefix='${prefix}'
host='arm-apple-darwin11'
host_alias='arm-apple-darwin11'
host_cpu='arm'
host_os='darwin11'
host_vendor='apple'
htmldir='${docdir}'
includedir='/Users/devmarcos/Documents/GitHubRepos/CreationVideoPlayer/VLCKit-2.2.2/MobileVLCKit/ImportedSources/vlc/contrib/arm-apple-darwin11-armv7/include'
infodir='${datarootdir}/info'
install_sh='${SHELL} /Users/devmarcos/Documents/GitHubRepos/CreationVideoPlayer/VLCKit-2.2.2/MobileVLCKit/ImportedSources/vlc/contrib/iPhoneOS-armv7/libdvbpsi/.auto/install-sh'
libdir='/Users/devmarcos/Documents/GitHubRepos/CreationVideoPlayer/VLCKit-2.2.2/MobileVLCKit/ImportedSources/vlc/contrib/arm-apple-darwin11-armv7/lib'
libexecdir='${exec_prefix}/libexec'
localedir='${datarootdir}/locale'
localstatedir='${prefix}/var'
mandir='${datarootdir}/man'
mkdir_p='$(MKDIR_P)'
oldincludedir='/usr/include'
pdfdir='${docdir}'
prefix='/Users/devmarcos/Documents/GitHubRepos/CreationVideoPlayer/VLCKit-2.2.2/MobileVLCKit/ImportedSources/vlc/contrib/arm-apple-darwin11-armv7'
program_transform_name='s&^&&'
psdir='${docdir}'
sbindir='${exec_prefix}/sbin'
sharedstatedir='${prefix}/com'
sysconfdir='${prefix}/etc'
target='arm-apple-darwin11'
target_alias='arm-apple-darwin11'
target_cpu='arm'
target_os='darwin11'
target_vendor='apple'

## ----------- ##
## confdefs.h. ##
## ----------- ##

/* confdefs.h */
#define PACKAGE_NAME "libdvbpsi"
#define PACKAGE_TARNAME "libdvbpsi"
#define PACKAGE_VERSION "1.2.0"
#define PACKAGE_STRING "libdvbpsi 1.2.0"
#define PACKAGE_BUGREPORT ""
#define PACKAGE_URL ""
#define PACKAGE "libdvbpsi"
#define VERSION "1.2.0"
#define STDC_HEADERS 1
#define HAVE_SYS_TYPES_H 1
#define HAVE_SYS_STAT_H 1
#define HAVE_STDLIB_H 1
#define HAVE_STRING_H 1
#define HAVE_MEMORY_H 1
#define HAVE_STRINGS_H 1
#define HAVE_INTTYPES_H 1
#define HAVE_STDINT_H 1
#define HAVE_UNISTD_H 1
#define HAVE_DLFCN_H 1
#define LT_OBJDIR ".libs/"
#define HAVE_STDBOOL_H 1
#define HAVE_STDINT_H 1
#define HAVE_INTTYPES_H 1
#define HAVE_GETOPT_H 1
#define HAVE_STRINGS_H 1
#define HAVE_SYS_TIME_H 1
#define HAVE_SYS_SOCKET_H 1
#define HAVE_NET_IF_H 1
#define HAVE_VARIADIC_MACROS 1

configure: exit 0
