This file contains any messages produced by compilers while
running configure, to aid debugging if configure makes a mistake.

It was created by OpenJPEG configure 1.5.0, which was
generated by GNU Autoconf 2.69.  Invocation command line was

  $ ./configure --enable-png=no --enable-tiff=no --prefix=/Users/devmarcos/Documents/GitHubRepos/CreationVideoPlayer/VLCKit-2.2.2/MobileVLCKit/ImportedSources/vlc/contrib/arm-apple-darwin11-armv7s --datarootdir=/Users/devmarcos/Documents/GitHubRepos/CreationVideoPlayer/VLCKit-2.2.2/MobileVLCKit/ImportedSources/vlc/contrib/arm-apple-darwin11-armv7s/share --includedir=/Users/devmarcos/Documents/GitHubRepos/CreationVideoPlayer/VLCKit-2.2.2/MobileVLCKit/ImportedSources/vlc/contrib/arm-apple-darwin11-armv7s/include --libdir=/Users/devmarcos/Documents/GitHubRepos/CreationVideoPlayer/VLCKit-2.2.2/MobileVLCKit/ImportedSources/vlc/contrib/arm-apple-darwin11-armv7s/lib --build=x86_64-apple-darwin11 --host=arm-apple-darwin11 --target=arm-apple-darwin11 --program-prefix= --enable-static --disable-shared --disable-dependency-tracking --with-pic

## --------- ##
## Platform. ##
## --------- ##

hostname = Mac-Mini-Marcos.local
uname -m = x86_64
uname -r = 14.5.0
uname -s = Darwin
uname -v = Darwin Kernel Version 14.5.0: Thu Jul  9 22:56:16 PDT 2015; root:xnu-2782.40.6~1/RELEASE_X86_64

/usr/bin/uname -p = i386
/bin/uname -X     = unknown

/bin/arch              = unknown
/usr/bin/arch -k       = unknown
/usr/convex/getsysinfo = unknown
/usr/bin/hostinfo      = Mach kernel version:
	 Darwin Kernel Version 14.5.0: Thu Jul  9 22:56:16 PDT 2015; root:xnu-2782.40.6~1/RELEASE_X86_64
Kernel configured for up to 8 processors.
4 processors are physically available.
8 processors are logically available.
Processor type: i486 (Intel 80486)
Processors active: 0 1 2 3 4 5 6 7
Primary memory available: 8.00 gigabytes
Default processor set: 253 tasks, 1365 threads, 8 processors
Load average: 3.32, Mach factor: 4.67
/bin/machine           = unknown
/usr/bin/oslevel       = unknown
/bin/universe          = unknown

PATH: /Users/devmarcos/Documents/GitHubRepos/CreationVideoPlayer/VLCKit-2.2.2/MobileVLCKit/ImportedSources/vlc/contrib/arm-apple-darwin11-armv7s/bin
PATH: /Users/devmarcos/Documents/GitHubRepos/CreationVideoPlayer/VLCKit-2.2.2/MobileVLCKit/ImportedSources/vlc/extras/tools/build/bin
PATH: /Users/devmarcos/Documents/GitHubRepos/CreationVideoPlayer/VLCKit-2.2.2/MobileVLCKit/ImportedSources/vlc/extras/tools/build/bin
PATH: /Users/devmarcos/Documents/GitHubRepos/CreationVideoPlayer/VLCKit-2.2.2/MobileVLCKit/ImportedSources/vlc/contrib/arm-apple-darwin11/bin
PATH: /usr/bin
PATH: /bin
PATH: /usr/sbin
PATH: /sbin
PATH: /usr/local/bin
PATH: /usr/X11/bin


## ----------- ##
## Core tests. ##
## ----------- ##

configure:2277: checking build system type
configure:2291: result: x86_64-apple-darwin11
configure:2311: checking host system type
configure:2324: result: arm-apple-darwin11
configure:2344: checking target system type
configure:2357: result: arm-apple-darwin11
configure:2402: checking for a BSD-compatible install
configure:2470: result: /usr/bin/install -c
configure:2481: checking whether build environment is sane
configure:2536: result: yes
configure:2595: checking for arm-apple-darwin11-strip
configure:2622: result: xcrun strip
configure:2687: checking for a thread-safe mkdir -p
configure:2726: result: ./install-sh -c -d
configure:2733: checking for gawk
configure:2763: result: no
configure:2733: checking for mawk
configure:2763: result: no
configure:2733: checking for nawk
configure:2763: result: no
configure:2733: checking for awk
configure:2749: found /usr/bin/awk
configure:2760: result: awk
configure:2771: checking whether make sets $(MAKE)
configure:2793: result: yes
configure:2822: checking whether make supports nested variables
configure:2839: result: yes
configure:2975: checking whether make supports nested variables
configure:2992: result: yes
configure:3058: checking how to print strings
configure:3085: result: printf
configure:3118: checking for style of include used by make
configure:3146: result: GNU
configure:3177: checking for arm-apple-darwin11-gcc
configure:3204: result: xcrun clang
configure:3473: checking for C compiler version
configure:3482: xcrun clang --version >&5
Apple LLVM version 6.1.0 (clang-602.0.53) (based on LLVM 3.6.0svn)
Target: x86_64-apple-darwin14.5.0
Thread model: posix
configure:3493: $? = 0
configure:3482: xcrun clang -v >&5
Apple LLVM version 6.1.0 (clang-602.0.53) (based on LLVM 3.6.0svn)
Target: x86_64-apple-darwin14.5.0
Thread model: posix
configure:3493: $? = 0
configure:3482: xcrun clang -V >&5
clang: error: argument to '-V' is missing (expected 1 value)
clang: error: no input files
configure:3493: $? = 1
configure:3482: xcrun clang -qversion >&5
clang: error: unknown argument: '-qversion'
clang: error: no input files
configure:3493: $? = 1
configure:3513: checking whether the C compiler works
configure:3535: xcrun clang -isysroot /Applications/Xcode.app/Contents/Developer/Platforms/iPhoneOS.platform/Developer/SDKs/iPhoneOS8.4.sdk -arch armv7s -O3 -g -mcpu=cortex-a8 -miphoneos-version-min=6.1 -arch armv7s -mcpu=cortex-a8 -miphoneos-version-min=6.1 -isysroot /Applications/Xcode.app/Contents/Developer/Platforms/iPhoneOS.platform/Developer/SDKs/iPhoneOS8.4.sdk -arch armv7s -O3 -g -mcpu=cortex-a8 -miphoneos-version-min=6.1 -I/Users/devmarcos/Documents/GitHubRepos/CreationVideoPlayer/VLCKit-2.2.2/MobileVLCKit/ImportedSources/vlc/contrib/arm-apple-darwin11-armv7s/include -g -DOPJ_STATIC -isysroot /Applications/Xcode.app/Contents/Developer/Platforms/iPhoneOS.platform/Developer/SDKs/iPhoneOS8.4.sdk -arch armv7s -O3 -g -mcpu=cortex-a8 -miphoneos-version-min=6.1 -arch armv7s -mcpu=cortex-a8 -miphoneos-version-min=6.1 -isysroot /Applications/Xcode.app/Contents/Developer/Platforms/iPhoneOS.platform/Developer/SDKs/iPhoneOS8.4.sdk -arch armv7s -O3 -g -mcpu=cortex-a8 -miphoneos-version-min=6.1 -I/Users/devmarcos/Documents/GitHubRepos/CreationVideoPlayer/VLCKit-2.2.2/MobileVLCKit/ImportedSources/vlc/contrib/arm-apple-darwin11-armv7s/include -L/Applications/Xcode.app/Contents/Developer/Platforms/iPhoneOS.platform/Developer/SDKs/iPhoneOS8.4.sdk/usr/lib -arch armv7s -isysroot /Applications/Xcode.app/Contents/Developer/Platforms/iPhoneOS.platform/Developer/SDKs/iPhoneOS8.4.sdk -Wl,-ios_version_min,6.1 -arch armv7s -Wl,-ios_version_min,6.1 -L/Applications/Xcode.app/Contents/Developer/Platforms/iPhoneOS.platform/Developer/SDKs/iPhoneOS8.4.sdk/usr/lib -arch armv7s -isysroot /Applications/Xcode.app/Contents/Developer/Platforms/iPhoneOS.platform/Developer/SDKs/iPhoneOS8.4.sdk -Wl,-ios_version_min,6.1 -L/Users/devmarcos/Documents/GitHubRepos/CreationVideoPlayer/VLCKit-2.2.2/MobileVLCKit/ImportedSources/vlc/contrib/arm-apple-darwin11-armv7s/lib conftest.c  >&5
configure:3539: $? = 0
configure:3587: result: yes
configure:3590: checking for C compiler default output file name
configure:3592: result: a.out
configure:3598: checking for suffix of executables
configure:3605: xcrun clang -o conftest -isysroot /Applications/Xcode.app/Contents/Developer/Platforms/iPhoneOS.platform/Developer/SDKs/iPhoneOS8.4.sdk -arch armv7s -O3 -g -mcpu=cortex-a8 -miphoneos-version-min=6.1 -arch armv7s -mcpu=cortex-a8 -miphoneos-version-min=6.1 -isysroot /Applications/Xcode.app/Contents/Developer/Platforms/iPhoneOS.platform/Developer/SDKs/iPhoneOS8.4.sdk -arch armv7s -O3 -g -mcpu=cortex-a8 -miphoneos-version-min=6.1 -I/Users/devmarcos/Documents/GitHubRepos/CreationVideoPlayer/VLCKit-2.2.2/MobileVLCKit/ImportedSources/vlc/contrib/arm-apple-darwin11-armv7s/include -g -DOPJ_STATIC -isysroot /Applications/Xcode.app/Contents/Developer/Platforms/iPhoneOS.platform/Developer/SDKs/iPhoneOS8.4.sdk -arch armv7s -O3 -g -mcpu=cortex-a8 -miphoneos-version-min=6.1 -arch armv7s -mcpu=cortex-a8 -miphoneos-version-min=6.1 -isysroot /Applications/Xcode.app/Contents/Developer/Platforms/iPhoneOS.platform/Developer/SDKs/iPhoneOS8.4.sdk -arch armv7s -O3 -g -mcpu=cortex-a8 -miphoneos-version-min=6.1 -I/Users/devmarcos/Documents/GitHubRepos/CreationVideoPlayer/VLCKit-2.2.2/MobileVLCKit/ImportedSources/vlc/contrib/arm-apple-darwin11-armv7s/include -L/Applications/Xcode.app/Contents/Developer/Platforms/iPhoneOS.platform/Developer/SDKs/iPhoneOS8.4.sdk/usr/lib -arch armv7s -isysroot /Applications/Xcode.app/Contents/Developer/Platforms/iPhoneOS.platform/Developer/SDKs/iPhoneOS8.4.sdk -Wl,-ios_version_min,6.1 -arch armv7s -Wl,-ios_version_min,6.1 -L/Applications/Xcode.app/Contents/Developer/Platforms/iPhoneOS.platform/Developer/SDKs/iPhoneOS8.4.sdk/usr/lib -arch armv7s -isysroot /Applications/Xcode.app/Contents/Developer/Platforms/iPhoneOS.platform/Developer/SDKs/iPhoneOS8.4.sdk -Wl,-ios_version_min,6.1 -L/Users/devmarcos/Documents/GitHubRepos/CreationVideoPlayer/VLCKit-2.2.2/MobileVLCKit/ImportedSources/vlc/contrib/arm-apple-darwin11-armv7s/lib conftest.c  >&5
configure:3609: $? = 0
configure:3631: result: 
configure:3653: checking whether we are cross compiling
configure:3691: result: yes
configure:3696: checking for suffix of object files
configure:3718: xcrun clang -c -isysroot /Applications/Xcode.app/Contents/Developer/Platforms/iPhoneOS.platform/Developer/SDKs/iPhoneOS8.4.sdk -arch armv7s -O3 -g -mcpu=cortex-a8 -miphoneos-version-min=6.1 -arch armv7s -mcpu=cortex-a8 -miphoneos-version-min=6.1 -isysroot /Applications/Xcode.app/Contents/Developer/Platforms/iPhoneOS.platform/Developer/SDKs/iPhoneOS8.4.sdk -arch armv7s -O3 -g -mcpu=cortex-a8 -miphoneos-version-min=6.1 -I/Users/devmarcos/Documents/GitHubRepos/CreationVideoPlayer/VLCKit-2.2.2/MobileVLCKit/ImportedSources/vlc/contrib/arm-apple-darwin11-armv7s/include -g -DOPJ_STATIC -isysroot /Applications/Xcode.app/Contents/Developer/Platforms/iPhoneOS.platform/Developer/SDKs/iPhoneOS8.4.sdk -arch armv7s -O3 -g -mcpu=cortex-a8 -miphoneos-version-min=6.1 -arch armv7s -mcpu=cortex-a8 -miphoneos-version-min=6.1 -isysroot /Applications/Xcode.app/Contents/Developer/Platforms/iPhoneOS.platform/Developer/SDKs/iPhoneOS8.4.sdk -arch armv7s -O3 -g -mcpu=cortex-a8 -miphoneos-version-min=6.1 -I/Users/devmarcos/Documents/GitHubRepos/CreationVideoPlayer/VLCKit-2.2.2/MobileVLCKit/ImportedSources/vlc/contrib/arm-apple-darwin11-armv7s/include conftest.c >&5
configure:3722: $? = 0
configure:3743: result: o
configure:3747: checking whether we are using the GNU C compiler
configure:3766: xcrun clang -c -isysroot /Applications/Xcode.app/Contents/Developer/Platforms/iPhoneOS.platform/Developer/SDKs/iPhoneOS8.4.sdk -arch armv7s -O3 -g -mcpu=cortex-a8 -miphoneos-version-min=6.1 -arch armv7s -mcpu=cortex-a8 -miphoneos-version-min=6.1 -isysroot /Applications/Xcode.app/Contents/Developer/Platforms/iPhoneOS.platform/Developer/SDKs/iPhoneOS8.4.sdk -arch armv7s -O3 -g -mcpu=cortex-a8 -miphoneos-version-min=6.1 -I/Users/devmarcos/Documents/GitHubRepos/CreationVideoPlayer/VLCKit-2.2.2/MobileVLCKit/ImportedSources/vlc/contrib/arm-apple-darwin11-armv7s/include -g -DOPJ_STATIC -isysroot /Applications/Xcode.app/Contents/Developer/Platforms/iPhoneOS.platform/Developer/SDKs/iPhoneOS8.4.sdk -arch armv7s -O3 -g -mcpu=cortex-a8 -miphoneos-version-min=6.1 -arch armv7s -mcpu=cortex-a8 -miphoneos-version-min=6.1 -isysroot /Applications/Xcode.app/Contents/Developer/Platforms/iPhoneOS.platform/Developer/SDKs/iPhoneOS8.4.sdk -arch armv7s -O3 -g -mcpu=cortex-a8 -miphoneos-version-min=6.1 -I/Users/devmarcos/Documents/GitHubRepos/CreationVideoPlayer/VLCKit-2.2.2/MobileVLCKit/ImportedSources/vlc/contrib/arm-apple-darwin11-armv7s/include conftest.c >&5
configure:3766: $? = 0
configure:3775: result: yes
configure:3784: checking whether xcrun clang accepts -g
configure:3804: xcrun clang -c -g -isysroot /Applications/Xcode.app/Contents/Developer/Platforms/iPhoneOS.platform/Developer/SDKs/iPhoneOS8.4.sdk -arch armv7s -O3 -g -mcpu=cortex-a8 -miphoneos-version-min=6.1 -arch armv7s -mcpu=cortex-a8 -miphoneos-version-min=6.1 -isysroot /Applications/Xcode.app/Contents/Developer/Platforms/iPhoneOS.platform/Developer/SDKs/iPhoneOS8.4.sdk -arch armv7s -O3 -g -mcpu=cortex-a8 -miphoneos-version-min=6.1 -I/Users/devmarcos/Documents/GitHubRepos/CreationVideoPlayer/VLCKit-2.2.2/MobileVLCKit/ImportedSources/vlc/contrib/arm-apple-darwin11-armv7s/include conftest.c >&5
configure:3804: $? = 0
configure:3845: result: yes
configure:3862: checking for xcrun clang option to accept ISO C89
configure:3925: xcrun clang  -c -isysroot /Applications/Xcode.app/Contents/Developer/Platforms/iPhoneOS.platform/Developer/SDKs/iPhoneOS8.4.sdk -arch armv7s -O3 -g -mcpu=cortex-a8 -miphoneos-version-min=6.1 -arch armv7s -mcpu=cortex-a8 -miphoneos-version-min=6.1 -isysroot /Applications/Xcode.app/Contents/Developer/Platforms/iPhoneOS.platform/Developer/SDKs/iPhoneOS8.4.sdk -arch armv7s -O3 -g -mcpu=cortex-a8 -miphoneos-version-min=6.1 -I/Users/devmarcos/Documents/GitHubRepos/CreationVideoPlayer/VLCKit-2.2.2/MobileVLCKit/ImportedSources/vlc/contrib/arm-apple-darwin11-armv7s/include -g -DOPJ_STATIC -isysroot /Applications/Xcode.app/Contents/Developer/Platforms/iPhoneOS.platform/Developer/SDKs/iPhoneOS8.4.sdk -arch armv7s -O3 -g -mcpu=cortex-a8 -miphoneos-version-min=6.1 -arch armv7s -mcpu=cortex-a8 -miphoneos-version-min=6.1 -isysroot /Applications/Xcode.app/Contents/Developer/Platforms/iPhoneOS.platform/Developer/SDKs/iPhoneOS8.4.sdk -arch armv7s -O3 -g -mcpu=cortex-a8 -miphoneos-version-min=6.1 -I/Users/devmarcos/Documents/GitHubRepos/CreationVideoPlayer/VLCKit-2.2.2/MobileVLCKit/ImportedSources/vlc/contrib/arm-apple-darwin11-armv7s/include conftest.c >&5
configure:3925: $? = 0
configure:3938: result: none needed
configure:3963: checking whether xcrun clang understands -c and -o together
configure:3985: xcrun clang -c conftest.c -o conftest2.o
configure:3988: $? = 0
configure:3985: xcrun clang -c conftest.c -o conftest2.o
configure:3988: $? = 0
configure:4000: result: yes
configure:4019: checking dependency style of xcrun clang
configure:4130: result: none
configure:4145: checking for a sed that does not truncate output
configure:4209: result: /usr/bin/sed
configure:4227: checking for grep that handles long lines and -e
configure:4285: result: /usr/bin/grep
configure:4290: checking for egrep
configure:4352: result: /usr/bin/grep -E
configure:4357: checking for fgrep
configure:4419: result: /usr/bin/grep -F
configure:4454: checking for ld used by xcrun clang
configure:4521: result: xcrun ld
configure:4528: checking if the linker (xcrun ld) is GNU ld
configure:4543: result: no
configure:4555: checking for BSD- or MS-compatible name lister (nm)
configure:4604: result: no
configure:4618: checking for arm-apple-darwin11-dumpbin
configure:4648: result: no
configure:4618: checking for arm-apple-darwin11-link
configure:4648: result: no
configure:4662: checking for dumpbin
configure:4692: result: no
configure:4662: checking for link
configure:4678: found /bin/link
configure:4689: result: link -dump
configure:4705: WARNING: using cross tools not prefixed with host triplet
configure:4734: checking the name lister (nm) interface
configure:4741: xcrun clang -c -isysroot /Applications/Xcode.app/Contents/Developer/Platforms/iPhoneOS.platform/Developer/SDKs/iPhoneOS8.4.sdk -arch armv7s -O3 -g -mcpu=cortex-a8 -miphoneos-version-min=6.1 -arch armv7s -mcpu=cortex-a8 -miphoneos-version-min=6.1 -isysroot /Applications/Xcode.app/Contents/Developer/Platforms/iPhoneOS.platform/Developer/SDKs/iPhoneOS8.4.sdk -arch armv7s -O3 -g -mcpu=cortex-a8 -miphoneos-version-min=6.1 -I/Users/devmarcos/Documents/GitHubRepos/CreationVideoPlayer/VLCKit-2.2.2/MobileVLCKit/ImportedSources/vlc/contrib/arm-apple-darwin11-armv7s/include -g -DOPJ_STATIC -isysroot /Applications/Xcode.app/Contents/Developer/Platforms/iPhoneOS.platform/Developer/SDKs/iPhoneOS8.4.sdk -arch armv7s -O3 -g -mcpu=cortex-a8 -miphoneos-version-min=6.1 -arch armv7s -mcpu=cortex-a8 -miphoneos-version-min=6.1 -isysroot /Applications/Xcode.app/Contents/Developer/Platforms/iPhoneOS.platform/Developer/SDKs/iPhoneOS8.4.sdk -arch armv7s -O3 -g -mcpu=cortex-a8 -miphoneos-version-min=6.1 -I/Users/devmarcos/Documents/GitHubRepos/CreationVideoPlayer/VLCKit-2.2.2/MobileVLCKit/ImportedSources/vlc/contrib/arm-apple-darwin11-armv7s/include conftest.c >&5
configure:4744: nm "conftest.o"
configure:4747: output
00000248 S _some_variable
configure:4754: result: BSD nm
configure:4757: checking whether ln -s works
configure:4761: result: yes
configure:4769: checking the maximum length of command line arguments
configure:4899: result: 196608
configure:4916: checking whether the shell understands some XSI constructs
configure:4926: result: yes
configure:4930: checking whether the shell understands "+="
configure:4936: result: yes
configure:4971: checking how to convert x86_64-apple-darwin11 file names to arm-apple-darwin11 format
configure:5011: result: func_convert_file_noop
configure:5018: checking how to convert x86_64-apple-darwin11 file names to toolchain format
configure:5038: result: func_convert_file_noop
configure:5045: checking for xcrun ld option to reload object files
configure:5052: result: -r
configure:5086: checking for arm-apple-darwin11-objdump
configure:5116: result: no
configure:5126: checking for objdump
configure:5156: result: no
configure:5182: checking how to recognize dependent libraries
configure:5384: result: pass_all
configure:5429: checking for arm-apple-darwin11-dlltool
configure:5459: result: no
configure:5469: checking for dlltool
configure:5499: result: no
configure:5526: checking how to associate runtime and link libraries
configure:5553: result: printf %s\n
configure:5570: checking for arm-apple-darwin11-ar
configure:5597: result: xcrun ar
configure:5678: checking for archiver @FILE support
configure:5695: xcrun clang -c -isysroot /Applications/Xcode.app/Contents/Developer/Platforms/iPhoneOS.platform/Developer/SDKs/iPhoneOS8.4.sdk -arch armv7s -O3 -g -mcpu=cortex-a8 -miphoneos-version-min=6.1 -arch armv7s -mcpu=cortex-a8 -miphoneos-version-min=6.1 -isysroot /Applications/Xcode.app/Contents/Developer/Platforms/iPhoneOS.platform/Developer/SDKs/iPhoneOS8.4.sdk -arch armv7s -O3 -g -mcpu=cortex-a8 -miphoneos-version-min=6.1 -I/Users/devmarcos/Documents/GitHubRepos/CreationVideoPlayer/VLCKit-2.2.2/MobileVLCKit/ImportedSources/vlc/contrib/arm-apple-darwin11-armv7s/include -g -DOPJ_STATIC -isysroot /Applications/Xcode.app/Contents/Developer/Platforms/iPhoneOS.platform/Developer/SDKs/iPhoneOS8.4.sdk -arch armv7s -O3 -g -mcpu=cortex-a8 -miphoneos-version-min=6.1 -arch armv7s -mcpu=cortex-a8 -miphoneos-version-min=6.1 -isysroot /Applications/Xcode.app/Contents/Developer/Platforms/iPhoneOS.platform/Developer/SDKs/iPhoneOS8.4.sdk -arch armv7s -O3 -g -mcpu=cortex-a8 -miphoneos-version-min=6.1 -I/Users/devmarcos/Documents/GitHubRepos/CreationVideoPlayer/VLCKit-2.2.2/MobileVLCKit/ImportedSources/vlc/contrib/arm-apple-darwin11-armv7s/include conftest.c >&5
configure:5695: $? = 0
configure:5698: xcrun ar cru libconftest.a @conftest.lst >&5
ar: @conftest.lst: No such file or directory
configure:5701: $? = 1
configure:5721: result: no
configure:5739: checking for arm-apple-darwin11-strip
configure:5766: result: xcrun strip
configure:5838: checking for arm-apple-darwin11-ranlib
configure:5865: result: xcrun ranlib
configure:6007: checking command to parse nm output from xcrun clang object
configure:6127: xcrun clang -c -isysroot /Applications/Xcode.app/Contents/Developer/Platforms/iPhoneOS.platform/Developer/SDKs/iPhoneOS8.4.sdk -arch armv7s -O3 -g -mcpu=cortex-a8 -miphoneos-version-min=6.1 -arch armv7s -mcpu=cortex-a8 -miphoneos-version-min=6.1 -isysroot /Applications/Xcode.app/Contents/Developer/Platforms/iPhoneOS.platform/Developer/SDKs/iPhoneOS8.4.sdk -arch armv7s -O3 -g -mcpu=cortex-a8 -miphoneos-version-min=6.1 -I/Users/devmarcos/Documents/GitHubRepos/CreationVideoPlayer/VLCKit-2.2.2/MobileVLCKit/ImportedSources/vlc/contrib/arm-apple-darwin11-armv7s/include -g -DOPJ_STATIC -isysroot /Applications/Xcode.app/Contents/Developer/Platforms/iPhoneOS.platform/Developer/SDKs/iPhoneOS8.4.sdk -arch armv7s -O3 -g -mcpu=cortex-a8 -miphoneos-version-min=6.1 -arch armv7s -mcpu=cortex-a8 -miphoneos-version-min=6.1 -isysroot /Applications/Xcode.app/Contents/Developer/Platforms/iPhoneOS.platform/Developer/SDKs/iPhoneOS8.4.sdk -arch armv7s -O3 -g -mcpu=cortex-a8 -miphoneos-version-min=6.1 -I/Users/devmarcos/Documents/GitHubRepos/CreationVideoPlayer/VLCKit-2.2.2/MobileVLCKit/ImportedSources/vlc/contrib/arm-apple-darwin11-armv7s/include conftest.c >&5
configure:6130: $? = 0
configure:6134: nm conftest.o \| sed -n -e 's/^.*[ ]\([BCDEGRST][BCDEGRST]*\)[ ][ ]*\([_A-Za-z][_A-Za-z0-9]*\)$/\1 \2 \2/p' | sed '/ __gnu_lto/d' \> conftest.nm
configure:6137: $? = 0
cannot find nm_test_var in conftest.nm
configure:6127: xcrun clang -c -isysroot /Applications/Xcode.app/Contents/Developer/Platforms/iPhoneOS.platform/Developer/SDKs/iPhoneOS8.4.sdk -arch armv7s -O3 -g -mcpu=cortex-a8 -miphoneos-version-min=6.1 -arch armv7s -mcpu=cortex-a8 -miphoneos-version-min=6.1 -isysroot /Applications/Xcode.app/Contents/Developer/Platforms/iPhoneOS.platform/Developer/SDKs/iPhoneOS8.4.sdk -arch armv7s -O3 -g -mcpu=cortex-a8 -miphoneos-version-min=6.1 -I/Users/devmarcos/Documents/GitHubRepos/CreationVideoPlayer/VLCKit-2.2.2/MobileVLCKit/ImportedSources/vlc/contrib/arm-apple-darwin11-armv7s/include -g -DOPJ_STATIC -isysroot /Applications/Xcode.app/Contents/Developer/Platforms/iPhoneOS.platform/Developer/SDKs/iPhoneOS8.4.sdk -arch armv7s -O3 -g -mcpu=cortex-a8 -miphoneos-version-min=6.1 -arch armv7s -mcpu=cortex-a8 -miphoneos-version-min=6.1 -isysroot /Applications/Xcode.app/Contents/Developer/Platforms/iPhoneOS.platform/Developer/SDKs/iPhoneOS8.4.sdk -arch armv7s -O3 -g -mcpu=cortex-a8 -miphoneos-version-min=6.1 -I/Users/devmarcos/Documents/GitHubRepos/CreationVideoPlayer/VLCKit-2.2.2/MobileVLCKit/ImportedSources/vlc/contrib/arm-apple-darwin11-armv7s/include conftest.c >&5
configure:6130: $? = 0
configure:6134: nm conftest.o \| sed -n -e 's/^.*[ ]\([BCDEGRST][BCDEGRST]*\)[ ][ ]*_\([_A-Za-z][_A-Za-z0-9]*\)$/\1 _\2 \2/p' | sed '/ __gnu_lto/d' \> conftest.nm
configure:6137: $? = 0
configure:6203: xcrun clang -o conftest -isysroot /Applications/Xcode.app/Contents/Developer/Platforms/iPhoneOS.platform/Developer/SDKs/iPhoneOS8.4.sdk -arch armv7s -O3 -g -mcpu=cortex-a8 -miphoneos-version-min=6.1 -arch armv7s -mcpu=cortex-a8 -miphoneos-version-min=6.1 -isysroot /Applications/Xcode.app/Contents/Developer/Platforms/iPhoneOS.platform/Developer/SDKs/iPhoneOS8.4.sdk -arch armv7s -O3 -g -mcpu=cortex-a8 -miphoneos-version-min=6.1 -I/Users/devmarcos/Documents/GitHubRepos/CreationVideoPlayer/VLCKit-2.2.2/MobileVLCKit/ImportedSources/vlc/contrib/arm-apple-darwin11-armv7s/include -g -DOPJ_STATIC -isysroot /Applications/Xcode.app/Contents/Developer/Platforms/iPhoneOS.platform/Developer/SDKs/iPhoneOS8.4.sdk -arch armv7s -O3 -g -mcpu=cortex-a8 -miphoneos-version-min=6.1 -arch armv7s -mcpu=cortex-a8 -miphoneos-version-min=6.1 -isysroot /Applications/Xcode.app/Contents/Developer/Platforms/iPhoneOS.platform/Developer/SDKs/iPhoneOS8.4.sdk -arch armv7s -O3 -g -mcpu=cortex-a8 -miphoneos-version-min=6.1 -I/Users/devmarcos/Documents/GitHubRepos/CreationVideoPlayer/VLCKit-2.2.2/MobileVLCKit/ImportedSources/vlc/contrib/arm-apple-darwin11-armv7s/include -L/Applications/Xcode.app/Contents/Developer/Platforms/iPhoneOS.platform/Developer/SDKs/iPhoneOS8.4.sdk/usr/lib -arch armv7s -isysroot /Applications/Xcode.app/Contents/Developer/Platforms/iPhoneOS.platform/Developer/SDKs/iPhoneOS8.4.sdk -Wl,-ios_version_min,6.1 -arch armv7s -Wl,-ios_version_min,6.1 -L/Applications/Xcode.app/Contents/Developer/Platforms/iPhoneOS.platform/Developer/SDKs/iPhoneOS8.4.sdk/usr/lib -arch armv7s -isysroot /Applications/Xcode.app/Contents/Developer/Platforms/iPhoneOS.platform/Developer/SDKs/iPhoneOS8.4.sdk -Wl,-ios_version_min,6.1 -L/Users/devmarcos/Documents/GitHubRepos/CreationVideoPlayer/VLCKit-2.2.2/MobileVLCKit/ImportedSources/vlc/contrib/arm-apple-darwin11-armv7s/lib conftest.c conftstm.o >&5
configure:6206: $? = 0
configure:6244: result: ok
configure:6281: checking for sysroot
configure:6311: result: no
configure:6527: checking for arm-apple-darwin11-mt
configure:6557: result: no
configure:6567: checking for mt
configure:6597: result: no
configure:6617: checking if : is a manifest tool
configure:6623: : '-?'
configure:6631: result: no
configure:6647: checking for arm-apple-darwin11-dsymutil
configure:6677: result: no
configure:6687: checking for dsymutil
configure:6703: found /usr/bin/dsymutil
configure:6714: result: dsymutil
configure:6739: checking for arm-apple-darwin11-nmedit
configure:6769: result: no
configure:6779: checking for nmedit
configure:6795: found /usr/bin/nmedit
configure:6806: result: nmedit
configure:6831: checking for arm-apple-darwin11-lipo
configure:6861: result: no
configure:6871: checking for lipo
configure:6887: found /usr/bin/lipo
configure:6898: result: lipo
configure:6923: checking for arm-apple-darwin11-otool
configure:6953: result: no
configure:6963: checking for otool
configure:6979: found /usr/bin/otool
configure:6990: result: otool
configure:7015: checking for arm-apple-darwin11-otool64
configure:7045: result: no
configure:7055: checking for otool64
configure:7085: result: no
configure:7130: checking for -single_module linker flag
xcrun clang -isysroot /Applications/Xcode.app/Contents/Developer/Platforms/iPhoneOS.platform/Developer/SDKs/iPhoneOS8.4.sdk -arch armv7s -O3 -g -mcpu=cortex-a8 -miphoneos-version-min=6.1 -arch armv7s -mcpu=cortex-a8 -miphoneos-version-min=6.1 -isysroot /Applications/Xcode.app/Contents/Developer/Platforms/iPhoneOS.platform/Developer/SDKs/iPhoneOS8.4.sdk -arch armv7s -O3 -g -mcpu=cortex-a8 -miphoneos-version-min=6.1 -I/Users/devmarcos/Documents/GitHubRepos/CreationVideoPlayer/VLCKit-2.2.2/MobileVLCKit/ImportedSources/vlc/contrib/arm-apple-darwin11-armv7s/include -g -DOPJ_STATIC -L/Applications/Xcode.app/Contents/Developer/Platforms/iPhoneOS.platform/Developer/SDKs/iPhoneOS8.4.sdk/usr/lib -arch armv7s -isysroot /Applications/Xcode.app/Contents/Developer/Platforms/iPhoneOS.platform/Developer/SDKs/iPhoneOS8.4.sdk -Wl,-ios_version_min,6.1 -arch armv7s -Wl,-ios_version_min,6.1 -L/Applications/Xcode.app/Contents/Developer/Platforms/iPhoneOS.platform/Developer/SDKs/iPhoneOS8.4.sdk/usr/lib -arch armv7s -isysroot /Applications/Xcode.app/Contents/Developer/Platforms/iPhoneOS.platform/Developer/SDKs/iPhoneOS8.4.sdk -Wl,-ios_version_min,6.1 -L/Users/devmarcos/Documents/GitHubRepos/CreationVideoPlayer/VLCKit-2.2.2/MobileVLCKit/ImportedSources/vlc/contrib/arm-apple-darwin11-armv7s/lib -o libconftest.dylib -dynamiclib -Wl,-single_module conftest.c
configure:7163: result: yes
configure:7166: checking for -exported_symbols_list linker flag
configure:7186: xcrun clang -o conftest -isysroot /Applications/Xcode.app/Contents/Developer/Platforms/iPhoneOS.platform/Developer/SDKs/iPhoneOS8.4.sdk -arch armv7s -O3 -g -mcpu=cortex-a8 -miphoneos-version-min=6.1 -arch armv7s -mcpu=cortex-a8 -miphoneos-version-min=6.1 -isysroot /Applications/Xcode.app/Contents/Developer/Platforms/iPhoneOS.platform/Developer/SDKs/iPhoneOS8.4.sdk -arch armv7s -O3 -g -mcpu=cortex-a8 -miphoneos-version-min=6.1 -I/Users/devmarcos/Documents/GitHubRepos/CreationVideoPlayer/VLCKit-2.2.2/MobileVLCKit/ImportedSources/vlc/contrib/arm-apple-darwin11-armv7s/include -g -DOPJ_STATIC -isysroot /Applications/Xcode.app/Contents/Developer/Platforms/iPhoneOS.platform/Developer/SDKs/iPhoneOS8.4.sdk -arch armv7s -O3 -g -mcpu=cortex-a8 -miphoneos-version-min=6.1 -arch armv7s -mcpu=cortex-a8 -miphoneos-version-min=6.1 -isysroot /Applications/Xcode.app/Contents/Developer/Platforms/iPhoneOS.platform/Developer/SDKs/iPhoneOS8.4.sdk -arch armv7s -O3 -g -mcpu=cortex-a8 -miphoneos-version-min=6.1 -I/Users/devmarcos/Documents/GitHubRepos/CreationVideoPlayer/VLCKit-2.2.2/MobileVLCKit/ImportedSources/vlc/contrib/arm-apple-darwin11-armv7s/include -L/Applications/Xcode.app/Contents/Developer/Platforms/iPhoneOS.platform/Developer/SDKs/iPhoneOS8.4.sdk/usr/lib -arch armv7s -isysroot /Applications/Xcode.app/Contents/Developer/Platforms/iPhoneOS.platform/Developer/SDKs/iPhoneOS8.4.sdk -Wl,-ios_version_min,6.1 -arch armv7s -Wl,-ios_version_min,6.1 -L/Applications/Xcode.app/Contents/Developer/Platforms/iPhoneOS.platform/Developer/SDKs/iPhoneOS8.4.sdk/usr/lib -arch armv7s -isysroot /Applications/Xcode.app/Contents/Developer/Platforms/iPhoneOS.platform/Developer/SDKs/iPhoneOS8.4.sdk -Wl,-ios_version_min,6.1 -L/Users/devmarcos/Documents/GitHubRepos/CreationVideoPlayer/VLCKit-2.2.2/MobileVLCKit/ImportedSources/vlc/contrib/arm-apple-darwin11-armv7s/lib -Wl,-exported_symbols_list,conftest.sym conftest.c  >&5
configure:7186: $? = 0
configure:7196: result: yes
configure:7199: checking for -force_load linker flag
xcrun clang -isysroot /Applications/Xcode.app/Contents/Developer/Platforms/iPhoneOS.platform/Developer/SDKs/iPhoneOS8.4.sdk -arch armv7s -O3 -g -mcpu=cortex-a8 -miphoneos-version-min=6.1 -arch armv7s -mcpu=cortex-a8 -miphoneos-version-min=6.1 -isysroot /Applications/Xcode.app/Contents/Developer/Platforms/iPhoneOS.platform/Developer/SDKs/iPhoneOS8.4.sdk -arch armv7s -O3 -g -mcpu=cortex-a8 -miphoneos-version-min=6.1 -I/Users/devmarcos/Documents/GitHubRepos/CreationVideoPlayer/VLCKit-2.2.2/MobileVLCKit/ImportedSources/vlc/contrib/arm-apple-darwin11-armv7s/include -g -DOPJ_STATIC -c -o conftest.o conftest.c
xcrun ar cru libconftest.a conftest.o
xcrun ranlib libconftest.a
xcrun clang -isysroot /Applications/Xcode.app/Contents/Developer/Platforms/iPhoneOS.platform/Developer/SDKs/iPhoneOS8.4.sdk -arch armv7s -O3 -g -mcpu=cortex-a8 -miphoneos-version-min=6.1 -arch armv7s -mcpu=cortex-a8 -miphoneos-version-min=6.1 -isysroot /Applications/Xcode.app/Contents/Developer/Platforms/iPhoneOS.platform/Developer/SDKs/iPhoneOS8.4.sdk -arch armv7s -O3 -g -mcpu=cortex-a8 -miphoneos-version-min=6.1 -I/Users/devmarcos/Documents/GitHubRepos/CreationVideoPlayer/VLCKit-2.2.2/MobileVLCKit/ImportedSources/vlc/contrib/arm-apple-darwin11-armv7s/include -g -DOPJ_STATIC -L/Applications/Xcode.app/Contents/Developer/Platforms/iPhoneOS.platform/Developer/SDKs/iPhoneOS8.4.sdk/usr/lib -arch armv7s -isysroot /Applications/Xcode.app/Contents/Developer/Platforms/iPhoneOS.platform/Developer/SDKs/iPhoneOS8.4.sdk -Wl,-ios_version_min,6.1 -arch armv7s -Wl,-ios_version_min,6.1 -L/Applications/Xcode.app/Contents/Developer/Platforms/iPhoneOS.platform/Developer/SDKs/iPhoneOS8.4.sdk/usr/lib -arch armv7s -isysroot /Applications/Xcode.app/Contents/Developer/Platforms/iPhoneOS.platform/Developer/SDKs/iPhoneOS8.4.sdk -Wl,-ios_version_min,6.1 -L/Users/devmarcos/Documents/GitHubRepos/CreationVideoPlayer/VLCKit-2.2.2/MobileVLCKit/ImportedSources/vlc/contrib/arm-apple-darwin11-armv7s/lib -o conftest conftest.c -Wl,-force_load,./libconftest.a
configure:7231: result: yes
configure:7273: checking how to run the C preprocessor
configure:7343: result: xcrun cc -E
configure:7363: xcrun cc -E -isysroot /Applications/Xcode.app/Contents/Developer/Platforms/iPhoneOS.platform/Developer/SDKs/iPhoneOS8.4.sdk -arch armv7s -O3 -g -mcpu=cortex-a8 -miphoneos-version-min=6.1 -arch armv7s -mcpu=cortex-a8 -miphoneos-version-min=6.1 -isysroot /Applications/Xcode.app/Contents/Developer/Platforms/iPhoneOS.platform/Developer/SDKs/iPhoneOS8.4.sdk -arch armv7s -O3 -g -mcpu=cortex-a8 -miphoneos-version-min=6.1 -I/Users/devmarcos/Documents/GitHubRepos/CreationVideoPlayer/VLCKit-2.2.2/MobileVLCKit/ImportedSources/vlc/contrib/arm-apple-darwin11-armv7s/include conftest.c
configure:7363: $? = 0
configure:7377: xcrun cc -E -isysroot /Applications/Xcode.app/Contents/Developer/Platforms/iPhoneOS.platform/Developer/SDKs/iPhoneOS8.4.sdk -arch armv7s -O3 -g -mcpu=cortex-a8 -miphoneos-version-min=6.1 -arch armv7s -mcpu=cortex-a8 -miphoneos-version-min=6.1 -isysroot /Applications/Xcode.app/Contents/Developer/Platforms/iPhoneOS.platform/Developer/SDKs/iPhoneOS8.4.sdk -arch armv7s -O3 -g -mcpu=cortex-a8 -miphoneos-version-min=6.1 -I/Users/devmarcos/Documents/GitHubRepos/CreationVideoPlayer/VLCKit-2.2.2/MobileVLCKit/ImportedSources/vlc/contrib/arm-apple-darwin11-armv7s/include conftest.c
conftest.c:11:10: fatal error: 'ac_nonexistent.h' file not found
#include <ac_nonexistent.h>
         ^
1 error generated.
configure:7377: $? = 1
configure: failed program was:
| /* confdefs.h */
| #define PACKAGE_NAME "OpenJPEG"
| #define PACKAGE_TARNAME "openjpeg"
| #define PACKAGE_VERSION "1.5.0"
| #define PACKAGE_STRING "OpenJPEG 1.5.0"
| #define PACKAGE_BUGREPORT "openjpeg@googlegroups.com"
| #define PACKAGE_URL "http://www.openjpeg.org"
| #define PACKAGE "openjpeg"
| #define VERSION "1.5.0"
| /* end confdefs.h.  */
| #include <ac_nonexistent.h>
configure:7406: checking for ANSI C header files
configure:7426: xcrun clang -c -isysroot /Applications/Xcode.app/Contents/Developer/Platforms/iPhoneOS.platform/Developer/SDKs/iPhoneOS8.4.sdk -arch armv7s -O3 -g -mcpu=cortex-a8 -miphoneos-version-min=6.1 -arch armv7s -mcpu=cortex-a8 -miphoneos-version-min=6.1 -isysroot /Applications/Xcode.app/Contents/Developer/Platforms/iPhoneOS.platform/Developer/SDKs/iPhoneOS8.4.sdk -arch armv7s -O3 -g -mcpu=cortex-a8 -miphoneos-version-min=6.1 -I/Users/devmarcos/Documents/GitHubRepos/CreationVideoPlayer/VLCKit-2.2.2/MobileVLCKit/ImportedSources/vlc/contrib/arm-apple-darwin11-armv7s/include -g -DOPJ_STATIC -isysroot /Applications/Xcode.app/Contents/Developer/Platforms/iPhoneOS.platform/Developer/SDKs/iPhoneOS8.4.sdk -arch armv7s -O3 -g -mcpu=cortex-a8 -miphoneos-version-min=6.1 -arch armv7s -mcpu=cortex-a8 -miphoneos-version-min=6.1 -isysroot /Applications/Xcode.app/Contents/Developer/Platforms/iPhoneOS.platform/Developer/SDKs/iPhoneOS8.4.sdk -arch armv7s -O3 -g -mcpu=cortex-a8 -miphoneos-version-min=6.1 -I/Users/devmarcos/Documents/GitHubRepos/CreationVideoPlayer/VLCKit-2.2.2/MobileVLCKit/ImportedSources/vlc/contrib/arm-apple-darwin11-armv7s/include conftest.c >&5
configure:7426: $? = 0
configure:7510: result: yes
configure:7523: checking for sys/types.h
configure:7523: xcrun clang -c -isysroot /Applications/Xcode.app/Contents/Developer/Platforms/iPhoneOS.platform/Developer/SDKs/iPhoneOS8.4.sdk -arch armv7s -O3 -g -mcpu=cortex-a8 -miphoneos-version-min=6.1 -arch armv7s -mcpu=cortex-a8 -miphoneos-version-min=6.1 -isysroot /Applications/Xcode.app/Contents/Developer/Platforms/iPhoneOS.platform/Developer/SDKs/iPhoneOS8.4.sdk -arch armv7s -O3 -g -mcpu=cortex-a8 -miphoneos-version-min=6.1 -I/Users/devmarcos/Documents/GitHubRepos/CreationVideoPlayer/VLCKit-2.2.2/MobileVLCKit/ImportedSources/vlc/contrib/arm-apple-darwin11-armv7s/include -g -DOPJ_STATIC -isysroot /Applications/Xcode.app/Contents/Developer/Platforms/iPhoneOS.platform/Developer/SDKs/iPhoneOS8.4.sdk -arch armv7s -O3 -g -mcpu=cortex-a8 -miphoneos-version-min=6.1 -arch armv7s -mcpu=cortex-a8 -miphoneos-version-min=6.1 -isysroot /Applications/Xcode.app/Contents/Developer/Platforms/iPhoneOS.platform/Developer/SDKs/iPhoneOS8.4.sdk -arch armv7s -O3 -g -mcpu=cortex-a8 -miphoneos-version-min=6.1 -I/Users/devmarcos/Documents/GitHubRepos/CreationVideoPlayer/VLCKit-2.2.2/MobileVLCKit/ImportedSources/vlc/contrib/arm-apple-darwin11-armv7s/include conftest.c >&5
configure:7523: $? = 0
configure:7523: result: yes
configure:7523: checking for sys/stat.h
configure:7523: xcrun clang -c -isysroot /Applications/Xcode.app/Contents/Developer/Platforms/iPhoneOS.platform/Developer/SDKs/iPhoneOS8.4.sdk -arch armv7s -O3 -g -mcpu=cortex-a8 -miphoneos-version-min=6.1 -arch armv7s -mcpu=cortex-a8 -miphoneos-version-min=6.1 -isysroot /Applications/Xcode.app/Contents/Developer/Platforms/iPhoneOS.platform/Developer/SDKs/iPhoneOS8.4.sdk -arch armv7s -O3 -g -mcpu=cortex-a8 -miphoneos-version-min=6.1 -I/Users/devmarcos/Documents/GitHubRepos/CreationVideoPlayer/VLCKit-2.2.2/MobileVLCKit/ImportedSources/vlc/contrib/arm-apple-darwin11-armv7s/include -g -DOPJ_STATIC -isysroot /Applications/Xcode.app/Contents/Developer/Platforms/iPhoneOS.platform/Developer/SDKs/iPhoneOS8.4.sdk -arch armv7s -O3 -g -mcpu=cortex-a8 -miphoneos-version-min=6.1 -arch armv7s -mcpu=cortex-a8 -miphoneos-version-min=6.1 -isysroot /Applications/Xcode.app/Contents/Developer/Platforms/iPhoneOS.platform/Developer/SDKs/iPhoneOS8.4.sdk -arch armv7s -O3 -g -mcpu=cortex-a8 -miphoneos-version-min=6.1 -I/Users/devmarcos/Documents/GitHubRepos/CreationVideoPlayer/VLCKit-2.2.2/MobileVLCKit/ImportedSources/vlc/contrib/arm-apple-darwin11-armv7s/include conftest.c >&5
configure:7523: $? = 0
configure:7523: result: yes
configure:7523: checking for stdlib.h
configure:7523: xcrun clang -c -isysroot /Applications/Xcode.app/Contents/Developer/Platforms/iPhoneOS.platform/Developer/SDKs/iPhoneOS8.4.sdk -arch armv7s -O3 -g -mcpu=cortex-a8 -miphoneos-version-min=6.1 -arch armv7s -mcpu=cortex-a8 -miphoneos-version-min=6.1 -isysroot /Applications/Xcode.app/Contents/Developer/Platforms/iPhoneOS.platform/Developer/SDKs/iPhoneOS8.4.sdk -arch armv7s -O3 -g -mcpu=cortex-a8 -miphoneos-version-min=6.1 -I/Users/devmarcos/Documents/GitHubRepos/CreationVideoPlayer/VLCKit-2.2.2/MobileVLCKit/ImportedSources/vlc/contrib/arm-apple-darwin11-armv7s/include -g -DOPJ_STATIC -isysroot /Applications/Xcode.app/Contents/Developer/Platforms/iPhoneOS.platform/Developer/SDKs/iPhoneOS8.4.sdk -arch armv7s -O3 -g -mcpu=cortex-a8 -miphoneos-version-min=6.1 -arch armv7s -mcpu=cortex-a8 -miphoneos-version-min=6.1 -isysroot /Applications/Xcode.app/Contents/Developer/Platforms/iPhoneOS.platform/Developer/SDKs/iPhoneOS8.4.sdk -arch armv7s -O3 -g -mcpu=cortex-a8 -miphoneos-version-min=6.1 -I/Users/devmarcos/Documents/GitHubRepos/CreationVideoPlayer/VLCKit-2.2.2/MobileVLCKit/ImportedSources/vlc/contrib/arm-apple-darwin11-armv7s/include conftest.c >&5
configure:7523: $? = 0
configure:7523: result: yes
configure:7523: checking for string.h
configure:7523: xcrun clang -c -isysroot /Applications/Xcode.app/Contents/Developer/Platforms/iPhoneOS.platform/Developer/SDKs/iPhoneOS8.4.sdk -arch armv7s -O3 -g -mcpu=cortex-a8 -miphoneos-version-min=6.1 -arch armv7s -mcpu=cortex-a8 -miphoneos-version-min=6.1 -isysroot /Applications/Xcode.app/Contents/Developer/Platforms/iPhoneOS.platform/Developer/SDKs/iPhoneOS8.4.sdk -arch armv7s -O3 -g -mcpu=cortex-a8 -miphoneos-version-min=6.1 -I/Users/devmarcos/Documents/GitHubRepos/CreationVideoPlayer/VLCKit-2.2.2/MobileVLCKit/ImportedSources/vlc/contrib/arm-apple-darwin11-armv7s/include -g -DOPJ_STATIC -isysroot /Applications/Xcode.app/Contents/Developer/Platforms/iPhoneOS.platform/Developer/SDKs/iPhoneOS8.4.sdk -arch armv7s -O3 -g -mcpu=cortex-a8 -miphoneos-version-min=6.1 -arch armv7s -mcpu=cortex-a8 -miphoneos-version-min=6.1 -isysroot /Applications/Xcode.app/Contents/Developer/Platforms/iPhoneOS.platform/Developer/SDKs/iPhoneOS8.4.sdk -arch armv7s -O3 -g -mcpu=cortex-a8 -miphoneos-version-min=6.1 -I/Users/devmarcos/Documents/GitHubRepos/CreationVideoPlayer/VLCKit-2.2.2/MobileVLCKit/ImportedSources/vlc/contrib/arm-apple-darwin11-armv7s/include conftest.c >&5
configure:7523: $? = 0
configure:7523: result: yes
configure:7523: checking for memory.h
configure:7523: xcrun clang -c -isysroot /Applications/Xcode.app/Contents/Developer/Platforms/iPhoneOS.platform/Developer/SDKs/iPhoneOS8.4.sdk -arch armv7s -O3 -g -mcpu=cortex-a8 -miphoneos-version-min=6.1 -arch armv7s -mcpu=cortex-a8 -miphoneos-version-min=6.1 -isysroot /Applications/Xcode.app/Contents/Developer/Platforms/iPhoneOS.platform/Developer/SDKs/iPhoneOS8.4.sdk -arch armv7s -O3 -g -mcpu=cortex-a8 -miphoneos-version-min=6.1 -I/Users/devmarcos/Documents/GitHubRepos/CreationVideoPlayer/VLCKit-2.2.2/MobileVLCKit/ImportedSources/vlc/contrib/arm-apple-darwin11-armv7s/include -g -DOPJ_STATIC -isysroot /Applications/Xcode.app/Contents/Developer/Platforms/iPhoneOS.platform/Developer/SDKs/iPhoneOS8.4.sdk -arch armv7s -O3 -g -mcpu=cortex-a8 -miphoneos-version-min=6.1 -arch armv7s -mcpu=cortex-a8 -miphoneos-version-min=6.1 -isysroot /Applications/Xcode.app/Contents/Developer/Platforms/iPhoneOS.platform/Developer/SDKs/iPhoneOS8.4.sdk -arch armv7s -O3 -g -mcpu=cortex-a8 -miphoneos-version-min=6.1 -I/Users/devmarcos/Documents/GitHubRepos/CreationVideoPlayer/VLCKit-2.2.2/MobileVLCKit/ImportedSources/vlc/contrib/arm-apple-darwin11-armv7s/include conftest.c >&5
configure:7523: $? = 0
configure:7523: result: yes
configure:7523: checking for strings.h
configure:7523: xcrun clang -c -isysroot /Applications/Xcode.app/Contents/Developer/Platforms/iPhoneOS.platform/Developer/SDKs/iPhoneOS8.4.sdk -arch armv7s -O3 -g -mcpu=cortex-a8 -miphoneos-version-min=6.1 -arch armv7s -mcpu=cortex-a8 -miphoneos-version-min=6.1 -isysroot /Applications/Xcode.app/Contents/Developer/Platforms/iPhoneOS.platform/Developer/SDKs/iPhoneOS8.4.sdk -arch armv7s -O3 -g -mcpu=cortex-a8 -miphoneos-version-min=6.1 -I/Users/devmarcos/Documents/GitHubRepos/CreationVideoPlayer/VLCKit-2.2.2/MobileVLCKit/ImportedSources/vlc/contrib/arm-apple-darwin11-armv7s/include -g -DOPJ_STATIC -isysroot /Applications/Xcode.app/Contents/Developer/Platforms/iPhoneOS.platform/Developer/SDKs/iPhoneOS8.4.sdk -arch armv7s -O3 -g -mcpu=cortex-a8 -miphoneos-version-min=6.1 -arch armv7s -mcpu=cortex-a8 -miphoneos-version-min=6.1 -isysroot /Applications/Xcode.app/Contents/Developer/Platforms/iPhoneOS.platform/Developer/SDKs/iPhoneOS8.4.sdk -arch armv7s -O3 -g -mcpu=cortex-a8 -miphoneos-version-min=6.1 -I/Users/devmarcos/Documents/GitHubRepos/CreationVideoPlayer/VLCKit-2.2.2/MobileVLCKit/ImportedSources/vlc/contrib/arm-apple-darwin11-armv7s/include conftest.c >&5
configure:7523: $? = 0
configure:7523: result: yes
configure:7523: checking for inttypes.h
configure:7523: xcrun clang -c -isysroot /Applications/Xcode.app/Contents/Developer/Platforms/iPhoneOS.platform/Developer/SDKs/iPhoneOS8.4.sdk -arch armv7s -O3 -g -mcpu=cortex-a8 -miphoneos-version-min=6.1 -arch armv7s -mcpu=cortex-a8 -miphoneos-version-min=6.1 -isysroot /Applications/Xcode.app/Contents/Developer/Platforms/iPhoneOS.platform/Developer/SDKs/iPhoneOS8.4.sdk -arch armv7s -O3 -g -mcpu=cortex-a8 -miphoneos-version-min=6.1 -I/Users/devmarcos/Documents/GitHubRepos/CreationVideoPlayer/VLCKit-2.2.2/MobileVLCKit/ImportedSources/vlc/contrib/arm-apple-darwin11-armv7s/include -g -DOPJ_STATIC -isysroot /Applications/Xcode.app/Contents/Developer/Platforms/iPhoneOS.platform/Developer/SDKs/iPhoneOS8.4.sdk -arch armv7s -O3 -g -mcpu=cortex-a8 -miphoneos-version-min=6.1 -arch armv7s -mcpu=cortex-a8 -miphoneos-version-min=6.1 -isysroot /Applications/Xcode.app/Contents/Developer/Platforms/iPhoneOS.platform/Developer/SDKs/iPhoneOS8.4.sdk -arch armv7s -O3 -g -mcpu=cortex-a8 -miphoneos-version-min=6.1 -I/Users/devmarcos/Documents/GitHubRepos/CreationVideoPlayer/VLCKit-2.2.2/MobileVLCKit/ImportedSources/vlc/contrib/arm-apple-darwin11-armv7s/include conftest.c >&5
configure:7523: $? = 0
configure:7523: result: yes
configure:7523: checking for stdint.h
configure:7523: xcrun clang -c -isysroot /Applications/Xcode.app/Contents/Developer/Platforms/iPhoneOS.platform/Developer/SDKs/iPhoneOS8.4.sdk -arch armv7s -O3 -g -mcpu=cortex-a8 -miphoneos-version-min=6.1 -arch armv7s -mcpu=cortex-a8 -miphoneos-version-min=6.1 -isysroot /Applications/Xcode.app/Contents/Developer/Platforms/iPhoneOS.platform/Developer/SDKs/iPhoneOS8.4.sdk -arch armv7s -O3 -g -mcpu=cortex-a8 -miphoneos-version-min=6.1 -I/Users/devmarcos/Documents/GitHubRepos/CreationVideoPlayer/VLCKit-2.2.2/MobileVLCKit/ImportedSources/vlc/contrib/arm-apple-darwin11-armv7s/include -g -DOPJ_STATIC -isysroot /Applications/Xcode.app/Contents/Developer/Platforms/iPhoneOS.platform/Developer/SDKs/iPhoneOS8.4.sdk -arch armv7s -O3 -g -mcpu=cortex-a8 -miphoneos-version-min=6.1 -arch armv7s -mcpu=cortex-a8 -miphoneos-version-min=6.1 -isysroot /Applications/Xcode.app/Contents/Developer/Platforms/iPhoneOS.platform/Developer/SDKs/iPhoneOS8.4.sdk -arch armv7s -O3 -g -mcpu=cortex-a8 -miphoneos-version-min=6.1 -I/Users/devmarcos/Documents/GitHubRepos/CreationVideoPlayer/VLCKit-2.2.2/MobileVLCKit/ImportedSources/vlc/contrib/arm-apple-darwin11-armv7s/include conftest.c >&5
configure:7523: $? = 0
configure:7523: result: yes
configure:7523: checking for unistd.h
configure:7523: xcrun clang -c -isysroot /Applications/Xcode.app/Contents/Developer/Platforms/iPhoneOS.platform/Developer/SDKs/iPhoneOS8.4.sdk -arch armv7s -O3 -g -mcpu=cortex-a8 -miphoneos-version-min=6.1 -arch armv7s -mcpu=cortex-a8 -miphoneos-version-min=6.1 -isysroot /Applications/Xcode.app/Contents/Developer/Platforms/iPhoneOS.platform/Developer/SDKs/iPhoneOS8.4.sdk -arch armv7s -O3 -g -mcpu=cortex-a8 -miphoneos-version-min=6.1 -I/Users/devmarcos/Documents/GitHubRepos/CreationVideoPlayer/VLCKit-2.2.2/MobileVLCKit/ImportedSources/vlc/contrib/arm-apple-darwin11-armv7s/include -g -DOPJ_STATIC -isysroot /Applications/Xcode.app/Contents/Developer/Platforms/iPhoneOS.platform/Developer/SDKs/iPhoneOS8.4.sdk -arch armv7s -O3 -g -mcpu=cortex-a8 -miphoneos-version-min=6.1 -arch armv7s -mcpu=cortex-a8 -miphoneos-version-min=6.1 -isysroot /Applications/Xcode.app/Contents/Developer/Platforms/iPhoneOS.platform/Developer/SDKs/iPhoneOS8.4.sdk -arch armv7s -O3 -g -mcpu=cortex-a8 -miphoneos-version-min=6.1 -I/Users/devmarcos/Documents/GitHubRepos/CreationVideoPlayer/VLCKit-2.2.2/MobileVLCKit/ImportedSources/vlc/contrib/arm-apple-darwin11-armv7s/include conftest.c >&5
configure:7523: $? = 0
configure:7523: result: yes
configure:7537: checking for dlfcn.h
configure:7537: xcrun clang -c -isysroot /Applications/Xcode.app/Contents/Developer/Platforms/iPhoneOS.platform/Developer/SDKs/iPhoneOS8.4.sdk -arch armv7s -O3 -g -mcpu=cortex-a8 -miphoneos-version-min=6.1 -arch armv7s -mcpu=cortex-a8 -miphoneos-version-min=6.1 -isysroot /Applications/Xcode.app/Contents/Developer/Platforms/iPhoneOS.platform/Developer/SDKs/iPhoneOS8.4.sdk -arch armv7s -O3 -g -mcpu=cortex-a8 -miphoneos-version-min=6.1 -I/Users/devmarcos/Documents/GitHubRepos/CreationVideoPlayer/VLCKit-2.2.2/MobileVLCKit/ImportedSources/vlc/contrib/arm-apple-darwin11-armv7s/include -g -DOPJ_STATIC -isysroot /Applications/Xcode.app/Contents/Developer/Platforms/iPhoneOS.platform/Developer/SDKs/iPhoneOS8.4.sdk -arch armv7s -O3 -g -mcpu=cortex-a8 -miphoneos-version-min=6.1 -arch armv7s -mcpu=cortex-a8 -miphoneos-version-min=6.1 -isysroot /Applications/Xcode.app/Contents/Developer/Platforms/iPhoneOS.platform/Developer/SDKs/iPhoneOS8.4.sdk -arch armv7s -O3 -g -mcpu=cortex-a8 -miphoneos-version-min=6.1 -I/Users/devmarcos/Documents/GitHubRepos/CreationVideoPlayer/VLCKit-2.2.2/MobileVLCKit/ImportedSources/vlc/contrib/arm-apple-darwin11-armv7s/include conftest.c >&5
configure:7537: $? = 0
configure:7537: result: yes
configure:8041: checking for objdir
configure:8056: result: .libs
configure:8327: checking if xcrun clang supports -fno-rtti -fno-exceptions
configure:8345: xcrun clang -c -isysroot /Applications/Xcode.app/Contents/Developer/Platforms/iPhoneOS.platform/Developer/SDKs/iPhoneOS8.4.sdk -arch armv7s -O3 -g -mcpu=cortex-a8 -miphoneos-version-min=6.1 -arch armv7s -mcpu=cortex-a8 -miphoneos-version-min=6.1 -isysroot /Applications/Xcode.app/Contents/Developer/Platforms/iPhoneOS.platform/Developer/SDKs/iPhoneOS8.4.sdk -arch armv7s -O3 -g -mcpu=cortex-a8 -miphoneos-version-min=6.1 -I/Users/devmarcos/Documents/GitHubRepos/CreationVideoPlayer/VLCKit-2.2.2/MobileVLCKit/ImportedSources/vlc/contrib/arm-apple-darwin11-armv7s/include -g -DOPJ_STATIC -isysroot /Applications/Xcode.app/Contents/Developer/Platforms/iPhoneOS.platform/Developer/SDKs/iPhoneOS8.4.sdk -arch armv7s -O3 -g -mcpu=cortex-a8 -miphoneos-version-min=6.1 -arch armv7s -mcpu=cortex-a8 -miphoneos-version-min=6.1 -isysroot /Applications/Xcode.app/Contents/Developer/Platforms/iPhoneOS.platform/Developer/SDKs/iPhoneOS8.4.sdk -arch armv7s -O3 -g -mcpu=cortex-a8 -miphoneos-version-min=6.1 -I/Users/devmarcos/Documents/GitHubRepos/CreationVideoPlayer/VLCKit-2.2.2/MobileVLCKit/ImportedSources/vlc/contrib/arm-apple-darwin11-armv7s/include -fno-rtti -fno-exceptions conftest.c >&5
configure:8349: $? = 0
configure:8362: result: yes
configure:8689: checking for xcrun clang option to produce PIC
configure:8696: result: -fno-common -DPIC
configure:8704: checking if xcrun clang PIC flag -fno-common -DPIC works
configure:8722: xcrun clang -c -isysroot /Applications/Xcode.app/Contents/Developer/Platforms/iPhoneOS.platform/Developer/SDKs/iPhoneOS8.4.sdk -arch armv7s -O3 -g -mcpu=cortex-a8 -miphoneos-version-min=6.1 -arch armv7s -mcpu=cortex-a8 -miphoneos-version-min=6.1 -isysroot /Applications/Xcode.app/Contents/Developer/Platforms/iPhoneOS.platform/Developer/SDKs/iPhoneOS8.4.sdk -arch armv7s -O3 -g -mcpu=cortex-a8 -miphoneos-version-min=6.1 -I/Users/devmarcos/Documents/GitHubRepos/CreationVideoPlayer/VLCKit-2.2.2/MobileVLCKit/ImportedSources/vlc/contrib/arm-apple-darwin11-armv7s/include -g -DOPJ_STATIC -isysroot /Applications/Xcode.app/Contents/Developer/Platforms/iPhoneOS.platform/Developer/SDKs/iPhoneOS8.4.sdk -arch armv7s -O3 -g -mcpu=cortex-a8 -miphoneos-version-min=6.1 -arch armv7s -mcpu=cortex-a8 -miphoneos-version-min=6.1 -isysroot /Applications/Xcode.app/Contents/Developer/Platforms/iPhoneOS.platform/Developer/SDKs/iPhoneOS8.4.sdk -arch armv7s -O3 -g -mcpu=cortex-a8 -miphoneos-version-min=6.1 -I/Users/devmarcos/Documents/GitHubRepos/CreationVideoPlayer/VLCKit-2.2.2/MobileVLCKit/ImportedSources/vlc/contrib/arm-apple-darwin11-armv7s/include -fno-common -DPIC -DPIC conftest.c >&5
configure:8726: $? = 0
configure:8739: result: yes
configure:8768: checking if xcrun clang static flag -static works
configure:8796: result: no
configure:8811: checking if xcrun clang supports -c -o file.o
configure:8832: xcrun clang -c -isysroot /Applications/Xcode.app/Contents/Developer/Platforms/iPhoneOS.platform/Developer/SDKs/iPhoneOS8.4.sdk -arch armv7s -O3 -g -mcpu=cortex-a8 -miphoneos-version-min=6.1 -arch armv7s -mcpu=cortex-a8 -miphoneos-version-min=6.1 -isysroot /Applications/Xcode.app/Contents/Developer/Platforms/iPhoneOS.platform/Developer/SDKs/iPhoneOS8.4.sdk -arch armv7s -O3 -g -mcpu=cortex-a8 -miphoneos-version-min=6.1 -I/Users/devmarcos/Documents/GitHubRepos/CreationVideoPlayer/VLCKit-2.2.2/MobileVLCKit/ImportedSources/vlc/contrib/arm-apple-darwin11-armv7s/include -g -DOPJ_STATIC -isysroot /Applications/Xcode.app/Contents/Developer/Platforms/iPhoneOS.platform/Developer/SDKs/iPhoneOS8.4.sdk -arch armv7s -O3 -g -mcpu=cortex-a8 -miphoneos-version-min=6.1 -arch armv7s -mcpu=cortex-a8 -miphoneos-version-min=6.1 -isysroot /Applications/Xcode.app/Contents/Developer/Platforms/iPhoneOS.platform/Developer/SDKs/iPhoneOS8.4.sdk -arch armv7s -O3 -g -mcpu=cortex-a8 -miphoneos-version-min=6.1 -I/Users/devmarcos/Documents/GitHubRepos/CreationVideoPlayer/VLCKit-2.2.2/MobileVLCKit/ImportedSources/vlc/contrib/arm-apple-darwin11-armv7s/include -o out/conftest2.o conftest.c >&5
configure:8836: $? = 0
configure:8858: result: yes
configure:8866: checking if xcrun clang supports -c -o file.o
configure:8913: result: yes
configure:8946: checking whether the xcrun clang linker (xcrun ld) supports shared libraries
configure:10099: result: yes
configure:10339: checking dynamic linker characteristics
configure:11072: result: darwin11 dyld
configure:11179: checking how to hardcode library paths into programs
configure:11204: result: immediate
configure:11744: checking whether stripping libraries is possible
configure:11758: result: yes
configure:11784: checking if libtool supports shared libraries
configure:11786: result: yes
configure:11789: checking whether to build shared libraries
configure:11810: result: no
configure:11813: checking whether to build static libraries
configure:11817: result: yes
configure:11908: checking whether to build in debug mode
configure:11910: result: no
configure:11929: checking whether to build the MJ2 binaries
configure:11931: result: no
configure:11965: checking whether to build the JPWL library
configure:11967: result: no
configure:11995: checking whether to build the JPIP library
configure:11997: result: no
configure:12014: checking whether to build the JPIP server
configure:12016: result: no
configure:12030: checking for arm-apple-darwin11-gcc
configure:12057: result: xcrun clang
configure:12326: checking for C compiler version
configure:12335: xcrun clang --version >&5
Apple LLVM version 6.1.0 (clang-602.0.53) (based on LLVM 3.6.0svn)
Target: x86_64-apple-darwin14.5.0
Thread model: posix
configure:12346: $? = 0
configure:12335: xcrun clang -v >&5
Apple LLVM version 6.1.0 (clang-602.0.53) (based on LLVM 3.6.0svn)
Target: x86_64-apple-darwin14.5.0
Thread model: posix
configure:12346: $? = 0
configure:12335: xcrun clang -V >&5
clang: error: argument to '-V' is missing (expected 1 value)
clang: error: no input files
configure:12346: $? = 1
configure:12335: xcrun clang -qversion >&5
clang: error: unknown argument: '-qversion'
clang: error: no input files
configure:12346: $? = 1
configure:12350: checking whether we are using the GNU C compiler
configure:12378: result: yes
configure:12387: checking whether xcrun clang accepts -g
configure:12448: result: yes
configure:12465: checking for xcrun clang option to accept ISO C89
configure:12541: result: none needed
configure:12566: checking whether xcrun clang understands -c and -o together
configure:12603: result: yes
configure:12622: checking dependency style of xcrun clang
configure:12733: result: none
configure:12761: checking for arm-apple-darwin11-pkg-config
configure:12794: result: no
configure:12804: checking for pkg-config
configure:12822: found /Users/devmarcos/Documents/GitHubRepos/CreationVideoPlayer/VLCKit-2.2.2/MobileVLCKit/ImportedSources/vlc/extras/tools/build/bin/pkg-config
configure:12834: result: /Users/devmarcos/Documents/GitHubRepos/CreationVideoPlayer/VLCKit-2.2.2/MobileVLCKit/ImportedSources/vlc/extras/tools/build/bin/pkg-config
configure:12859: checking pkg-config is at least version 0.9.0
configure:12862: result: yes
configure:12898: checking whether to build documentation
configure:12900: result: yes
configure:12964: checking for doxygen
configure:12992: result: no
configure:13009: WARNING: no doxygen detected. Documentation will not be built
configure:13041: checking whether ln -s works
configure:13045: result: yes
configure:13074: checking whether to build with PNG support
configure:13076: result: no
configure:14848: checking whether PNG is available
configure:14850: result: no
configure:14886: checking whether to build with TIFF support
configure:14888: result: no
configure:15250: checking whether TIFF is available
configure:15252: result: no
configure:15289: checking whether to build with LCMS-2 support
configure:15291: result: yes
configure:15297: checking for LCMS2
configure:15304: $PKG_CONFIG --exists --print-errors "lcms2"
Package lcms2 was not found in the pkg-config search path.
Perhaps you should add the directory containing `lcms2.pc'
to the PKG_CONFIG_PATH environment variable
No package 'lcms2' found
configure:15307: $? = 1
configure:15320: $PKG_CONFIG --exists --print-errors "lcms2"
Package lcms2 was not found in the pkg-config search path.
Perhaps you should add the directory containing `lcms2.pc'
to the PKG_CONFIG_PATH environment variable
No package 'lcms2' found
configure:15323: $? = 1
configure:15336: result: no
No package 'lcms2' found
configure:15366: checking whether LCMS-2 is available
configure:15368: result: no
configure:15394: checking whether to build with LCMS-1 support
configure:15396: result: yes
configure:15404: checking for LCMS1
configure:15411: $PKG_CONFIG --exists --print-errors "lcms1"
Package lcms1 was not found in the pkg-config search path.
Perhaps you should add the directory containing `lcms1.pc'
to the PKG_CONFIG_PATH environment variable
No package 'lcms1' found
configure:15414: $? = 1
configure:15427: $PKG_CONFIG --exists --print-errors "lcms1"
Package lcms1 was not found in the pkg-config search path.
Perhaps you should add the directory containing `lcms1.pc'
to the PKG_CONFIG_PATH environment variable
No package 'lcms1' found
configure:15430: $? = 1
configure:15443: result: no
No package 'lcms1' found
configure:15461: checking for LCMS1
configure:15468: $PKG_CONFIG --exists --print-errors "lcms"
Package lcms was not found in the pkg-config search path.
Perhaps you should add the directory containing `lcms.pc'
to the PKG_CONFIG_PATH environment variable
No package 'lcms' found
configure:15471: $? = 1
configure:15484: $PKG_CONFIG --exists --print-errors "lcms"
Package lcms was not found in the pkg-config search path.
Perhaps you should add the directory containing `lcms.pc'
to the PKG_CONFIG_PATH environment variable
No package 'lcms' found
configure:15487: $? = 1
configure:15500: result: no
No package 'lcms' found
configure:15609: checking whether LCMS-1 is available
configure:15611: result: no
configure:16175: checking for dirent.h that defines DIR
configure:16194: xcrun clang -c -isysroot /Applications/Xcode.app/Contents/Developer/Platforms/iPhoneOS.platform/Developer/SDKs/iPhoneOS8.4.sdk -arch armv7s -O3 -g -mcpu=cortex-a8 -miphoneos-version-min=6.1 -arch armv7s -mcpu=cortex-a8 -miphoneos-version-min=6.1 -isysroot /Applications/Xcode.app/Contents/Developer/Platforms/iPhoneOS.platform/Developer/SDKs/iPhoneOS8.4.sdk -arch armv7s -O3 -g -mcpu=cortex-a8 -miphoneos-version-min=6.1 -I/Users/devmarcos/Documents/GitHubRepos/CreationVideoPlayer/VLCKit-2.2.2/MobileVLCKit/ImportedSources/vlc/contrib/arm-apple-darwin11-armv7s/include -g -DOPJ_STATIC -isysroot /Applications/Xcode.app/Contents/Developer/Platforms/iPhoneOS.platform/Developer/SDKs/iPhoneOS8.4.sdk -arch armv7s -O3 -g -mcpu=cortex-a8 -miphoneos-version-min=6.1 -arch armv7s -mcpu=cortex-a8 -miphoneos-version-min=6.1 -isysroot /Applications/Xcode.app/Contents/Developer/Platforms/iPhoneOS.platform/Developer/SDKs/iPhoneOS8.4.sdk -arch armv7s -O3 -g -mcpu=cortex-a8 -miphoneos-version-min=6.1 -I/Users/devmarcos/Documents/GitHubRepos/CreationVideoPlayer/VLCKit-2.2.2/MobileVLCKit/ImportedSources/vlc/contrib/arm-apple-darwin11-armv7s/include conftest.c >&5
configure:16194: $? = 0
configure:16202: result: yes
configure:16215: checking for library containing opendir
configure:16246: xcrun clang -o conftest -isysroot /Applications/Xcode.app/Contents/Developer/Platforms/iPhoneOS.platform/Developer/SDKs/iPhoneOS8.4.sdk -arch armv7s -O3 -g -mcpu=cortex-a8 -miphoneos-version-min=6.1 -arch armv7s -mcpu=cortex-a8 -miphoneos-version-min=6.1 -isysroot /Applications/Xcode.app/Contents/Developer/Platforms/iPhoneOS.platform/Developer/SDKs/iPhoneOS8.4.sdk -arch armv7s -O3 -g -mcpu=cortex-a8 -miphoneos-version-min=6.1 -I/Users/devmarcos/Documents/GitHubRepos/CreationVideoPlayer/VLCKit-2.2.2/MobileVLCKit/ImportedSources/vlc/contrib/arm-apple-darwin11-armv7s/include -g -DOPJ_STATIC -isysroot /Applications/Xcode.app/Contents/Developer/Platforms/iPhoneOS.platform/Developer/SDKs/iPhoneOS8.4.sdk -arch armv7s -O3 -g -mcpu=cortex-a8 -miphoneos-version-min=6.1 -arch armv7s -mcpu=cortex-a8 -miphoneos-version-min=6.1 -isysroot /Applications/Xcode.app/Contents/Developer/Platforms/iPhoneOS.platform/Developer/SDKs/iPhoneOS8.4.sdk -arch armv7s -O3 -g -mcpu=cortex-a8 -miphoneos-version-min=6.1 -I/Users/devmarcos/Documents/GitHubRepos/CreationVideoPlayer/VLCKit-2.2.2/MobileVLCKit/ImportedSources/vlc/contrib/arm-apple-darwin11-armv7s/include -L/Applications/Xcode.app/Contents/Developer/Platforms/iPhoneOS.platform/Developer/SDKs/iPhoneOS8.4.sdk/usr/lib -arch armv7s -isysroot /Applications/Xcode.app/Contents/Developer/Platforms/iPhoneOS.platform/Developer/SDKs/iPhoneOS8.4.sdk -Wl,-ios_version_min,6.1 -arch armv7s -Wl,-ios_version_min,6.1 -L/Applications/Xcode.app/Contents/Developer/Platforms/iPhoneOS.platform/Developer/SDKs/iPhoneOS8.4.sdk/usr/lib -arch armv7s -isysroot /Applications/Xcode.app/Contents/Developer/Platforms/iPhoneOS.platform/Developer/SDKs/iPhoneOS8.4.sdk -Wl,-ios_version_min,6.1 -L/Users/devmarcos/Documents/GitHubRepos/CreationVideoPlayer/VLCKit-2.2.2/MobileVLCKit/ImportedSources/vlc/contrib/arm-apple-darwin11-armv7s/lib conftest.c  >&5
configure:16246: $? = 0
configure:16263: result: none required
configure:16341: checking whether byte ordering is bigendian
configure:16356: xcrun clang -c -isysroot /Applications/Xcode.app/Contents/Developer/Platforms/iPhoneOS.platform/Developer/SDKs/iPhoneOS8.4.sdk -arch armv7s -O3 -g -mcpu=cortex-a8 -miphoneos-version-min=6.1 -arch armv7s -mcpu=cortex-a8 -miphoneos-version-min=6.1 -isysroot /Applications/Xcode.app/Contents/Developer/Platforms/iPhoneOS.platform/Developer/SDKs/iPhoneOS8.4.sdk -arch armv7s -O3 -g -mcpu=cortex-a8 -miphoneos-version-min=6.1 -I/Users/devmarcos/Documents/GitHubRepos/CreationVideoPlayer/VLCKit-2.2.2/MobileVLCKit/ImportedSources/vlc/contrib/arm-apple-darwin11-armv7s/include -g -DOPJ_STATIC -isysroot /Applications/Xcode.app/Contents/Developer/Platforms/iPhoneOS.platform/Developer/SDKs/iPhoneOS8.4.sdk -arch armv7s -O3 -g -mcpu=cortex-a8 -miphoneos-version-min=6.1 -arch armv7s -mcpu=cortex-a8 -miphoneos-version-min=6.1 -isysroot /Applications/Xcode.app/Contents/Developer/Platforms/iPhoneOS.platform/Developer/SDKs/iPhoneOS8.4.sdk -arch armv7s -O3 -g -mcpu=cortex-a8 -miphoneos-version-min=6.1 -I/Users/devmarcos/Documents/GitHubRepos/CreationVideoPlayer/VLCKit-2.2.2/MobileVLCKit/ImportedSources/vlc/contrib/arm-apple-darwin11-armv7s/include conftest.c >&5
configure:16356: $? = 0
configure:16401: xcrun clang -c -isysroot /Applications/Xcode.app/Contents/Developer/Platforms/iPhoneOS.platform/Developer/SDKs/iPhoneOS8.4.sdk -arch armv7s -O3 -g -mcpu=cortex-a8 -miphoneos-version-min=6.1 -arch armv7s -mcpu=cortex-a8 -miphoneos-version-min=6.1 -isysroot /Applications/Xcode.app/Contents/Developer/Platforms/iPhoneOS.platform/Developer/SDKs/iPhoneOS8.4.sdk -arch armv7s -O3 -g -mcpu=cortex-a8 -miphoneos-version-min=6.1 -I/Users/devmarcos/Documents/GitHubRepos/CreationVideoPlayer/VLCKit-2.2.2/MobileVLCKit/ImportedSources/vlc/contrib/arm-apple-darwin11-armv7s/include -g -DOPJ_STATIC -isysroot /Applications/Xcode.app/Contents/Developer/Platforms/iPhoneOS.platform/Developer/SDKs/iPhoneOS8.4.sdk -arch armv7s -O3 -g -mcpu=cortex-a8 -miphoneos-version-min=6.1 -arch armv7s -mcpu=cortex-a8 -miphoneos-version-min=6.1 -isysroot /Applications/Xcode.app/Contents/Developer/Platforms/iPhoneOS.platform/Developer/SDKs/iPhoneOS8.4.sdk -arch armv7s -O3 -g -mcpu=cortex-a8 -miphoneos-version-min=6.1 -I/Users/devmarcos/Documents/GitHubRepos/CreationVideoPlayer/VLCKit-2.2.2/MobileVLCKit/ImportedSources/vlc/contrib/arm-apple-darwin11-armv7s/include conftest.c >&5
configure:16401: $? = 0
configure:16419: xcrun clang -c -isysroot /Applications/Xcode.app/Contents/Developer/Platforms/iPhoneOS.platform/Developer/SDKs/iPhoneOS8.4.sdk -arch armv7s -O3 -g -mcpu=cortex-a8 -miphoneos-version-min=6.1 -arch armv7s -mcpu=cortex-a8 -miphoneos-version-min=6.1 -isysroot /Applications/Xcode.app/Contents/Developer/Platforms/iPhoneOS.platform/Developer/SDKs/iPhoneOS8.4.sdk -arch armv7s -O3 -g -mcpu=cortex-a8 -miphoneos-version-min=6.1 -I/Users/devmarcos/Documents/GitHubRepos/CreationVideoPlayer/VLCKit-2.2.2/MobileVLCKit/ImportedSources/vlc/contrib/arm-apple-darwin11-armv7s/include -g -DOPJ_STATIC -isysroot /Applications/Xcode.app/Contents/Developer/Platforms/iPhoneOS.platform/Developer/SDKs/iPhoneOS8.4.sdk -arch armv7s -O3 -g -mcpu=cortex-a8 -miphoneos-version-min=6.1 -arch armv7s -mcpu=cortex-a8 -miphoneos-version-min=6.1 -isysroot /Applications/Xcode.app/Contents/Developer/Platforms/iPhoneOS.platform/Developer/SDKs/iPhoneOS8.4.sdk -arch armv7s -O3 -g -mcpu=cortex-a8 -miphoneos-version-min=6.1 -I/Users/devmarcos/Documents/GitHubRepos/CreationVideoPlayer/VLCKit-2.2.2/MobileVLCKit/ImportedSources/vlc/contrib/arm-apple-darwin11-armv7s/include conftest.c >&5
conftest.c:31:4: error: use of undeclared identifier 'not'
                 not big endian
                 ^
1 error generated.
configure:16419: $? = 1
configure: failed program was:
| /* confdefs.h */
| #define PACKAGE_NAME "OpenJPEG"
| #define PACKAGE_TARNAME "openjpeg"
| #define PACKAGE_VERSION "1.5.0"
| #define PACKAGE_STRING "OpenJPEG 1.5.0"
| #define PACKAGE_BUGREPORT "openjpeg@googlegroups.com"
| #define PACKAGE_URL "http://www.openjpeg.org"
| #define PACKAGE "openjpeg"
| #define VERSION "1.5.0"
| #define STDC_HEADERS 1
| #define HAVE_SYS_TYPES_H 1
| #define HAVE_SYS_STAT_H 1
| #define HAVE_STDLIB_H 1
| #define HAVE_STRING_H 1
| #define HAVE_MEMORY_H 1
| #define HAVE_STRINGS_H 1
| #define HAVE_INTTYPES_H 1
| #define HAVE_STDINT_H 1
| #define HAVE_UNISTD_H 1
| #define HAVE_DLFCN_H 1
| #define LT_OBJDIR ".libs/"
| #define HAVE_DIRENT_H 1
| /* end confdefs.h.  */
| #include <sys/types.h>
| 		#include <sys/param.h>
| 
| int
| main ()
| {
| #if BYTE_ORDER != BIG_ENDIAN
| 		 not big endian
| 		#endif
| 
|   ;
|   return 0;
| }
configure:16547: result: no
configure:16581: checking whether the compiler supports -Wno-unused-result
configure:16595: xcrun clang -c -isysroot /Applications/Xcode.app/Contents/Developer/Platforms/iPhoneOS.platform/Developer/SDKs/iPhoneOS8.4.sdk -arch armv7s -O3 -g -mcpu=cortex-a8 -miphoneos-version-min=6.1 -arch armv7s -mcpu=cortex-a8 -miphoneos-version-min=6.1 -isysroot /Applications/Xcode.app/Contents/Developer/Platforms/iPhoneOS.platform/Developer/SDKs/iPhoneOS8.4.sdk -arch armv7s -O3 -g -mcpu=cortex-a8 -miphoneos-version-min=6.1 -I/Users/devmarcos/Documents/GitHubRepos/CreationVideoPlayer/VLCKit-2.2.2/MobileVLCKit/ImportedSources/vlc/contrib/arm-apple-darwin11-armv7s/include -g -DOPJ_STATIC -Wno-unused-result -isysroot /Applications/Xcode.app/Contents/Developer/Platforms/iPhoneOS.platform/Developer/SDKs/iPhoneOS8.4.sdk -arch armv7s -O3 -g -mcpu=cortex-a8 -miphoneos-version-min=6.1 -arch armv7s -mcpu=cortex-a8 -miphoneos-version-min=6.1 -isysroot /Applications/Xcode.app/Contents/Developer/Platforms/iPhoneOS.platform/Developer/SDKs/iPhoneOS8.4.sdk -arch armv7s -O3 -g -mcpu=cortex-a8 -miphoneos-version-min=6.1 -I/Users/devmarcos/Documents/GitHubRepos/CreationVideoPlayer/VLCKit-2.2.2/MobileVLCKit/ImportedSources/vlc/contrib/arm-apple-darwin11-armv7s/include conftest.c >&5
configure:16595: $? = 0
configure:16601: result: yes
configure:16719: checking whether the compiler supports -O3
configure:16733: xcrun clang -c -isysroot /Applications/Xcode.app/Contents/Developer/Platforms/iPhoneOS.platform/Developer/SDKs/iPhoneOS8.4.sdk -arch armv7s -O3 -g -mcpu=cortex-a8 -miphoneos-version-min=6.1 -arch armv7s -mcpu=cortex-a8 -miphoneos-version-min=6.1 -isysroot /Applications/Xcode.app/Contents/Developer/Platforms/iPhoneOS.platform/Developer/SDKs/iPhoneOS8.4.sdk -arch armv7s -O3 -g -mcpu=cortex-a8 -miphoneos-version-min=6.1 -I/Users/devmarcos/Documents/GitHubRepos/CreationVideoPlayer/VLCKit-2.2.2/MobileVLCKit/ImportedSources/vlc/contrib/arm-apple-darwin11-armv7s/include -g -DOPJ_STATIC -Wno-unused-result -O3 -isysroot /Applications/Xcode.app/Contents/Developer/Platforms/iPhoneOS.platform/Developer/SDKs/iPhoneOS8.4.sdk -arch armv7s -O3 -g -mcpu=cortex-a8 -miphoneos-version-min=6.1 -arch armv7s -mcpu=cortex-a8 -miphoneos-version-min=6.1 -isysroot /Applications/Xcode.app/Contents/Developer/Platforms/iPhoneOS.platform/Developer/SDKs/iPhoneOS8.4.sdk -arch armv7s -O3 -g -mcpu=cortex-a8 -miphoneos-version-min=6.1 -I/Users/devmarcos/Documents/GitHubRepos/CreationVideoPlayer/VLCKit-2.2.2/MobileVLCKit/ImportedSources/vlc/contrib/arm-apple-darwin11-armv7s/include conftest.c >&5
configure:16733: $? = 0
configure:16739: result: yes
configure:16894: checking that generated files are newer than configure
configure:16900: result: done
configure:16976: creating ./config.status

## ---------------------- ##
## Running config.status. ##
## ---------------------- ##

This file was extended by OpenJPEG config.status 1.5.0, which was
generated by GNU Autoconf 2.69.  Invocation command line was

  CONFIG_FILES    = 
  CONFIG_HEADERS  = 
  CONFIG_LINKS    = 
  CONFIG_COMMANDS = 
  $ ./config.status 

on Mac-Mini-Marcos.local

config.status:1166: creating Makefile
config.status:1166: creating libopenjpeg1.pc
config.status:1166: creating libopenjpeg-jpwl.pc
config.status:1166: creating libopenjpeg/Makefile
config.status:1166: creating libopenjpeg/jpwl/Makefile
config.status:1166: creating applications/Makefile
config.status:1166: creating applications/codec/Makefile
config.status:1166: creating applications/mj2/Makefile
config.status:1166: creating applications/jpip/Makefile
config.status:1166: creating applications/jpip/libopenjpip/Makefile
config.status:1166: creating applications/jpip/util/Makefile
config.status:1166: creating doc/Makefile
config.status:1166: creating opj_config.h
config.status:1395: executing depfiles commands
config.status:1395: executing libtool commands

## ---------------- ##
## Cache variables. ##
## ---------------- ##

ac_cv_build=x86_64-apple-darwin11
ac_cv_c_bigendian=no
ac_cv_c_compiler_gnu=yes
ac_cv_env_CC_set=set
ac_cv_env_CC_value='xcrun clang'
ac_cv_env_CFLAGS_set=set
ac_cv_env_CFLAGS_value='-isysroot /Applications/Xcode.app/Contents/Developer/Platforms/iPhoneOS.platform/Developer/SDKs/iPhoneOS8.4.sdk -arch armv7s -O3 -g -mcpu=cortex-a8 -miphoneos-version-min=6.1 -arch armv7s -mcpu=cortex-a8 -miphoneos-version-min=6.1 -isysroot /Applications/Xcode.app/Contents/Developer/Platforms/iPhoneOS.platform/Developer/SDKs/iPhoneOS8.4.sdk -arch armv7s -O3 -g -mcpu=cortex-a8 -miphoneos-version-min=6.1 -I/Users/devmarcos/Documents/GitHubRepos/CreationVideoPlayer/VLCKit-2.2.2/MobileVLCKit/ImportedSources/vlc/contrib/arm-apple-darwin11-armv7s/include -g -DOPJ_STATIC'
ac_cv_env_CPPFLAGS_set=set
ac_cv_env_CPPFLAGS_value='-isysroot /Applications/Xcode.app/Contents/Developer/Platforms/iPhoneOS.platform/Developer/SDKs/iPhoneOS8.4.sdk -arch armv7s -O3 -g -mcpu=cortex-a8 -miphoneos-version-min=6.1 -arch armv7s -mcpu=cortex-a8 -miphoneos-version-min=6.1 -isysroot /Applications/Xcode.app/Contents/Developer/Platforms/iPhoneOS.platform/Developer/SDKs/iPhoneOS8.4.sdk -arch armv7s -O3 -g -mcpu=cortex-a8 -miphoneos-version-min=6.1 -I/Users/devmarcos/Documents/GitHubRepos/CreationVideoPlayer/VLCKit-2.2.2/MobileVLCKit/ImportedSources/vlc/contrib/arm-apple-darwin11-armv7s/include'
ac_cv_env_CPP_set=set
ac_cv_env_CPP_value='xcrun cc -E'
ac_cv_env_FCGI_CFLAGS_set=
ac_cv_env_FCGI_CFLAGS_value=
ac_cv_env_FCGI_LIBS_set=
ac_cv_env_FCGI_LIBS_value=
ac_cv_env_LCMS1_CFLAGS_set=
ac_cv_env_LCMS1_CFLAGS_value=
ac_cv_env_LCMS1_LIBS_set=
ac_cv_env_LCMS1_LIBS_value=
ac_cv_env_LCMS2_CFLAGS_set=
ac_cv_env_LCMS2_CFLAGS_value=
ac_cv_env_LCMS2_LIBS_set=
ac_cv_env_LCMS2_LIBS_value=
ac_cv_env_LDFLAGS_set=set
ac_cv_env_LDFLAGS_value='-L/Applications/Xcode.app/Contents/Developer/Platforms/iPhoneOS.platform/Developer/SDKs/iPhoneOS8.4.sdk/usr/lib -arch armv7s -isysroot /Applications/Xcode.app/Contents/Developer/Platforms/iPhoneOS.platform/Developer/SDKs/iPhoneOS8.4.sdk -Wl,-ios_version_min,6.1 -arch armv7s -Wl,-ios_version_min,6.1 -L/Applications/Xcode.app/Contents/Developer/Platforms/iPhoneOS.platform/Developer/SDKs/iPhoneOS8.4.sdk/usr/lib -arch armv7s -isysroot /Applications/Xcode.app/Contents/Developer/Platforms/iPhoneOS.platform/Developer/SDKs/iPhoneOS8.4.sdk -Wl,-ios_version_min,6.1 -L/Users/devmarcos/Documents/GitHubRepos/CreationVideoPlayer/VLCKit-2.2.2/MobileVLCKit/ImportedSources/vlc/contrib/arm-apple-darwin11-armv7s/lib'
ac_cv_env_LIBCURL_CFLAGS_set=
ac_cv_env_LIBCURL_CFLAGS_value=
ac_cv_env_LIBCURL_LIBS_set=
ac_cv_env_LIBCURL_LIBS_value=
ac_cv_env_LIBS_set=
ac_cv_env_LIBS_value=
ac_cv_env_PKG_CONFIG_LIBDIR_set=set
ac_cv_env_PKG_CONFIG_LIBDIR_value=/usr/arm-apple-darwin11/lib/pkgconfig
ac_cv_env_PKG_CONFIG_PATH_set=set
ac_cv_env_PKG_CONFIG_PATH_value=/usr/share/pkgconfig:/Users/devmarcos/Documents/GitHubRepos/CreationVideoPlayer/VLCKit-2.2.2/MobileVLCKit/ImportedSources/vlc/contrib/arm-apple-darwin11-armv7s/lib/pkgconfig
ac_cv_env_PKG_CONFIG_set=
ac_cv_env_PKG_CONFIG_value=
ac_cv_env_PNG_CFLAGS_set=
ac_cv_env_PNG_CFLAGS_value=
ac_cv_env_PNG_LIBS_set=
ac_cv_env_PNG_LIBS_value=
ac_cv_env_THREAD_CFLAGS_set=
ac_cv_env_THREAD_CFLAGS_value=
ac_cv_env_THREAD_LIBS_set=
ac_cv_env_THREAD_LIBS_value=
ac_cv_env_TIFF_CFLAGS_set=
ac_cv_env_TIFF_CFLAGS_value=
ac_cv_env_TIFF_LIBS_set=
ac_cv_env_TIFF_LIBS_value=
ac_cv_env_Z_CFLAGS_set=
ac_cv_env_Z_CFLAGS_value=
ac_cv_env_Z_LIBS_set=
ac_cv_env_Z_LIBS_value=
ac_cv_env_build_alias_set=set
ac_cv_env_build_alias_value=x86_64-apple-darwin11
ac_cv_env_host_alias_set=set
ac_cv_env_host_alias_value=arm-apple-darwin11
ac_cv_env_target_alias_set=set
ac_cv_env_target_alias_value=arm-apple-darwin11
ac_cv_header_dirent_dirent_h=yes
ac_cv_header_dlfcn_h=yes
ac_cv_header_inttypes_h=yes
ac_cv_header_memory_h=yes
ac_cv_header_stdc=yes
ac_cv_header_stdint_h=yes
ac_cv_header_stdlib_h=yes
ac_cv_header_string_h=yes
ac_cv_header_strings_h=yes
ac_cv_header_sys_stat_h=yes
ac_cv_header_sys_types_h=yes
ac_cv_header_unistd_h=yes
ac_cv_host=arm-apple-darwin11
ac_cv_objext=o
ac_cv_path_EGREP='/usr/bin/grep -E'
ac_cv_path_FGREP='/usr/bin/grep -F'
ac_cv_path_GREP=/usr/bin/grep
ac_cv_path_SED=/usr/bin/sed
ac_cv_path_ac_pt_PKG_CONFIG=/Users/devmarcos/Documents/GitHubRepos/CreationVideoPlayer/VLCKit-2.2.2/MobileVLCKit/ImportedSources/vlc/extras/tools/build/bin/pkg-config
ac_cv_path_install='/usr/bin/install -c'
ac_cv_prog_AR='xcrun ar'
ac_cv_prog_AWK=awk
ac_cv_prog_CC='xcrun clang'
ac_cv_prog_CPP='xcrun cc -E'
ac_cv_prog_RANLIB='xcrun ranlib'
ac_cv_prog_STRIP='xcrun strip'
ac_cv_prog_ac_ct_DSYMUTIL=dsymutil
ac_cv_prog_ac_ct_DUMPBIN='link -dump'
ac_cv_prog_ac_ct_LIPO=lipo
ac_cv_prog_ac_ct_NMEDIT=nmedit
ac_cv_prog_ac_ct_OTOOL=otool
ac_cv_prog_cc_c89=
ac_cv_prog_cc_g=yes
ac_cv_prog_make_make_set=yes
ac_cv_prog_opj_have_doxygen=no
ac_cv_search_opendir='none required'
ac_cv_target=arm-apple-darwin11
am_cv_CC_dependencies_compiler_type=none
am_cv_make_support_nested_variables=yes
am_cv_prog_cc_c_o=yes
lt_cv_apple_cc_single_mod=yes
lt_cv_ar_at_file=no
lt_cv_deplibs_check_method=pass_all
lt_cv_file_magic_cmd='$MAGIC_CMD'
lt_cv_file_magic_test_file=
lt_cv_ld_exported_symbols_list=yes
lt_cv_ld_force_load=yes
lt_cv_ld_reload_flag=-r
lt_cv_nm_interface='BSD nm'
lt_cv_objdir=.libs
lt_cv_path_LD='xcrun ld'
lt_cv_path_NM=no
lt_cv_path_mainfest_tool=no
lt_cv_prog_compiler_c_o=yes
lt_cv_prog_compiler_pic='-fno-common -DPIC'
lt_cv_prog_compiler_pic_works=yes
lt_cv_prog_compiler_rtti_exceptions=yes
lt_cv_prog_compiler_static_works=no
lt_cv_prog_gnu_ld=no
lt_cv_sharedlib_from_linklib_cmd='printf %s\n'
lt_cv_sys_global_symbol_pipe='sed -n -e '\''s/^.*[	 ]\([BCDEGRST][BCDEGRST]*\)[	 ][	 ]*_\([_A-Za-z][_A-Za-z0-9]*\)$/\1 _\2 \2/p'\'' | sed '\''/ __gnu_lto/d'\'''
lt_cv_sys_global_symbol_to_c_name_address='sed -n -e '\''s/^: \([^ ]*\)[ ]*$/  {\"\1\", (void *) 0},/p'\'' -e '\''s/^[BCDEGRST]* \([^ ]*\) \([^ ]*\)$/  {"\2", (void *) \&\2},/p'\'''
lt_cv_sys_global_symbol_to_c_name_address_lib_prefix='sed -n -e '\''s/^: \([^ ]*\)[ ]*$/  {\"\1\", (void *) 0},/p'\'' -e '\''s/^[BCDEGRST]* \([^ ]*\) \(lib[^ ]*\)$/  {"\2", (void *) \&\2},/p'\'' -e '\''s/^[BCDEGRST]* \([^ ]*\) \([^ ]*\)$/  {"lib\2", (void *) \&\2},/p'\'''
lt_cv_sys_global_symbol_to_cdecl='sed -n -e '\''s/^T .* \(.*\)$/extern int \1();/p'\'' -e '\''s/^[BCDEGRST]* .* \(.*\)$/extern char \1;/p'\'''
lt_cv_sys_max_cmd_len=196608
lt_cv_to_host_file_cmd=func_convert_file_noop
lt_cv_to_tool_file_cmd=func_convert_file_noop

## ----------------- ##
## Output variables. ##
## ----------------- ##

ACLOCAL='${SHELL} /Users/devmarcos/Documents/GitHubRepos/CreationVideoPlayer/VLCKit-2.2.2/MobileVLCKit/ImportedSources/vlc/contrib/iPhoneOS-armv7s/openjpeg/missing aclocal-1.14'
AMDEPBACKSLASH=''
AMDEP_FALSE=''
AMDEP_TRUE='#'
AMTAR='$${TAR-tar}'
AM_BACKSLASH='\'
AM_DEFAULT_V='$(AM_DEFAULT_VERBOSITY)'
AM_DEFAULT_VERBOSITY='0'
AM_V='$(V)'
AR='xcrun ar'
AS='perl /Users/devmarcos/Documents/GitHubRepos/CreationVideoPlayer/VLCKit-2.2.2/MobileVLCKit/ImportedSources/vlc/extras/tools/build/bin/gas-preprocessor.pl xcrun clang'
AUTOCONF='${SHELL} /Users/devmarcos/Documents/GitHubRepos/CreationVideoPlayer/VLCKit-2.2.2/MobileVLCKit/ImportedSources/vlc/contrib/iPhoneOS-armv7s/openjpeg/missing autoconf'
AUTOHEADER='${SHELL} /Users/devmarcos/Documents/GitHubRepos/CreationVideoPlayer/VLCKit-2.2.2/MobileVLCKit/ImportedSources/vlc/contrib/iPhoneOS-armv7s/openjpeg/missing autoheader'
AUTOMAKE='${SHELL} /Users/devmarcos/Documents/GitHubRepos/CreationVideoPlayer/VLCKit-2.2.2/MobileVLCKit/ImportedSources/vlc/contrib/iPhoneOS-armv7s/openjpeg/missing automake-1.14'
AWK='awk'
BUILD_SHARED_FALSE=''
BUILD_SHARED_TRUE='#'
BUILD_STATIC_FALSE='#'
BUILD_STATIC_TRUE=''
CC='xcrun clang'
CCDEPMODE='depmode=none'
CFLAGS='-isysroot /Applications/Xcode.app/Contents/Developer/Platforms/iPhoneOS.platform/Developer/SDKs/iPhoneOS8.4.sdk -arch armv7s -O3 -g -mcpu=cortex-a8 -miphoneos-version-min=6.1 -arch armv7s -mcpu=cortex-a8 -miphoneos-version-min=6.1 -isysroot /Applications/Xcode.app/Contents/Developer/Platforms/iPhoneOS.platform/Developer/SDKs/iPhoneOS8.4.sdk -arch armv7s -O3 -g -mcpu=cortex-a8 -miphoneos-version-min=6.1 -I/Users/devmarcos/Documents/GitHubRepos/CreationVideoPlayer/VLCKit-2.2.2/MobileVLCKit/ImportedSources/vlc/contrib/arm-apple-darwin11-armv7s/include -g -DOPJ_STATIC -Wno-unused-result -O3'
CPP='xcrun cc -E'
CPPFLAGS='-isysroot /Applications/Xcode.app/Contents/Developer/Platforms/iPhoneOS.platform/Developer/SDKs/iPhoneOS8.4.sdk -arch armv7s -O3 -g -mcpu=cortex-a8 -miphoneos-version-min=6.1 -arch armv7s -mcpu=cortex-a8 -miphoneos-version-min=6.1 -isysroot /Applications/Xcode.app/Contents/Developer/Platforms/iPhoneOS.platform/Developer/SDKs/iPhoneOS8.4.sdk -arch armv7s -O3 -g -mcpu=cortex-a8 -miphoneos-version-min=6.1 -I/Users/devmarcos/Documents/GitHubRepos/CreationVideoPlayer/VLCKit-2.2.2/MobileVLCKit/ImportedSources/vlc/contrib/arm-apple-darwin11-armv7s/include'
CYGPATH_W='echo'
DEFS='-DHAVE_CONFIG_H'
DEPDIR='.deps'
DLLTOOL='false'
DSYMUTIL='dsymutil'
DUMPBIN=':'
ECHO_C='\c'
ECHO_N=''
ECHO_T=''
EGREP='/usr/bin/grep -E'
EXEEXT=''
FCGI_CFLAGS=''
FCGI_LIBS=''
FGREP='/usr/bin/grep -F'
GREP='/usr/bin/grep'
HAVE_DARWIN_FALSE='#'
HAVE_DARWIN_TRUE=''
HAVE_WIN32_FALSE=''
HAVE_WIN32_TRUE='#'
INSTALL_DATA='${INSTALL} -m 644'
INSTALL_PROGRAM='${INSTALL}'
INSTALL_SCRIPT='${INSTALL}'
INSTALL_STRIP_PROGRAM='$(install_sh) -c -s'
LCMS1_CFLAGS=''
LCMS1_LIBS=''
LCMS2_CFLAGS=''
LCMS2_LIBS=''
LD='xcrun ld'
LDFLAGS='-L/Applications/Xcode.app/Contents/Developer/Platforms/iPhoneOS.platform/Developer/SDKs/iPhoneOS8.4.sdk/usr/lib -arch armv7s -isysroot /Applications/Xcode.app/Contents/Developer/Platforms/iPhoneOS.platform/Developer/SDKs/iPhoneOS8.4.sdk -Wl,-ios_version_min,6.1 -arch armv7s -Wl,-ios_version_min,6.1 -L/Applications/Xcode.app/Contents/Developer/Platforms/iPhoneOS.platform/Developer/SDKs/iPhoneOS8.4.sdk/usr/lib -arch armv7s -isysroot /Applications/Xcode.app/Contents/Developer/Platforms/iPhoneOS.platform/Developer/SDKs/iPhoneOS8.4.sdk -Wl,-ios_version_min,6.1 -L/Users/devmarcos/Documents/GitHubRepos/CreationVideoPlayer/VLCKit-2.2.2/MobileVLCKit/ImportedSources/vlc/contrib/arm-apple-darwin11-armv7s/lib'
LIBCURL_CFLAGS=''
LIBCURL_LIBS=''
LIBOBJS=''
LIBS=''
LIBTOOL='$(SHELL) $(top_builddir)/libtool'
LIPO='lipo'
LN_S='ln -s'
LTLIBOBJS=''
MAJOR_NR='1'
MAKEINFO='${SHELL} /Users/devmarcos/Documents/GitHubRepos/CreationVideoPlayer/VLCKit-2.2.2/MobileVLCKit/ImportedSources/vlc/contrib/iPhoneOS-armv7s/openjpeg/missing makeinfo'
MANIFEST_TOOL=':'
MICRO_NR='0'
MINOR_NR='5'
MKDIR_P='./install-sh -c -d'
NM='nm'
NMEDIT='nmedit'
OBJDUMP='false'
OBJEXT='o'
OPJ_BUILD_DOC_FALSE=''
OPJ_BUILD_DOC_TRUE='#'
OTOOL64=':'
OTOOL='otool'
PACKAGE='openjpeg'
PACKAGE_BUGREPORT='openjpeg@googlegroups.com'
PACKAGE_NAME='OpenJPEG'
PACKAGE_STRING='OpenJPEG 1.5.0'
PACKAGE_TARNAME='openjpeg'
PACKAGE_URL='http://www.openjpeg.org'
PACKAGE_VERSION='1.5.0'
PATH_SEPARATOR=':'
PKG_CONFIG='/Users/devmarcos/Documents/GitHubRepos/CreationVideoPlayer/VLCKit-2.2.2/MobileVLCKit/ImportedSources/vlc/extras/tools/build/bin/pkg-config'
PKG_CONFIG_LIBDIR='/usr/arm-apple-darwin11/lib/pkgconfig'
PKG_CONFIG_PATH='/usr/share/pkgconfig:/Users/devmarcos/Documents/GitHubRepos/CreationVideoPlayer/VLCKit-2.2.2/MobileVLCKit/ImportedSources/vlc/contrib/arm-apple-darwin11-armv7s/lib/pkgconfig'
PNG_CFLAGS=''
PNG_LIBS=''
RANLIB='xcrun ranlib'
SED='/usr/bin/sed'
SET_MAKE=''
SHELL='/bin/sh'
STRIP='xcrun strip'
THREAD_CFLAGS=''
THREAD_LIBS=''
TIFF_CFLAGS=''
TIFF_LIBS=''
VERSION='1.5.0'
WANT_JPIP_CODE_FALSE=''
WANT_JPIP_CODE_TRUE='#'
WANT_JPIP_FALSE=''
WANT_JPIP_SERVER_FALSE=''
WANT_JPIP_SERVER_TRUE='#'
WANT_JPIP_TRUE='#'
WANT_JPWL_FALSE=''
WANT_JPWL_TRUE='#'
WANT_MJ2_FALSE=''
WANT_MJ2_TRUE='#'
Z_CFLAGS=''
Z_LIBS=''
ac_ct_AR=''
ac_ct_CC=''
ac_ct_DUMPBIN='link -dump'
am__EXEEXT_FALSE=''
am__EXEEXT_TRUE='#'
am__fastdepCC_FALSE=''
am__fastdepCC_TRUE='#'
am__include='include'
am__isrc=''
am__leading_dot='.'
am__nodep=''
am__quote=''
am__tar='$${TAR-tar} chof - "$$tardir"'
am__untar='$${TAR-tar} xf -'
bindir='${exec_prefix}/bin'
build='x86_64-apple-darwin11'
build_alias='x86_64-apple-darwin11'
build_cpu='x86_64'
build_os='darwin11'
build_vendor='apple'
datadir='${datarootdir}'
datarootdir='/Users/devmarcos/Documents/GitHubRepos/CreationVideoPlayer/VLCKit-2.2.2/MobileVLCKit/ImportedSources/vlc/contrib/arm-apple-darwin11-armv7s/share'
docdir='${datarootdir}/doc/${PACKAGE_TARNAME}'
dvidir='${docdir}'
exec_prefix='${prefix}'
host='arm-apple-darwin11'
host_alias='arm-apple-darwin11'
host_cpu='arm'
host_os='darwin11'
host_vendor='apple'
htmldir='${docdir}'
includedir='/Users/devmarcos/Documents/GitHubRepos/CreationVideoPlayer/VLCKit-2.2.2/MobileVLCKit/ImportedSources/vlc/contrib/arm-apple-darwin11-armv7s/include'
infodir='${datarootdir}/info'
install_sh='${SHELL} /Users/devmarcos/Documents/GitHubRepos/CreationVideoPlayer/VLCKit-2.2.2/MobileVLCKit/ImportedSources/vlc/contrib/iPhoneOS-armv7s/openjpeg/install-sh'
libdir='/Users/devmarcos/Documents/GitHubRepos/CreationVideoPlayer/VLCKit-2.2.2/MobileVLCKit/ImportedSources/vlc/contrib/arm-apple-darwin11-armv7s/lib'
libexecdir='${exec_prefix}/libexec'
localedir='${datarootdir}/locale'
localstatedir='${prefix}/var'
lt_version='6:0:5'
mandir='${datarootdir}/man'
mkdir_p='$(MKDIR_P)'
oldincludedir='/usr/include'
opj_doxygen='doxygen'
opj_have_doxygen='no'
pdfdir='${docdir}'
pkgconfig_requires_private='Requires.private'
prefix='/Users/devmarcos/Documents/GitHubRepos/CreationVideoPlayer/VLCKit-2.2.2/MobileVLCKit/ImportedSources/vlc/contrib/arm-apple-darwin11-armv7s'
program_transform_name='s&^&&'
psdir='${docdir}'
requirements=''
sbindir='${exec_prefix}/sbin'
sharedstatedir='${prefix}/com'
sysconfdir='${prefix}/etc'
target='arm-apple-darwin11'
target_alias='arm-apple-darwin11'
target_cpu='arm'
target_os='darwin11'
target_vendor='apple'
with_libpng_FALSE=''
with_libpng_TRUE='#'
with_libtiff_FALSE=''
with_libtiff_TRUE='#'

## ----------- ##
## confdefs.h. ##
## ----------- ##

/* confdefs.h */
#define PACKAGE_NAME "OpenJPEG"
#define PACKAGE_TARNAME "openjpeg"
#define PACKAGE_VERSION "1.5.0"
#define PACKAGE_STRING "OpenJPEG 1.5.0"
#define PACKAGE_BUGREPORT "openjpeg@googlegroups.com"
#define PACKAGE_URL "http://www.openjpeg.org"
#define PACKAGE "openjpeg"
#define VERSION "1.5.0"
#define STDC_HEADERS 1
#define HAVE_SYS_TYPES_H 1
#define HAVE_SYS_STAT_H 1
#define HAVE_STDLIB_H 1
#define HAVE_STRING_H 1
#define HAVE_MEMORY_H 1
#define HAVE_STRINGS_H 1
#define HAVE_INTTYPES_H 1
#define HAVE_STDINT_H 1
#define HAVE_UNISTD_H 1
#define HAVE_DLFCN_H 1
#define LT_OBJDIR ".libs/"
#define HAVE_DIRENT_H 1

configure: exit 0
