--------------------
./configure --prefix=/Users/devmarcos/Documents/GitHubRepos/CreationVideoPlayer/VLCKit-2.2.2/MobileVLCKit/ImportedSources/vlc/contrib/arm-apple-darwin11-armv7 --static
Mon Aug 17 13:24:16 CEST 2015
Using xcrun ar
=== ztest41079.c ===
extern int getchar();
int hello() {return getchar();}
===
xcrun clang -c ztest41079.c
... using gcc

Checking for obsessive-compulsive compiler options...
=== ztest41079.c ===
int foo() { return 0; }
===
xcrun clang -c -isysroot /Applications/Xcode.app/Contents/Developer/Platforms/iPhoneOS.platform/Developer/SDKs/iPhoneOS8.4.sdk -arch armv7 -O3 -g -mcpu=cortex-a8 -miphoneos-version-min=6.1 -arch armv7 -mcpu=cortex-a8 -miphoneos-version-min=6.1 -isysroot /Applications/Xcode.app/Contents/Developer/Platforms/iPhoneOS.platform/Developer/SDKs/iPhoneOS8.4.sdk -arch armv7 -O3 -g -mcpu=cortex-a8 -miphoneos-version-min=6.1 -I/Users/devmarcos/Documents/GitHubRepos/CreationVideoPlayer/VLCKit-2.2.2/MobileVLCKit/ImportedSources/vlc/contrib/arm-apple-darwin11-armv7/include -g ztest41079.c

Building static library libz.a version 1.2.8 with xcrun clang.

=== ztest41079.c ===
#include <sys/types.h>
off64_t dummy = 0;
===
xcrun clang -c -isysroot /Applications/Xcode.app/Contents/Developer/Platforms/iPhoneOS.platform/Developer/SDKs/iPhoneOS8.4.sdk -arch armv7 -O3 -g -mcpu=cortex-a8 -miphoneos-version-min=6.1 -arch armv7 -mcpu=cortex-a8 -miphoneos-version-min=6.1 -isysroot /Applications/Xcode.app/Contents/Developer/Platforms/iPhoneOS.platform/Developer/SDKs/iPhoneOS8.4.sdk -arch armv7 -O3 -g -mcpu=cortex-a8 -miphoneos-version-min=6.1 -I/Users/devmarcos/Documents/GitHubRepos/CreationVideoPlayer/VLCKit-2.2.2/MobileVLCKit/ImportedSources/vlc/contrib/arm-apple-darwin11-armv7/include -g -D_LARGEFILE64_SOURCE=1 ztest41079.c
ztest41079.c:2:1: error: unknown type name 'off64_t'; did you mean 'off_t'?
off64_t dummy = 0;
^~~~~~~
off_t
/Applications/Xcode.app/Contents/Developer/Platforms/iPhoneOS.platform/Developer/SDKs/iPhoneOS8.4.sdk/usr/include/sys/_types/_off_t.h:30:25: note: 'off_t' declared here
typedef __darwin_off_t          off_t;
                                ^
1 error generated.
(exit code 1)
Checking for off64_t... No.

=== ztest41079.c ===
#include <stdio.h>
int main(void) {
  fseeko(NULL, 0, 0);
  return 0;
}
===
xcrun clang -isysroot /Applications/Xcode.app/Contents/Developer/Platforms/iPhoneOS.platform/Developer/SDKs/iPhoneOS8.4.sdk -arch armv7 -O3 -g -mcpu=cortex-a8 -miphoneos-version-min=6.1 -arch armv7 -mcpu=cortex-a8 -miphoneos-version-min=6.1 -isysroot /Applications/Xcode.app/Contents/Developer/Platforms/iPhoneOS.platform/Developer/SDKs/iPhoneOS8.4.sdk -arch armv7 -O3 -g -mcpu=cortex-a8 -miphoneos-version-min=6.1 -I/Users/devmarcos/Documents/GitHubRepos/CreationVideoPlayer/VLCKit-2.2.2/MobileVLCKit/ImportedSources/vlc/contrib/arm-apple-darwin11-armv7/include -g -o ztest41079 ztest41079.c
Checking for fseeko... Yes.

=== ztest41079.c ===
#include <string.h>
#include <errno.h>
int main() { return strlen(strerror(errno)); }
===
xcrun clang -isysroot /Applications/Xcode.app/Contents/Developer/Platforms/iPhoneOS.platform/Developer/SDKs/iPhoneOS8.4.sdk -arch armv7 -O3 -g -mcpu=cortex-a8 -miphoneos-version-min=6.1 -arch armv7 -mcpu=cortex-a8 -miphoneos-version-min=6.1 -isysroot /Applications/Xcode.app/Contents/Developer/Platforms/iPhoneOS.platform/Developer/SDKs/iPhoneOS8.4.sdk -arch armv7 -O3 -g -mcpu=cortex-a8 -miphoneos-version-min=6.1 -I/Users/devmarcos/Documents/GitHubRepos/CreationVideoPlayer/VLCKit-2.2.2/MobileVLCKit/ImportedSources/vlc/contrib/arm-apple-darwin11-armv7/include -g -o ztest41079 ztest41079.c
Checking for strerror... Yes.

=== ztest41079.c ===
#include <unistd.h>
int main() { return 0; }
===
xcrun clang -c -isysroot /Applications/Xcode.app/Contents/Developer/Platforms/iPhoneOS.platform/Developer/SDKs/iPhoneOS8.4.sdk -arch armv7 -O3 -g -mcpu=cortex-a8 -miphoneos-version-min=6.1 -arch armv7 -mcpu=cortex-a8 -miphoneos-version-min=6.1 -isysroot /Applications/Xcode.app/Contents/Developer/Platforms/iPhoneOS.platform/Developer/SDKs/iPhoneOS8.4.sdk -arch armv7 -O3 -g -mcpu=cortex-a8 -miphoneos-version-min=6.1 -I/Users/devmarcos/Documents/GitHubRepos/CreationVideoPlayer/VLCKit-2.2.2/MobileVLCKit/ImportedSources/vlc/contrib/arm-apple-darwin11-armv7/include -g ztest41079.c
Checking for unistd.h... Yes.

=== ztest41079.c ===
#include <stdarg.h>
int main() { return 0; }
===
xcrun clang -c -isysroot /Applications/Xcode.app/Contents/Developer/Platforms/iPhoneOS.platform/Developer/SDKs/iPhoneOS8.4.sdk -arch armv7 -O3 -g -mcpu=cortex-a8 -miphoneos-version-min=6.1 -arch armv7 -mcpu=cortex-a8 -miphoneos-version-min=6.1 -isysroot /Applications/Xcode.app/Contents/Developer/Platforms/iPhoneOS.platform/Developer/SDKs/iPhoneOS8.4.sdk -arch armv7 -O3 -g -mcpu=cortex-a8 -miphoneos-version-min=6.1 -I/Users/devmarcos/Documents/GitHubRepos/CreationVideoPlayer/VLCKit-2.2.2/MobileVLCKit/ImportedSources/vlc/contrib/arm-apple-darwin11-armv7/include -g ztest41079.c
Checking for stdarg.h... Yes.

=== ztest41079.c ===
#include <stdio.h>
#include <stdarg.h>
#include "zconf.h"
int main()
{
#ifndef STDC
  choke me
#endif
  return 0;
}
===
xcrun clang -c -isysroot /Applications/Xcode.app/Contents/Developer/Platforms/iPhoneOS.platform/Developer/SDKs/iPhoneOS8.4.sdk -arch armv7 -O3 -g -mcpu=cortex-a8 -miphoneos-version-min=6.1 -arch armv7 -mcpu=cortex-a8 -miphoneos-version-min=6.1 -isysroot /Applications/Xcode.app/Contents/Developer/Platforms/iPhoneOS.platform/Developer/SDKs/iPhoneOS8.4.sdk -arch armv7 -O3 -g -mcpu=cortex-a8 -miphoneos-version-min=6.1 -I/Users/devmarcos/Documents/GitHubRepos/CreationVideoPlayer/VLCKit-2.2.2/MobileVLCKit/ImportedSources/vlc/contrib/arm-apple-darwin11-armv7/include -g ztest41079.c
Checking whether to use vs[n]printf() or s[n]printf()... using vs[n]printf().

=== ztest41079.c ===
#include <stdio.h>
#include <stdarg.h>
int mytest(const char *fmt, ...)
{
  char buf[20];
  va_list ap;
  va_start(ap, fmt);
  vsnprintf(buf, sizeof(buf), fmt, ap);
  va_end(ap);
  return 0;
}
int main()
{
  return (mytest("Hello%d\n", 1));
}
===
xcrun clang -isysroot /Applications/Xcode.app/Contents/Developer/Platforms/iPhoneOS.platform/Developer/SDKs/iPhoneOS8.4.sdk -arch armv7 -O3 -g -mcpu=cortex-a8 -miphoneos-version-min=6.1 -arch armv7 -mcpu=cortex-a8 -miphoneos-version-min=6.1 -isysroot /Applications/Xcode.app/Contents/Developer/Platforms/iPhoneOS.platform/Developer/SDKs/iPhoneOS8.4.sdk -arch armv7 -O3 -g -mcpu=cortex-a8 -miphoneos-version-min=6.1 -I/Users/devmarcos/Documents/GitHubRepos/CreationVideoPlayer/VLCKit-2.2.2/MobileVLCKit/ImportedSources/vlc/contrib/arm-apple-darwin11-armv7/include -g -o ztest41079 ztest41079.c
Checking for vsnprintf() in stdio.h... Yes.

=== ztest41079.c ===
#include <stdio.h>
#include <stdarg.h>
int mytest(const char *fmt, ...)
{
  int n;
  char buf[20];
  va_list ap;
  va_start(ap, fmt);
  n = vsnprintf(buf, sizeof(buf), fmt, ap);
  va_end(ap);
  return n;
}
int main()
{
  return (mytest("Hello%d\n", 1));
}
===
xcrun clang -c -isysroot /Applications/Xcode.app/Contents/Developer/Platforms/iPhoneOS.platform/Developer/SDKs/iPhoneOS8.4.sdk -arch armv7 -O3 -g -mcpu=cortex-a8 -miphoneos-version-min=6.1 -arch armv7 -mcpu=cortex-a8 -miphoneos-version-min=6.1 -isysroot /Applications/Xcode.app/Contents/Developer/Platforms/iPhoneOS.platform/Developer/SDKs/iPhoneOS8.4.sdk -arch armv7 -O3 -g -mcpu=cortex-a8 -miphoneos-version-min=6.1 -I/Users/devmarcos/Documents/GitHubRepos/CreationVideoPlayer/VLCKit-2.2.2/MobileVLCKit/ImportedSources/vlc/contrib/arm-apple-darwin11-armv7/include -g ztest41079.c
Checking for return value of vsnprintf()... Yes.

=== ztest41079.c ===
#define ZLIB_INTERNAL __attribute__((visibility ("hidden")))
int ZLIB_INTERNAL foo;
int main()
{
  return 0;
}
===
xcrun clang -c -isysroot /Applications/Xcode.app/Contents/Developer/Platforms/iPhoneOS.platform/Developer/SDKs/iPhoneOS8.4.sdk -arch armv7 -O3 -g -mcpu=cortex-a8 -miphoneos-version-min=6.1 -arch armv7 -mcpu=cortex-a8 -miphoneos-version-min=6.1 -isysroot /Applications/Xcode.app/Contents/Developer/Platforms/iPhoneOS.platform/Developer/SDKs/iPhoneOS8.4.sdk -arch armv7 -O3 -g -mcpu=cortex-a8 -miphoneos-version-min=6.1 -I/Users/devmarcos/Documents/GitHubRepos/CreationVideoPlayer/VLCKit-2.2.2/MobileVLCKit/ImportedSources/vlc/contrib/arm-apple-darwin11-armv7/include -g ztest41079.c
Checking for attribute(visibility) support... Yes.

ALL = static
AR = /usr/bin/libtool
ARFLAGS = -o
CC = xcrun clang
CFLAGS = -isysroot /Applications/Xcode.app/Contents/Developer/Platforms/iPhoneOS.platform/Developer/SDKs/iPhoneOS8.4.sdk -arch armv7 -O3 -g -mcpu=cortex-a8 -miphoneos-version-min=6.1 -arch armv7 -mcpu=cortex-a8 -miphoneos-version-min=6.1 -isysroot /Applications/Xcode.app/Contents/Developer/Platforms/iPhoneOS.platform/Developer/SDKs/iPhoneOS8.4.sdk -arch armv7 -O3 -g -mcpu=cortex-a8 -miphoneos-version-min=6.1 -I/Users/devmarcos/Documents/GitHubRepos/CreationVideoPlayer/VLCKit-2.2.2/MobileVLCKit/ImportedSources/vlc/contrib/arm-apple-darwin11-armv7/include -g -DHAVE_HIDDEN
CPP = xcrun cc -E
EXE =
LDCONFIG = ldconfig
LDFLAGS = -L/Applications/Xcode.app/Contents/Developer/Platforms/iPhoneOS.platform/Developer/SDKs/iPhoneOS8.4.sdk/usr/lib -arch armv7 -isysroot /Applications/Xcode.app/Contents/Developer/Platforms/iPhoneOS.platform/Developer/SDKs/iPhoneOS8.4.sdk -Wl,-ios_version_min,6.1 -arch armv7 -Wl,-ios_version_min,6.1 -L/Applications/Xcode.app/Contents/Developer/Platforms/iPhoneOS.platform/Developer/SDKs/iPhoneOS8.4.sdk/usr/lib -arch armv7 -isysroot /Applications/Xcode.app/Contents/Developer/Platforms/iPhoneOS.platform/Developer/SDKs/iPhoneOS8.4.sdk -Wl,-ios_version_min,6.1 -L/Users/devmarcos/Documents/GitHubRepos/CreationVideoPlayer/VLCKit-2.2.2/MobileVLCKit/ImportedSources/vlc/contrib/arm-apple-darwin11-armv7/lib
LDSHARED = xcrun clang
LDSHAREDLIBC = -lc
OBJC = $(OBJZ) $(OBJG)
PIC_OBJC = $(PIC_OBJZ) $(PIC_OBJG)
RANLIB = xcrun ranlib
SFLAGS = -isysroot /Applications/Xcode.app/Contents/Developer/Platforms/iPhoneOS.platform/Developer/SDKs/iPhoneOS8.4.sdk -arch armv7 -O3 -g -mcpu=cortex-a8 -miphoneos-version-min=6.1 -arch armv7 -mcpu=cortex-a8 -miphoneos-version-min=6.1 -isysroot /Applications/Xcode.app/Contents/Developer/Platforms/iPhoneOS.platform/Developer/SDKs/iPhoneOS8.4.sdk -arch armv7 -O3 -g -mcpu=cortex-a8 -miphoneos-version-min=6.1 -I/Users/devmarcos/Documents/GitHubRepos/CreationVideoPlayer/VLCKit-2.2.2/MobileVLCKit/ImportedSources/vlc/contrib/arm-apple-darwin11-armv7/include -g -fPIC -DHAVE_HIDDEN
SHAREDLIB =
SHAREDLIBM =
SHAREDLIBV =
STATICLIB = libz.a
TEST = all teststatic
VER = 1.2.8
Z_U4 =
exec_prefix = ${prefix}
includedir = ${prefix}/include
libdir = ${exec_prefix}/lib
mandir = ${prefix}/share/man
prefix = /Users/devmarcos/Documents/GitHubRepos/CreationVideoPlayer/VLCKit-2.2.2/MobileVLCKit/ImportedSources/vlc/contrib/arm-apple-darwin11-armv7
sharedlibdir = ${libdir}
uname = darwin11
--------------------


