This file contains any messages produced by compilers while
running configure, to aid debugging if configure makes a mistake.

It was created by libvorbis configure 1.3.5, which was
generated by GNU Autoconf 2.69.  Invocation command line was

  $ ./configure --prefix=/Users/devmarcos/Documents/GitHubRepos/CreationVideoPlayer/VLCKit-2.2.2/MobileVLCKit/ImportedSources/vlc/contrib/arm-apple-darwin11-armv7s --datarootdir=/Users/devmarcos/Documents/GitHubRepos/CreationVideoPlayer/VLCKit-2.2.2/MobileVLCKit/ImportedSources/vlc/contrib/arm-apple-darwin11-armv7s/share --includedir=/Users/devmarcos/Documents/GitHubRepos/CreationVideoPlayer/VLCKit-2.2.2/MobileVLCKit/ImportedSources/vlc/contrib/arm-apple-darwin11-armv7s/include --libdir=/Users/devmarcos/Documents/GitHubRepos/CreationVideoPlayer/VLCKit-2.2.2/MobileVLCKit/ImportedSources/vlc/contrib/arm-apple-darwin11-armv7s/lib --build=x86_64-apple-darwin11 --host=arm-apple-darwin11 --target=arm-apple-darwin11 --program-prefix= --enable-static --disable-shared --disable-dependency-tracking --with-pic --disable-docs --disable-examples --disable-oggtest

## --------- ##
## Platform. ##
## --------- ##

hostname = Mac-Mini-Marcos.local
uname -m = x86_64
uname -r = 14.5.0
uname -s = Darwin
uname -v = Darwin Kernel Version 14.5.0: Thu Jul  9 22:56:16 PDT 2015; root:xnu-2782.40.6~1/RELEASE_X86_64

/usr/bin/uname -p = i386
/bin/uname -X     = unknown

/bin/arch              = unknown
/usr/bin/arch -k       = unknown
/usr/convex/getsysinfo = unknown
/usr/bin/hostinfo      = Mach kernel version:
	 Darwin Kernel Version 14.5.0: Thu Jul  9 22:56:16 PDT 2015; root:xnu-2782.40.6~1/RELEASE_X86_64
Kernel configured for up to 8 processors.
4 processors are physically available.
8 processors are logically available.
Processor type: i486 (Intel 80486)
Processors active: 0 1 2 3 4 5 6 7
Primary memory available: 8.00 gigabytes
Default processor set: 257 tasks, 1363 threads, 8 processors
Load average: 2.24, Mach factor: 5.75
/bin/machine           = unknown
/usr/bin/oslevel       = unknown
/bin/universe          = unknown

PATH: /Users/devmarcos/Documents/GitHubRepos/CreationVideoPlayer/VLCKit-2.2.2/MobileVLCKit/ImportedSources/vlc/contrib/arm-apple-darwin11-armv7s/bin
PATH: /Users/devmarcos/Documents/GitHubRepos/CreationVideoPlayer/VLCKit-2.2.2/MobileVLCKit/ImportedSources/vlc/extras/tools/build/bin
PATH: /Users/devmarcos/Documents/GitHubRepos/CreationVideoPlayer/VLCKit-2.2.2/MobileVLCKit/ImportedSources/vlc/extras/tools/build/bin
PATH: /Users/devmarcos/Documents/GitHubRepos/CreationVideoPlayer/VLCKit-2.2.2/MobileVLCKit/ImportedSources/vlc/contrib/arm-apple-darwin11/bin
PATH: /usr/bin
PATH: /bin
PATH: /usr/sbin
PATH: /sbin
PATH: /usr/local/bin
PATH: /usr/X11/bin


## ----------- ##
## Core tests. ##
## ----------- ##

configure:2357: checking build system type
configure:2371: result: x86_64-apple-darwin11
configure:2391: checking host system type
configure:2404: result: arm-apple-darwin11
configure:2424: checking target system type
configure:2437: result: arm-apple-darwin11
configure:2480: checking for a BSD-compatible install
configure:2548: result: /usr/bin/install -c
configure:2559: checking whether build environment is sane
configure:2614: result: yes
configure:2673: checking for arm-apple-darwin11-strip
configure:2700: result: xcrun strip
configure:2765: checking for a thread-safe mkdir -p
configure:2804: result: ./install-sh -c -d
configure:2811: checking for gawk
configure:2841: result: no
configure:2811: checking for mawk
configure:2841: result: no
configure:2811: checking for nawk
configure:2841: result: no
configure:2811: checking for awk
configure:2827: found /usr/bin/awk
configure:2838: result: awk
configure:2849: checking whether make sets $(MAKE)
configure:2871: result: yes
configure:2900: checking whether make supports nested variables
configure:2917: result: yes
configure:3043: checking whether to enable maintainer-specific portions of Makefiles
configure:3052: result: no
configure:3102: checking for arm-apple-darwin11-gcc
configure:3129: result: xcrun clang
configure:3398: checking for C compiler version
configure:3407: xcrun clang --version >&5
Apple LLVM version 6.1.0 (clang-602.0.53) (based on LLVM 3.6.0svn)
Target: x86_64-apple-darwin14.5.0
Thread model: posix
configure:3418: $? = 0
configure:3407: xcrun clang -v >&5
Apple LLVM version 6.1.0 (clang-602.0.53) (based on LLVM 3.6.0svn)
Target: x86_64-apple-darwin14.5.0
Thread model: posix
configure:3418: $? = 0
configure:3407: xcrun clang -V >&5
clang: error: argument to '-V' is missing (expected 1 value)
clang: error: no input files
configure:3418: $? = 1
configure:3407: xcrun clang -qversion >&5
clang: error: unknown argument: '-qversion'
clang: error: no input files
configure:3418: $? = 1
configure:3438: checking whether the C compiler works
configure:3460: xcrun clang -isysroot /Applications/Xcode.app/Contents/Developer/Platforms/iPhoneOS.platform/Developer/SDKs/iPhoneOS8.4.sdk -arch armv7s -O3 -g -mcpu=cortex-a8 -miphoneos-version-min=6.1 -arch armv7s -mcpu=cortex-a8 -miphoneos-version-min=6.1 -isysroot /Applications/Xcode.app/Contents/Developer/Platforms/iPhoneOS.platform/Developer/SDKs/iPhoneOS8.4.sdk -arch armv7s -O3 -g -mcpu=cortex-a8 -miphoneos-version-min=6.1 -I/Users/devmarcos/Documents/GitHubRepos/CreationVideoPlayer/VLCKit-2.2.2/MobileVLCKit/ImportedSources/vlc/contrib/arm-apple-darwin11-armv7s/include -g -isysroot /Applications/Xcode.app/Contents/Developer/Platforms/iPhoneOS.platform/Developer/SDKs/iPhoneOS8.4.sdk -arch armv7s -O3 -g -mcpu=cortex-a8 -miphoneos-version-min=6.1 -arch armv7s -mcpu=cortex-a8 -miphoneos-version-min=6.1 -isysroot /Applications/Xcode.app/Contents/Developer/Platforms/iPhoneOS.platform/Developer/SDKs/iPhoneOS8.4.sdk -arch armv7s -O3 -g -mcpu=cortex-a8 -miphoneos-version-min=6.1 -I/Users/devmarcos/Documents/GitHubRepos/CreationVideoPlayer/VLCKit-2.2.2/MobileVLCKit/ImportedSources/vlc/contrib/arm-apple-darwin11-armv7s/include -L/Applications/Xcode.app/Contents/Developer/Platforms/iPhoneOS.platform/Developer/SDKs/iPhoneOS8.4.sdk/usr/lib -arch armv7s -isysroot /Applications/Xcode.app/Contents/Developer/Platforms/iPhoneOS.platform/Developer/SDKs/iPhoneOS8.4.sdk -Wl,-ios_version_min,6.1 -arch armv7s -Wl,-ios_version_min,6.1 -L/Applications/Xcode.app/Contents/Developer/Platforms/iPhoneOS.platform/Developer/SDKs/iPhoneOS8.4.sdk/usr/lib -arch armv7s -isysroot /Applications/Xcode.app/Contents/Developer/Platforms/iPhoneOS.platform/Developer/SDKs/iPhoneOS8.4.sdk -Wl,-ios_version_min,6.1 -L/Users/devmarcos/Documents/GitHubRepos/CreationVideoPlayer/VLCKit-2.2.2/MobileVLCKit/ImportedSources/vlc/contrib/arm-apple-darwin11-armv7s/lib conftest.c  >&5
configure:3464: $? = 0
configure:3512: result: yes
configure:3515: checking for C compiler default output file name
configure:3517: result: a.out
configure:3523: checking for suffix of executables
configure:3530: xcrun clang -o conftest -isysroot /Applications/Xcode.app/Contents/Developer/Platforms/iPhoneOS.platform/Developer/SDKs/iPhoneOS8.4.sdk -arch armv7s -O3 -g -mcpu=cortex-a8 -miphoneos-version-min=6.1 -arch armv7s -mcpu=cortex-a8 -miphoneos-version-min=6.1 -isysroot /Applications/Xcode.app/Contents/Developer/Platforms/iPhoneOS.platform/Developer/SDKs/iPhoneOS8.4.sdk -arch armv7s -O3 -g -mcpu=cortex-a8 -miphoneos-version-min=6.1 -I/Users/devmarcos/Documents/GitHubRepos/CreationVideoPlayer/VLCKit-2.2.2/MobileVLCKit/ImportedSources/vlc/contrib/arm-apple-darwin11-armv7s/include -g -isysroot /Applications/Xcode.app/Contents/Developer/Platforms/iPhoneOS.platform/Developer/SDKs/iPhoneOS8.4.sdk -arch armv7s -O3 -g -mcpu=cortex-a8 -miphoneos-version-min=6.1 -arch armv7s -mcpu=cortex-a8 -miphoneos-version-min=6.1 -isysroot /Applications/Xcode.app/Contents/Developer/Platforms/iPhoneOS.platform/Developer/SDKs/iPhoneOS8.4.sdk -arch armv7s -O3 -g -mcpu=cortex-a8 -miphoneos-version-min=6.1 -I/Users/devmarcos/Documents/GitHubRepos/CreationVideoPlayer/VLCKit-2.2.2/MobileVLCKit/ImportedSources/vlc/contrib/arm-apple-darwin11-armv7s/include -L/Applications/Xcode.app/Contents/Developer/Platforms/iPhoneOS.platform/Developer/SDKs/iPhoneOS8.4.sdk/usr/lib -arch armv7s -isysroot /Applications/Xcode.app/Contents/Developer/Platforms/iPhoneOS.platform/Developer/SDKs/iPhoneOS8.4.sdk -Wl,-ios_version_min,6.1 -arch armv7s -Wl,-ios_version_min,6.1 -L/Applications/Xcode.app/Contents/Developer/Platforms/iPhoneOS.platform/Developer/SDKs/iPhoneOS8.4.sdk/usr/lib -arch armv7s -isysroot /Applications/Xcode.app/Contents/Developer/Platforms/iPhoneOS.platform/Developer/SDKs/iPhoneOS8.4.sdk -Wl,-ios_version_min,6.1 -L/Users/devmarcos/Documents/GitHubRepos/CreationVideoPlayer/VLCKit-2.2.2/MobileVLCKit/ImportedSources/vlc/contrib/arm-apple-darwin11-armv7s/lib conftest.c  >&5
configure:3534: $? = 0
configure:3556: result: 
configure:3578: checking whether we are cross compiling
configure:3616: result: yes
configure:3621: checking for suffix of object files
configure:3643: xcrun clang -c -isysroot /Applications/Xcode.app/Contents/Developer/Platforms/iPhoneOS.platform/Developer/SDKs/iPhoneOS8.4.sdk -arch armv7s -O3 -g -mcpu=cortex-a8 -miphoneos-version-min=6.1 -arch armv7s -mcpu=cortex-a8 -miphoneos-version-min=6.1 -isysroot /Applications/Xcode.app/Contents/Developer/Platforms/iPhoneOS.platform/Developer/SDKs/iPhoneOS8.4.sdk -arch armv7s -O3 -g -mcpu=cortex-a8 -miphoneos-version-min=6.1 -I/Users/devmarcos/Documents/GitHubRepos/CreationVideoPlayer/VLCKit-2.2.2/MobileVLCKit/ImportedSources/vlc/contrib/arm-apple-darwin11-armv7s/include -g -isysroot /Applications/Xcode.app/Contents/Developer/Platforms/iPhoneOS.platform/Developer/SDKs/iPhoneOS8.4.sdk -arch armv7s -O3 -g -mcpu=cortex-a8 -miphoneos-version-min=6.1 -arch armv7s -mcpu=cortex-a8 -miphoneos-version-min=6.1 -isysroot /Applications/Xcode.app/Contents/Developer/Platforms/iPhoneOS.platform/Developer/SDKs/iPhoneOS8.4.sdk -arch armv7s -O3 -g -mcpu=cortex-a8 -miphoneos-version-min=6.1 -I/Users/devmarcos/Documents/GitHubRepos/CreationVideoPlayer/VLCKit-2.2.2/MobileVLCKit/ImportedSources/vlc/contrib/arm-apple-darwin11-armv7s/include conftest.c >&5
configure:3647: $? = 0
configure:3668: result: o
configure:3672: checking whether we are using the GNU C compiler
configure:3691: xcrun clang -c -isysroot /Applications/Xcode.app/Contents/Developer/Platforms/iPhoneOS.platform/Developer/SDKs/iPhoneOS8.4.sdk -arch armv7s -O3 -g -mcpu=cortex-a8 -miphoneos-version-min=6.1 -arch armv7s -mcpu=cortex-a8 -miphoneos-version-min=6.1 -isysroot /Applications/Xcode.app/Contents/Developer/Platforms/iPhoneOS.platform/Developer/SDKs/iPhoneOS8.4.sdk -arch armv7s -O3 -g -mcpu=cortex-a8 -miphoneos-version-min=6.1 -I/Users/devmarcos/Documents/GitHubRepos/CreationVideoPlayer/VLCKit-2.2.2/MobileVLCKit/ImportedSources/vlc/contrib/arm-apple-darwin11-armv7s/include -g -isysroot /Applications/Xcode.app/Contents/Developer/Platforms/iPhoneOS.platform/Developer/SDKs/iPhoneOS8.4.sdk -arch armv7s -O3 -g -mcpu=cortex-a8 -miphoneos-version-min=6.1 -arch armv7s -mcpu=cortex-a8 -miphoneos-version-min=6.1 -isysroot /Applications/Xcode.app/Contents/Developer/Platforms/iPhoneOS.platform/Developer/SDKs/iPhoneOS8.4.sdk -arch armv7s -O3 -g -mcpu=cortex-a8 -miphoneos-version-min=6.1 -I/Users/devmarcos/Documents/GitHubRepos/CreationVideoPlayer/VLCKit-2.2.2/MobileVLCKit/ImportedSources/vlc/contrib/arm-apple-darwin11-armv7s/include conftest.c >&5
configure:3691: $? = 0
configure:3700: result: yes
configure:3709: checking whether xcrun clang accepts -g
configure:3729: xcrun clang -c -g -isysroot /Applications/Xcode.app/Contents/Developer/Platforms/iPhoneOS.platform/Developer/SDKs/iPhoneOS8.4.sdk -arch armv7s -O3 -g -mcpu=cortex-a8 -miphoneos-version-min=6.1 -arch armv7s -mcpu=cortex-a8 -miphoneos-version-min=6.1 -isysroot /Applications/Xcode.app/Contents/Developer/Platforms/iPhoneOS.platform/Developer/SDKs/iPhoneOS8.4.sdk -arch armv7s -O3 -g -mcpu=cortex-a8 -miphoneos-version-min=6.1 -I/Users/devmarcos/Documents/GitHubRepos/CreationVideoPlayer/VLCKit-2.2.2/MobileVLCKit/ImportedSources/vlc/contrib/arm-apple-darwin11-armv7s/include conftest.c >&5
configure:3729: $? = 0
configure:3770: result: yes
configure:3787: checking for xcrun clang option to accept ISO C89
configure:3850: xcrun clang  -c -isysroot /Applications/Xcode.app/Contents/Developer/Platforms/iPhoneOS.platform/Developer/SDKs/iPhoneOS8.4.sdk -arch armv7s -O3 -g -mcpu=cortex-a8 -miphoneos-version-min=6.1 -arch armv7s -mcpu=cortex-a8 -miphoneos-version-min=6.1 -isysroot /Applications/Xcode.app/Contents/Developer/Platforms/iPhoneOS.platform/Developer/SDKs/iPhoneOS8.4.sdk -arch armv7s -O3 -g -mcpu=cortex-a8 -miphoneos-version-min=6.1 -I/Users/devmarcos/Documents/GitHubRepos/CreationVideoPlayer/VLCKit-2.2.2/MobileVLCKit/ImportedSources/vlc/contrib/arm-apple-darwin11-armv7s/include -g -isysroot /Applications/Xcode.app/Contents/Developer/Platforms/iPhoneOS.platform/Developer/SDKs/iPhoneOS8.4.sdk -arch armv7s -O3 -g -mcpu=cortex-a8 -miphoneos-version-min=6.1 -arch armv7s -mcpu=cortex-a8 -miphoneos-version-min=6.1 -isysroot /Applications/Xcode.app/Contents/Developer/Platforms/iPhoneOS.platform/Developer/SDKs/iPhoneOS8.4.sdk -arch armv7s -O3 -g -mcpu=cortex-a8 -miphoneos-version-min=6.1 -I/Users/devmarcos/Documents/GitHubRepos/CreationVideoPlayer/VLCKit-2.2.2/MobileVLCKit/ImportedSources/vlc/contrib/arm-apple-darwin11-armv7s/include conftest.c >&5
configure:3850: $? = 0
configure:3863: result: none needed
configure:3888: checking whether xcrun clang understands -c and -o together
configure:3910: xcrun clang -c conftest.c -o conftest2.o
configure:3913: $? = 0
configure:3910: xcrun clang -c conftest.c -o conftest2.o
configure:3913: $? = 0
configure:3925: result: yes
configure:3953: checking for style of include used by make
configure:3981: result: GNU
configure:4007: checking dependency style of xcrun clang
configure:4118: result: none
configure:4138: checking how to run the C preprocessor
configure:4208: result: xcrun cc -E
configure:4228: xcrun cc -E -isysroot /Applications/Xcode.app/Contents/Developer/Platforms/iPhoneOS.platform/Developer/SDKs/iPhoneOS8.4.sdk -arch armv7s -O3 -g -mcpu=cortex-a8 -miphoneos-version-min=6.1 -arch armv7s -mcpu=cortex-a8 -miphoneos-version-min=6.1 -isysroot /Applications/Xcode.app/Contents/Developer/Platforms/iPhoneOS.platform/Developer/SDKs/iPhoneOS8.4.sdk -arch armv7s -O3 -g -mcpu=cortex-a8 -miphoneos-version-min=6.1 -I/Users/devmarcos/Documents/GitHubRepos/CreationVideoPlayer/VLCKit-2.2.2/MobileVLCKit/ImportedSources/vlc/contrib/arm-apple-darwin11-armv7s/include conftest.c
configure:4228: $? = 0
configure:4242: xcrun cc -E -isysroot /Applications/Xcode.app/Contents/Developer/Platforms/iPhoneOS.platform/Developer/SDKs/iPhoneOS8.4.sdk -arch armv7s -O3 -g -mcpu=cortex-a8 -miphoneos-version-min=6.1 -arch armv7s -mcpu=cortex-a8 -miphoneos-version-min=6.1 -isysroot /Applications/Xcode.app/Contents/Developer/Platforms/iPhoneOS.platform/Developer/SDKs/iPhoneOS8.4.sdk -arch armv7s -O3 -g -mcpu=cortex-a8 -miphoneos-version-min=6.1 -I/Users/devmarcos/Documents/GitHubRepos/CreationVideoPlayer/VLCKit-2.2.2/MobileVLCKit/ImportedSources/vlc/contrib/arm-apple-darwin11-armv7s/include conftest.c
conftest.c:11:10: fatal error: 'ac_nonexistent.h' file not found
#include <ac_nonexistent.h>
         ^
1 error generated.
configure:4242: $? = 1
configure: failed program was:
| /* confdefs.h */
| #define PACKAGE_NAME "libvorbis"
| #define PACKAGE_TARNAME "libvorbis"
| #define PACKAGE_VERSION "1.3.5"
| #define PACKAGE_STRING "libvorbis 1.3.5"
| #define PACKAGE_BUGREPORT "vorbis-dev@xiph.org"
| #define PACKAGE_URL ""
| #define PACKAGE "libvorbis"
| #define VERSION "1.3.5"
| /* end confdefs.h.  */
| #include <ac_nonexistent.h>
configure:4273: checking for inline
configure:4289: xcrun clang -c -isysroot /Applications/Xcode.app/Contents/Developer/Platforms/iPhoneOS.platform/Developer/SDKs/iPhoneOS8.4.sdk -arch armv7s -O3 -g -mcpu=cortex-a8 -miphoneos-version-min=6.1 -arch armv7s -mcpu=cortex-a8 -miphoneos-version-min=6.1 -isysroot /Applications/Xcode.app/Contents/Developer/Platforms/iPhoneOS.platform/Developer/SDKs/iPhoneOS8.4.sdk -arch armv7s -O3 -g -mcpu=cortex-a8 -miphoneos-version-min=6.1 -I/Users/devmarcos/Documents/GitHubRepos/CreationVideoPlayer/VLCKit-2.2.2/MobileVLCKit/ImportedSources/vlc/contrib/arm-apple-darwin11-armv7s/include -g -isysroot /Applications/Xcode.app/Contents/Developer/Platforms/iPhoneOS.platform/Developer/SDKs/iPhoneOS8.4.sdk -arch armv7s -O3 -g -mcpu=cortex-a8 -miphoneos-version-min=6.1 -arch armv7s -mcpu=cortex-a8 -miphoneos-version-min=6.1 -isysroot /Applications/Xcode.app/Contents/Developer/Platforms/iPhoneOS.platform/Developer/SDKs/iPhoneOS8.4.sdk -arch armv7s -O3 -g -mcpu=cortex-a8 -miphoneos-version-min=6.1 -I/Users/devmarcos/Documents/GitHubRepos/CreationVideoPlayer/VLCKit-2.2.2/MobileVLCKit/ImportedSources/vlc/contrib/arm-apple-darwin11-armv7s/include conftest.c >&5
configure:4289: $? = 0
configure:4297: result: inline
configure:4665: checking how to print strings
configure:4692: result: printf
configure:4713: checking for a sed that does not truncate output
configure:4777: result: /usr/bin/sed
configure:4795: checking for grep that handles long lines and -e
configure:4853: result: /usr/bin/grep
configure:4858: checking for egrep
configure:4920: result: /usr/bin/grep -E
configure:4925: checking for fgrep
configure:4987: result: /usr/bin/grep -F
configure:5022: checking for ld used by xcrun clang
configure:5089: result: xcrun ld
configure:5096: checking if the linker (xcrun ld) is GNU ld
configure:5111: result: no
configure:5123: checking for BSD- or MS-compatible name lister (nm)
configure:5172: result: no
configure:5186: checking for arm-apple-darwin11-dumpbin
configure:5216: result: no
configure:5186: checking for arm-apple-darwin11-link
configure:5216: result: no
configure:5230: checking for dumpbin
configure:5260: result: no
configure:5230: checking for link
configure:5246: found /bin/link
configure:5257: result: link -dump
configure:5273: WARNING: using cross tools not prefixed with host triplet
configure:5302: checking the name lister (nm) interface
configure:5309: xcrun clang -c -isysroot /Applications/Xcode.app/Contents/Developer/Platforms/iPhoneOS.platform/Developer/SDKs/iPhoneOS8.4.sdk -arch armv7s -O3 -g -mcpu=cortex-a8 -miphoneos-version-min=6.1 -arch armv7s -mcpu=cortex-a8 -miphoneos-version-min=6.1 -isysroot /Applications/Xcode.app/Contents/Developer/Platforms/iPhoneOS.platform/Developer/SDKs/iPhoneOS8.4.sdk -arch armv7s -O3 -g -mcpu=cortex-a8 -miphoneos-version-min=6.1 -I/Users/devmarcos/Documents/GitHubRepos/CreationVideoPlayer/VLCKit-2.2.2/MobileVLCKit/ImportedSources/vlc/contrib/arm-apple-darwin11-armv7s/include -g -isysroot /Applications/Xcode.app/Contents/Developer/Platforms/iPhoneOS.platform/Developer/SDKs/iPhoneOS8.4.sdk -arch armv7s -O3 -g -mcpu=cortex-a8 -miphoneos-version-min=6.1 -arch armv7s -mcpu=cortex-a8 -miphoneos-version-min=6.1 -isysroot /Applications/Xcode.app/Contents/Developer/Platforms/iPhoneOS.platform/Developer/SDKs/iPhoneOS8.4.sdk -arch armv7s -O3 -g -mcpu=cortex-a8 -miphoneos-version-min=6.1 -I/Users/devmarcos/Documents/GitHubRepos/CreationVideoPlayer/VLCKit-2.2.2/MobileVLCKit/ImportedSources/vlc/contrib/arm-apple-darwin11-armv7s/include conftest.c >&5
configure:5312: nm "conftest.o"
configure:5315: output
0000024c S _some_variable
configure:5322: result: BSD nm
configure:5325: checking whether ln -s works
configure:5329: result: yes
configure:5337: checking the maximum length of command line arguments
configure:5467: result: 196608
configure:5484: checking whether the shell understands some XSI constructs
configure:5494: result: yes
configure:5498: checking whether the shell understands "+="
configure:5504: result: yes
configure:5539: checking how to convert x86_64-apple-darwin11 file names to arm-apple-darwin11 format
configure:5579: result: func_convert_file_noop
configure:5586: checking how to convert x86_64-apple-darwin11 file names to toolchain format
configure:5606: result: func_convert_file_noop
configure:5613: checking for xcrun ld option to reload object files
configure:5620: result: -r
configure:5654: checking for arm-apple-darwin11-objdump
configure:5681: result: objdump
configure:5750: checking how to recognize dependent libraries
configure:5952: result: pass_all
configure:5997: checking for arm-apple-darwin11-dlltool
configure:6024: result: dlltool
configure:6094: checking how to associate runtime and link libraries
configure:6121: result: printf %s\n
configure:6137: checking for arm-apple-darwin11-ar
configure:6164: result: xcrun ar
configure:6245: checking for archiver @FILE support
configure:6262: xcrun clang -c -isysroot /Applications/Xcode.app/Contents/Developer/Platforms/iPhoneOS.platform/Developer/SDKs/iPhoneOS8.4.sdk -arch armv7s -O3 -g -mcpu=cortex-a8 -miphoneos-version-min=6.1 -arch armv7s -mcpu=cortex-a8 -miphoneos-version-min=6.1 -isysroot /Applications/Xcode.app/Contents/Developer/Platforms/iPhoneOS.platform/Developer/SDKs/iPhoneOS8.4.sdk -arch armv7s -O3 -g -mcpu=cortex-a8 -miphoneos-version-min=6.1 -I/Users/devmarcos/Documents/GitHubRepos/CreationVideoPlayer/VLCKit-2.2.2/MobileVLCKit/ImportedSources/vlc/contrib/arm-apple-darwin11-armv7s/include -g -isysroot /Applications/Xcode.app/Contents/Developer/Platforms/iPhoneOS.platform/Developer/SDKs/iPhoneOS8.4.sdk -arch armv7s -O3 -g -mcpu=cortex-a8 -miphoneos-version-min=6.1 -arch armv7s -mcpu=cortex-a8 -miphoneos-version-min=6.1 -isysroot /Applications/Xcode.app/Contents/Developer/Platforms/iPhoneOS.platform/Developer/SDKs/iPhoneOS8.4.sdk -arch armv7s -O3 -g -mcpu=cortex-a8 -miphoneos-version-min=6.1 -I/Users/devmarcos/Documents/GitHubRepos/CreationVideoPlayer/VLCKit-2.2.2/MobileVLCKit/ImportedSources/vlc/contrib/arm-apple-darwin11-armv7s/include conftest.c >&5
configure:6262: $? = 0
configure:6265: xcrun ar cru libconftest.a @conftest.lst >&5
ar: @conftest.lst: No such file or directory
configure:6268: $? = 1
configure:6288: result: no
configure:6306: checking for arm-apple-darwin11-strip
configure:6333: result: xcrun strip
configure:6405: checking for arm-apple-darwin11-ranlib
configure:6432: result: xcrun ranlib
configure:6574: checking command to parse nm output from xcrun clang object
configure:6694: xcrun clang -c -isysroot /Applications/Xcode.app/Contents/Developer/Platforms/iPhoneOS.platform/Developer/SDKs/iPhoneOS8.4.sdk -arch armv7s -O3 -g -mcpu=cortex-a8 -miphoneos-version-min=6.1 -arch armv7s -mcpu=cortex-a8 -miphoneos-version-min=6.1 -isysroot /Applications/Xcode.app/Contents/Developer/Platforms/iPhoneOS.platform/Developer/SDKs/iPhoneOS8.4.sdk -arch armv7s -O3 -g -mcpu=cortex-a8 -miphoneos-version-min=6.1 -I/Users/devmarcos/Documents/GitHubRepos/CreationVideoPlayer/VLCKit-2.2.2/MobileVLCKit/ImportedSources/vlc/contrib/arm-apple-darwin11-armv7s/include -g -isysroot /Applications/Xcode.app/Contents/Developer/Platforms/iPhoneOS.platform/Developer/SDKs/iPhoneOS8.4.sdk -arch armv7s -O3 -g -mcpu=cortex-a8 -miphoneos-version-min=6.1 -arch armv7s -mcpu=cortex-a8 -miphoneos-version-min=6.1 -isysroot /Applications/Xcode.app/Contents/Developer/Platforms/iPhoneOS.platform/Developer/SDKs/iPhoneOS8.4.sdk -arch armv7s -O3 -g -mcpu=cortex-a8 -miphoneos-version-min=6.1 -I/Users/devmarcos/Documents/GitHubRepos/CreationVideoPlayer/VLCKit-2.2.2/MobileVLCKit/ImportedSources/vlc/contrib/arm-apple-darwin11-armv7s/include conftest.c >&5
configure:6697: $? = 0
configure:6701: nm conftest.o \| sed -n -e 's/^.*[ ]\([BCDEGRST][BCDEGRST]*\)[ ][ ]*\([_A-Za-z][_A-Za-z0-9]*\)$/\1 \2 \2/p' | sed '/ __gnu_lto/d' \> conftest.nm
configure:6704: $? = 0
cannot find nm_test_var in conftest.nm
configure:6694: xcrun clang -c -isysroot /Applications/Xcode.app/Contents/Developer/Platforms/iPhoneOS.platform/Developer/SDKs/iPhoneOS8.4.sdk -arch armv7s -O3 -g -mcpu=cortex-a8 -miphoneos-version-min=6.1 -arch armv7s -mcpu=cortex-a8 -miphoneos-version-min=6.1 -isysroot /Applications/Xcode.app/Contents/Developer/Platforms/iPhoneOS.platform/Developer/SDKs/iPhoneOS8.4.sdk -arch armv7s -O3 -g -mcpu=cortex-a8 -miphoneos-version-min=6.1 -I/Users/devmarcos/Documents/GitHubRepos/CreationVideoPlayer/VLCKit-2.2.2/MobileVLCKit/ImportedSources/vlc/contrib/arm-apple-darwin11-armv7s/include -g -isysroot /Applications/Xcode.app/Contents/Developer/Platforms/iPhoneOS.platform/Developer/SDKs/iPhoneOS8.4.sdk -arch armv7s -O3 -g -mcpu=cortex-a8 -miphoneos-version-min=6.1 -arch armv7s -mcpu=cortex-a8 -miphoneos-version-min=6.1 -isysroot /Applications/Xcode.app/Contents/Developer/Platforms/iPhoneOS.platform/Developer/SDKs/iPhoneOS8.4.sdk -arch armv7s -O3 -g -mcpu=cortex-a8 -miphoneos-version-min=6.1 -I/Users/devmarcos/Documents/GitHubRepos/CreationVideoPlayer/VLCKit-2.2.2/MobileVLCKit/ImportedSources/vlc/contrib/arm-apple-darwin11-armv7s/include conftest.c >&5
configure:6697: $? = 0
configure:6701: nm conftest.o \| sed -n -e 's/^.*[ ]\([BCDEGRST][BCDEGRST]*\)[ ][ ]*_\([_A-Za-z][_A-Za-z0-9]*\)$/\1 _\2 \2/p' | sed '/ __gnu_lto/d' \> conftest.nm
configure:6704: $? = 0
configure:6770: xcrun clang -o conftest -isysroot /Applications/Xcode.app/Contents/Developer/Platforms/iPhoneOS.platform/Developer/SDKs/iPhoneOS8.4.sdk -arch armv7s -O3 -g -mcpu=cortex-a8 -miphoneos-version-min=6.1 -arch armv7s -mcpu=cortex-a8 -miphoneos-version-min=6.1 -isysroot /Applications/Xcode.app/Contents/Developer/Platforms/iPhoneOS.platform/Developer/SDKs/iPhoneOS8.4.sdk -arch armv7s -O3 -g -mcpu=cortex-a8 -miphoneos-version-min=6.1 -I/Users/devmarcos/Documents/GitHubRepos/CreationVideoPlayer/VLCKit-2.2.2/MobileVLCKit/ImportedSources/vlc/contrib/arm-apple-darwin11-armv7s/include -g -isysroot /Applications/Xcode.app/Contents/Developer/Platforms/iPhoneOS.platform/Developer/SDKs/iPhoneOS8.4.sdk -arch armv7s -O3 -g -mcpu=cortex-a8 -miphoneos-version-min=6.1 -arch armv7s -mcpu=cortex-a8 -miphoneos-version-min=6.1 -isysroot /Applications/Xcode.app/Contents/Developer/Platforms/iPhoneOS.platform/Developer/SDKs/iPhoneOS8.4.sdk -arch armv7s -O3 -g -mcpu=cortex-a8 -miphoneos-version-min=6.1 -I/Users/devmarcos/Documents/GitHubRepos/CreationVideoPlayer/VLCKit-2.2.2/MobileVLCKit/ImportedSources/vlc/contrib/arm-apple-darwin11-armv7s/include -L/Applications/Xcode.app/Contents/Developer/Platforms/iPhoneOS.platform/Developer/SDKs/iPhoneOS8.4.sdk/usr/lib -arch armv7s -isysroot /Applications/Xcode.app/Contents/Developer/Platforms/iPhoneOS.platform/Developer/SDKs/iPhoneOS8.4.sdk -Wl,-ios_version_min,6.1 -arch armv7s -Wl,-ios_version_min,6.1 -L/Applications/Xcode.app/Contents/Developer/Platforms/iPhoneOS.platform/Developer/SDKs/iPhoneOS8.4.sdk/usr/lib -arch armv7s -isysroot /Applications/Xcode.app/Contents/Developer/Platforms/iPhoneOS.platform/Developer/SDKs/iPhoneOS8.4.sdk -Wl,-ios_version_min,6.1 -L/Users/devmarcos/Documents/GitHubRepos/CreationVideoPlayer/VLCKit-2.2.2/MobileVLCKit/ImportedSources/vlc/contrib/arm-apple-darwin11-armv7s/lib conftest.c conftstm.o >&5
configure:6773: $? = 0
configure:6811: result: ok
configure:6848: checking for sysroot
configure:6878: result: no
configure:7094: checking for arm-apple-darwin11-mt
configure:7124: result: no
configure:7134: checking for mt
configure:7164: result: no
configure:7184: checking if : is a manifest tool
configure:7190: : '-?'
configure:7198: result: no
configure:7214: checking for arm-apple-darwin11-dsymutil
configure:7244: result: no
configure:7254: checking for dsymutil
configure:7270: found /usr/bin/dsymutil
configure:7281: result: dsymutil
configure:7306: checking for arm-apple-darwin11-nmedit
configure:7336: result: no
configure:7346: checking for nmedit
configure:7362: found /usr/bin/nmedit
configure:7373: result: nmedit
configure:7398: checking for arm-apple-darwin11-lipo
configure:7428: result: no
configure:7438: checking for lipo
configure:7454: found /usr/bin/lipo
configure:7465: result: lipo
configure:7490: checking for arm-apple-darwin11-otool
configure:7520: result: no
configure:7530: checking for otool
configure:7546: found /usr/bin/otool
configure:7557: result: otool
configure:7582: checking for arm-apple-darwin11-otool64
configure:7612: result: no
configure:7622: checking for otool64
configure:7652: result: no
configure:7697: checking for -single_module linker flag
xcrun clang -isysroot /Applications/Xcode.app/Contents/Developer/Platforms/iPhoneOS.platform/Developer/SDKs/iPhoneOS8.4.sdk -arch armv7s -O3 -g -mcpu=cortex-a8 -miphoneos-version-min=6.1 -arch armv7s -mcpu=cortex-a8 -miphoneos-version-min=6.1 -isysroot /Applications/Xcode.app/Contents/Developer/Platforms/iPhoneOS.platform/Developer/SDKs/iPhoneOS8.4.sdk -arch armv7s -O3 -g -mcpu=cortex-a8 -miphoneos-version-min=6.1 -I/Users/devmarcos/Documents/GitHubRepos/CreationVideoPlayer/VLCKit-2.2.2/MobileVLCKit/ImportedSources/vlc/contrib/arm-apple-darwin11-armv7s/include -g -L/Applications/Xcode.app/Contents/Developer/Platforms/iPhoneOS.platform/Developer/SDKs/iPhoneOS8.4.sdk/usr/lib -arch armv7s -isysroot /Applications/Xcode.app/Contents/Developer/Platforms/iPhoneOS.platform/Developer/SDKs/iPhoneOS8.4.sdk -Wl,-ios_version_min,6.1 -arch armv7s -Wl,-ios_version_min,6.1 -L/Applications/Xcode.app/Contents/Developer/Platforms/iPhoneOS.platform/Developer/SDKs/iPhoneOS8.4.sdk/usr/lib -arch armv7s -isysroot /Applications/Xcode.app/Contents/Developer/Platforms/iPhoneOS.platform/Developer/SDKs/iPhoneOS8.4.sdk -Wl,-ios_version_min,6.1 -L/Users/devmarcos/Documents/GitHubRepos/CreationVideoPlayer/VLCKit-2.2.2/MobileVLCKit/ImportedSources/vlc/contrib/arm-apple-darwin11-armv7s/lib -o libconftest.dylib -dynamiclib -Wl,-single_module conftest.c
configure:7730: result: yes
configure:7733: checking for -exported_symbols_list linker flag
configure:7753: xcrun clang -o conftest -isysroot /Applications/Xcode.app/Contents/Developer/Platforms/iPhoneOS.platform/Developer/SDKs/iPhoneOS8.4.sdk -arch armv7s -O3 -g -mcpu=cortex-a8 -miphoneos-version-min=6.1 -arch armv7s -mcpu=cortex-a8 -miphoneos-version-min=6.1 -isysroot /Applications/Xcode.app/Contents/Developer/Platforms/iPhoneOS.platform/Developer/SDKs/iPhoneOS8.4.sdk -arch armv7s -O3 -g -mcpu=cortex-a8 -miphoneos-version-min=6.1 -I/Users/devmarcos/Documents/GitHubRepos/CreationVideoPlayer/VLCKit-2.2.2/MobileVLCKit/ImportedSources/vlc/contrib/arm-apple-darwin11-armv7s/include -g -isysroot /Applications/Xcode.app/Contents/Developer/Platforms/iPhoneOS.platform/Developer/SDKs/iPhoneOS8.4.sdk -arch armv7s -O3 -g -mcpu=cortex-a8 -miphoneos-version-min=6.1 -arch armv7s -mcpu=cortex-a8 -miphoneos-version-min=6.1 -isysroot /Applications/Xcode.app/Contents/Developer/Platforms/iPhoneOS.platform/Developer/SDKs/iPhoneOS8.4.sdk -arch armv7s -O3 -g -mcpu=cortex-a8 -miphoneos-version-min=6.1 -I/Users/devmarcos/Documents/GitHubRepos/CreationVideoPlayer/VLCKit-2.2.2/MobileVLCKit/ImportedSources/vlc/contrib/arm-apple-darwin11-armv7s/include -L/Applications/Xcode.app/Contents/Developer/Platforms/iPhoneOS.platform/Developer/SDKs/iPhoneOS8.4.sdk/usr/lib -arch armv7s -isysroot /Applications/Xcode.app/Contents/Developer/Platforms/iPhoneOS.platform/Developer/SDKs/iPhoneOS8.4.sdk -Wl,-ios_version_min,6.1 -arch armv7s -Wl,-ios_version_min,6.1 -L/Applications/Xcode.app/Contents/Developer/Platforms/iPhoneOS.platform/Developer/SDKs/iPhoneOS8.4.sdk/usr/lib -arch armv7s -isysroot /Applications/Xcode.app/Contents/Developer/Platforms/iPhoneOS.platform/Developer/SDKs/iPhoneOS8.4.sdk -Wl,-ios_version_min,6.1 -L/Users/devmarcos/Documents/GitHubRepos/CreationVideoPlayer/VLCKit-2.2.2/MobileVLCKit/ImportedSources/vlc/contrib/arm-apple-darwin11-armv7s/lib -Wl,-exported_symbols_list,conftest.sym conftest.c  >&5
configure:7753: $? = 0
configure:7763: result: yes
configure:7766: checking for -force_load linker flag
xcrun clang -isysroot /Applications/Xcode.app/Contents/Developer/Platforms/iPhoneOS.platform/Developer/SDKs/iPhoneOS8.4.sdk -arch armv7s -O3 -g -mcpu=cortex-a8 -miphoneos-version-min=6.1 -arch armv7s -mcpu=cortex-a8 -miphoneos-version-min=6.1 -isysroot /Applications/Xcode.app/Contents/Developer/Platforms/iPhoneOS.platform/Developer/SDKs/iPhoneOS8.4.sdk -arch armv7s -O3 -g -mcpu=cortex-a8 -miphoneos-version-min=6.1 -I/Users/devmarcos/Documents/GitHubRepos/CreationVideoPlayer/VLCKit-2.2.2/MobileVLCKit/ImportedSources/vlc/contrib/arm-apple-darwin11-armv7s/include -g -c -o conftest.o conftest.c
xcrun ar cru libconftest.a conftest.o
xcrun ranlib libconftest.a
xcrun clang -isysroot /Applications/Xcode.app/Contents/Developer/Platforms/iPhoneOS.platform/Developer/SDKs/iPhoneOS8.4.sdk -arch armv7s -O3 -g -mcpu=cortex-a8 -miphoneos-version-min=6.1 -arch armv7s -mcpu=cortex-a8 -miphoneos-version-min=6.1 -isysroot /Applications/Xcode.app/Contents/Developer/Platforms/iPhoneOS.platform/Developer/SDKs/iPhoneOS8.4.sdk -arch armv7s -O3 -g -mcpu=cortex-a8 -miphoneos-version-min=6.1 -I/Users/devmarcos/Documents/GitHubRepos/CreationVideoPlayer/VLCKit-2.2.2/MobileVLCKit/ImportedSources/vlc/contrib/arm-apple-darwin11-armv7s/include -g -L/Applications/Xcode.app/Contents/Developer/Platforms/iPhoneOS.platform/Developer/SDKs/iPhoneOS8.4.sdk/usr/lib -arch armv7s -isysroot /Applications/Xcode.app/Contents/Developer/Platforms/iPhoneOS.platform/Developer/SDKs/iPhoneOS8.4.sdk -Wl,-ios_version_min,6.1 -arch armv7s -Wl,-ios_version_min,6.1 -L/Applications/Xcode.app/Contents/Developer/Platforms/iPhoneOS.platform/Developer/SDKs/iPhoneOS8.4.sdk/usr/lib -arch armv7s -isysroot /Applications/Xcode.app/Contents/Developer/Platforms/iPhoneOS.platform/Developer/SDKs/iPhoneOS8.4.sdk -Wl,-ios_version_min,6.1 -L/Users/devmarcos/Documents/GitHubRepos/CreationVideoPlayer/VLCKit-2.2.2/MobileVLCKit/ImportedSources/vlc/contrib/arm-apple-darwin11-armv7s/lib -o conftest conftest.c -Wl,-force_load,./libconftest.a
configure:7798: result: yes
configure:7836: checking for ANSI C header files
configure:7856: xcrun clang -c -isysroot /Applications/Xcode.app/Contents/Developer/Platforms/iPhoneOS.platform/Developer/SDKs/iPhoneOS8.4.sdk -arch armv7s -O3 -g -mcpu=cortex-a8 -miphoneos-version-min=6.1 -arch armv7s -mcpu=cortex-a8 -miphoneos-version-min=6.1 -isysroot /Applications/Xcode.app/Contents/Developer/Platforms/iPhoneOS.platform/Developer/SDKs/iPhoneOS8.4.sdk -arch armv7s -O3 -g -mcpu=cortex-a8 -miphoneos-version-min=6.1 -I/Users/devmarcos/Documents/GitHubRepos/CreationVideoPlayer/VLCKit-2.2.2/MobileVLCKit/ImportedSources/vlc/contrib/arm-apple-darwin11-armv7s/include -g -isysroot /Applications/Xcode.app/Contents/Developer/Platforms/iPhoneOS.platform/Developer/SDKs/iPhoneOS8.4.sdk -arch armv7s -O3 -g -mcpu=cortex-a8 -miphoneos-version-min=6.1 -arch armv7s -mcpu=cortex-a8 -miphoneos-version-min=6.1 -isysroot /Applications/Xcode.app/Contents/Developer/Platforms/iPhoneOS.platform/Developer/SDKs/iPhoneOS8.4.sdk -arch armv7s -O3 -g -mcpu=cortex-a8 -miphoneos-version-min=6.1 -I/Users/devmarcos/Documents/GitHubRepos/CreationVideoPlayer/VLCKit-2.2.2/MobileVLCKit/ImportedSources/vlc/contrib/arm-apple-darwin11-armv7s/include conftest.c >&5
configure:7856: $? = 0
configure:7940: result: yes
configure:7953: checking for sys/types.h
configure:7953: xcrun clang -c -isysroot /Applications/Xcode.app/Contents/Developer/Platforms/iPhoneOS.platform/Developer/SDKs/iPhoneOS8.4.sdk -arch armv7s -O3 -g -mcpu=cortex-a8 -miphoneos-version-min=6.1 -arch armv7s -mcpu=cortex-a8 -miphoneos-version-min=6.1 -isysroot /Applications/Xcode.app/Contents/Developer/Platforms/iPhoneOS.platform/Developer/SDKs/iPhoneOS8.4.sdk -arch armv7s -O3 -g -mcpu=cortex-a8 -miphoneos-version-min=6.1 -I/Users/devmarcos/Documents/GitHubRepos/CreationVideoPlayer/VLCKit-2.2.2/MobileVLCKit/ImportedSources/vlc/contrib/arm-apple-darwin11-armv7s/include -g -isysroot /Applications/Xcode.app/Contents/Developer/Platforms/iPhoneOS.platform/Developer/SDKs/iPhoneOS8.4.sdk -arch armv7s -O3 -g -mcpu=cortex-a8 -miphoneos-version-min=6.1 -arch armv7s -mcpu=cortex-a8 -miphoneos-version-min=6.1 -isysroot /Applications/Xcode.app/Contents/Developer/Platforms/iPhoneOS.platform/Developer/SDKs/iPhoneOS8.4.sdk -arch armv7s -O3 -g -mcpu=cortex-a8 -miphoneos-version-min=6.1 -I/Users/devmarcos/Documents/GitHubRepos/CreationVideoPlayer/VLCKit-2.2.2/MobileVLCKit/ImportedSources/vlc/contrib/arm-apple-darwin11-armv7s/include conftest.c >&5
configure:7953: $? = 0
configure:7953: result: yes
configure:7953: checking for sys/stat.h
configure:7953: xcrun clang -c -isysroot /Applications/Xcode.app/Contents/Developer/Platforms/iPhoneOS.platform/Developer/SDKs/iPhoneOS8.4.sdk -arch armv7s -O3 -g -mcpu=cortex-a8 -miphoneos-version-min=6.1 -arch armv7s -mcpu=cortex-a8 -miphoneos-version-min=6.1 -isysroot /Applications/Xcode.app/Contents/Developer/Platforms/iPhoneOS.platform/Developer/SDKs/iPhoneOS8.4.sdk -arch armv7s -O3 -g -mcpu=cortex-a8 -miphoneos-version-min=6.1 -I/Users/devmarcos/Documents/GitHubRepos/CreationVideoPlayer/VLCKit-2.2.2/MobileVLCKit/ImportedSources/vlc/contrib/arm-apple-darwin11-armv7s/include -g -isysroot /Applications/Xcode.app/Contents/Developer/Platforms/iPhoneOS.platform/Developer/SDKs/iPhoneOS8.4.sdk -arch armv7s -O3 -g -mcpu=cortex-a8 -miphoneos-version-min=6.1 -arch armv7s -mcpu=cortex-a8 -miphoneos-version-min=6.1 -isysroot /Applications/Xcode.app/Contents/Developer/Platforms/iPhoneOS.platform/Developer/SDKs/iPhoneOS8.4.sdk -arch armv7s -O3 -g -mcpu=cortex-a8 -miphoneos-version-min=6.1 -I/Users/devmarcos/Documents/GitHubRepos/CreationVideoPlayer/VLCKit-2.2.2/MobileVLCKit/ImportedSources/vlc/contrib/arm-apple-darwin11-armv7s/include conftest.c >&5
configure:7953: $? = 0
configure:7953: result: yes
configure:7953: checking for stdlib.h
configure:7953: xcrun clang -c -isysroot /Applications/Xcode.app/Contents/Developer/Platforms/iPhoneOS.platform/Developer/SDKs/iPhoneOS8.4.sdk -arch armv7s -O3 -g -mcpu=cortex-a8 -miphoneos-version-min=6.1 -arch armv7s -mcpu=cortex-a8 -miphoneos-version-min=6.1 -isysroot /Applications/Xcode.app/Contents/Developer/Platforms/iPhoneOS.platform/Developer/SDKs/iPhoneOS8.4.sdk -arch armv7s -O3 -g -mcpu=cortex-a8 -miphoneos-version-min=6.1 -I/Users/devmarcos/Documents/GitHubRepos/CreationVideoPlayer/VLCKit-2.2.2/MobileVLCKit/ImportedSources/vlc/contrib/arm-apple-darwin11-armv7s/include -g -isysroot /Applications/Xcode.app/Contents/Developer/Platforms/iPhoneOS.platform/Developer/SDKs/iPhoneOS8.4.sdk -arch armv7s -O3 -g -mcpu=cortex-a8 -miphoneos-version-min=6.1 -arch armv7s -mcpu=cortex-a8 -miphoneos-version-min=6.1 -isysroot /Applications/Xcode.app/Contents/Developer/Platforms/iPhoneOS.platform/Developer/SDKs/iPhoneOS8.4.sdk -arch armv7s -O3 -g -mcpu=cortex-a8 -miphoneos-version-min=6.1 -I/Users/devmarcos/Documents/GitHubRepos/CreationVideoPlayer/VLCKit-2.2.2/MobileVLCKit/ImportedSources/vlc/contrib/arm-apple-darwin11-armv7s/include conftest.c >&5
configure:7953: $? = 0
configure:7953: result: yes
configure:7953: checking for string.h
configure:7953: xcrun clang -c -isysroot /Applications/Xcode.app/Contents/Developer/Platforms/iPhoneOS.platform/Developer/SDKs/iPhoneOS8.4.sdk -arch armv7s -O3 -g -mcpu=cortex-a8 -miphoneos-version-min=6.1 -arch armv7s -mcpu=cortex-a8 -miphoneos-version-min=6.1 -isysroot /Applications/Xcode.app/Contents/Developer/Platforms/iPhoneOS.platform/Developer/SDKs/iPhoneOS8.4.sdk -arch armv7s -O3 -g -mcpu=cortex-a8 -miphoneos-version-min=6.1 -I/Users/devmarcos/Documents/GitHubRepos/CreationVideoPlayer/VLCKit-2.2.2/MobileVLCKit/ImportedSources/vlc/contrib/arm-apple-darwin11-armv7s/include -g -isysroot /Applications/Xcode.app/Contents/Developer/Platforms/iPhoneOS.platform/Developer/SDKs/iPhoneOS8.4.sdk -arch armv7s -O3 -g -mcpu=cortex-a8 -miphoneos-version-min=6.1 -arch armv7s -mcpu=cortex-a8 -miphoneos-version-min=6.1 -isysroot /Applications/Xcode.app/Contents/Developer/Platforms/iPhoneOS.platform/Developer/SDKs/iPhoneOS8.4.sdk -arch armv7s -O3 -g -mcpu=cortex-a8 -miphoneos-version-min=6.1 -I/Users/devmarcos/Documents/GitHubRepos/CreationVideoPlayer/VLCKit-2.2.2/MobileVLCKit/ImportedSources/vlc/contrib/arm-apple-darwin11-armv7s/include conftest.c >&5
configure:7953: $? = 0
configure:7953: result: yes
configure:7953: checking for memory.h
configure:7953: xcrun clang -c -isysroot /Applications/Xcode.app/Contents/Developer/Platforms/iPhoneOS.platform/Developer/SDKs/iPhoneOS8.4.sdk -arch armv7s -O3 -g -mcpu=cortex-a8 -miphoneos-version-min=6.1 -arch armv7s -mcpu=cortex-a8 -miphoneos-version-min=6.1 -isysroot /Applications/Xcode.app/Contents/Developer/Platforms/iPhoneOS.platform/Developer/SDKs/iPhoneOS8.4.sdk -arch armv7s -O3 -g -mcpu=cortex-a8 -miphoneos-version-min=6.1 -I/Users/devmarcos/Documents/GitHubRepos/CreationVideoPlayer/VLCKit-2.2.2/MobileVLCKit/ImportedSources/vlc/contrib/arm-apple-darwin11-armv7s/include -g -isysroot /Applications/Xcode.app/Contents/Developer/Platforms/iPhoneOS.platform/Developer/SDKs/iPhoneOS8.4.sdk -arch armv7s -O3 -g -mcpu=cortex-a8 -miphoneos-version-min=6.1 -arch armv7s -mcpu=cortex-a8 -miphoneos-version-min=6.1 -isysroot /Applications/Xcode.app/Contents/Developer/Platforms/iPhoneOS.platform/Developer/SDKs/iPhoneOS8.4.sdk -arch armv7s -O3 -g -mcpu=cortex-a8 -miphoneos-version-min=6.1 -I/Users/devmarcos/Documents/GitHubRepos/CreationVideoPlayer/VLCKit-2.2.2/MobileVLCKit/ImportedSources/vlc/contrib/arm-apple-darwin11-armv7s/include conftest.c >&5
configure:7953: $? = 0
configure:7953: result: yes
configure:7953: checking for strings.h
configure:7953: xcrun clang -c -isysroot /Applications/Xcode.app/Contents/Developer/Platforms/iPhoneOS.platform/Developer/SDKs/iPhoneOS8.4.sdk -arch armv7s -O3 -g -mcpu=cortex-a8 -miphoneos-version-min=6.1 -arch armv7s -mcpu=cortex-a8 -miphoneos-version-min=6.1 -isysroot /Applications/Xcode.app/Contents/Developer/Platforms/iPhoneOS.platform/Developer/SDKs/iPhoneOS8.4.sdk -arch armv7s -O3 -g -mcpu=cortex-a8 -miphoneos-version-min=6.1 -I/Users/devmarcos/Documents/GitHubRepos/CreationVideoPlayer/VLCKit-2.2.2/MobileVLCKit/ImportedSources/vlc/contrib/arm-apple-darwin11-armv7s/include -g -isysroot /Applications/Xcode.app/Contents/Developer/Platforms/iPhoneOS.platform/Developer/SDKs/iPhoneOS8.4.sdk -arch armv7s -O3 -g -mcpu=cortex-a8 -miphoneos-version-min=6.1 -arch armv7s -mcpu=cortex-a8 -miphoneos-version-min=6.1 -isysroot /Applications/Xcode.app/Contents/Developer/Platforms/iPhoneOS.platform/Developer/SDKs/iPhoneOS8.4.sdk -arch armv7s -O3 -g -mcpu=cortex-a8 -miphoneos-version-min=6.1 -I/Users/devmarcos/Documents/GitHubRepos/CreationVideoPlayer/VLCKit-2.2.2/MobileVLCKit/ImportedSources/vlc/contrib/arm-apple-darwin11-armv7s/include conftest.c >&5
configure:7953: $? = 0
configure:7953: result: yes
configure:7953: checking for inttypes.h
configure:7953: xcrun clang -c -isysroot /Applications/Xcode.app/Contents/Developer/Platforms/iPhoneOS.platform/Developer/SDKs/iPhoneOS8.4.sdk -arch armv7s -O3 -g -mcpu=cortex-a8 -miphoneos-version-min=6.1 -arch armv7s -mcpu=cortex-a8 -miphoneos-version-min=6.1 -isysroot /Applications/Xcode.app/Contents/Developer/Platforms/iPhoneOS.platform/Developer/SDKs/iPhoneOS8.4.sdk -arch armv7s -O3 -g -mcpu=cortex-a8 -miphoneos-version-min=6.1 -I/Users/devmarcos/Documents/GitHubRepos/CreationVideoPlayer/VLCKit-2.2.2/MobileVLCKit/ImportedSources/vlc/contrib/arm-apple-darwin11-armv7s/include -g -isysroot /Applications/Xcode.app/Contents/Developer/Platforms/iPhoneOS.platform/Developer/SDKs/iPhoneOS8.4.sdk -arch armv7s -O3 -g -mcpu=cortex-a8 -miphoneos-version-min=6.1 -arch armv7s -mcpu=cortex-a8 -miphoneos-version-min=6.1 -isysroot /Applications/Xcode.app/Contents/Developer/Platforms/iPhoneOS.platform/Developer/SDKs/iPhoneOS8.4.sdk -arch armv7s -O3 -g -mcpu=cortex-a8 -miphoneos-version-min=6.1 -I/Users/devmarcos/Documents/GitHubRepos/CreationVideoPlayer/VLCKit-2.2.2/MobileVLCKit/ImportedSources/vlc/contrib/arm-apple-darwin11-armv7s/include conftest.c >&5
configure:7953: $? = 0
configure:7953: result: yes
configure:7953: checking for stdint.h
configure:7953: xcrun clang -c -isysroot /Applications/Xcode.app/Contents/Developer/Platforms/iPhoneOS.platform/Developer/SDKs/iPhoneOS8.4.sdk -arch armv7s -O3 -g -mcpu=cortex-a8 -miphoneos-version-min=6.1 -arch armv7s -mcpu=cortex-a8 -miphoneos-version-min=6.1 -isysroot /Applications/Xcode.app/Contents/Developer/Platforms/iPhoneOS.platform/Developer/SDKs/iPhoneOS8.4.sdk -arch armv7s -O3 -g -mcpu=cortex-a8 -miphoneos-version-min=6.1 -I/Users/devmarcos/Documents/GitHubRepos/CreationVideoPlayer/VLCKit-2.2.2/MobileVLCKit/ImportedSources/vlc/contrib/arm-apple-darwin11-armv7s/include -g -isysroot /Applications/Xcode.app/Contents/Developer/Platforms/iPhoneOS.platform/Developer/SDKs/iPhoneOS8.4.sdk -arch armv7s -O3 -g -mcpu=cortex-a8 -miphoneos-version-min=6.1 -arch armv7s -mcpu=cortex-a8 -miphoneos-version-min=6.1 -isysroot /Applications/Xcode.app/Contents/Developer/Platforms/iPhoneOS.platform/Developer/SDKs/iPhoneOS8.4.sdk -arch armv7s -O3 -g -mcpu=cortex-a8 -miphoneos-version-min=6.1 -I/Users/devmarcos/Documents/GitHubRepos/CreationVideoPlayer/VLCKit-2.2.2/MobileVLCKit/ImportedSources/vlc/contrib/arm-apple-darwin11-armv7s/include conftest.c >&5
configure:7953: $? = 0
configure:7953: result: yes
configure:7953: checking for unistd.h
configure:7953: xcrun clang -c -isysroot /Applications/Xcode.app/Contents/Developer/Platforms/iPhoneOS.platform/Developer/SDKs/iPhoneOS8.4.sdk -arch armv7s -O3 -g -mcpu=cortex-a8 -miphoneos-version-min=6.1 -arch armv7s -mcpu=cortex-a8 -miphoneos-version-min=6.1 -isysroot /Applications/Xcode.app/Contents/Developer/Platforms/iPhoneOS.platform/Developer/SDKs/iPhoneOS8.4.sdk -arch armv7s -O3 -g -mcpu=cortex-a8 -miphoneos-version-min=6.1 -I/Users/devmarcos/Documents/GitHubRepos/CreationVideoPlayer/VLCKit-2.2.2/MobileVLCKit/ImportedSources/vlc/contrib/arm-apple-darwin11-armv7s/include -g -isysroot /Applications/Xcode.app/Contents/Developer/Platforms/iPhoneOS.platform/Developer/SDKs/iPhoneOS8.4.sdk -arch armv7s -O3 -g -mcpu=cortex-a8 -miphoneos-version-min=6.1 -arch armv7s -mcpu=cortex-a8 -miphoneos-version-min=6.1 -isysroot /Applications/Xcode.app/Contents/Developer/Platforms/iPhoneOS.platform/Developer/SDKs/iPhoneOS8.4.sdk -arch armv7s -O3 -g -mcpu=cortex-a8 -miphoneos-version-min=6.1 -I/Users/devmarcos/Documents/GitHubRepos/CreationVideoPlayer/VLCKit-2.2.2/MobileVLCKit/ImportedSources/vlc/contrib/arm-apple-darwin11-armv7s/include conftest.c >&5
configure:7953: $? = 0
configure:7953: result: yes
configure:7967: checking for dlfcn.h
configure:7967: xcrun clang -c -isysroot /Applications/Xcode.app/Contents/Developer/Platforms/iPhoneOS.platform/Developer/SDKs/iPhoneOS8.4.sdk -arch armv7s -O3 -g -mcpu=cortex-a8 -miphoneos-version-min=6.1 -arch armv7s -mcpu=cortex-a8 -miphoneos-version-min=6.1 -isysroot /Applications/Xcode.app/Contents/Developer/Platforms/iPhoneOS.platform/Developer/SDKs/iPhoneOS8.4.sdk -arch armv7s -O3 -g -mcpu=cortex-a8 -miphoneos-version-min=6.1 -I/Users/devmarcos/Documents/GitHubRepos/CreationVideoPlayer/VLCKit-2.2.2/MobileVLCKit/ImportedSources/vlc/contrib/arm-apple-darwin11-armv7s/include -g -isysroot /Applications/Xcode.app/Contents/Developer/Platforms/iPhoneOS.platform/Developer/SDKs/iPhoneOS8.4.sdk -arch armv7s -O3 -g -mcpu=cortex-a8 -miphoneos-version-min=6.1 -arch armv7s -mcpu=cortex-a8 -miphoneos-version-min=6.1 -isysroot /Applications/Xcode.app/Contents/Developer/Platforms/iPhoneOS.platform/Developer/SDKs/iPhoneOS8.4.sdk -arch armv7s -O3 -g -mcpu=cortex-a8 -miphoneos-version-min=6.1 -I/Users/devmarcos/Documents/GitHubRepos/CreationVideoPlayer/VLCKit-2.2.2/MobileVLCKit/ImportedSources/vlc/contrib/arm-apple-darwin11-armv7s/include conftest.c >&5
configure:7967: $? = 0
configure:7967: result: yes
configure:8171: checking for objdir
configure:8186: result: .libs
configure:8453: checking if xcrun clang supports -fno-rtti -fno-exceptions
configure:8471: xcrun clang -c -isysroot /Applications/Xcode.app/Contents/Developer/Platforms/iPhoneOS.platform/Developer/SDKs/iPhoneOS8.4.sdk -arch armv7s -O3 -g -mcpu=cortex-a8 -miphoneos-version-min=6.1 -arch armv7s -mcpu=cortex-a8 -miphoneos-version-min=6.1 -isysroot /Applications/Xcode.app/Contents/Developer/Platforms/iPhoneOS.platform/Developer/SDKs/iPhoneOS8.4.sdk -arch armv7s -O3 -g -mcpu=cortex-a8 -miphoneos-version-min=6.1 -I/Users/devmarcos/Documents/GitHubRepos/CreationVideoPlayer/VLCKit-2.2.2/MobileVLCKit/ImportedSources/vlc/contrib/arm-apple-darwin11-armv7s/include -g -isysroot /Applications/Xcode.app/Contents/Developer/Platforms/iPhoneOS.platform/Developer/SDKs/iPhoneOS8.4.sdk -arch armv7s -O3 -g -mcpu=cortex-a8 -miphoneos-version-min=6.1 -arch armv7s -mcpu=cortex-a8 -miphoneos-version-min=6.1 -isysroot /Applications/Xcode.app/Contents/Developer/Platforms/iPhoneOS.platform/Developer/SDKs/iPhoneOS8.4.sdk -arch armv7s -O3 -g -mcpu=cortex-a8 -miphoneos-version-min=6.1 -I/Users/devmarcos/Documents/GitHubRepos/CreationVideoPlayer/VLCKit-2.2.2/MobileVLCKit/ImportedSources/vlc/contrib/arm-apple-darwin11-armv7s/include -fno-rtti -fno-exceptions conftest.c >&5
configure:8475: $? = 0
configure:8488: result: yes
configure:8815: checking for xcrun clang option to produce PIC
configure:8822: result: -fno-common -DPIC
configure:8830: checking if xcrun clang PIC flag -fno-common -DPIC works
configure:8848: xcrun clang -c -isysroot /Applications/Xcode.app/Contents/Developer/Platforms/iPhoneOS.platform/Developer/SDKs/iPhoneOS8.4.sdk -arch armv7s -O3 -g -mcpu=cortex-a8 -miphoneos-version-min=6.1 -arch armv7s -mcpu=cortex-a8 -miphoneos-version-min=6.1 -isysroot /Applications/Xcode.app/Contents/Developer/Platforms/iPhoneOS.platform/Developer/SDKs/iPhoneOS8.4.sdk -arch armv7s -O3 -g -mcpu=cortex-a8 -miphoneos-version-min=6.1 -I/Users/devmarcos/Documents/GitHubRepos/CreationVideoPlayer/VLCKit-2.2.2/MobileVLCKit/ImportedSources/vlc/contrib/arm-apple-darwin11-armv7s/include -g -isysroot /Applications/Xcode.app/Contents/Developer/Platforms/iPhoneOS.platform/Developer/SDKs/iPhoneOS8.4.sdk -arch armv7s -O3 -g -mcpu=cortex-a8 -miphoneos-version-min=6.1 -arch armv7s -mcpu=cortex-a8 -miphoneos-version-min=6.1 -isysroot /Applications/Xcode.app/Contents/Developer/Platforms/iPhoneOS.platform/Developer/SDKs/iPhoneOS8.4.sdk -arch armv7s -O3 -g -mcpu=cortex-a8 -miphoneos-version-min=6.1 -I/Users/devmarcos/Documents/GitHubRepos/CreationVideoPlayer/VLCKit-2.2.2/MobileVLCKit/ImportedSources/vlc/contrib/arm-apple-darwin11-armv7s/include -fno-common -DPIC -DPIC conftest.c >&5
configure:8852: $? = 0
configure:8865: result: yes
configure:8894: checking if xcrun clang static flag -static works
configure:8922: result: no
configure:8937: checking if xcrun clang supports -c -o file.o
configure:8958: xcrun clang -c -isysroot /Applications/Xcode.app/Contents/Developer/Platforms/iPhoneOS.platform/Developer/SDKs/iPhoneOS8.4.sdk -arch armv7s -O3 -g -mcpu=cortex-a8 -miphoneos-version-min=6.1 -arch armv7s -mcpu=cortex-a8 -miphoneos-version-min=6.1 -isysroot /Applications/Xcode.app/Contents/Developer/Platforms/iPhoneOS.platform/Developer/SDKs/iPhoneOS8.4.sdk -arch armv7s -O3 -g -mcpu=cortex-a8 -miphoneos-version-min=6.1 -I/Users/devmarcos/Documents/GitHubRepos/CreationVideoPlayer/VLCKit-2.2.2/MobileVLCKit/ImportedSources/vlc/contrib/arm-apple-darwin11-armv7s/include -g -isysroot /Applications/Xcode.app/Contents/Developer/Platforms/iPhoneOS.platform/Developer/SDKs/iPhoneOS8.4.sdk -arch armv7s -O3 -g -mcpu=cortex-a8 -miphoneos-version-min=6.1 -arch armv7s -mcpu=cortex-a8 -miphoneos-version-min=6.1 -isysroot /Applications/Xcode.app/Contents/Developer/Platforms/iPhoneOS.platform/Developer/SDKs/iPhoneOS8.4.sdk -arch armv7s -O3 -g -mcpu=cortex-a8 -miphoneos-version-min=6.1 -I/Users/devmarcos/Documents/GitHubRepos/CreationVideoPlayer/VLCKit-2.2.2/MobileVLCKit/ImportedSources/vlc/contrib/arm-apple-darwin11-armv7s/include -o out/conftest2.o conftest.c >&5
configure:8962: $? = 0
configure:8984: result: yes
configure:8992: checking if xcrun clang supports -c -o file.o
configure:9039: result: yes
configure:9072: checking whether the xcrun clang linker (xcrun ld) supports shared libraries
configure:10225: result: yes
configure:10465: checking dynamic linker characteristics
configure:11198: result: darwin11 dyld
configure:11305: checking how to hardcode library paths into programs
configure:11330: result: immediate
configure:11870: checking whether stripping libraries is possible
configure:11884: result: yes
configure:11910: checking if libtool supports shared libraries
configure:11912: result: yes
configure:11915: checking whether to build shared libraries
configure:11936: result: no
configure:11939: checking whether to build static libraries
configure:11943: result: yes
configure:12184: checking GCC version
configure:12187: result: 4.2.1
configure:12328: checking if xcrun clang accepts -Wdeclaration-after-statement
configure:12343: xcrun clang -o conftest -DDARWIN -fno-common -force_cpusubtype_ALL -Wall -g -O3 -ffast-math -fsigned-char -Wdeclaration-after-statement -isysroot /Applications/Xcode.app/Contents/Developer/Platforms/iPhoneOS.platform/Developer/SDKs/iPhoneOS8.4.sdk -arch armv7s -O3 -g -mcpu=cortex-a8 -miphoneos-version-min=6.1 -arch armv7s -mcpu=cortex-a8 -miphoneos-version-min=6.1 -isysroot /Applications/Xcode.app/Contents/Developer/Platforms/iPhoneOS.platform/Developer/SDKs/iPhoneOS8.4.sdk -arch armv7s -O3 -g -mcpu=cortex-a8 -miphoneos-version-min=6.1 -I/Users/devmarcos/Documents/GitHubRepos/CreationVideoPlayer/VLCKit-2.2.2/MobileVLCKit/ImportedSources/vlc/contrib/arm-apple-darwin11-armv7s/include -L/Applications/Xcode.app/Contents/Developer/Platforms/iPhoneOS.platform/Developer/SDKs/iPhoneOS8.4.sdk/usr/lib -arch armv7s -isysroot /Applications/Xcode.app/Contents/Developer/Platforms/iPhoneOS.platform/Developer/SDKs/iPhoneOS8.4.sdk -Wl,-ios_version_min,6.1 -arch armv7s -Wl,-ios_version_min,6.1 -L/Applications/Xcode.app/Contents/Developer/Platforms/iPhoneOS.platform/Developer/SDKs/iPhoneOS8.4.sdk/usr/lib -arch armv7s -isysroot /Applications/Xcode.app/Contents/Developer/Platforms/iPhoneOS.platform/Developer/SDKs/iPhoneOS8.4.sdk -Wl,-ios_version_min,6.1 -L/Users/devmarcos/Documents/GitHubRepos/CreationVideoPlayer/VLCKit-2.2.2/MobileVLCKit/ImportedSources/vlc/contrib/arm-apple-darwin11-armv7s/lib conftest.c  >&5
ld: warning: -force_cpusubtype_ALL will become unsupported for ARM architectures
configure:12343: $? = 0
configure:12344: result: yes
configure:12358: checking for memory.h
configure:12358: result: yes
configure:12370: checking for cos in -lm
configure:12395: xcrun clang -o conftest -DDARWIN -fno-common -force_cpusubtype_ALL -Wall -g -O3 -ffast-math -fsigned-char -Wdeclaration-after-statement -isysroot /Applications/Xcode.app/Contents/Developer/Platforms/iPhoneOS.platform/Developer/SDKs/iPhoneOS8.4.sdk -arch armv7s -O3 -g -mcpu=cortex-a8 -miphoneos-version-min=6.1 -arch armv7s -mcpu=cortex-a8 -miphoneos-version-min=6.1 -isysroot /Applications/Xcode.app/Contents/Developer/Platforms/iPhoneOS.platform/Developer/SDKs/iPhoneOS8.4.sdk -arch armv7s -O3 -g -mcpu=cortex-a8 -miphoneos-version-min=6.1 -I/Users/devmarcos/Documents/GitHubRepos/CreationVideoPlayer/VLCKit-2.2.2/MobileVLCKit/ImportedSources/vlc/contrib/arm-apple-darwin11-armv7s/include -g -DUSE_MEMORY_H -isysroot /Applications/Xcode.app/Contents/Developer/Platforms/iPhoneOS.platform/Developer/SDKs/iPhoneOS8.4.sdk -arch armv7s -O3 -g -mcpu=cortex-a8 -miphoneos-version-min=6.1 -arch armv7s -mcpu=cortex-a8 -miphoneos-version-min=6.1 -isysroot /Applications/Xcode.app/Contents/Developer/Platforms/iPhoneOS.platform/Developer/SDKs/iPhoneOS8.4.sdk -arch armv7s -O3 -g -mcpu=cortex-a8 -miphoneos-version-min=6.1 -I/Users/devmarcos/Documents/GitHubRepos/CreationVideoPlayer/VLCKit-2.2.2/MobileVLCKit/ImportedSources/vlc/contrib/arm-apple-darwin11-armv7s/include -L/Applications/Xcode.app/Contents/Developer/Platforms/iPhoneOS.platform/Developer/SDKs/iPhoneOS8.4.sdk/usr/lib -arch armv7s -isysroot /Applications/Xcode.app/Contents/Developer/Platforms/iPhoneOS.platform/Developer/SDKs/iPhoneOS8.4.sdk -Wl,-ios_version_min,6.1 -arch armv7s -Wl,-ios_version_min,6.1 -L/Applications/Xcode.app/Contents/Developer/Platforms/iPhoneOS.platform/Developer/SDKs/iPhoneOS8.4.sdk/usr/lib -arch armv7s -isysroot /Applications/Xcode.app/Contents/Developer/Platforms/iPhoneOS.platform/Developer/SDKs/iPhoneOS8.4.sdk -Wl,-ios_version_min,6.1 -L/Users/devmarcos/Documents/GitHubRepos/CreationVideoPlayer/VLCKit-2.2.2/MobileVLCKit/ImportedSources/vlc/contrib/arm-apple-darwin11-armv7s/lib conftest.c -lm   >&5
conftest.c:30:6: warning: incompatible redeclaration of library function 'cos' [-Wincompatible-library-redeclaration]
char cos ();
     ^
conftest.c:30:6: note: 'cos' is a builtin with type 'double (double)'
1 warning generated.
ld: warning: -force_cpusubtype_ALL will become unsupported for ARM architectures
configure:12395: $? = 0
configure:12404: result: yes
configure:12412: checking for pthread_create in -lpthread
configure:12437: xcrun clang -o conftest -DDARWIN -fno-common -force_cpusubtype_ALL -Wall -g -O3 -ffast-math -fsigned-char -Wdeclaration-after-statement -isysroot /Applications/Xcode.app/Contents/Developer/Platforms/iPhoneOS.platform/Developer/SDKs/iPhoneOS8.4.sdk -arch armv7s -O3 -g -mcpu=cortex-a8 -miphoneos-version-min=6.1 -arch armv7s -mcpu=cortex-a8 -miphoneos-version-min=6.1 -isysroot /Applications/Xcode.app/Contents/Developer/Platforms/iPhoneOS.platform/Developer/SDKs/iPhoneOS8.4.sdk -arch armv7s -O3 -g -mcpu=cortex-a8 -miphoneos-version-min=6.1 -I/Users/devmarcos/Documents/GitHubRepos/CreationVideoPlayer/VLCKit-2.2.2/MobileVLCKit/ImportedSources/vlc/contrib/arm-apple-darwin11-armv7s/include -g -DUSE_MEMORY_H -isysroot /Applications/Xcode.app/Contents/Developer/Platforms/iPhoneOS.platform/Developer/SDKs/iPhoneOS8.4.sdk -arch armv7s -O3 -g -mcpu=cortex-a8 -miphoneos-version-min=6.1 -arch armv7s -mcpu=cortex-a8 -miphoneos-version-min=6.1 -isysroot /Applications/Xcode.app/Contents/Developer/Platforms/iPhoneOS.platform/Developer/SDKs/iPhoneOS8.4.sdk -arch armv7s -O3 -g -mcpu=cortex-a8 -miphoneos-version-min=6.1 -I/Users/devmarcos/Documents/GitHubRepos/CreationVideoPlayer/VLCKit-2.2.2/MobileVLCKit/ImportedSources/vlc/contrib/arm-apple-darwin11-armv7s/include -L/Applications/Xcode.app/Contents/Developer/Platforms/iPhoneOS.platform/Developer/SDKs/iPhoneOS8.4.sdk/usr/lib -arch armv7s -isysroot /Applications/Xcode.app/Contents/Developer/Platforms/iPhoneOS.platform/Developer/SDKs/iPhoneOS8.4.sdk -Wl,-ios_version_min,6.1 -arch armv7s -Wl,-ios_version_min,6.1 -L/Applications/Xcode.app/Contents/Developer/Platforms/iPhoneOS.platform/Developer/SDKs/iPhoneOS8.4.sdk/usr/lib -arch armv7s -isysroot /Applications/Xcode.app/Contents/Developer/Platforms/iPhoneOS.platform/Developer/SDKs/iPhoneOS8.4.sdk -Wl,-ios_version_min,6.1 -L/Users/devmarcos/Documents/GitHubRepos/CreationVideoPlayer/VLCKit-2.2.2/MobileVLCKit/ImportedSources/vlc/contrib/arm-apple-darwin11-armv7s/lib conftest.c -lpthread   >&5
ld: warning: -force_cpusubtype_ALL will become unsupported for ARM architectures
configure:12437: $? = 0
configure:12446: result: yes
configure:12461: checking for arm-apple-darwin11-pkg-config
configure:12494: result: no
configure:12504: checking for pkg-config
configure:12522: found /Users/devmarcos/Documents/GitHubRepos/CreationVideoPlayer/VLCKit-2.2.2/MobileVLCKit/ImportedSources/vlc/extras/tools/build/bin/pkg-config
configure:12534: result: /Users/devmarcos/Documents/GitHubRepos/CreationVideoPlayer/VLCKit-2.2.2/MobileVLCKit/ImportedSources/vlc/extras/tools/build/bin/pkg-config
configure:12559: checking pkg-config is at least version 0.9.0
configure:12562: result: yes
configure:12577: checking for OGG
configure:12585: $PKG_CONFIG --exists --print-errors "ogg >= 1.0"
configure:12588: $? = 0
configure:12603: $PKG_CONFIG --exists --print-errors "ogg >= 1.0"
configure:12606: $? = 0
configure:12642: result: yes
configure:12825: checking for size_t
configure:12825: xcrun clang -c -DDARWIN -fno-common -force_cpusubtype_ALL -Wall -g -O3 -ffast-math -fsigned-char -Wdeclaration-after-statement -isysroot /Applications/Xcode.app/Contents/Developer/Platforms/iPhoneOS.platform/Developer/SDKs/iPhoneOS8.4.sdk -arch armv7s -O3 -g -mcpu=cortex-a8 -miphoneos-version-min=6.1 -arch armv7s -mcpu=cortex-a8 -miphoneos-version-min=6.1 -isysroot /Applications/Xcode.app/Contents/Developer/Platforms/iPhoneOS.platform/Developer/SDKs/iPhoneOS8.4.sdk -arch armv7s -O3 -g -mcpu=cortex-a8 -miphoneos-version-min=6.1 -I/Users/devmarcos/Documents/GitHubRepos/CreationVideoPlayer/VLCKit-2.2.2/MobileVLCKit/ImportedSources/vlc/contrib/arm-apple-darwin11-armv7s/include -g -DUSE_MEMORY_H -isysroot /Applications/Xcode.app/Contents/Developer/Platforms/iPhoneOS.platform/Developer/SDKs/iPhoneOS8.4.sdk -arch armv7s -O3 -g -mcpu=cortex-a8 -miphoneos-version-min=6.1 -arch armv7s -mcpu=cortex-a8 -miphoneos-version-min=6.1 -isysroot /Applications/Xcode.app/Contents/Developer/Platforms/iPhoneOS.platform/Developer/SDKs/iPhoneOS8.4.sdk -arch armv7s -O3 -g -mcpu=cortex-a8 -miphoneos-version-min=6.1 -I/Users/devmarcos/Documents/GitHubRepos/CreationVideoPlayer/VLCKit-2.2.2/MobileVLCKit/ImportedSources/vlc/contrib/arm-apple-darwin11-armv7s/include conftest.c >&5
configure:12825: $? = 0
configure:12825: xcrun clang -c -DDARWIN -fno-common -force_cpusubtype_ALL -Wall -g -O3 -ffast-math -fsigned-char -Wdeclaration-after-statement -isysroot /Applications/Xcode.app/Contents/Developer/Platforms/iPhoneOS.platform/Developer/SDKs/iPhoneOS8.4.sdk -arch armv7s -O3 -g -mcpu=cortex-a8 -miphoneos-version-min=6.1 -arch armv7s -mcpu=cortex-a8 -miphoneos-version-min=6.1 -isysroot /Applications/Xcode.app/Contents/Developer/Platforms/iPhoneOS.platform/Developer/SDKs/iPhoneOS8.4.sdk -arch armv7s -O3 -g -mcpu=cortex-a8 -miphoneos-version-min=6.1 -I/Users/devmarcos/Documents/GitHubRepos/CreationVideoPlayer/VLCKit-2.2.2/MobileVLCKit/ImportedSources/vlc/contrib/arm-apple-darwin11-armv7s/include -g -DUSE_MEMORY_H -isysroot /Applications/Xcode.app/Contents/Developer/Platforms/iPhoneOS.platform/Developer/SDKs/iPhoneOS8.4.sdk -arch armv7s -O3 -g -mcpu=cortex-a8 -miphoneos-version-min=6.1 -arch armv7s -mcpu=cortex-a8 -miphoneos-version-min=6.1 -isysroot /Applications/Xcode.app/Contents/Developer/Platforms/iPhoneOS.platform/Developer/SDKs/iPhoneOS8.4.sdk -arch armv7s -O3 -g -mcpu=cortex-a8 -miphoneos-version-min=6.1 -I/Users/devmarcos/Documents/GitHubRepos/CreationVideoPlayer/VLCKit-2.2.2/MobileVLCKit/ImportedSources/vlc/contrib/arm-apple-darwin11-armv7s/include conftest.c >&5
conftest.c:59:21: error: expected expression
if (sizeof ((size_t)))
                    ^
1 error generated.
configure:12825: $? = 1
configure: failed program was:
| /* confdefs.h */
| #define PACKAGE_NAME "libvorbis"
| #define PACKAGE_TARNAME "libvorbis"
| #define PACKAGE_VERSION "1.3.5"
| #define PACKAGE_STRING "libvorbis 1.3.5"
| #define PACKAGE_BUGREPORT "vorbis-dev@xiph.org"
| #define PACKAGE_URL ""
| #define PACKAGE "libvorbis"
| #define VERSION "1.3.5"
| #define STDC_HEADERS 1
| #define HAVE_SYS_TYPES_H 1
| #define HAVE_SYS_STAT_H 1
| #define HAVE_STDLIB_H 1
| #define HAVE_STRING_H 1
| #define HAVE_MEMORY_H 1
| #define HAVE_STRINGS_H 1
| #define HAVE_INTTYPES_H 1
| #define HAVE_STDINT_H 1
| #define HAVE_UNISTD_H 1
| #define HAVE_DLFCN_H 1
| #define LT_OBJDIR ".libs/"
| /* end confdefs.h.  */
| #include <stdio.h>
| #ifdef HAVE_SYS_TYPES_H
| # include <sys/types.h>
| #endif
| #ifdef HAVE_SYS_STAT_H
| # include <sys/stat.h>
| #endif
| #ifdef STDC_HEADERS
| # include <stdlib.h>
| # include <stddef.h>
| #else
| # ifdef HAVE_STDLIB_H
| #  include <stdlib.h>
| # endif
| #endif
| #ifdef HAVE_STRING_H
| # if !defined STDC_HEADERS && defined HAVE_MEMORY_H
| #  include <memory.h>
| # endif
| # include <string.h>
| #endif
| #ifdef HAVE_STRINGS_H
| # include <strings.h>
| #endif
| #ifdef HAVE_INTTYPES_H
| # include <inttypes.h>
| #endif
| #ifdef HAVE_STDINT_H
| # include <stdint.h>
| #endif
| #ifdef HAVE_UNISTD_H
| # include <unistd.h>
| #endif
| int
| main ()
| {
| if (sizeof ((size_t)))
| 	    return 0;
|   ;
|   return 0;
| }
configure:12825: result: yes
configure:12838: checking for working alloca.h
configure:12855: xcrun clang -o conftest -DDARWIN -fno-common -force_cpusubtype_ALL -Wall -g -O3 -ffast-math -fsigned-char -Wdeclaration-after-statement -isysroot /Applications/Xcode.app/Contents/Developer/Platforms/iPhoneOS.platform/Developer/SDKs/iPhoneOS8.4.sdk -arch armv7s -O3 -g -mcpu=cortex-a8 -miphoneos-version-min=6.1 -arch armv7s -mcpu=cortex-a8 -miphoneos-version-min=6.1 -isysroot /Applications/Xcode.app/Contents/Developer/Platforms/iPhoneOS.platform/Developer/SDKs/iPhoneOS8.4.sdk -arch armv7s -O3 -g -mcpu=cortex-a8 -miphoneos-version-min=6.1 -I/Users/devmarcos/Documents/GitHubRepos/CreationVideoPlayer/VLCKit-2.2.2/MobileVLCKit/ImportedSources/vlc/contrib/arm-apple-darwin11-armv7s/include -g -DUSE_MEMORY_H -isysroot /Applications/Xcode.app/Contents/Developer/Platforms/iPhoneOS.platform/Developer/SDKs/iPhoneOS8.4.sdk -arch armv7s -O3 -g -mcpu=cortex-a8 -miphoneos-version-min=6.1 -arch armv7s -mcpu=cortex-a8 -miphoneos-version-min=6.1 -isysroot /Applications/Xcode.app/Contents/Developer/Platforms/iPhoneOS.platform/Developer/SDKs/iPhoneOS8.4.sdk -arch armv7s -O3 -g -mcpu=cortex-a8 -miphoneos-version-min=6.1 -I/Users/devmarcos/Documents/GitHubRepos/CreationVideoPlayer/VLCKit-2.2.2/MobileVLCKit/ImportedSources/vlc/contrib/arm-apple-darwin11-armv7s/include -L/Applications/Xcode.app/Contents/Developer/Platforms/iPhoneOS.platform/Developer/SDKs/iPhoneOS8.4.sdk/usr/lib -arch armv7s -isysroot /Applications/Xcode.app/Contents/Developer/Platforms/iPhoneOS.platform/Developer/SDKs/iPhoneOS8.4.sdk -Wl,-ios_version_min,6.1 -arch armv7s -Wl,-ios_version_min,6.1 -L/Applications/Xcode.app/Contents/Developer/Platforms/iPhoneOS.platform/Developer/SDKs/iPhoneOS8.4.sdk/usr/lib -arch armv7s -isysroot /Applications/Xcode.app/Contents/Developer/Platforms/iPhoneOS.platform/Developer/SDKs/iPhoneOS8.4.sdk -Wl,-ios_version_min,6.1 -L/Users/devmarcos/Documents/GitHubRepos/CreationVideoPlayer/VLCKit-2.2.2/MobileVLCKit/ImportedSources/vlc/contrib/arm-apple-darwin11-armv7s/lib conftest.c  >&5
ld: warning: -force_cpusubtype_ALL will become unsupported for ARM architectures
configure:12855: $? = 0
configure:12863: result: yes
configure:12871: checking for alloca
configure:12908: xcrun clang -o conftest -DDARWIN -fno-common -force_cpusubtype_ALL -Wall -g -O3 -ffast-math -fsigned-char -Wdeclaration-after-statement -isysroot /Applications/Xcode.app/Contents/Developer/Platforms/iPhoneOS.platform/Developer/SDKs/iPhoneOS8.4.sdk -arch armv7s -O3 -g -mcpu=cortex-a8 -miphoneos-version-min=6.1 -arch armv7s -mcpu=cortex-a8 -miphoneos-version-min=6.1 -isysroot /Applications/Xcode.app/Contents/Developer/Platforms/iPhoneOS.platform/Developer/SDKs/iPhoneOS8.4.sdk -arch armv7s -O3 -g -mcpu=cortex-a8 -miphoneos-version-min=6.1 -I/Users/devmarcos/Documents/GitHubRepos/CreationVideoPlayer/VLCKit-2.2.2/MobileVLCKit/ImportedSources/vlc/contrib/arm-apple-darwin11-armv7s/include -g -DUSE_MEMORY_H -isysroot /Applications/Xcode.app/Contents/Developer/Platforms/iPhoneOS.platform/Developer/SDKs/iPhoneOS8.4.sdk -arch armv7s -O3 -g -mcpu=cortex-a8 -miphoneos-version-min=6.1 -arch armv7s -mcpu=cortex-a8 -miphoneos-version-min=6.1 -isysroot /Applications/Xcode.app/Contents/Developer/Platforms/iPhoneOS.platform/Developer/SDKs/iPhoneOS8.4.sdk -arch armv7s -O3 -g -mcpu=cortex-a8 -miphoneos-version-min=6.1 -I/Users/devmarcos/Documents/GitHubRepos/CreationVideoPlayer/VLCKit-2.2.2/MobileVLCKit/ImportedSources/vlc/contrib/arm-apple-darwin11-armv7s/include -L/Applications/Xcode.app/Contents/Developer/Platforms/iPhoneOS.platform/Developer/SDKs/iPhoneOS8.4.sdk/usr/lib -arch armv7s -isysroot /Applications/Xcode.app/Contents/Developer/Platforms/iPhoneOS.platform/Developer/SDKs/iPhoneOS8.4.sdk -Wl,-ios_version_min,6.1 -arch armv7s -Wl,-ios_version_min,6.1 -L/Applications/Xcode.app/Contents/Developer/Platforms/iPhoneOS.platform/Developer/SDKs/iPhoneOS8.4.sdk/usr/lib -arch armv7s -isysroot /Applications/Xcode.app/Contents/Developer/Platforms/iPhoneOS.platform/Developer/SDKs/iPhoneOS8.4.sdk -Wl,-ios_version_min,6.1 -L/Users/devmarcos/Documents/GitHubRepos/CreationVideoPlayer/VLCKit-2.2.2/MobileVLCKit/ImportedSources/vlc/contrib/arm-apple-darwin11-armv7s/lib conftest.c  >&5
ld: warning: -force_cpusubtype_ALL will become unsupported for ARM architectures
configure:12908: $? = 0
configure:12916: result: yes
configure:13022: checking for working memcmp
configure:13075: result: no
configure:13207: checking that generated files are newer than configure
configure:13213: result: done
configure:13252: creating ./config.status

## ---------------------- ##
## Running config.status. ##
## ---------------------- ##

This file was extended by libvorbis config.status 1.3.5, which was
generated by GNU Autoconf 2.69.  Invocation command line was

  CONFIG_FILES    = 
  CONFIG_HEADERS  = 
  CONFIG_LINKS    = 
  CONFIG_COMMANDS = 
  $ ./config.status 

on Mac-Mini-Marcos.local

config.status:1160: creating Makefile
config.status:1160: creating m4/Makefile
config.status:1160: creating lib/Makefile
config.status:1160: creating lib/modes/Makefile
config.status:1160: creating lib/books/Makefile
config.status:1160: creating lib/books/coupled/Makefile
config.status:1160: creating lib/books/uncoupled/Makefile
config.status:1160: creating lib/books/floor/Makefile
config.status:1160: creating doc/Makefile
config.status:1160: creating doc/vorbisfile/Makefile
config.status:1160: creating doc/vorbisenc/Makefile
config.status:1160: creating doc/libvorbis/Makefile
config.status:1160: creating doc/Doxyfile
config.status:1160: creating include/Makefile
config.status:1160: creating include/vorbis/Makefile
config.status:1160: creating examples/Makefile
config.status:1160: creating test/Makefile
config.status:1160: creating vq/Makefile
config.status:1160: creating libvorbis.spec
config.status:1160: creating vorbis.pc
config.status:1160: creating vorbisenc.pc
config.status:1160: creating vorbisfile.pc
config.status:1160: creating vorbis-uninstalled.pc
config.status:1160: creating vorbisenc-uninstalled.pc
config.status:1160: creating vorbisfile-uninstalled.pc
config.status:1160: creating config.h
config.status:1389: executing depfiles commands
config.status:1389: executing libtool commands

## ---------------- ##
## Cache variables. ##
## ---------------- ##

ac_cv_build=x86_64-apple-darwin11
ac_cv_c_compiler_gnu=yes
ac_cv_c_inline=inline
ac_cv_env_CC_set=set
ac_cv_env_CC_value='xcrun clang'
ac_cv_env_CFLAGS_set=set
ac_cv_env_CFLAGS_value='-isysroot /Applications/Xcode.app/Contents/Developer/Platforms/iPhoneOS.platform/Developer/SDKs/iPhoneOS8.4.sdk -arch armv7s -O3 -g -mcpu=cortex-a8 -miphoneos-version-min=6.1 -arch armv7s -mcpu=cortex-a8 -miphoneos-version-min=6.1 -isysroot /Applications/Xcode.app/Contents/Developer/Platforms/iPhoneOS.platform/Developer/SDKs/iPhoneOS8.4.sdk -arch armv7s -O3 -g -mcpu=cortex-a8 -miphoneos-version-min=6.1 -I/Users/devmarcos/Documents/GitHubRepos/CreationVideoPlayer/VLCKit-2.2.2/MobileVLCKit/ImportedSources/vlc/contrib/arm-apple-darwin11-armv7s/include -g'
ac_cv_env_CPPFLAGS_set=set
ac_cv_env_CPPFLAGS_value='-isysroot /Applications/Xcode.app/Contents/Developer/Platforms/iPhoneOS.platform/Developer/SDKs/iPhoneOS8.4.sdk -arch armv7s -O3 -g -mcpu=cortex-a8 -miphoneos-version-min=6.1 -arch armv7s -mcpu=cortex-a8 -miphoneos-version-min=6.1 -isysroot /Applications/Xcode.app/Contents/Developer/Platforms/iPhoneOS.platform/Developer/SDKs/iPhoneOS8.4.sdk -arch armv7s -O3 -g -mcpu=cortex-a8 -miphoneos-version-min=6.1 -I/Users/devmarcos/Documents/GitHubRepos/CreationVideoPlayer/VLCKit-2.2.2/MobileVLCKit/ImportedSources/vlc/contrib/arm-apple-darwin11-armv7s/include'
ac_cv_env_CPP_set=set
ac_cv_env_CPP_value='xcrun cc -E'
ac_cv_env_LDFLAGS_set=set
ac_cv_env_LDFLAGS_value='-L/Applications/Xcode.app/Contents/Developer/Platforms/iPhoneOS.platform/Developer/SDKs/iPhoneOS8.4.sdk/usr/lib -arch armv7s -isysroot /Applications/Xcode.app/Contents/Developer/Platforms/iPhoneOS.platform/Developer/SDKs/iPhoneOS8.4.sdk -Wl,-ios_version_min,6.1 -arch armv7s -Wl,-ios_version_min,6.1 -L/Applications/Xcode.app/Contents/Developer/Platforms/iPhoneOS.platform/Developer/SDKs/iPhoneOS8.4.sdk/usr/lib -arch armv7s -isysroot /Applications/Xcode.app/Contents/Developer/Platforms/iPhoneOS.platform/Developer/SDKs/iPhoneOS8.4.sdk -Wl,-ios_version_min,6.1 -L/Users/devmarcos/Documents/GitHubRepos/CreationVideoPlayer/VLCKit-2.2.2/MobileVLCKit/ImportedSources/vlc/contrib/arm-apple-darwin11-armv7s/lib'
ac_cv_env_LIBS_set=
ac_cv_env_LIBS_value=
ac_cv_env_OGG_CFLAGS_set=
ac_cv_env_OGG_CFLAGS_value=
ac_cv_env_OGG_LIBS_set=
ac_cv_env_OGG_LIBS_value=
ac_cv_env_PKG_CONFIG_set=
ac_cv_env_PKG_CONFIG_value=
ac_cv_env_build_alias_set=set
ac_cv_env_build_alias_value=x86_64-apple-darwin11
ac_cv_env_host_alias_set=set
ac_cv_env_host_alias_value=arm-apple-darwin11
ac_cv_env_target_alias_set=set
ac_cv_env_target_alias_value=arm-apple-darwin11
ac_cv_func_alloca_works=yes
ac_cv_func_memcmp_working=no
ac_cv_header_dlfcn_h=yes
ac_cv_header_inttypes_h=yes
ac_cv_header_memory_h=yes
ac_cv_header_stdc=yes
ac_cv_header_stdint_h=yes
ac_cv_header_stdlib_h=yes
ac_cv_header_string_h=yes
ac_cv_header_strings_h=yes
ac_cv_header_sys_stat_h=yes
ac_cv_header_sys_types_h=yes
ac_cv_header_unistd_h=yes
ac_cv_host=arm-apple-darwin11
ac_cv_lib_m_cos=yes
ac_cv_lib_pthread_pthread_create=yes
ac_cv_objext=o
ac_cv_path_EGREP='/usr/bin/grep -E'
ac_cv_path_FGREP='/usr/bin/grep -F'
ac_cv_path_GREP=/usr/bin/grep
ac_cv_path_SED=/usr/bin/sed
ac_cv_path_ac_pt_PKG_CONFIG=/Users/devmarcos/Documents/GitHubRepos/CreationVideoPlayer/VLCKit-2.2.2/MobileVLCKit/ImportedSources/vlc/extras/tools/build/bin/pkg-config
ac_cv_path_install='/usr/bin/install -c'
ac_cv_prog_AR='xcrun ar'
ac_cv_prog_AWK=awk
ac_cv_prog_CC='xcrun clang'
ac_cv_prog_CPP='xcrun cc -E'
ac_cv_prog_DLLTOOL=dlltool
ac_cv_prog_OBJDUMP=objdump
ac_cv_prog_RANLIB='xcrun ranlib'
ac_cv_prog_STRIP='xcrun strip'
ac_cv_prog_ac_ct_DSYMUTIL=dsymutil
ac_cv_prog_ac_ct_DUMPBIN='link -dump'
ac_cv_prog_ac_ct_LIPO=lipo
ac_cv_prog_ac_ct_NMEDIT=nmedit
ac_cv_prog_ac_ct_OTOOL=otool
ac_cv_prog_cc_c89=
ac_cv_prog_cc_g=yes
ac_cv_prog_make_make_set=yes
ac_cv_target=arm-apple-darwin11
ac_cv_type_size_t=yes
ac_cv_working_alloca_h=yes
am_cv_CC_dependencies_compiler_type=none
am_cv_make_support_nested_variables=yes
am_cv_prog_cc_c_o=yes
lt_cv_apple_cc_single_mod=yes
lt_cv_ar_at_file=no
lt_cv_deplibs_check_method=pass_all
lt_cv_file_magic_cmd='$MAGIC_CMD'
lt_cv_file_magic_test_file=
lt_cv_ld_exported_symbols_list=yes
lt_cv_ld_force_load=yes
lt_cv_ld_reload_flag=-r
lt_cv_nm_interface='BSD nm'
lt_cv_objdir=.libs
lt_cv_path_LD='xcrun ld'
lt_cv_path_NM=no
lt_cv_path_mainfest_tool=no
lt_cv_prog_compiler_c_o=yes
lt_cv_prog_compiler_pic='-fno-common -DPIC'
lt_cv_prog_compiler_pic_works=yes
lt_cv_prog_compiler_rtti_exceptions=yes
lt_cv_prog_compiler_static_works=no
lt_cv_prog_gnu_ld=no
lt_cv_sharedlib_from_linklib_cmd='printf %s\n'
lt_cv_sys_global_symbol_pipe='sed -n -e '\''s/^.*[	 ]\([BCDEGRST][BCDEGRST]*\)[	 ][	 ]*_\([_A-Za-z][_A-Za-z0-9]*\)$/\1 _\2 \2/p'\'' | sed '\''/ __gnu_lto/d'\'''
lt_cv_sys_global_symbol_to_c_name_address='sed -n -e '\''s/^: \([^ ]*\)[ ]*$/  {\"\1\", (void *) 0},/p'\'' -e '\''s/^[BCDEGRST]* \([^ ]*\) \([^ ]*\)$/  {"\2", (void *) \&\2},/p'\'''
lt_cv_sys_global_symbol_to_c_name_address_lib_prefix='sed -n -e '\''s/^: \([^ ]*\)[ ]*$/  {\"\1\", (void *) 0},/p'\'' -e '\''s/^[BCDEGRST]* \([^ ]*\) \(lib[^ ]*\)$/  {"\2", (void *) \&\2},/p'\'' -e '\''s/^[BCDEGRST]* \([^ ]*\) \([^ ]*\)$/  {"lib\2", (void *) \&\2},/p'\'''
lt_cv_sys_global_symbol_to_cdecl='sed -n -e '\''s/^T .* \(.*\)$/extern int \1();/p'\'' -e '\''s/^[BCDEGRST]* .* \(.*\)$/extern char \1;/p'\'''
lt_cv_sys_max_cmd_len=196608
lt_cv_to_host_file_cmd=func_convert_file_noop
lt_cv_to_tool_file_cmd=func_convert_file_noop
pkg_cv_OGG_CFLAGS='-I/Users/devmarcos/Documents/GitHubRepos/CreationVideoPlayer/VLCKit-2.2.2/MobileVLCKit/ImportedSources/vlc/contrib/arm-apple-darwin11-armv7s/include '
pkg_cv_OGG_LIBS='-L/Users/devmarcos/Documents/GitHubRepos/CreationVideoPlayer/VLCKit-2.2.2/MobileVLCKit/ImportedSources/vlc/contrib/arm-apple-darwin11-armv7s/lib -logg '

## ----------------- ##
## Output variables. ##
## ----------------- ##

ACLOCAL='${SHELL} /Users/devmarcos/Documents/GitHubRepos/CreationVideoPlayer/VLCKit-2.2.2/MobileVLCKit/ImportedSources/vlc/contrib/iPhoneOS-armv7s/libvorbis/missing aclocal-1.14'
ACLOCAL_AMFLAGS='-I m4'
ALLOCA=''
AMDEPBACKSLASH=''
AMDEP_FALSE=''
AMDEP_TRUE='#'
AMTAR='$${TAR-tar}'
AM_BACKSLASH='\'
AM_DEFAULT_V='$(AM_DEFAULT_VERBOSITY)'
AM_DEFAULT_VERBOSITY='1'
AM_V='$(V)'
AR='xcrun ar'
AS='perl /Users/devmarcos/Documents/GitHubRepos/CreationVideoPlayer/VLCKit-2.2.2/MobileVLCKit/ImportedSources/vlc/extras/tools/build/bin/gas-preprocessor.pl xcrun clang'
AUTOCONF='${SHELL} /Users/devmarcos/Documents/GitHubRepos/CreationVideoPlayer/VLCKit-2.2.2/MobileVLCKit/ImportedSources/vlc/contrib/iPhoneOS-armv7s/libvorbis/missing autoconf'
AUTOHEADER='${SHELL} /Users/devmarcos/Documents/GitHubRepos/CreationVideoPlayer/VLCKit-2.2.2/MobileVLCKit/ImportedSources/vlc/contrib/iPhoneOS-armv7s/libvorbis/missing autoheader'
AUTOMAKE='${SHELL} /Users/devmarcos/Documents/GitHubRepos/CreationVideoPlayer/VLCKit-2.2.2/MobileVLCKit/ImportedSources/vlc/contrib/iPhoneOS-armv7s/libvorbis/missing automake-1.14'
AWK='awk'
BUILD_DOCS_FALSE=''
BUILD_DOCS_TRUE='#'
BUILD_EXAMPLES_FALSE=''
BUILD_EXAMPLES_TRUE='#'
CC='xcrun clang'
CCDEPMODE='depmode=none'
CFLAGS='-DDARWIN -fno-common -force_cpusubtype_ALL -Wall -g -O3 -ffast-math -fsigned-char -Wdeclaration-after-statement -isysroot /Applications/Xcode.app/Contents/Developer/Platforms/iPhoneOS.platform/Developer/SDKs/iPhoneOS8.4.sdk -arch armv7s -O3 -g -mcpu=cortex-a8 -miphoneos-version-min=6.1 -arch armv7s -mcpu=cortex-a8 -miphoneos-version-min=6.1 -isysroot /Applications/Xcode.app/Contents/Developer/Platforms/iPhoneOS.platform/Developer/SDKs/iPhoneOS8.4.sdk -arch armv7s -O3 -g -mcpu=cortex-a8 -miphoneos-version-min=6.1 -I/Users/devmarcos/Documents/GitHubRepos/CreationVideoPlayer/VLCKit-2.2.2/MobileVLCKit/ImportedSources/vlc/contrib/arm-apple-darwin11-armv7s/include -g -DUSE_MEMORY_H'
CPP='xcrun cc -E'
CPPFLAGS='-isysroot /Applications/Xcode.app/Contents/Developer/Platforms/iPhoneOS.platform/Developer/SDKs/iPhoneOS8.4.sdk -arch armv7s -O3 -g -mcpu=cortex-a8 -miphoneos-version-min=6.1 -arch armv7s -mcpu=cortex-a8 -miphoneos-version-min=6.1 -isysroot /Applications/Xcode.app/Contents/Developer/Platforms/iPhoneOS.platform/Developer/SDKs/iPhoneOS8.4.sdk -arch armv7s -O3 -g -mcpu=cortex-a8 -miphoneos-version-min=6.1 -I/Users/devmarcos/Documents/GitHubRepos/CreationVideoPlayer/VLCKit-2.2.2/MobileVLCKit/ImportedSources/vlc/contrib/arm-apple-darwin11-armv7s/include'
CYGPATH_W='echo'
DEBUG='-DDARWIN -fno-common -force_cpusubtype_ALL -Wall -g -O0 -fsigned-char'
DEFS='-DHAVE_CONFIG_H'
DEPDIR='.deps'
DLLTOOL='dlltool'
DSYMUTIL='dsymutil'
DUMPBIN=':'
ECHO_C='\c'
ECHO_N=''
ECHO_T=''
EGREP='/usr/bin/grep -E'
EXEEXT=''
FGREP='/usr/bin/grep -F'
GREP='/usr/bin/grep'
HAVE_DOXYGEN='false'
HAVE_DOXYGEN_FALSE=''
HAVE_DOXYGEN_TRUE='#'
HTLATEX=''
INSTALL_DATA='${INSTALL} -m 644'
INSTALL_PROGRAM='${INSTALL}'
INSTALL_SCRIPT='${INSTALL}'
INSTALL_STRIP_PROGRAM='$(install_sh) -c -s'
LD='xcrun ld'
LDFLAGS='-L/Applications/Xcode.app/Contents/Developer/Platforms/iPhoneOS.platform/Developer/SDKs/iPhoneOS8.4.sdk/usr/lib -arch armv7s -isysroot /Applications/Xcode.app/Contents/Developer/Platforms/iPhoneOS.platform/Developer/SDKs/iPhoneOS8.4.sdk -Wl,-ios_version_min,6.1 -arch armv7s -Wl,-ios_version_min,6.1 -L/Applications/Xcode.app/Contents/Developer/Platforms/iPhoneOS.platform/Developer/SDKs/iPhoneOS8.4.sdk/usr/lib -arch armv7s -isysroot /Applications/Xcode.app/Contents/Developer/Platforms/iPhoneOS.platform/Developer/SDKs/iPhoneOS8.4.sdk -Wl,-ios_version_min,6.1 -L/Users/devmarcos/Documents/GitHubRepos/CreationVideoPlayer/VLCKit-2.2.2/MobileVLCKit/ImportedSources/vlc/contrib/arm-apple-darwin11-armv7s/lib'
LIBOBJS=' ${LIBOBJDIR}memcmp$U.o'
LIBS=''
LIBTOOL='$(SHELL) $(top_builddir)/libtool'
LIBTOOL_DEPS='./ltmain.sh'
LIPO='lipo'
LN_S='ln -s'
LTLIBOBJS=' ${LIBOBJDIR}memcmp$U.lo'
MAINT='#'
MAINTAINER_MODE_FALSE=''
MAINTAINER_MODE_TRUE='#'
MAKEINFO='${SHELL} /Users/devmarcos/Documents/GitHubRepos/CreationVideoPlayer/VLCKit-2.2.2/MobileVLCKit/ImportedSources/vlc/contrib/iPhoneOS-armv7s/libvorbis/missing makeinfo'
MANIFEST_TOOL=':'
MKDIR_P='./install-sh -c -d'
NM='nm'
NMEDIT='nmedit'
OBJDUMP='objdump'
OBJEXT='o'
OGG_CFLAGS='-I/Users/devmarcos/Documents/GitHubRepos/CreationVideoPlayer/VLCKit-2.2.2/MobileVLCKit/ImportedSources/vlc/contrib/arm-apple-darwin11-armv7s/include '
OGG_LIBS='-L/Users/devmarcos/Documents/GitHubRepos/CreationVideoPlayer/VLCKit-2.2.2/MobileVLCKit/ImportedSources/vlc/contrib/arm-apple-darwin11-armv7s/lib -logg '
OTOOL64=':'
OTOOL='otool'
PACKAGE='libvorbis'
PACKAGE_BUGREPORT='vorbis-dev@xiph.org'
PACKAGE_NAME='libvorbis'
PACKAGE_STRING='libvorbis 1.3.5'
PACKAGE_TARNAME='libvorbis'
PACKAGE_URL=''
PACKAGE_VERSION='1.3.5'
PATH_SEPARATOR=':'
PDFLATEX=''
PKG_CONFIG='/Users/devmarcos/Documents/GitHubRepos/CreationVideoPlayer/VLCKit-2.2.2/MobileVLCKit/ImportedSources/vlc/extras/tools/build/bin/pkg-config'
PROFILE='-DDARWIN -fno-common -force_cpusubtype_ALL -Wall -g -pg -O3 -ffast-math -fsigned-char'
RANLIB='xcrun ranlib'
SED='/usr/bin/sed'
SET_MAKE=''
SHELL='/bin/sh'
STRIP='xcrun strip'
VERSION='1.3.5'
VE_LIB_AGE='0'
VE_LIB_CURRENT='2'
VE_LIB_REVISION='11'
VF_LIB_AGE='3'
VF_LIB_CURRENT='6'
VF_LIB_REVISION='7'
VORBIS_LIBS='-lm'
V_LIB_AGE='4'
V_LIB_CURRENT='4'
V_LIB_REVISION='8'
ac_ct_AR=''
ac_ct_CC=''
ac_ct_DUMPBIN='link -dump'
am__EXEEXT_FALSE=''
am__EXEEXT_TRUE='#'
am__fastdepCC_FALSE=''
am__fastdepCC_TRUE='#'
am__include='include'
am__isrc=''
am__leading_dot='.'
am__nodep=''
am__quote=''
am__tar='$${TAR-tar} chof - "$$tardir"'
am__untar='$${TAR-tar} xf -'
bindir='${exec_prefix}/bin'
build='x86_64-apple-darwin11'
build_alias='x86_64-apple-darwin11'
build_cpu='x86_64'
build_os='darwin11'
build_vendor='apple'
datadir='${datarootdir}'
datarootdir='/Users/devmarcos/Documents/GitHubRepos/CreationVideoPlayer/VLCKit-2.2.2/MobileVLCKit/ImportedSources/vlc/contrib/arm-apple-darwin11-armv7s/share'
docdir='${datarootdir}/doc/${PACKAGE_TARNAME}'
dvidir='${docdir}'
exec_prefix='${prefix}'
host='arm-apple-darwin11'
host_alias='arm-apple-darwin11'
host_cpu='arm'
host_os='darwin11'
host_vendor='apple'
htmldir='${docdir}'
includedir='/Users/devmarcos/Documents/GitHubRepos/CreationVideoPlayer/VLCKit-2.2.2/MobileVLCKit/ImportedSources/vlc/contrib/arm-apple-darwin11-armv7s/include'
infodir='${datarootdir}/info'
install_sh='${SHELL} /Users/devmarcos/Documents/GitHubRepos/CreationVideoPlayer/VLCKit-2.2.2/MobileVLCKit/ImportedSources/vlc/contrib/iPhoneOS-armv7s/libvorbis/install-sh'
libdir='/Users/devmarcos/Documents/GitHubRepos/CreationVideoPlayer/VLCKit-2.2.2/MobileVLCKit/ImportedSources/vlc/contrib/arm-apple-darwin11-armv7s/lib'
libexecdir='${exec_prefix}/libexec'
localedir='${datarootdir}/locale'
localstatedir='${prefix}/var'
mandir='${datarootdir}/man'
mkdir_p='$(MKDIR_P)'
oldincludedir='/usr/include'
pdfdir='${docdir}'
prefix='/Users/devmarcos/Documents/GitHubRepos/CreationVideoPlayer/VLCKit-2.2.2/MobileVLCKit/ImportedSources/vlc/contrib/arm-apple-darwin11-armv7s'
program_transform_name='s&^&&'
psdir='${docdir}'
pthread_lib='-lpthread'
sbindir='${exec_prefix}/sbin'
sharedstatedir='${prefix}/com'
sysconfdir='${prefix}/etc'
target='arm-apple-darwin11'
target_alias='arm-apple-darwin11'
target_cpu='arm'
target_os='darwin11'
target_vendor='apple'

## ----------- ##
## confdefs.h. ##
## ----------- ##

/* confdefs.h */
#define PACKAGE_NAME "libvorbis"
#define PACKAGE_TARNAME "libvorbis"
#define PACKAGE_VERSION "1.3.5"
#define PACKAGE_STRING "libvorbis 1.3.5"
#define PACKAGE_BUGREPORT "vorbis-dev@xiph.org"
#define PACKAGE_URL ""
#define PACKAGE "libvorbis"
#define VERSION "1.3.5"
#define STDC_HEADERS 1
#define HAVE_SYS_TYPES_H 1
#define HAVE_SYS_STAT_H 1
#define HAVE_STDLIB_H 1
#define HAVE_STRING_H 1
#define HAVE_MEMORY_H 1
#define HAVE_STRINGS_H 1
#define HAVE_INTTYPES_H 1
#define HAVE_STDINT_H 1
#define HAVE_UNISTD_H 1
#define HAVE_DLFCN_H 1
#define LT_OBJDIR ".libs/"
#define HAVE_ALLOCA_H 1
#define HAVE_ALLOCA 1

configure: exit 0
